<?xml version="1.0" encoding="UTF-8" ?>
<testsuite tests="1" failures="0" name="pruebas" time="29.376" errors="1" skipped="0">
  <properties>
    <property name="java.runtime.name" value="Java(TM) SE Runtime Environment"/>
    <property name="sun.boot.library.path" value="C:\Program Files\Java\jdk1.8.0_40\jre\bin"/>
    <property name="java.vm.version" value="25.40-b25"/>
    <property name="java.vm.vendor" value="Oracle Corporation"/>
    <property name="java.vendor.url" value="http://java.oracle.com/"/>
    <property name="path.separator" value=";"/>
    <property name="guice.disable.misplaced.annotation.check" value="true"/>
    <property name="java.vm.name" value="Java HotSpot(TM) 64-Bit Server VM"/>
    <property name="file.encoding.pkg" value="sun.io"/>
    <property name="user.script" value=""/>
    <property name="user.country" value="ES"/>
    <property name="sun.java.launcher" value="SUN_STANDARD"/>
    <property name="sun.os.patch.level" value=""/>
    <property name="test" value="pruebas#hello"/>
    <property name="java.vm.specification.name" value="Java Virtual Machine Specification"/>
    <property name="user.dir" value="C:\Users\andres\Documents\GitHub\pgrproyecto"/>
    <property name="java.runtime.version" value="1.8.0_40-b26"/>
    <property name="java.awt.graphicsenv" value="sun.awt.Win32GraphicsEnvironment"/>
    <property name="java.endorsed.dirs" value="C:\Program Files\Java\jdk1.8.0_40\jre\lib\endorsed"/>
    <property name="os.arch" value="amd64"/>
    <property name="java.io.tmpdir" value="C:\Users\andres\AppData\Local\Temp\"/>
    <property name="line.separator" value="
"/>
    <property name="java.vm.specification.vendor" value="Oracle Corporation"/>
    <property name="user.variant" value=""/>
    <property name="os.name" value="Windows 8.1"/>
    <property name="maven.ext.class.path" value="C:\Program Files\NetBeans 8.0.2\java\maven-nblib\netbeans-eventspy.jar"/>
    <property name="classworlds.conf" value="C:\Program Files\NetBeans 8.0.2\java\maven\bin\m2.conf"/>
    <property name="sun.jnu.encoding" value="Cp1252"/>
    <property name="java.library.path" value="C:\Program Files\Java\jdk1.8.0_40\bin;C:\Windows\Sun\Java\bin;C:\Windows\system32;C:\Windows;C:\PROGRAMDATA\ORACLE\JAVA\JAVAPATH;C:\PROGRAM FILES (X86)\INTEL\ICLS CLIENT\;C:\PROGRAM FILES\INTEL\ICLS CLIENT\;C:\Windows\SYSTEM32;C:\Windows;C:\Windows\SYSTEM32\WBEM;C:\Windows\SYSTEM32\WINDOWSPOWERSHELL\V1.0\;C:\PROGRAM FILES\INTEL\INTEL(R) MANAGEMENT ENGINE COMPONENTS\DAL;C:\PROGRAM FILES\INTEL\INTEL(R) MANAGEMENT ENGINE COMPONENTS\IPT;C:\PROGRAM FILES (X86)\INTEL\INTEL(R) MANAGEMENT ENGINE COMPONENTS\DAL;C:\PROGRAM FILES (X86)\INTEL\INTEL(R) MANAGEMENT ENGINE COMPONENTS\IPT;C:\PROGRAM FILES (X86)\HEROKU\BIN;C:\PROGRAM FILES (X86)\GIT\CMD;C:\PROGRAM FILES (X86)\SKYPE\PHONE\;C:\PROGRAM FILES (X86)\MYSQL\MYSQL UTILITIES\;C:\PROGRAM FILES (X86)\MYSQL\MYSQL UTILITIES\DOCTRINE EXTENSIONS FOR PHP\;C:\Program Files\WIDCOMM\Bluetooth Software\;C:\Program Files\WIDCOMM\Bluetooth Software\syswow64;C:\Program Files (x86)\NVIDIA Corporation\PhysX\Common;C:\Program Files\Microsoft SQL Server\110\Tools\Binn\;C:\Program Files (x86)\Windows Kits\8.1\Windows Performance Toolkit\;C:\Program Files (x86)\Microsoft SDKs\TypeScript\1.0\;C:\Program Files\Microsoft SQL Server\120\Tools\Binn\;C:\Program Files (x86)\Git\cmd;C:\Program Files\nodejs\;C:\Program Files\Microsoft SQL Server\120\DTS\Binn\;C:\Program Files\Microsoft SQL Server\Client SDK\ODBC\110\Tools\Binn\;C:\Program Files (x86)\Microsoft SQL Server\120\Tools\Binn\;C:\Program Files (x86)\Microsoft SQL Server\120\Tools\Binn\ManagementStudio\;C:\Program Files (x86)\Microsoft SQL Server\120\DTS\Binn\;C:\Program Files\Microsoft\Web Platform Installer\;c:\Program Files (x86)\Microsoft ASP.NET\ASP.NET Web Pages\v1.0\;C:\Users\andres\AppData\Roaming\npm;."/>
    <property name="java.specification.name" value="Java Platform API Specification"/>
    <property name="java.class.version" value="52.0"/>
    <property name="sun.management.compiler" value="HotSpot 64-Bit Tiered Compilers"/>
    <property name="os.version" value="6.3"/>
    <property name="jpda.listen" value="true"/>
    <property name="jpda.address" value="45092"/>
    <property name="user.home" value="C:\Users\andres"/>
    <property name="user.timezone" value="America/Bogota"/>
    <property name="java.awt.printerjob" value="sun.awt.windows.WPrinterJob"/>
    <property name="java.specification.version" value="1.8"/>
    <property name="file.encoding" value="UTF-8"/>
    <property name="user.name" value="andres"/>
    <property name="java.class.path" value="C:\Program Files\NetBeans 8.0.2\java\maven\boot\plexus-classworlds-2.4.jar"/>
    <property name="maven.surefire.debug" value="-Xdebug -Xrunjdwp:transport=dt_socket,server=n,address=45092"/>
    <property name="java.vm.specification.version" value="1.8"/>
    <property name="sun.arch.data.model" value="64"/>
    <property name="java.home" value="C:\Program Files\Java\jdk1.8.0_40\jre"/>
    <property name="sun.java.command" value="org.codehaus.plexus.classworlds.launcher.Launcher -Dtest=pruebas#hello -DforkMode=once -Dmaven.surefire.debug=-Xdebug -Xrunjdwp:transport=dt_socket,server=n,address=45092 -Djpda.listen=true -Djpda.address=45092 -Dmaven.ext.class.path=C:\Program Files\NetBeans 8.0.2\java\maven-nblib\netbeans-eventspy.jar -Dfile.encoding=UTF-8 surefire:test"/>
    <property name="java.specification.vendor" value="Oracle Corporation"/>
    <property name="user.language" value="es"/>
    <property name="awt.toolkit" value="sun.awt.windows.WToolkit"/>
    <property name="java.vm.info" value="mixed mode"/>
    <property name="java.version" value="1.8.0_40"/>
    <property name="java.ext.dirs" value="C:\Program Files\Java\jdk1.8.0_40\jre\lib\ext;C:\Windows\Sun\Java\lib\ext"/>
    <property name="sun.boot.class.path" value="C:\Program Files\Java\jdk1.8.0_40\jre\lib\resources.jar;C:\Program Files\Java\jdk1.8.0_40\jre\lib\rt.jar;C:\Program Files\Java\jdk1.8.0_40\jre\lib\sunrsasign.jar;C:\Program Files\Java\jdk1.8.0_40\jre\lib\jsse.jar;C:\Program Files\Java\jdk1.8.0_40\jre\lib\jce.jar;C:\Program Files\Java\jdk1.8.0_40\jre\lib\charsets.jar;C:\Program Files\Java\jdk1.8.0_40\jre\lib\jfr.jar;C:\Program Files\Java\jdk1.8.0_40\jre\classes"/>
    <property name="java.vendor" value="Oracle Corporation"/>
    <property name="maven.home" value="C:\Program Files\NetBeans 8.0.2\java\maven"/>
    <property name="file.separator" value="\"/>
    <property name="java.vendor.url.bug" value="http://bugreport.sun.com/bugreport/"/>
    <property name="forkMode" value="once"/>
    <property name="sun.cpu.endian" value="little"/>
    <property name="sun.io.unicode.encoding" value="UnicodeLittle"/>
    <property name="sun.desktop" value="windows"/>
    <property name="sun.cpu.isalist" value="amd64"/>
  </properties>
  <testcase classname="pruebas" name="hello" time="28.912">
    <error message="could not prepare statement; nested exception is org.hibernate.exception.GenericJDBCException: could not prepare statement" type="org.springframework.orm.jpa.JpaSystemException">org.springframework.orm.jpa.JpaSystemException: could not prepare statement; nested exception is org.hibernate.exception.GenericJDBCException: could not prepare statement
	at org.springframework.orm.jpa.vendor.HibernateJpaDialect.convertHibernateAccessException(HibernateJpaDialect.java:244)
	at org.springframework.orm.jpa.vendor.HibernateJpaDialect.translateExceptionIfPossible(HibernateJpaDialect.java:155)
	at org.springframework.orm.jpa.AbstractEntityManagerFactoryBean.translateExceptionIfPossible(AbstractEntityManagerFactoryBean.java:417)
	at org.springframework.dao.support.ChainedPersistenceExceptionTranslator.translateExceptionIfPossible(ChainedPersistenceExceptionTranslator.java:59)
	at org.springframework.dao.support.DataAccessUtils.translateIfNecessary(DataAccessUtils.java:213)
	at org.springframework.dao.support.PersistenceExceptionTranslationInterceptor.invoke(PersistenceExceptionTranslationInterceptor.java:147)
	at org.springframework.aop.framework.ReflectiveMethodInvocation.proceed(ReflectiveMethodInvocation.java:179)
	at org.springframework.data.jpa.repository.support.CrudMethodMetadataPostProcessor$CrudMethodMetadataPopulatingMethodIntercceptor.invoke(CrudMethodMetadataPostProcessor.java:122)
	at org.springframework.aop.framework.ReflectiveMethodInvocation.proceed(ReflectiveMethodInvocation.java:179)
	at org.springframework.aop.interceptor.ExposeInvocationInterceptor.invoke(ExposeInvocationInterceptor.java:92)
	at org.springframework.aop.framework.ReflectiveMethodInvocation.proceed(ReflectiveMethodInvocation.java:179)
	at org.springframework.aop.framework.JdkDynamicAopProxy.invoke(JdkDynamicAopProxy.java:207)
	at com.sun.proxy.$Proxy35.findOne(Unknown Source)
	at com.tservice.facade.facade.Registro(facade.java:38)
	at pruebas.hello(pruebas.java:46)
	at sun.reflect.NativeMethodAccessorImpl.invoke0(Native Method)
	at sun.reflect.NativeMethodAccessorImpl.invoke(NativeMethodAccessorImpl.java:62)
	at sun.reflect.DelegatingMethodAccessorImpl.invoke(DelegatingMethodAccessorImpl.java:43)
	at java.lang.reflect.Method.invoke(Method.java:497)
	at org.junit.runners.model.FrameworkMethod$1.runReflectiveCall(FrameworkMethod.java:45)
	at org.junit.internal.runners.model.ReflectiveCallable.run(ReflectiveCallable.java:15)
	at org.junit.runners.model.FrameworkMethod.invokeExplosively(FrameworkMethod.java:42)
	at org.junit.internal.runners.statements.InvokeMethod.evaluate(InvokeMethod.java:20)
	at org.springframework.test.context.junit4.statements.RunBeforeTestMethodCallbacks.evaluate(RunBeforeTestMethodCallbacks.java:74)
	at org.springframework.test.context.junit4.statements.RunAfterTestMethodCallbacks.evaluate(RunAfterTestMethodCallbacks.java:83)
	at org.springframework.test.context.junit4.statements.SpringRepeat.evaluate(SpringRepeat.java:72)
	at org.springframework.test.context.junit4.SpringJUnit4ClassRunner.runChild(SpringJUnit4ClassRunner.java:233)
	at org.springframework.test.context.junit4.SpringJUnit4ClassRunner.runChild(SpringJUnit4ClassRunner.java:87)
	at org.junit.runners.ParentRunner$3.run(ParentRunner.java:231)
	at org.junit.runners.ParentRunner$1.schedule(ParentRunner.java:60)
	at org.junit.runners.ParentRunner.runChildren(ParentRunner.java:229)
	at org.junit.runners.ParentRunner.access$000(ParentRunner.java:50)
	at org.junit.runners.ParentRunner$2.evaluate(ParentRunner.java:222)
	at org.springframework.test.context.junit4.statements.RunBeforeTestClassCallbacks.evaluate(RunBeforeTestClassCallbacks.java:61)
	at org.springframework.test.context.junit4.statements.RunAfterTestClassCallbacks.evaluate(RunAfterTestClassCallbacks.java:71)
	at org.junit.runners.ParentRunner.run(ParentRunner.java:300)
	at org.springframework.test.context.junit4.SpringJUnit4ClassRunner.run(SpringJUnit4ClassRunner.java:176)
	at org.apache.maven.surefire.junit4.JUnit4TestSet.execute(JUnit4TestSet.java:45)
	at org.apache.maven.surefire.junit4.JUnit4Provider.executeTestSet(JUnit4Provider.java:123)
	at org.apache.maven.surefire.junit4.JUnit4Provider.invoke(JUnit4Provider.java:104)
	at sun.reflect.NativeMethodAccessorImpl.invoke0(Native Method)
	at sun.reflect.NativeMethodAccessorImpl.invoke(NativeMethodAccessorImpl.java:62)
	at sun.reflect.DelegatingMethodAccessorImpl.invoke(DelegatingMethodAccessorImpl.java:43)
	at java.lang.reflect.Method.invoke(Method.java:497)
	at org.apache.maven.surefire.util.ReflectionUtils.invokeMethodWithArray(ReflectionUtils.java:164)
	at org.apache.maven.surefire.booter.ProviderFactory$ProviderProxy.invoke(ProviderFactory.java:110)
	at org.apache.maven.surefire.booter.SurefireStarter.invokeProvider(SurefireStarter.java:175)
	at org.apache.maven.surefire.booter.SurefireStarter.runSuitesInProcessWhenForked(SurefireStarter.java:107)
	at org.apache.maven.surefire.booter.ForkedBooter.main(ForkedBooter.java:68)
Caused by: org.hibernate.exception.GenericJDBCException: could not prepare statement
	at org.hibernate.exception.internal.StandardSQLExceptionConverter.convert(StandardSQLExceptionConverter.java:54)
	at org.hibernate.engine.jdbc.spi.SqlExceptionHelper.convert(SqlExceptionHelper.java:126)
	at org.hibernate.engine.jdbc.internal.StatementPreparerImpl$StatementPreparationTemplate.prepareStatement(StatementPreparerImpl.java:196)
	at org.hibernate.engine.jdbc.internal.StatementPreparerImpl.prepareQueryStatement(StatementPreparerImpl.java:160)
	at org.hibernate.loader.plan.exec.internal.AbstractLoadPlanBasedLoader.prepareQueryStatement(AbstractLoadPlanBasedLoader.java:257)
	at org.hibernate.loader.plan.exec.internal.AbstractLoadPlanBasedLoader.executeQueryStatement(AbstractLoadPlanBasedLoader.java:201)
	at org.hibernate.loader.plan.exec.internal.AbstractLoadPlanBasedLoader.executeLoad(AbstractLoadPlanBasedLoader.java:137)
	at org.hibernate.loader.plan.exec.internal.AbstractLoadPlanBasedLoader.executeLoad(AbstractLoadPlanBasedLoader.java:102)
	at org.hibernate.loader.entity.plan.AbstractLoadPlanBasedEntityLoader.load(AbstractLoadPlanBasedEntityLoader.java:186)
	at org.hibernate.persister.entity.AbstractEntityPersister.load(AbstractEntityPersister.java:4126)
	at org.hibernate.event.internal.DefaultLoadEventListener.loadFromDatasource(DefaultLoadEventListener.java:503)
	at org.hibernate.event.internal.DefaultLoadEventListener.doLoad(DefaultLoadEventListener.java:468)
	at org.hibernate.event.internal.DefaultLoadEventListener.load(DefaultLoadEventListener.java:213)
	at org.hibernate.event.internal.DefaultLoadEventListener.proxyOrLoad(DefaultLoadEventListener.java:275)
	at org.hibernate.event.internal.DefaultLoadEventListener.onLoad(DefaultLoadEventListener.java:151)
	at org.hibernate.internal.SessionImpl.fireLoad(SessionImpl.java:1070)
	at org.hibernate.internal.SessionImpl.access$2000(SessionImpl.java:176)
	at org.hibernate.internal.SessionImpl$IdentifierLoadAccessImpl.load(SessionImpl.java:2551)
	at org.hibernate.internal.SessionImpl.get(SessionImpl.java:955)
	at org.hibernate.jpa.spi.AbstractEntityManagerImpl.find(AbstractEntityManagerImpl.java:1110)
	at org.hibernate.jpa.spi.AbstractEntityManagerImpl.find(AbstractEntityManagerImpl.java:1074)
	at sun.reflect.NativeMethodAccessorImpl.invoke0(Native Method)
	at sun.reflect.NativeMethodAccessorImpl.invoke(NativeMethodAccessorImpl.java:62)
	at sun.reflect.DelegatingMethodAccessorImpl.invoke(DelegatingMethodAccessorImpl.java:43)
	at java.lang.reflect.Method.invoke(Method.java:497)
	at org.springframework.orm.jpa.SharedEntityManagerCreator$SharedEntityManagerInvocationHandler.invoke(SharedEntityManagerCreator.java:291)
	at com.sun.proxy.$Proxy31.find(Unknown Source)
	at org.springframework.data.jpa.repository.support.SimpleJpaRepository.findOne(SimpleJpaRepository.java:229)
	at sun.reflect.NativeMethodAccessorImpl.invoke0(Native Method)
	at sun.reflect.NativeMethodAccessorImpl.invoke(NativeMethodAccessorImpl.java:62)
	at sun.reflect.DelegatingMethodAccessorImpl.invoke(DelegatingMethodAccessorImpl.java:43)
	at java.lang.reflect.Method.invoke(Method.java:497)
	at org.springframework.data.repository.core.support.RepositoryFactorySupport$QueryExecutorMethodInterceptor.executeMethodOn(RepositoryFactorySupport.java:416)
	at org.springframework.data.repository.core.support.RepositoryFactorySupport$QueryExecutorMethodInterceptor.doInvoke(RepositoryFactorySupport.java:401)
	at org.springframework.data.repository.core.support.RepositoryFactorySupport$QueryExecutorMethodInterceptor.invoke(RepositoryFactorySupport.java:373)
	at org.springframework.aop.framework.ReflectiveMethodInvocation.proceed(ReflectiveMethodInvocation.java:179)
	at org.springframework.data.repository.core.support.RepositoryFactorySupport$DefaultMethodInvokingMethodInterceptor.invoke(RepositoryFactorySupport.java:486)
	at org.springframework.aop.framework.ReflectiveMethodInvocation.proceed(ReflectiveMethodInvocation.java:179)
	at org.springframework.transaction.interceptor.TransactionInterceptor$1.proceedWithInvocation(TransactionInterceptor.java:98)
	at org.springframework.transaction.interceptor.TransactionAspectSupport.invokeWithinTransaction(TransactionAspectSupport.java:262)
	at org.springframework.transaction.interceptor.TransactionInterceptor.invoke(TransactionInterceptor.java:95)
	at org.springframework.aop.framework.ReflectiveMethodInvocation.proceed(ReflectiveMethodInvocation.java:179)
	at org.springframework.dao.support.PersistenceExceptionTranslationInterceptor.invoke(PersistenceExceptionTranslationInterceptor.java:136)
	... 43 more
Caused by: org.h2.jdbc.JdbcSQLException: Schema &quot;COSWG2&quot; no encontrado
Schema &quot;COSWG2&quot; not found; SQL statement:
select carreras0_.id as id1_2_0_, carreras0_.nombre as nombre2_2_0_ from coswg2.carreras carreras0_ where carreras0_.id=? [90079-184]
	at org.h2.message.DbException.getJdbcSQLException(DbException.java:345)
	at org.h2.message.DbException.get(DbException.java:179)
	at org.h2.message.DbException.get(DbException.java:155)
	at org.h2.command.Parser.getSchema(Parser.java:656)
	at org.h2.command.Parser.getSchema(Parser.java:663)
	at org.h2.command.Parser.readTableFilter(Parser.java:1193)
	at org.h2.command.Parser.parseSelectSimpleFromPart(Parser.java:1866)
	at org.h2.command.Parser.parseSelectSimple(Parser.java:1975)
	at org.h2.command.Parser.parseSelectSub(Parser.java:1860)
	at org.h2.command.Parser.parseSelectUnion(Parser.java:1681)
	at org.h2.command.Parser.parseSelect(Parser.java:1669)
	at org.h2.command.Parser.parsePrepared(Parser.java:433)
	at org.h2.command.Parser.parse(Parser.java:305)
	at org.h2.command.Parser.parse(Parser.java:277)
	at org.h2.command.Parser.prepareCommand(Parser.java:242)
	at org.h2.engine.Session.prepareLocal(Session.java:446)
	at org.h2.engine.Session.prepareCommand(Session.java:388)
	at org.h2.jdbc.JdbcConnection.prepareCommand(JdbcConnection.java:1189)
	at org.h2.jdbc.JdbcPreparedStatement.&lt;init&gt;(JdbcPreparedStatement.java:72)
	at org.h2.jdbc.JdbcConnection.prepareStatement(JdbcConnection.java:277)
	at org.hibernate.engine.jdbc.internal.StatementPreparerImpl$5.doPrepare(StatementPreparerImpl.java:162)
	at org.hibernate.engine.jdbc.internal.StatementPreparerImpl$StatementPreparationTemplate.prepareStatement(StatementPreparerImpl.java:186)
	... 83 more
</error>
    <system-out>LOG4J20:17:23,466 DEBUG SpringJUnit4ClassRunner:105 - SpringJUnit4ClassRunner constructor called with [class pruebas].
LOG4J20:17:23,555 DEBUG AbstractDelegatingSmartContextLoader:90 - Delegating to GenericXmlContextLoader to process context configuration [ContextConfigurationAttributes@971d0d8 declaringClass = &apos;pruebas&apos;, classes = &apos;{}&apos;, locations = &apos;{classpath:applicationContextH2.xml}&apos;, inheritLocations = true, initializers = &apos;{}&apos;, inheritInitializers = true, name = [null], contextLoaderClass = &apos;org.springframework.test.context.ContextLoader&apos;].
LOG4J20:17:23,560 DEBUG ContextLoaderUtils:502 - Could not find an &apos;annotation declaring class&apos; for annotation type [org.springframework.test.context.ActiveProfiles] and class [pruebas]
LOG4J20:17:23,567 DEBUG TestContextManager:190 - @TestExecutionListeners is not present for class [pruebas]: using defaults.
LOG4J20:17:23,600 DEBUG ProfileValueUtils:70 - Retrieved @ProfileValueSourceConfiguration [null] for test class [pruebas]
LOG4J20:17:23,601 DEBUG ProfileValueUtils:82 - Retrieved ProfileValueSource type [class org.springframework.test.annotation.SystemProfileValueSource] for class [pruebas]
LOG4J20:17:23,603 DEBUG ProfileValueUtils:70 - Retrieved @ProfileValueSourceConfiguration [null] for test class [pruebas]
LOG4J20:17:23,603 DEBUG ProfileValueUtils:82 - Retrieved ProfileValueSource type [class org.springframework.test.annotation.SystemProfileValueSource] for class [pruebas]
LOG4J20:17:23,606 DEBUG ProfileValueUtils:70 - Retrieved @ProfileValueSourceConfiguration [null] for test class [pruebas]
LOG4J20:17:23,607 DEBUG ProfileValueUtils:82 - Retrieved ProfileValueSource type [class org.springframework.test.annotation.SystemProfileValueSource] for class [pruebas]
LOG4J20:17:23,611 DEBUG DependencyInjectionTestExecutionListener:73 - Performing dependency injection for test context [[DefaultTestContext@4f638935 testClass = pruebas, testInstance = pruebas@4387b79e, testMethod = [null], testException = [null], mergedContextConfiguration = [MergedContextConfiguration@6e75aa0d testClass = pruebas, locations = &apos;{classpath:applicationContextH2.xml}&apos;, classes = &apos;{}&apos;, contextInitializerClasses = &apos;[]&apos;, activeProfiles = &apos;{}&apos;, contextLoader = &apos;org.springframework.test.context.support.DelegatingSmartContextLoader&apos;, parent = [null]]]].
LOG4J20:17:23,612 DEBUG AbstractDelegatingSmartContextLoader:100 - Delegating to GenericXmlContextLoader to load context from [MergedContextConfiguration@6e75aa0d testClass = pruebas, locations = &apos;{classpath:applicationContextH2.xml}&apos;, classes = &apos;{}&apos;, contextInitializerClasses = &apos;[]&apos;, activeProfiles = &apos;{}&apos;, contextLoader = &apos;org.springframework.test.context.support.DelegatingSmartContextLoader&apos;, parent = [null]].
LOG4J20:17:23,612 DEBUG AbstractGenericContextLoader:107 - Loading ApplicationContext for merged context configuration [[MergedContextConfiguration@6e75aa0d testClass = pruebas, locations = &apos;{classpath:applicationContextH2.xml}&apos;, classes = &apos;{}&apos;, contextInitializerClasses = &apos;[]&apos;, activeProfiles = &apos;{}&apos;, contextLoader = &apos;org.springframework.test.context.support.DelegatingSmartContextLoader&apos;, parent = [null]]].
LOG4J20:17:23,750 DEBUG StandardEnvironment:109 - Adding [systemProperties] PropertySource with lowest search precedence
LOG4J20:17:23,754 DEBUG StandardEnvironment:109 - Adding [systemEnvironment] PropertySource with lowest search precedence
LOG4J20:17:23,755 DEBUG StandardEnvironment:126 - Initialized StandardEnvironment with PropertySources [systemProperties,systemEnvironment]
LOG4J20:17:23,778  INFO XmlBeanDefinitionReader:317 - Loading XML bean definitions from class path resource [applicationContextH2.xml]
LOG4J20:17:23,813 DEBUG DefaultDocumentLoader:73 - Using JAXP provider [com.sun.org.apache.xerces.internal.jaxp.DocumentBuilderFactoryImpl]
LOG4J20:17:23,861 DEBUG PluggableSchemaResolver:141 - Loading schema mappings from [META-INF/spring.schemas]
LOG4J20:17:23,877 DEBUG PluggableSchemaResolver:147 - Loaded schema mappings: {http://www.springframework.org/schema/tx/spring-tx-2.5.xsd=org/springframework/transaction/config/spring-tx-2.5.xsd, http://www.springframework.org/schema/context/spring-context-3.1.xsd=org/springframework/context/config/spring-context-3.1.xsd, http://www.springframework.org/schema/data/repository/spring-repository-1.4.xsd=org/springframework/data/repository/config/spring-repository-1.4.xsd, http://www.springframework.org/schema/util/spring-util-3.0.xsd=org/springframework/beans/factory/xml/spring-util-3.0.xsd, http://www.springframework.org/schema/data/jpa/spring-jpa.xsd=org/springframework/data/jpa/repository/config/spring-jpa-1.3.xsd, http://www.springframework.org/schema/tool/spring-tool.xsd=org/springframework/beans/factory/xml/spring-tool-4.0.xsd, http://www.springframework.org/schema/aop/spring-aop-3.2.xsd=org/springframework/aop/config/spring-aop-3.2.xsd, http://www.springframework.org/schema/context/spring-context-4.0.xsd=org/springframework/context/config/spring-context-4.0.xsd, http://www.springframework.org/schema/mvc/spring-mvc-3.2.xsd=org/springframework/web/servlet/config/spring-mvc-3.2.xsd, http://www.springframework.org/schema/lang/spring-lang-3.2.xsd=org/springframework/scripting/config/spring-lang-3.2.xsd, http://www.springframework.org/schema/cache/spring-cache-3.2.xsd=org/springframework/cache/config/spring-cache-3.2.xsd, http://www.springframework.org/schema/jdbc/spring-jdbc-3.1.xsd=org/springframework/jdbc/config/spring-jdbc-3.1.xsd, http://www.springframework.org/schema/util/spring-util-2.0.xsd=org/springframework/beans/factory/xml/spring-util-2.0.xsd, http://www.springframework.org/schema/tool/spring-tool-3.2.xsd=org/springframework/beans/factory/xml/spring-tool-3.2.xsd, http://www.springframework.org/schema/context/spring-context.xsd=org/springframework/context/config/spring-context-4.0.xsd, http://www.springframework.org/schema/aop/spring-aop-4.0.xsd=org/springframework/aop/config/spring-aop-4.0.xsd, http://www.springframework.org/schema/jee/spring-jee-3.2.xsd=org/springframework/ejb/config/spring-jee-3.2.xsd, http://www.springframework.org/schema/context/spring-context-3.0.xsd=org/springframework/context/config/spring-context-3.0.xsd, http://www.springframework.org/schema/jdbc/spring-jdbc-4.0.xsd=org/springframework/jdbc/config/spring-jdbc-4.0.xsd, http://www.springframework.org/schema/mvc/spring-mvc-4.0.xsd=org/springframework/web/servlet/config/spring-mvc-4.0.xsd, http://www.springframework.org/schema/util/spring-util-2.5.xsd=org/springframework/beans/factory/xml/spring-util-2.5.xsd, http://www.springframework.org/schema/beans/spring-beans-3.2.xsd=org/springframework/beans/factory/xml/spring-beans-3.2.xsd, http://www.springframework.org/schema/aop/spring-aop-3.1.xsd=org/springframework/aop/config/spring-aop-3.1.xsd, http://www.springframework.org/schema/lang/spring-lang-4.0.xsd=org/springframework/scripting/config/spring-lang-4.0.xsd, http://www.springframework.org/schema/mvc/spring-mvc.xsd=org/springframework/web/servlet/config/spring-mvc-4.0.xsd, http://www.springframework.org/schema/mvc/spring-mvc-3.1.xsd=org/springframework/web/servlet/config/spring-mvc-3.1.xsd, http://www.springframework.org/schema/tool/spring-tool-4.0.xsd=org/springframework/beans/factory/xml/spring-tool-4.0.xsd, http://www.springframework.org/schema/lang/spring-lang-3.1.xsd=org/springframework/scripting/config/spring-lang-3.1.xsd, http://www.springframework.org/schema/tx/spring-tx-3.2.xsd=org/springframework/transaction/config/spring-tx-3.2.xsd, http://www.springframework.org/schema/cache/spring-cache-3.1.xsd=org/springframework/cache/config/spring-cache-3.1.xsd, http://www.springframework.org/schema/jee/spring-jee-4.0.xsd=org/springframework/ejb/config/spring-jee-4.0.xsd, http://www.springframework.org/schema/jdbc/spring-jdbc-3.0.xsd=org/springframework/jdbc/config/spring-jdbc-3.0.xsd, http://www.springframework.org/schema/jdbc/spring-jdbc.xsd=org/springframework/jdbc/config/spring-jdbc-4.0.xsd, http://www.springframework.org/schema/tool/spring-tool-3.1.xsd=org/springframework/beans/factory/xml/spring-tool-3.1.xsd, http://www.springframework.org/schema/cache/spring-cache-4.0.xsd=org/springframework/cache/config/spring-cache-4.0.xsd, http://www.springframework.org/schema/jee/spring-jee-3.1.xsd=org/springframework/ejb/config/spring-jee-3.1.xsd, http://www.springframework.org/schema/task/spring-task-3.2.xsd=org/springframework/scheduling/config/spring-task-3.2.xsd, http://www.springframework.org/schema/beans/spring-beans-3.1.xsd=org/springframework/beans/factory/xml/spring-beans-3.1.xsd, http://www.springframework.org/schema/util/spring-util.xsd=org/springframework/beans/factory/xml/spring-util-4.0.xsd, http://www.springframework.org/schema/data/jpa/spring-jpa-1.3.xsd=org/springframework/data/jpa/repository/config/spring-jpa-1.3.xsd, http://www.springframework.org/schema/aop/spring-aop-3.0.xsd=org/springframework/aop/config/spring-aop-3.0.xsd, http://www.springframework.org/schema/data/repository/spring-repository.xsd=org/springframework/data/repository/config/spring-repository-1.7.xsd, http://www.springframework.org/schema/data/repository/spring-repository-1.7.xsd=org/springframework/data/repository/config/spring-repository-1.7.xsd, http://www.springframework.org/schema/mvc/spring-mvc-3.0.xsd=org/springframework/web/servlet/config/spring-mvc-3.0.xsd, http://www.springframework.org/schema/beans/spring-beans-4.0.xsd=org/springframework/beans/factory/xml/spring-beans-4.0.xsd, http://www.springframework.org/schema/beans/spring-beans.xsd=org/springframework/beans/factory/xml/spring-beans-4.0.xsd, http://www.springframework.org/schema/lang/spring-lang-3.0.xsd=org/springframework/scripting/config/spring-lang-3.0.xsd, http://www.springframework.org/schema/tx/spring-tx-3.1.xsd=org/springframework/transaction/config/spring-tx-3.1.xsd, http://www.springframework.org/schema/context/spring-context-2.5.xsd=org/springframework/context/config/spring-context-2.5.xsd, http://www.springframework.org/schema/task/spring-task-4.0.xsd=org/springframework/scheduling/config/spring-task-4.0.xsd, http://www.springframework.org/schema/tool/spring-tool-3.0.xsd=org/springframework/beans/factory/xml/spring-tool-3.0.xsd, http://www.springframework.org/schema/tx/spring-tx-4.0.xsd=org/springframework/transaction/config/spring-tx-4.0.xsd, http://www.springframework.org/schema/aop/spring-aop-2.0.xsd=org/springframework/aop/config/spring-aop-2.0.xsd, http://www.springframework.org/schema/jee/spring-jee-3.0.xsd=org/springframework/ejb/config/spring-jee-3.0.xsd, http://www.springframework.org/schema/task/spring-task-3.1.xsd=org/springframework/scheduling/config/spring-task-3.1.xsd, http://www.springframework.org/schema/beans/spring-beans-3.0.xsd=org/springframework/beans/factory/xml/spring-beans-3.0.xsd, http://www.springframework.org/schema/data/jpa/spring-jpa-1.2.xsd=org/springframework/data/jpa/repository/config/spring-jpa-1.2.xsd, http://www.springframework.org/schema/jee/spring-jee.xsd=org/springframework/ejb/config/spring-jee-4.0.xsd, http://www.springframework.org/schema/aop/spring-aop-2.5.xsd=org/springframework/aop/config/spring-aop-2.5.xsd, http://www.springframework.org/schema/lang/spring-lang-2.0.xsd=org/springframework/scripting/config/spring-lang-2.0.xsd, http://www.springframework.org/schema/data/repository/spring-repository-1.6.xsd=org/springframework/data/repository/config/spring-repository-1.6.xsd, http://www.springframework.org/schema/util/spring-util-3.2.xsd=org/springframework/beans/factory/xml/spring-util-3.2.xsd, http://www.springframework.org/schema/task/spring-task.xsd=org/springframework/scheduling/config/spring-task-4.0.xsd, http://www.springframework.org/schema/tool/spring-tool-2.0.xsd=org/springframework/beans/factory/xml/spring-tool-2.0.xsd, http://www.springframework.org/schema/tx/spring-tx-3.0.xsd=org/springframework/transaction/config/spring-tx-3.0.xsd, http://www.springframework.org/schema/lang/spring-lang-2.5.xsd=org/springframework/scripting/config/spring-lang-2.5.xsd, http://www.springframework.org/schema/jee/spring-jee-2.0.xsd=org/springframework/ejb/config/spring-jee-2.0.xsd, http://www.springframework.org/schema/tool/spring-tool-2.5.xsd=org/springframework/beans/factory/xml/spring-tool-2.5.xsd, http://www.springframework.org/schema/jee/spring-jee-2.5.xsd=org/springframework/ejb/config/spring-jee-2.5.xsd, http://www.springframework.org/schema/data/repository/spring-repository-1.0.xsd=org/springframework/data/repository/config/spring-repository-1.0.xsd, http://www.springframework.org/schema/util/spring-util-4.0.xsd=org/springframework/beans/factory/xml/spring-util-4.0.xsd, http://www.springframework.org/schema/task/spring-task-3.0.xsd=org/springframework/scheduling/config/spring-task-3.0.xsd, http://www.springframework.org/schema/data/jpa/spring-jpa-1.1.xsd=org/springframework/data/jpa/repository/config/spring-jpa-1.1.xsd, http://www.springframework.org/schema/lang/spring-lang.xsd=org/springframework/scripting/config/spring-lang-4.0.xsd, http://www.springframework.org/schema/context/spring-context-3.2.xsd=org/springframework/context/config/spring-context-3.2.xsd, http://www.springframework.org/schema/data/repository/spring-repository-1.5.xsd=org/springframework/data/repository/config/spring-repository-1.5.xsd, http://www.springframework.org/schema/util/spring-util-3.1.xsd=org/springframework/beans/factory/xml/spring-util-3.1.xsd, http://www.springframework.org/schema/beans/spring-beans-2.0.xsd=org/springframework/beans/factory/xml/spring-beans-2.0.xsd, http://www.springframework.org/schema/cache/spring-cache.xsd=org/springframework/cache/config/spring-cache-4.0.xsd, http://www.springframework.org/schema/tx/spring-tx.xsd=org/springframework/transaction/config/spring-tx-4.0.xsd, http://www.springframework.org/schema/beans/spring-beans-2.5.xsd=org/springframework/beans/factory/xml/spring-beans-2.5.xsd, http://www.springframework.org/schema/tx/spring-tx-2.0.xsd=org/springframework/transaction/config/spring-tx-2.0.xsd, http://www.springframework.org/schema/jdbc/spring-jdbc-3.2.xsd=org/springframework/jdbc/config/spring-jdbc-3.2.xsd, http://www.springframework.org/schema/aop/spring-aop.xsd=org/springframework/aop/config/spring-aop-4.0.xsd, http://www.springframework.org/schema/data/jpa/spring-jpa-1.0.xsd=org/springframework/data/jpa/repository/config/spring-jpa-1.0.xsd}
LOG4J20:17:23,882 DEBUG PluggableSchemaResolver:119 - Found XML schema [http://www.springframework.org/schema/beans/spring-beans-4.0.xsd] in classpath: org/springframework/beans/factory/xml/spring-beans-4.0.xsd
LOG4J20:17:23,972 DEBUG PluggableSchemaResolver:119 - Found XML schema [http://www.springframework.org/schema/context/spring-context-4.0.xsd] in classpath: org/springframework/context/config/spring-context-4.0.xsd
LOG4J20:17:23,984 DEBUG PluggableSchemaResolver:119 - Found XML schema [http://www.springframework.org/schema/tool/spring-tool-4.0.xsd] in classpath: org/springframework/beans/factory/xml/spring-tool-4.0.xsd
LOG4J20:17:23,995 DEBUG PluggableSchemaResolver:119 - Found XML schema [http://www.springframework.org/schema/data/jpa/spring-jpa.xsd] in classpath: org/springframework/data/jpa/repository/config/spring-jpa-1.3.xsd
LOG4J20:17:23,998 DEBUG PluggableSchemaResolver:119 - Found XML schema [http://www.springframework.org/schema/data/repository/spring-repository.xsd] in classpath: org/springframework/data/repository/config/spring-repository-1.7.xsd
LOG4J20:17:24,008 DEBUG PluggableSchemaResolver:119 - Found XML schema [http://www.springframework.org/schema/jdbc/spring-jdbc-4.0.xsd] in classpath: org/springframework/jdbc/config/spring-jdbc-4.0.xsd
LOG4J20:17:24,019 DEBUG PluggableSchemaResolver:119 - Found XML schema [http://www.springframework.org/schema/tx/spring-tx-4.0.xsd] in classpath: org/springframework/transaction/config/spring-tx-4.0.xsd
LOG4J20:17:24,033 DEBUG DefaultBeanDefinitionDocumentReader:101 - Loading bean definitions
LOG4J20:17:24,053 DEBUG DefaultNamespaceHandlerResolver:157 - Loaded NamespaceHandler mappings: {http://www.springframework.org/schema/p=org.springframework.beans.factory.xml.SimplePropertyNamespaceHandler, http://www.springframework.org/schema/mvc=org.springframework.web.servlet.config.MvcNamespaceHandler, http://www.springframework.org/schema/util=org.springframework.beans.factory.xml.UtilNamespaceHandler, http://www.springframework.org/schema/jee=org.springframework.ejb.config.JeeNamespaceHandler, http://www.springframework.org/schema/aop=org.springframework.aop.config.AopNamespaceHandler, http://www.springframework.org/schema/jdbc=org.springframework.jdbc.config.JdbcNamespaceHandler, http://www.springframework.org/schema/data/repository=org.springframework.data.repository.config.RepositoryNameSpaceHandler, http://www.springframework.org/schema/data/jpa=org.springframework.data.jpa.repository.config.JpaRepositoryNameSpaceHandler, http://www.springframework.org/schema/cache=org.springframework.cache.config.CacheNamespaceHandler, http://www.springframework.org/schema/c=org.springframework.beans.factory.xml.SimpleConstructorNamespaceHandler, http://www.springframework.org/schema/tx=org.springframework.transaction.config.TxNamespaceHandler, http://www.springframework.org/schema/task=org.springframework.scheduling.config.TaskNamespaceHandler, http://www.springframework.org/schema/lang=org.springframework.scripting.config.LangNamespaceHandler, http://www.springframework.org/schema/context=org.springframework.context.config.ContextNamespaceHandler}
LOG4J20:17:24,087 DEBUG ClassPathBeanDefinitionScanner:244 - JSR-250 &apos;javax.annotation.ManagedBean&apos; found and supported for component scanning
LOG4J20:17:24,091 DEBUG ClassPathBeanDefinitionScanner:252 - JSR-330 &apos;javax.inject.Named&apos; annotation found and supported for component scanning
LOG4J20:17:24,099 DEBUG PathMatchingResourcePatternResolver:357 - Resolved location pattern [classpath*:com/tservice/Componentes/**/*.class] to resources []
LOG4J20:17:24,135 DEBUG ClassPathBeanDefinitionScanner:244 - JSR-250 &apos;javax.annotation.ManagedBean&apos; found and supported for component scanning
LOG4J20:17:24,135 DEBUG ClassPathBeanDefinitionScanner:252 - JSR-330 &apos;javax.inject.Named&apos; annotation found and supported for component scanning
LOG4J20:17:24,140 DEBUG PathMatchingResourcePatternResolver:556 - Looking for matching resources in directory tree [C:\Users\andres\Documents\GitHub\pgrproyecto\target\classes\com\tservice\facade]
LOG4J20:17:24,142 DEBUG PathMatchingResourcePatternResolver:618 - Searching directory [C:\Users\andres\Documents\GitHub\pgrproyecto\target\classes\com\tservice\facade] for files matching pattern [C:/Users/andres/Documents/GitHub/pgrproyecto/target/classes/com/tservice/facade/**/*.class]
LOG4J20:17:24,152 DEBUG PathMatchingResourcePatternResolver:357 - Resolved location pattern [classpath*:com/tservice/facade/**/*.class] to resources [file [C:\Users\andres\Documents\GitHub\pgrproyecto\target\classes\com\tservice\facade\App.class], file [C:\Users\andres\Documents\GitHub\pgrproyecto\target\classes\com\tservice\facade\ConstantesServerGcm.class], file [C:\Users\andres\Documents\GitHub\pgrproyecto\target\classes\com\tservice\facade\Content.class], file [C:\Users\andres\Documents\GitHub\pgrproyecto\target\classes\com\tservice\facade\facade.class], file [C:\Users\andres\Documents\GitHub\pgrproyecto\target\classes\com\tservice\facade\POST2GCM.class], file [C:\Users\andres\Documents\GitHub\pgrproyecto\target\classes\com\tservice\facade\pruebasEstaticas.class]]
LOG4J20:17:24,210 DEBUG ClassPathBeanDefinitionScanner:286 - Identified candidate component class: file [C:\Users\andres\Documents\GitHub\pgrproyecto\target\classes\com\tservice\facade\App.class]
LOG4J20:17:24,214 DEBUG ClassPathBeanDefinitionScanner:286 - Identified candidate component class: file [C:\Users\andres\Documents\GitHub\pgrproyecto\target\classes\com\tservice\facade\facade.class]
LOG4J20:17:24,251 DEBUG StandardEnvironment:109 - Adding [systemProperties] PropertySource with lowest search precedence
LOG4J20:17:24,251 DEBUG StandardEnvironment:109 - Adding [systemEnvironment] PropertySource with lowest search precedence
LOG4J20:17:24,252 DEBUG StandardEnvironment:126 - Initialized StandardEnvironment with PropertySources [systemProperties,systemEnvironment]
LOG4J20:17:24,257 DEBUG PathMatchingResourcePatternResolver:470 - Looking for matching resources in jar file [file:/C:/Users/andres/.m2/repository/org/springframework/data/spring-data-jpa/1.7.2.RELEASE/spring-data-jpa-1.7.2.RELEASE.jar]
LOG4J20:17:24,271 DEBUG PathMatchingResourcePatternResolver:470 - Looking for matching resources in jar file [file:/C:/Users/andres/.m2/repository/org/springframework/data/spring-data-commons/1.9.2.RELEASE/spring-data-commons-1.9.2.RELEASE.jar]
LOG4J20:17:24,290 DEBUG PathMatchingResourcePatternResolver:357 - Resolved location pattern [classpath*:org/springframework/data/**/repository/support/**/*.class] to resources [URL [jar:file:/C:/Users/andres/.m2/repository/org/springframework/data/spring-data-jpa/1.7.2.RELEASE/spring-data-jpa-1.7.2.RELEASE.jar!/org/springframework/data/jpa/repository/support/EntityManagerBeanDefinitionRegistrarPostProcessor.class], URL [jar:file:/C:/Users/andres/.m2/repository/org/springframework/data/spring-data-jpa/1.7.2.RELEASE/spring-data-jpa-1.7.2.RELEASE.jar!/org/springframework/data/jpa/repository/support/QueryDslJpaRepository.class], URL [jar:file:/C:/Users/andres/.m2/repository/org/springframework/data/spring-data-jpa/1.7.2.RELEASE/spring-data-jpa-1.7.2.RELEASE.jar!/org/springframework/data/jpa/repository/support/JpaMetamodelEntityInformation$IdMetadata.class], URL [jar:file:/C:/Users/andres/.m2/repository/org/springframework/data/spring-data-jpa/1.7.2.RELEASE/spring-data-jpa-1.7.2.RELEASE.jar!/org/springframework/data/jpa/repository/support/JpaRepositoryFactoryBean.class], URL [jar:file:/C:/Users/andres/.m2/repository/org/springframework/data/spring-data-jpa/1.7.2.RELEASE/spring-data-jpa-1.7.2.RELEASE.jar!/org/springframework/data/jpa/repository/support/JpaPersistableEntityInformation.class], URL [jar:file:/C:/Users/andres/.m2/repository/org/springframework/data/spring-data-jpa/1.7.2.RELEASE/spring-data-jpa-1.7.2.RELEASE.jar!/org/springframework/data/jpa/repository/support/CrudMethodMetadataPostProcessor$CrudMethodMetadataPopulatingMethodIntercceptor.class], URL [jar:file:/C:/Users/andres/.m2/repository/org/springframework/data/spring-data-jpa/1.7.2.RELEASE/spring-data-jpa-1.7.2.RELEASE.jar!/org/springframework/data/jpa/repository/support/CrudMethodMetadataPostProcessor.class], URL [jar:file:/C:/Users/andres/.m2/repository/org/springframework/data/spring-data-jpa/1.7.2.RELEASE/spring-data-jpa-1.7.2.RELEASE.jar!/org/springframework/data/jpa/repository/support/Querydsl.class], URL [jar:file:/C:/Users/andres/.m2/repository/org/springframework/data/spring-data-jpa/1.7.2.RELEASE/spring-data-jpa-1.7.2.RELEASE.jar!/org/springframework/data/jpa/repository/support/CrudMethodMetadataPostProcessor$1.class], URL [jar:file:/C:/Users/andres/.m2/repository/org/springframework/data/spring-data-jpa/1.7.2.RELEASE/spring-data-jpa-1.7.2.RELEASE.jar!/org/springframework/data/jpa/repository/support/PersistenceProvider$4.class], URL [jar:file:/C:/Users/andres/.m2/repository/org/springframework/data/spring-data-jpa/1.7.2.RELEASE/spring-data-jpa-1.7.2.RELEASE.jar!/org/springframework/data/jpa/repository/support/CrudMethodMetadataPostProcessor$DefaultCrudMethodMetadata.class], URL [jar:file:/C:/Users/andres/.m2/repository/org/springframework/data/spring-data-jpa/1.7.2.RELEASE/spring-data-jpa-1.7.2.RELEASE.jar!/org/springframework/data/jpa/repository/support/PersistenceProvider$3.class], URL [jar:file:/C:/Users/andres/.m2/repository/org/springframework/data/spring-data-jpa/1.7.2.RELEASE/spring-data-jpa-1.7.2.RELEASE.jar!/org/springframework/data/jpa/repository/support/PersistenceProvider$2.class], URL [jar:file:/C:/Users/andres/.m2/repository/org/springframework/data/spring-data-jpa/1.7.2.RELEASE/spring-data-jpa-1.7.2.RELEASE.jar!/org/springframework/data/jpa/repository/support/QueryDslRepositorySupport.class], URL [jar:file:/C:/Users/andres/.m2/repository/org/springframework/data/spring-data-jpa/1.7.2.RELEASE/spring-data-jpa-1.7.2.RELEASE.jar!/org/springframework/data/jpa/repository/support/PersistenceProvider.class], URL [jar:file:/C:/Users/andres/.m2/repository/org/springframework/data/spring-data-jpa/1.7.2.RELEASE/spring-data-jpa-1.7.2.RELEASE.jar!/org/springframework/data/jpa/repository/support/CrudMethodMetadata.class], URL [jar:file:/C:/Users/andres/.m2/repository/org/springframework/data/spring-data-jpa/1.7.2.RELEASE/spring-data-jpa-1.7.2.RELEASE.jar!/org/springframework/data/jpa/repository/support/CrudMethodMetadataPostProcessor$ThreadBoundTargetSource.class], URL [jar:file:/C:/Users/andres/.m2/repository/org/springframework/data/spring-data-jpa/1.7.2.RELEASE/spring-data-jpa-1.7.2.RELEASE.jar!/org/springframework/data/jpa/repository/support/JpaEntityInformationSupport.class], URL [jar:file:/C:/Users/andres/.m2/repository/org/springframework/data/spring-data-jpa/1.7.2.RELEASE/spring-data-jpa-1.7.2.RELEASE.jar!/org/springframework/data/jpa/repository/support/JpaEntityInformation.class], URL [jar:file:/C:/Users/andres/.m2/repository/org/springframework/data/spring-data-jpa/1.7.2.RELEASE/spring-data-jpa-1.7.2.RELEASE.jar!/org/springframework/data/jpa/repository/support/SimpleJpaRepository$ByIdsSpecification.class], URL [jar:file:/C:/Users/andres/.m2/repository/org/springframework/data/spring-data-jpa/1.7.2.RELEASE/spring-data-jpa-1.7.2.RELEASE.jar!/org/springframework/data/jpa/repository/support/JpaRepositoryFactory.class], URL [jar:file:/C:/Users/andres/.m2/repository/org/springframework/data/spring-data-jpa/1.7.2.RELEASE/spring-data-jpa-1.7.2.RELEASE.jar!/org/springframework/data/jpa/repository/support/JpaMetamodelEntityInformation$IdentifierDerivingDirectFieldAccessFallbackBeanWrapper.class], URL [jar:file:/C:/Users/andres/.m2/repository/org/springframework/data/spring-data-jpa/1.7.2.RELEASE/spring-data-jpa-1.7.2.RELEASE.jar!/org/springframework/data/jpa/repository/support/Querydsl$1.class], URL [jar:file:/C:/Users/andres/.m2/repository/org/springframework/data/spring-data-jpa/1.7.2.RELEASE/spring-data-jpa-1.7.2.RELEASE.jar!/org/springframework/data/jpa/repository/support/PersistenceProvider$1.class], URL [jar:file:/C:/Users/andres/.m2/repository/org/springframework/data/spring-data-jpa/1.7.2.RELEASE/spring-data-jpa-1.7.2.RELEASE.jar!/org/springframework/data/jpa/repository/support/PersistenceProvider$Constants.class], URL [jar:file:/C:/Users/andres/.m2/repository/org/springframework/data/spring-data-jpa/1.7.2.RELEASE/spring-data-jpa-1.7.2.RELEASE.jar!/org/springframework/data/jpa/repository/support/JpaMetamodelEntityInformation.class], URL [jar:file:/C:/Users/andres/.m2/repository/org/springframework/data/spring-data-jpa/1.7.2.RELEASE/spring-data-jpa-1.7.2.RELEASE.jar!/org/springframework/data/jpa/repository/support/SimpleJpaRepository.class], URL [jar:file:/C:/Users/andres/.m2/repository/org/springframework/data/spring-data-commons/1.9.2.RELEASE/spring-data-commons-1.9.2.RELEASE.jar!/org/springframework/data/repository/support/Repositories$EmptyRepositoryFactoryInformation.class], URL [jar:file:/C:/Users/andres/.m2/repository/org/springframework/data/spring-data-commons/1.9.2.RELEASE/spring-data-commons-1.9.2.RELEASE.jar!/org/springframework/data/repository/support/DomainClassPropertyEditorRegistrar.class], URL [jar:file:/C:/Users/andres/.m2/repository/org/springframework/data/spring-data-commons/1.9.2.RELEASE/spring-data-commons-1.9.2.RELEASE.jar!/org/springframework/data/repository/support/CrudRepositoryInvoker.class], URL [jar:file:/C:/Users/andres/.m2/repository/org/springframework/data/spring-data-commons/1.9.2.RELEASE/spring-data-commons-1.9.2.RELEASE.jar!/org/springframework/data/repository/support/Repositories.class], URL [jar:file:/C:/Users/andres/.m2/repository/org/springframework/data/spring-data-commons/1.9.2.RELEASE/spring-data-commons-1.9.2.RELEASE.jar!/org/springframework/data/repository/support/ReflectionRepositoryInvoker.class], URL [jar:file:/C:/Users/andres/.m2/repository/org/springframework/data/spring-data-commons/1.9.2.RELEASE/spring-data-commons-1.9.2.RELEASE.jar!/org/springframework/data/repository/support/DomainClassPropertyEditor.class], URL [jar:file:/C:/Users/andres/.m2/repository/org/springframework/data/spring-data-commons/1.9.2.RELEASE/spring-data-commons-1.9.2.RELEASE.jar!/org/springframework/data/repository/support/DomainClassConverter.class]]
LOG4J20:17:24,381 DEBUG ClassPathScanningCandidateComponentProvider:286 - Identified candidate component class: URL [jar:file:/C:/Users/andres/.m2/repository/org/springframework/data/spring-data-jpa/1.7.2.RELEASE/spring-data-jpa-1.7.2.RELEASE.jar!/org/springframework/data/jpa/repository/support/JpaRepositoryFactory.class]
LOG4J20:17:24,462 DEBUG StandardEnvironment:109 - Adding [systemProperties] PropertySource with lowest search precedence
LOG4J20:17:24,464 DEBUG StandardEnvironment:109 - Adding [systemEnvironment] PropertySource with lowest search precedence
LOG4J20:17:24,465 DEBUG StandardEnvironment:126 - Initialized StandardEnvironment with PropertySources [systemProperties,systemEnvironment]
LOG4J20:17:24,470 DEBUG PathMatchingResourcePatternResolver:556 - Looking for matching resources in directory tree [C:\Users\andres\Documents\GitHub\pgrproyecto\target\classes\com\tservice\Persistencia]
LOG4J20:17:24,473 DEBUG PathMatchingResourcePatternResolver:618 - Searching directory [C:\Users\andres\Documents\GitHub\pgrproyecto\target\classes\com\tservice\Persistencia] for files matching pattern [C:/Users/andres/Documents/GitHub/pgrproyecto/target/classes/com/tservice/Persistencia/**/*.class]
LOG4J20:17:24,476 DEBUG PathMatchingResourcePatternResolver:357 - Resolved location pattern [classpath*:com/tservice/Persistencia/**/*.class] to resources [file [C:\Users\andres\Documents\GitHub\pgrproyecto\target\classes\com\tservice\Persistencia\CarrerasCrudFactory.class], file [C:\Users\andres\Documents\GitHub\pgrproyecto\target\classes\com\tservice\Persistencia\EdificioCrudFactory.class], file [C:\Users\andres\Documents\GitHub\pgrproyecto\target\classes\com\tservice\Persistencia\EventosCrudFactory.class], file [C:\Users\andres\Documents\GitHub\pgrproyecto\target\classes\com\tservice\Persistencia\GruposCrudFactory.class], file [C:\Users\andres\Documents\GitHub\pgrproyecto\target\classes\com\tservice\Persistencia\MensajesCrudFactory.class], file [C:\Users\andres\Documents\GitHub\pgrproyecto\target\classes\com\tservice\Persistencia\UsuariosCrudFactory.class]]
LOG4J20:17:24,483 DEBUG RepositoryComponentProvider:286 - Identified candidate component class: file [C:\Users\andres\Documents\GitHub\pgrproyecto\target\classes\com\tservice\Persistencia\CarrerasCrudFactory.class]
LOG4J20:17:24,485 DEBUG RepositoryComponentProvider:286 - Identified candidate component class: file [C:\Users\andres\Documents\GitHub\pgrproyecto\target\classes\com\tservice\Persistencia\EdificioCrudFactory.class]
LOG4J20:17:24,487 DEBUG RepositoryComponentProvider:286 - Identified candidate component class: file [C:\Users\andres\Documents\GitHub\pgrproyecto\target\classes\com\tservice\Persistencia\EventosCrudFactory.class]
LOG4J20:17:24,489 DEBUG RepositoryComponentProvider:286 - Identified candidate component class: file [C:\Users\andres\Documents\GitHub\pgrproyecto\target\classes\com\tservice\Persistencia\GruposCrudFactory.class]
LOG4J20:17:24,491 DEBUG RepositoryComponentProvider:286 - Identified candidate component class: file [C:\Users\andres\Documents\GitHub\pgrproyecto\target\classes\com\tservice\Persistencia\MensajesCrudFactory.class]
LOG4J20:17:24,493 DEBUG RepositoryComponentProvider:286 - Identified candidate component class: file [C:\Users\andres\Documents\GitHub\pgrproyecto\target\classes\com\tservice\Persistencia\UsuariosCrudFactory.class]
LOG4J20:17:24,506 DEBUG StandardEnvironment:109 - Adding [systemProperties] PropertySource with lowest search precedence
LOG4J20:17:24,507 DEBUG StandardEnvironment:109 - Adding [systemEnvironment] PropertySource with lowest search precedence
LOG4J20:17:24,507 DEBUG StandardEnvironment:126 - Initialized StandardEnvironment with PropertySources [systemProperties,systemEnvironment]
LOG4J20:17:24,510 DEBUG PathMatchingResourcePatternResolver:556 - Looking for matching resources in directory tree [C:\Users\andres\Documents\GitHub\pgrproyecto\target\classes\com\tservice\Persistencia]
LOG4J20:17:24,512 DEBUG PathMatchingResourcePatternResolver:618 - Searching directory [C:\Users\andres\Documents\GitHub\pgrproyecto\target\classes\com\tservice\Persistencia] for files matching pattern [C:/Users/andres/Documents/GitHub/pgrproyecto/target/classes/com/tservice/Persistencia/**/*CarrerasCrudFactoryImpl.class]
LOG4J20:17:24,515 DEBUG PathMatchingResourcePatternResolver:357 - Resolved location pattern [classpath*:com/tservice/Persistencia/**/*CarrerasCrudFactoryImpl.class] to resources []
LOG4J20:17:24,536 DEBUG RepositoryConfigurationDelegate:142 - Spring Data JPA - Registering repository: carrerasCrudFactory - Interface: com.tservice.Persistencia.CarrerasCrudFactory - Factory: org.springframework.data.jpa.repository.support.JpaRepositoryFactoryBean
LOG4J20:17:24,538 DEBUG StandardEnvironment:109 - Adding [systemProperties] PropertySource with lowest search precedence
LOG4J20:17:24,539 DEBUG StandardEnvironment:109 - Adding [systemEnvironment] PropertySource with lowest search precedence
LOG4J20:17:24,539 DEBUG StandardEnvironment:126 - Initialized StandardEnvironment with PropertySources [systemProperties,systemEnvironment]
LOG4J20:17:24,541 DEBUG PathMatchingResourcePatternResolver:556 - Looking for matching resources in directory tree [C:\Users\andres\Documents\GitHub\pgrproyecto\target\classes\com\tservice\Persistencia]
LOG4J20:17:24,542 DEBUG PathMatchingResourcePatternResolver:618 - Searching directory [C:\Users\andres\Documents\GitHub\pgrproyecto\target\classes\com\tservice\Persistencia] for files matching pattern [C:/Users/andres/Documents/GitHub/pgrproyecto/target/classes/com/tservice/Persistencia/**/*GruposCrudFactoryImpl.class]
LOG4J20:17:24,547 DEBUG PathMatchingResourcePatternResolver:357 - Resolved location pattern [classpath*:com/tservice/Persistencia/**/*GruposCrudFactoryImpl.class] to resources []
LOG4J20:17:24,549 DEBUG RepositoryConfigurationDelegate:142 - Spring Data JPA - Registering repository: gruposCrudFactory - Interface: com.tservice.Persistencia.GruposCrudFactory - Factory: org.springframework.data.jpa.repository.support.JpaRepositoryFactoryBean
LOG4J20:17:24,551 DEBUG StandardEnvironment:109 - Adding [systemProperties] PropertySource with lowest search precedence
LOG4J20:17:24,551 DEBUG StandardEnvironment:109 - Adding [systemEnvironment] PropertySource with lowest search precedence
LOG4J20:17:24,552 DEBUG StandardEnvironment:126 - Initialized StandardEnvironment with PropertySources [systemProperties,systemEnvironment]
LOG4J20:17:24,555 DEBUG PathMatchingResourcePatternResolver:556 - Looking for matching resources in directory tree [C:\Users\andres\Documents\GitHub\pgrproyecto\target\classes\com\tservice\Persistencia]
LOG4J20:17:24,563 DEBUG PathMatchingResourcePatternResolver:618 - Searching directory [C:\Users\andres\Documents\GitHub\pgrproyecto\target\classes\com\tservice\Persistencia] for files matching pattern [C:/Users/andres/Documents/GitHub/pgrproyecto/target/classes/com/tservice/Persistencia/**/*EventosCrudFactoryImpl.class]
LOG4J20:17:24,572 DEBUG PathMatchingResourcePatternResolver:357 - Resolved location pattern [classpath*:com/tservice/Persistencia/**/*EventosCrudFactoryImpl.class] to resources []
LOG4J20:17:24,589 DEBUG RepositoryConfigurationDelegate:142 - Spring Data JPA - Registering repository: eventosCrudFactory - Interface: com.tservice.Persistencia.EventosCrudFactory - Factory: org.springframework.data.jpa.repository.support.JpaRepositoryFactoryBean
LOG4J20:17:24,593 DEBUG StandardEnvironment:109 - Adding [systemProperties] PropertySource with lowest search precedence
LOG4J20:17:24,595 DEBUG StandardEnvironment:109 - Adding [systemEnvironment] PropertySource with lowest search precedence
LOG4J20:17:24,597 DEBUG StandardEnvironment:126 - Initialized StandardEnvironment with PropertySources [systemProperties,systemEnvironment]
LOG4J20:17:24,600 DEBUG PathMatchingResourcePatternResolver:556 - Looking for matching resources in directory tree [C:\Users\andres\Documents\GitHub\pgrproyecto\target\classes\com\tservice\Persistencia]
LOG4J20:17:24,601 DEBUG PathMatchingResourcePatternResolver:618 - Searching directory [C:\Users\andres\Documents\GitHub\pgrproyecto\target\classes\com\tservice\Persistencia] for files matching pattern [C:/Users/andres/Documents/GitHub/pgrproyecto/target/classes/com/tservice/Persistencia/**/*UsuariosCrudFactoryImpl.class]
LOG4J20:17:24,604 DEBUG PathMatchingResourcePatternResolver:357 - Resolved location pattern [classpath*:com/tservice/Persistencia/**/*UsuariosCrudFactoryImpl.class] to resources []
LOG4J20:17:24,606 DEBUG RepositoryConfigurationDelegate:142 - Spring Data JPA - Registering repository: usuariosCrudFactory - Interface: com.tservice.Persistencia.UsuariosCrudFactory - Factory: org.springframework.data.jpa.repository.support.JpaRepositoryFactoryBean
LOG4J20:17:24,608 DEBUG StandardEnvironment:109 - Adding [systemProperties] PropertySource with lowest search precedence
LOG4J20:17:24,608 DEBUG StandardEnvironment:109 - Adding [systemEnvironment] PropertySource with lowest search precedence
LOG4J20:17:24,609 DEBUG StandardEnvironment:126 - Initialized StandardEnvironment with PropertySources [systemProperties,systemEnvironment]
LOG4J20:17:24,611 DEBUG PathMatchingResourcePatternResolver:556 - Looking for matching resources in directory tree [C:\Users\andres\Documents\GitHub\pgrproyecto\target\classes\com\tservice\Persistencia]
LOG4J20:17:24,612 DEBUG PathMatchingResourcePatternResolver:618 - Searching directory [C:\Users\andres\Documents\GitHub\pgrproyecto\target\classes\com\tservice\Persistencia] for files matching pattern [C:/Users/andres/Documents/GitHub/pgrproyecto/target/classes/com/tservice/Persistencia/**/*EdificioCrudFactoryImpl.class]
LOG4J20:17:24,615 DEBUG PathMatchingResourcePatternResolver:357 - Resolved location pattern [classpath*:com/tservice/Persistencia/**/*EdificioCrudFactoryImpl.class] to resources []
LOG4J20:17:24,616 DEBUG RepositoryConfigurationDelegate:142 - Spring Data JPA - Registering repository: edificioCrudFactory - Interface: com.tservice.Persistencia.EdificioCrudFactory - Factory: org.springframework.data.jpa.repository.support.JpaRepositoryFactoryBean
LOG4J20:17:24,618 DEBUG StandardEnvironment:109 - Adding [systemProperties] PropertySource with lowest search precedence
LOG4J20:17:24,618 DEBUG StandardEnvironment:109 - Adding [systemEnvironment] PropertySource with lowest search precedence
LOG4J20:17:24,619 DEBUG StandardEnvironment:126 - Initialized StandardEnvironment with PropertySources [systemProperties,systemEnvironment]
LOG4J20:17:24,620 DEBUG PathMatchingResourcePatternResolver:556 - Looking for matching resources in directory tree [C:\Users\andres\Documents\GitHub\pgrproyecto\target\classes\com\tservice\Persistencia]
LOG4J20:17:24,621 DEBUG PathMatchingResourcePatternResolver:618 - Searching directory [C:\Users\andres\Documents\GitHub\pgrproyecto\target\classes\com\tservice\Persistencia] for files matching pattern [C:/Users/andres/Documents/GitHub/pgrproyecto/target/classes/com/tservice/Persistencia/**/*MensajesCrudFactoryImpl.class]
LOG4J20:17:24,622 DEBUG PathMatchingResourcePatternResolver:357 - Resolved location pattern [classpath*:com/tservice/Persistencia/**/*MensajesCrudFactoryImpl.class] to resources []
LOG4J20:17:24,627 DEBUG RepositoryConfigurationDelegate:142 - Spring Data JPA - Registering repository: mensajesCrudFactory - Interface: com.tservice.Persistencia.MensajesCrudFactory - Factory: org.springframework.data.jpa.repository.support.JpaRepositoryFactoryBean
LOG4J20:17:24,654 DEBUG XmlBeanDefinitionReader:223 - Loaded 25 bean definitions from location pattern [classpath:applicationContextH2.xml]
LOG4J20:17:24,660  INFO GenericApplicationContext:515 - Refreshing org.springframework.context.support.GenericApplicationContext@79efed2d: startup date [Thu Jun 18 20:17:24 COT 2015]; root of context hierarchy
LOG4J20:17:24,661 DEBUG GenericApplicationContext:545 - Bean factory for org.springframework.context.support.GenericApplicationContext@79efed2d: org.springframework.beans.factory.support.DefaultListableBeanFactory@51fadaff: defining beans [org.springframework.context.annotation.internalConfigurationAnnotationProcessor,org.springframework.context.annotation.internalAutowiredAnnotationProcessor,org.springframework.context.annotation.internalRequiredAnnotationProcessor,org.springframework.context.annotation.internalCommonAnnotationProcessor,org.springframework.context.annotation.internalPersistenceAnnotationProcessor,app,facade,org.springframework.data.jpa.repository.config.JpaRepositoryConfigExtension#0,org.springframework.data.repository.core.support.RepositoryInterfaceAwareBeanPostProcessor,foo,jpaMappingContext,carrerasCrudFactory,gruposCrudFactory,eventosCrudFactory,usuariosCrudFactory,edificioCrudFactory,mensajesCrudFactory,dataSource,jpaVendorAdapter,entityManagerFactory,transactionManager,org.springframework.aop.config.internalAutoProxyCreator,org.springframework.transaction.annotation.AnnotationTransactionAttributeSource#0,org.springframework.transaction.interceptor.TransactionInterceptor#0,org.springframework.transaction.config.internalTransactionAdvisor]; root of factory hierarchy
LOG4J20:17:24,697 DEBUG DefaultListableBeanFactory:221 - Creating shared instance of singleton bean &apos;org.springframework.context.annotation.internalConfigurationAnnotationProcessor&apos;
LOG4J20:17:24,698 DEBUG DefaultListableBeanFactory:449 - Creating instance of bean &apos;org.springframework.context.annotation.internalConfigurationAnnotationProcessor&apos;
LOG4J20:17:24,726 DEBUG DefaultListableBeanFactory:523 - Eagerly caching bean &apos;org.springframework.context.annotation.internalConfigurationAnnotationProcessor&apos; to allow for resolving potential circular references
LOG4J20:17:24,733 DEBUG DefaultListableBeanFactory:477 - Finished creating instance of bean &apos;org.springframework.context.annotation.internalConfigurationAnnotationProcessor&apos;
LOG4J20:17:24,836 DEBUG DefaultListableBeanFactory:221 - Creating shared instance of singleton bean &apos;foo&apos;
LOG4J20:17:24,837 DEBUG DefaultListableBeanFactory:449 - Creating instance of bean &apos;foo&apos;
LOG4J20:17:24,838 DEBUG DefaultListableBeanFactory:523 - Eagerly caching bean &apos;foo&apos; to allow for resolving potential circular references
LOG4J20:17:24,838 DEBUG DefaultListableBeanFactory:477 - Finished creating instance of bean &apos;foo&apos;
LOG4J20:17:24,853 DEBUG DefaultListableBeanFactory:221 - Creating shared instance of singleton bean &apos;org.springframework.context.annotation.internalAutowiredAnnotationProcessor&apos;
LOG4J20:17:24,854 DEBUG DefaultListableBeanFactory:449 - Creating instance of bean &apos;org.springframework.context.annotation.internalAutowiredAnnotationProcessor&apos;
LOG4J20:17:24,855  INFO AutowiredAnnotationBeanPostProcessor:141 - JSR-330 &apos;javax.inject.Inject&apos; annotation found and supported for autowiring
LOG4J20:17:24,856 DEBUG DefaultListableBeanFactory:523 - Eagerly caching bean &apos;org.springframework.context.annotation.internalAutowiredAnnotationProcessor&apos; to allow for resolving potential circular references
LOG4J20:17:24,857 DEBUG DefaultListableBeanFactory:477 - Finished creating instance of bean &apos;org.springframework.context.annotation.internalAutowiredAnnotationProcessor&apos;
LOG4J20:17:24,858 DEBUG DefaultListableBeanFactory:221 - Creating shared instance of singleton bean &apos;org.springframework.context.annotation.internalRequiredAnnotationProcessor&apos;
LOG4J20:17:24,859 DEBUG DefaultListableBeanFactory:449 - Creating instance of bean &apos;org.springframework.context.annotation.internalRequiredAnnotationProcessor&apos;
LOG4J20:17:24,860 DEBUG DefaultListableBeanFactory:523 - Eagerly caching bean &apos;org.springframework.context.annotation.internalRequiredAnnotationProcessor&apos; to allow for resolving potential circular references
LOG4J20:17:24,861 DEBUG DefaultListableBeanFactory:477 - Finished creating instance of bean &apos;org.springframework.context.annotation.internalRequiredAnnotationProcessor&apos;
LOG4J20:17:24,863 DEBUG DefaultListableBeanFactory:221 - Creating shared instance of singleton bean &apos;org.springframework.context.annotation.internalCommonAnnotationProcessor&apos;
LOG4J20:17:24,864 DEBUG DefaultListableBeanFactory:449 - Creating instance of bean &apos;org.springframework.context.annotation.internalCommonAnnotationProcessor&apos;
LOG4J20:17:24,870 DEBUG DefaultListableBeanFactory:523 - Eagerly caching bean &apos;org.springframework.context.annotation.internalCommonAnnotationProcessor&apos; to allow for resolving potential circular references
LOG4J20:17:24,870 DEBUG DefaultListableBeanFactory:477 - Finished creating instance of bean &apos;org.springframework.context.annotation.internalCommonAnnotationProcessor&apos;
LOG4J20:17:24,871 DEBUG DefaultListableBeanFactory:221 - Creating shared instance of singleton bean &apos;org.springframework.context.annotation.internalPersistenceAnnotationProcessor&apos;
LOG4J20:17:24,871 DEBUG DefaultListableBeanFactory:449 - Creating instance of bean &apos;org.springframework.context.annotation.internalPersistenceAnnotationProcessor&apos;
LOG4J20:17:24,871 DEBUG DefaultListableBeanFactory:523 - Eagerly caching bean &apos;org.springframework.context.annotation.internalPersistenceAnnotationProcessor&apos; to allow for resolving potential circular references
LOG4J20:17:24,872 DEBUG DefaultListableBeanFactory:477 - Finished creating instance of bean &apos;org.springframework.context.annotation.internalPersistenceAnnotationProcessor&apos;
LOG4J20:17:24,872 DEBUG DefaultListableBeanFactory:221 - Creating shared instance of singleton bean &apos;org.springframework.data.repository.core.support.RepositoryInterfaceAwareBeanPostProcessor&apos;
LOG4J20:17:24,873 DEBUG DefaultListableBeanFactory:449 - Creating instance of bean &apos;org.springframework.data.repository.core.support.RepositoryInterfaceAwareBeanPostProcessor&apos;
LOG4J20:17:24,873 DEBUG DefaultListableBeanFactory:523 - Eagerly caching bean &apos;org.springframework.data.repository.core.support.RepositoryInterfaceAwareBeanPostProcessor&apos; to allow for resolving potential circular references
LOG4J20:17:24,874 DEBUG DefaultListableBeanFactory:477 - Finished creating instance of bean &apos;org.springframework.data.repository.core.support.RepositoryInterfaceAwareBeanPostProcessor&apos;
LOG4J20:17:24,874 DEBUG DefaultListableBeanFactory:221 - Creating shared instance of singleton bean &apos;org.springframework.context.annotation.ConfigurationClassPostProcessor.importAwareProcessor&apos;
LOG4J20:17:24,875 DEBUG DefaultListableBeanFactory:449 - Creating instance of bean &apos;org.springframework.context.annotation.ConfigurationClassPostProcessor.importAwareProcessor&apos;
LOG4J20:17:24,875 DEBUG DefaultListableBeanFactory:523 - Eagerly caching bean &apos;org.springframework.context.annotation.ConfigurationClassPostProcessor.importAwareProcessor&apos; to allow for resolving potential circular references
LOG4J20:17:24,876 DEBUG DefaultListableBeanFactory:477 - Finished creating instance of bean &apos;org.springframework.context.annotation.ConfigurationClassPostProcessor.importAwareProcessor&apos;
LOG4J20:17:24,876 DEBUG DefaultListableBeanFactory:221 - Creating shared instance of singleton bean &apos;org.springframework.context.annotation.ConfigurationClassPostProcessor.enhancedConfigurationProcessor&apos;
LOG4J20:17:24,876 DEBUG DefaultListableBeanFactory:449 - Creating instance of bean &apos;org.springframework.context.annotation.ConfigurationClassPostProcessor.enhancedConfigurationProcessor&apos;
LOG4J20:17:24,877 DEBUG DefaultListableBeanFactory:523 - Eagerly caching bean &apos;org.springframework.context.annotation.ConfigurationClassPostProcessor.enhancedConfigurationProcessor&apos; to allow for resolving potential circular references
LOG4J20:17:24,878 DEBUG DefaultListableBeanFactory:477 - Finished creating instance of bean &apos;org.springframework.context.annotation.ConfigurationClassPostProcessor.enhancedConfigurationProcessor&apos;
LOG4J20:17:24,879 DEBUG DefaultListableBeanFactory:221 - Creating shared instance of singleton bean &apos;org.springframework.aop.config.internalAutoProxyCreator&apos;
LOG4J20:17:24,879 DEBUG DefaultListableBeanFactory:449 - Creating instance of bean &apos;org.springframework.aop.config.internalAutoProxyCreator&apos;
LOG4J20:17:24,900 DEBUG DefaultListableBeanFactory:523 - Eagerly caching bean &apos;org.springframework.aop.config.internalAutoProxyCreator&apos; to allow for resolving potential circular references
LOG4J20:17:24,965 DEBUG DefaultListableBeanFactory:477 - Finished creating instance of bean &apos;org.springframework.aop.config.internalAutoProxyCreator&apos;
LOG4J20:17:24,970 DEBUG GenericApplicationContext:651 - Unable to locate MessageSource with name &apos;messageSource&apos;: using default [org.springframework.context.support.DelegatingMessageSource@49d3c823]
LOG4J20:17:24,975 DEBUG GenericApplicationContext:675 - Unable to locate ApplicationEventMulticaster with name &apos;applicationEventMulticaster&apos;: using default [org.springframework.context.event.SimpleApplicationEventMulticaster@f80945f]
LOG4J20:17:24,984 DEBUG DefaultListableBeanFactory:221 - Creating shared instance of singleton bean &apos;entityManagerFactory&apos;
LOG4J20:17:24,984 DEBUG DefaultListableBeanFactory:449 - Creating instance of bean &apos;entityManagerFactory&apos;
LOG4J20:17:25,016 DEBUG DefaultListableBeanFactory:523 - Eagerly caching bean &apos;entityManagerFactory&apos; to allow for resolving potential circular references
LOG4J20:17:25,070 DEBUG DefaultListableBeanFactory:221 - Creating shared instance of singleton bean &apos;dataSource&apos;
LOG4J20:17:25,070 DEBUG DefaultListableBeanFactory:449 - Creating instance of bean &apos;dataSource&apos;
LOG4J20:17:25,077 DEBUG DefaultListableBeanFactory:523 - Eagerly caching bean &apos;dataSource&apos; to allow for resolving potential circular references
LOG4J20:17:25,115 DEBUG BeanUtils:456 - No property editor [org.springframework.jdbc.datasource.embedded.EmbeddedDatabaseTypeEditor] found for type org.springframework.jdbc.datasource.embedded.EmbeddedDatabaseType according to &apos;Editor&apos; suffix convention
LOG4J20:17:25,126 DEBUG DefaultListableBeanFactory:1596 - Invoking afterPropertiesSet() on bean with name &apos;dataSource&apos;
LOG4J20:17:25,127  INFO EmbeddedDatabaseFactory:147 - Creating embedded database &apos;dataSource&apos;
LOG4J20:17:25,143 DEBUG DefaultListableBeanFactory:221 - Creating shared instance of singleton bean &apos;org.springframework.transaction.config.internalTransactionAdvisor&apos;
LOG4J20:17:25,144 DEBUG DefaultListableBeanFactory:449 - Creating instance of bean &apos;org.springframework.transaction.config.internalTransactionAdvisor&apos;
LOG4J20:17:25,148 DEBUG DefaultListableBeanFactory:523 - Eagerly caching bean &apos;org.springframework.transaction.config.internalTransactionAdvisor&apos; to allow for resolving potential circular references
LOG4J20:17:25,159 DEBUG DefaultListableBeanFactory:221 - Creating shared instance of singleton bean &apos;org.springframework.transaction.annotation.AnnotationTransactionAttributeSource#0&apos;
LOG4J20:17:25,160 DEBUG DefaultListableBeanFactory:449 - Creating instance of bean &apos;org.springframework.transaction.annotation.AnnotationTransactionAttributeSource#0&apos;
LOG4J20:17:25,163 DEBUG DefaultListableBeanFactory:523 - Eagerly caching bean &apos;org.springframework.transaction.annotation.AnnotationTransactionAttributeSource#0&apos; to allow for resolving potential circular references
LOG4J20:17:25,171 DEBUG BeanFactoryAdvisorRetrievalHelper:87 - Skipping currently created advisor &apos;org.springframework.transaction.config.internalTransactionAdvisor&apos;
LOG4J20:17:25,176 DEBUG DefaultListableBeanFactory:477 - Finished creating instance of bean &apos;org.springframework.transaction.annotation.AnnotationTransactionAttributeSource#0&apos;
LOG4J20:17:25,178 DEBUG DefaultListableBeanFactory:477 - Finished creating instance of bean &apos;org.springframework.transaction.config.internalTransactionAdvisor&apos;
LOG4J20:17:25,182 DEBUG DefaultListableBeanFactory:477 - Finished creating instance of bean &apos;dataSource&apos;
LOG4J20:17:25,183 DEBUG DefaultListableBeanFactory:247 - Returning cached instance of singleton bean &apos;org.springframework.transaction.config.internalTransactionAdvisor&apos;
LOG4J20:17:25,187 DEBUG DefaultListableBeanFactory:221 - Creating shared instance of singleton bean &apos;jpaVendorAdapter&apos;
LOG4J20:17:25,187 DEBUG DefaultListableBeanFactory:449 - Creating instance of bean &apos;jpaVendorAdapter&apos;
LOG4J20:17:25,287 DEBUG logging:55 - Logging Provider: org.jboss.logging.Log4jLoggerProvider
LOG4J20:17:25,292 DEBUG DefaultListableBeanFactory:523 - Eagerly caching bean &apos;jpaVendorAdapter&apos; to allow for resolving potential circular references
LOG4J20:17:25,307 DEBUG BeanUtils:456 - No property editor [org.springframework.orm.jpa.vendor.DatabaseEditor] found for type org.springframework.orm.jpa.vendor.Database according to &apos;Editor&apos; suffix convention
LOG4J20:17:25,308 DEBUG DefaultListableBeanFactory:247 - Returning cached instance of singleton bean &apos;org.springframework.transaction.config.internalTransactionAdvisor&apos;
LOG4J20:17:25,310 DEBUG DefaultListableBeanFactory:477 - Finished creating instance of bean &apos;jpaVendorAdapter&apos;
LOG4J20:17:25,327 DEBUG DefaultListableBeanFactory:1596 - Invoking afterPropertiesSet() on bean with name &apos;entityManagerFactory&apos;
LOG4J20:17:25,345 DEBUG PathMatchingResourcePatternResolver:556 - Looking for matching resources in directory tree [C:\Users\andres\Documents\GitHub\pgrproyecto\target\classes\com\tservice\Model]
LOG4J20:17:25,351 DEBUG PathMatchingResourcePatternResolver:618 - Searching directory [C:\Users\andres\Documents\GitHub\pgrproyecto\target\classes\com\tservice\Model] for files matching pattern [C:/Users/andres/Documents/GitHub/pgrproyecto/target/classes/com/tservice/Model/**/*.class]
LOG4J20:17:25,355 DEBUG PathMatchingResourcePatternResolver:357 - Resolved location pattern [classpath*:com/tservice/Model/**/*.class] to resources [file [C:\Users\andres\Documents\GitHub\pgrproyecto\target\classes\com\tservice\Model\Carreras.class], file [C:\Users\andres\Documents\GitHub\pgrproyecto\target\classes\com\tservice\Model\Edificio.class], file [C:\Users\andres\Documents\GitHub\pgrproyecto\target\classes\com\tservice\Model\Eventos.class], file [C:\Users\andres\Documents\GitHub\pgrproyecto\target\classes\com\tservice\Model\Grupos.class], file [C:\Users\andres\Documents\GitHub\pgrproyecto\target\classes\com\tservice\Model\Mensajes.class], file [C:\Users\andres\Documents\GitHub\pgrproyecto\target\classes\com\tservice\Model\Usuarios.class]]
LOG4J20:17:25,410  INFO LocalContainerEntityManagerFactoryBean:334 - Building JPA container EntityManagerFactory for persistence unit &apos;default&apos;
[HIBERNATE] --&gt; 20:17:25 INFO  org.hibernate.jpa.internal.util.LogHelper - HHH000204: Processing PersistenceUnitInfo [
	name: default
	...]
LOG4J20:17:25,461  INFO LogHelper:46 - HHH000204: Processing PersistenceUnitInfo [
	name: default
	...]
[HIBERNATE] --&gt; 20:17:25 INFO  org.hibernate.Version - HHH000412: Hibernate Core {4.3.7.Final}
LOG4J20:17:25,655  INFO Version:54 - HHH000412: Hibernate Core {4.3.7.Final}
[HIBERNATE] --&gt; 20:17:25 INFO  org.hibernate.cfg.Environment - HHH000206: hibernate.properties not found
LOG4J20:17:25,659  INFO Environment:239 - HHH000206: hibernate.properties not found
[HIBERNATE] --&gt; 20:17:25 INFO  org.hibernate.cfg.Environment - HHH000021: Bytecode provider name : javassist
LOG4J20:17:25,665  INFO Environment:346 - HHH000021: Bytecode provider name : javassist
[HIBERNATE] --&gt; 20:17:25 DEBUG org.hibernate.type.BasicTypeRegistry - Adding type registration boolean -&gt; org.hibernate.type.BooleanType@251ebf23
LOG4J20:17:25,973 DEBUG BasicTypeRegistry:146 - Adding type registration boolean -&gt; org.hibernate.type.BooleanType@251ebf23
[HIBERNATE] --&gt; 20:17:25 DEBUG org.hibernate.type.BasicTypeRegistry - Adding type registration boolean -&gt; org.hibernate.type.BooleanType@251ebf23
LOG4J20:17:25,974 DEBUG BasicTypeRegistry:146 - Adding type registration boolean -&gt; org.hibernate.type.BooleanType@251ebf23
[HIBERNATE] --&gt; 20:17:25 DEBUG org.hibernate.type.BasicTypeRegistry - Adding type registration java.lang.Boolean -&gt; org.hibernate.type.BooleanType@251ebf23
LOG4J20:17:25,975 DEBUG BasicTypeRegistry:146 - Adding type registration java.lang.Boolean -&gt; org.hibernate.type.BooleanType@251ebf23
[HIBERNATE] --&gt; 20:17:25 DEBUG org.hibernate.type.BasicTypeRegistry - Adding type registration numeric_boolean -&gt; org.hibernate.type.NumericBooleanType@62df0ff3
LOG4J20:17:25,977 DEBUG BasicTypeRegistry:146 - Adding type registration numeric_boolean -&gt; org.hibernate.type.NumericBooleanType@62df0ff3
[HIBERNATE] --&gt; 20:17:25 DEBUG org.hibernate.type.BasicTypeRegistry - Adding type registration true_false -&gt; org.hibernate.type.TrueFalseType@6c2d4cc6
LOG4J20:17:25,981 DEBUG BasicTypeRegistry:146 - Adding type registration true_false -&gt; org.hibernate.type.TrueFalseType@6c2d4cc6
[HIBERNATE] --&gt; 20:17:25 DEBUG org.hibernate.type.BasicTypeRegistry - Adding type registration yes_no -&gt; org.hibernate.type.YesNoType@71b1a49c
LOG4J20:17:25,982 DEBUG BasicTypeRegistry:146 - Adding type registration yes_no -&gt; org.hibernate.type.YesNoType@71b1a49c
[HIBERNATE] --&gt; 20:17:25 DEBUG org.hibernate.type.BasicTypeRegistry - Adding type registration byte -&gt; org.hibernate.type.ByteType@63034ed1
LOG4J20:17:25,985 DEBUG BasicTypeRegistry:146 - Adding type registration byte -&gt; org.hibernate.type.ByteType@63034ed1
[HIBERNATE] --&gt; 20:17:25 DEBUG org.hibernate.type.BasicTypeRegistry - Adding type registration byte -&gt; org.hibernate.type.ByteType@63034ed1
LOG4J20:17:25,985 DEBUG BasicTypeRegistry:146 - Adding type registration byte -&gt; org.hibernate.type.ByteType@63034ed1
[HIBERNATE] --&gt; 20:17:25 DEBUG org.hibernate.type.BasicTypeRegistry - Adding type registration java.lang.Byte -&gt; org.hibernate.type.ByteType@63034ed1
LOG4J20:17:25,986 DEBUG BasicTypeRegistry:146 - Adding type registration java.lang.Byte -&gt; org.hibernate.type.ByteType@63034ed1
[HIBERNATE] --&gt; 20:17:25 DEBUG org.hibernate.type.BasicTypeRegistry - Adding type registration character -&gt; org.hibernate.type.CharacterType@420745d7
LOG4J20:17:25,988 DEBUG BasicTypeRegistry:146 - Adding type registration character -&gt; org.hibernate.type.CharacterType@420745d7
[HIBERNATE] --&gt; 20:17:25 DEBUG org.hibernate.type.BasicTypeRegistry - Adding type registration char -&gt; org.hibernate.type.CharacterType@420745d7
LOG4J20:17:25,988 DEBUG BasicTypeRegistry:146 - Adding type registration char -&gt; org.hibernate.type.CharacterType@420745d7
[HIBERNATE] --&gt; 20:17:25 DEBUG org.hibernate.type.BasicTypeRegistry - Adding type registration java.lang.Character -&gt; org.hibernate.type.CharacterType@420745d7
LOG4J20:17:25,988 DEBUG BasicTypeRegistry:146 - Adding type registration java.lang.Character -&gt; org.hibernate.type.CharacterType@420745d7
[HIBERNATE] --&gt; 20:17:25 DEBUG org.hibernate.type.BasicTypeRegistry - Adding type registration short -&gt; org.hibernate.type.ShortType@6594402a
LOG4J20:17:25,991 DEBUG BasicTypeRegistry:146 - Adding type registration short -&gt; org.hibernate.type.ShortType@6594402a
[HIBERNATE] --&gt; 20:17:25 DEBUG org.hibernate.type.BasicTypeRegistry - Adding type registration short -&gt; org.hibernate.type.ShortType@6594402a
LOG4J20:17:25,992 DEBUG BasicTypeRegistry:146 - Adding type registration short -&gt; org.hibernate.type.ShortType@6594402a
[HIBERNATE] --&gt; 20:17:25 DEBUG org.hibernate.type.BasicTypeRegistry - Adding type registration java.lang.Short -&gt; org.hibernate.type.ShortType@6594402a
LOG4J20:17:25,992 DEBUG BasicTypeRegistry:146 - Adding type registration java.lang.Short -&gt; org.hibernate.type.ShortType@6594402a
[HIBERNATE] --&gt; 20:17:25 DEBUG org.hibernate.type.BasicTypeRegistry - Adding type registration integer -&gt; org.hibernate.type.IntegerType@38600b
LOG4J20:17:25,994 DEBUG BasicTypeRegistry:146 - Adding type registration integer -&gt; org.hibernate.type.IntegerType@38600b
[HIBERNATE] --&gt; 20:17:25 DEBUG org.hibernate.type.BasicTypeRegistry - Adding type registration int -&gt; org.hibernate.type.IntegerType@38600b
LOG4J20:17:25,994 DEBUG BasicTypeRegistry:146 - Adding type registration int -&gt; org.hibernate.type.IntegerType@38600b
[HIBERNATE] --&gt; 20:17:25 DEBUG org.hibernate.type.BasicTypeRegistry - Adding type registration java.lang.Integer -&gt; org.hibernate.type.IntegerType@38600b
LOG4J20:17:25,995 DEBUG BasicTypeRegistry:146 - Adding type registration java.lang.Integer -&gt; org.hibernate.type.IntegerType@38600b
[HIBERNATE] --&gt; 20:17:25 DEBUG org.hibernate.type.BasicTypeRegistry - Adding type registration long -&gt; org.hibernate.type.LongType@76f10035
LOG4J20:17:25,998 DEBUG BasicTypeRegistry:146 - Adding type registration long -&gt; org.hibernate.type.LongType@76f10035
[HIBERNATE] --&gt; 20:17:25 DEBUG org.hibernate.type.BasicTypeRegistry - Adding type registration long -&gt; org.hibernate.type.LongType@76f10035
LOG4J20:17:25,998 DEBUG BasicTypeRegistry:146 - Adding type registration long -&gt; org.hibernate.type.LongType@76f10035
[HIBERNATE] --&gt; 20:17:25 DEBUG org.hibernate.type.BasicTypeRegistry - Adding type registration java.lang.Long -&gt; org.hibernate.type.LongType@76f10035
LOG4J20:17:25,999 DEBUG BasicTypeRegistry:146 - Adding type registration java.lang.Long -&gt; org.hibernate.type.LongType@76f10035
[HIBERNATE] --&gt; 20:17:26 DEBUG org.hibernate.type.BasicTypeRegistry - Adding type registration float -&gt; org.hibernate.type.FloatType@2c0f7678
LOG4J20:17:26,003 DEBUG BasicTypeRegistry:146 - Adding type registration float -&gt; org.hibernate.type.FloatType@2c0f7678
[HIBERNATE] --&gt; 20:17:26 DEBUG org.hibernate.type.BasicTypeRegistry - Adding type registration float -&gt; org.hibernate.type.FloatType@2c0f7678
LOG4J20:17:26,003 DEBUG BasicTypeRegistry:146 - Adding type registration float -&gt; org.hibernate.type.FloatType@2c0f7678
[HIBERNATE] --&gt; 20:17:26 DEBUG org.hibernate.type.BasicTypeRegistry - Adding type registration java.lang.Float -&gt; org.hibernate.type.FloatType@2c0f7678
LOG4J20:17:26,004 DEBUG BasicTypeRegistry:146 - Adding type registration java.lang.Float -&gt; org.hibernate.type.FloatType@2c0f7678
[HIBERNATE] --&gt; 20:17:26 DEBUG org.hibernate.type.BasicTypeRegistry - Adding type registration double -&gt; org.hibernate.type.DoubleType@5c09d180
LOG4J20:17:26,008 DEBUG BasicTypeRegistry:146 - Adding type registration double -&gt; org.hibernate.type.DoubleType@5c09d180
[HIBERNATE] --&gt; 20:17:26 DEBUG org.hibernate.type.BasicTypeRegistry - Adding type registration double -&gt; org.hibernate.type.DoubleType@5c09d180
LOG4J20:17:26,009 DEBUG BasicTypeRegistry:146 - Adding type registration double -&gt; org.hibernate.type.DoubleType@5c09d180
[HIBERNATE] --&gt; 20:17:26 DEBUG org.hibernate.type.BasicTypeRegistry - Adding type registration java.lang.Double -&gt; org.hibernate.type.DoubleType@5c09d180
LOG4J20:17:26,009 DEBUG BasicTypeRegistry:146 - Adding type registration java.lang.Double -&gt; org.hibernate.type.DoubleType@5c09d180
[HIBERNATE] --&gt; 20:17:26 DEBUG org.hibernate.type.BasicTypeRegistry - Adding type registration big_decimal -&gt; org.hibernate.type.BigDecimalType@28b576a9
LOG4J20:17:26,013 DEBUG BasicTypeRegistry:146 - Adding type registration big_decimal -&gt; org.hibernate.type.BigDecimalType@28b576a9
[HIBERNATE] --&gt; 20:17:26 DEBUG org.hibernate.type.BasicTypeRegistry - Adding type registration java.math.BigDecimal -&gt; org.hibernate.type.BigDecimalType@28b576a9
LOG4J20:17:26,014 DEBUG BasicTypeRegistry:146 - Adding type registration java.math.BigDecimal -&gt; org.hibernate.type.BigDecimalType@28b576a9
[HIBERNATE] --&gt; 20:17:26 DEBUG org.hibernate.type.BasicTypeRegistry - Adding type registration big_integer -&gt; org.hibernate.type.BigIntegerType@3c1e23ff
LOG4J20:17:26,017 DEBUG BasicTypeRegistry:146 - Adding type registration big_integer -&gt; org.hibernate.type.BigIntegerType@3c1e23ff
[HIBERNATE] --&gt; 20:17:26 DEBUG org.hibernate.type.BasicTypeRegistry - Adding type registration java.math.BigInteger -&gt; org.hibernate.type.BigIntegerType@3c1e23ff
LOG4J20:17:26,017 DEBUG BasicTypeRegistry:146 - Adding type registration java.math.BigInteger -&gt; org.hibernate.type.BigIntegerType@3c1e23ff
[HIBERNATE] --&gt; 20:17:26 DEBUG org.hibernate.type.BasicTypeRegistry - Adding type registration string -&gt; org.hibernate.type.StringType@37ff4054
LOG4J20:17:26,020 DEBUG BasicTypeRegistry:146 - Adding type registration string -&gt; org.hibernate.type.StringType@37ff4054
[HIBERNATE] --&gt; 20:17:26 DEBUG org.hibernate.type.BasicTypeRegistry - Adding type registration java.lang.String -&gt; org.hibernate.type.StringType@37ff4054
LOG4J20:17:26,021 DEBUG BasicTypeRegistry:146 - Adding type registration java.lang.String -&gt; org.hibernate.type.StringType@37ff4054
[HIBERNATE] --&gt; 20:17:26 DEBUG org.hibernate.type.BasicTypeRegistry - Adding type registration nstring -&gt; org.hibernate.type.StringNVarcharType@3359c978
LOG4J20:17:26,023 DEBUG BasicTypeRegistry:146 - Adding type registration nstring -&gt; org.hibernate.type.StringNVarcharType@3359c978
[HIBERNATE] --&gt; 20:17:26 DEBUG org.hibernate.type.BasicTypeRegistry - Adding type registration ncharacter -&gt; org.hibernate.type.CharacterNCharType@1f9d6c7b
LOG4J20:17:26,025 DEBUG BasicTypeRegistry:146 - Adding type registration ncharacter -&gt; org.hibernate.type.CharacterNCharType@1f9d6c7b
[HIBERNATE] --&gt; 20:17:26 DEBUG org.hibernate.type.BasicTypeRegistry - Adding type registration url -&gt; org.hibernate.type.UrlType@181d7f28
LOG4J20:17:26,027 DEBUG BasicTypeRegistry:146 - Adding type registration url -&gt; org.hibernate.type.UrlType@181d7f28
[HIBERNATE] --&gt; 20:17:26 DEBUG org.hibernate.type.BasicTypeRegistry - Adding type registration java.net.URL -&gt; org.hibernate.type.UrlType@181d7f28
LOG4J20:17:26,028 DEBUG BasicTypeRegistry:146 - Adding type registration java.net.URL -&gt; org.hibernate.type.UrlType@181d7f28
[HIBERNATE] --&gt; 20:17:26 DEBUG org.hibernate.type.BasicTypeRegistry - Adding type registration date -&gt; org.hibernate.type.DateType@676f0a60
LOG4J20:17:26,032 DEBUG BasicTypeRegistry:146 - Adding type registration date -&gt; org.hibernate.type.DateType@676f0a60
[HIBERNATE] --&gt; 20:17:26 DEBUG org.hibernate.type.BasicTypeRegistry - Adding type registration java.sql.Date -&gt; org.hibernate.type.DateType@676f0a60
LOG4J20:17:26,032 DEBUG BasicTypeRegistry:146 - Adding type registration java.sql.Date -&gt; org.hibernate.type.DateType@676f0a60
[HIBERNATE] --&gt; 20:17:26 DEBUG org.hibernate.type.BasicTypeRegistry - Adding type registration time -&gt; org.hibernate.type.TimeType@867ba60
LOG4J20:17:26,035 DEBUG BasicTypeRegistry:146 - Adding type registration time -&gt; org.hibernate.type.TimeType@867ba60
[HIBERNATE] --&gt; 20:17:26 DEBUG org.hibernate.type.BasicTypeRegistry - Adding type registration java.sql.Time -&gt; org.hibernate.type.TimeType@867ba60
LOG4J20:17:26,035 DEBUG BasicTypeRegistry:146 - Adding type registration java.sql.Time -&gt; org.hibernate.type.TimeType@867ba60
[HIBERNATE] --&gt; 20:17:26 DEBUG org.hibernate.type.BasicTypeRegistry - Adding type registration timestamp -&gt; org.hibernate.type.TimestampType@31be6b49
LOG4J20:17:26,038 DEBUG BasicTypeRegistry:146 - Adding type registration timestamp -&gt; org.hibernate.type.TimestampType@31be6b49
[HIBERNATE] --&gt; 20:17:26 DEBUG org.hibernate.type.BasicTypeRegistry - Adding type registration java.sql.Timestamp -&gt; org.hibernate.type.TimestampType@31be6b49
LOG4J20:17:26,038 DEBUG BasicTypeRegistry:146 - Adding type registration java.sql.Timestamp -&gt; org.hibernate.type.TimestampType@31be6b49
[HIBERNATE] --&gt; 20:17:26 DEBUG org.hibernate.type.BasicTypeRegistry - Adding type registration java.util.Date -&gt; org.hibernate.type.TimestampType@31be6b49
LOG4J20:17:26,038 DEBUG BasicTypeRegistry:146 - Adding type registration java.util.Date -&gt; org.hibernate.type.TimestampType@31be6b49
[HIBERNATE] --&gt; 20:17:26 DEBUG org.hibernate.type.BasicTypeRegistry - Adding type registration dbtimestamp -&gt; org.hibernate.type.DbTimestampType@42561fba
LOG4J20:17:26,041 DEBUG BasicTypeRegistry:146 - Adding type registration dbtimestamp -&gt; org.hibernate.type.DbTimestampType@42561fba
[HIBERNATE] --&gt; 20:17:26 DEBUG org.hibernate.type.BasicTypeRegistry - Adding type registration calendar -&gt; org.hibernate.type.CalendarType@5aa6202e
LOG4J20:17:26,043 DEBUG BasicTypeRegistry:146 - Adding type registration calendar -&gt; org.hibernate.type.CalendarType@5aa6202e
[HIBERNATE] --&gt; 20:17:26 DEBUG org.hibernate.type.BasicTypeRegistry - Adding type registration java.util.Calendar -&gt; org.hibernate.type.CalendarType@5aa6202e
LOG4J20:17:26,043 DEBUG BasicTypeRegistry:146 - Adding type registration java.util.Calendar -&gt; org.hibernate.type.CalendarType@5aa6202e
[HIBERNATE] --&gt; 20:17:26 DEBUG org.hibernate.type.BasicTypeRegistry - Adding type registration java.util.GregorianCalendar -&gt; org.hibernate.type.CalendarType@5aa6202e
LOG4J20:17:26,044 DEBUG BasicTypeRegistry:146 - Adding type registration java.util.GregorianCalendar -&gt; org.hibernate.type.CalendarType@5aa6202e
[HIBERNATE] --&gt; 20:17:26 DEBUG org.hibernate.type.BasicTypeRegistry - Adding type registration calendar_date -&gt; org.hibernate.type.CalendarDateType@150d80c4
LOG4J20:17:26,045 DEBUG BasicTypeRegistry:146 - Adding type registration calendar_date -&gt; org.hibernate.type.CalendarDateType@150d80c4
[HIBERNATE] --&gt; 20:17:26 DEBUG org.hibernate.type.BasicTypeRegistry - Adding type registration locale -&gt; org.hibernate.type.LocaleType@410e94e
LOG4J20:17:26,048 DEBUG BasicTypeRegistry:146 - Adding type registration locale -&gt; org.hibernate.type.LocaleType@410e94e
[HIBERNATE] --&gt; 20:17:26 DEBUG org.hibernate.type.BasicTypeRegistry - Adding type registration java.util.Locale -&gt; org.hibernate.type.LocaleType@410e94e
LOG4J20:17:26,048 DEBUG BasicTypeRegistry:146 - Adding type registration java.util.Locale -&gt; org.hibernate.type.LocaleType@410e94e
[HIBERNATE] --&gt; 20:17:26 DEBUG org.hibernate.type.BasicTypeRegistry - Adding type registration currency -&gt; org.hibernate.type.CurrencyType@5b69d40d
LOG4J20:17:26,050 DEBUG BasicTypeRegistry:146 - Adding type registration currency -&gt; org.hibernate.type.CurrencyType@5b69d40d
[HIBERNATE] --&gt; 20:17:26 DEBUG org.hibernate.type.BasicTypeRegistry - Adding type registration java.util.Currency -&gt; org.hibernate.type.CurrencyType@5b69d40d
LOG4J20:17:26,051 DEBUG BasicTypeRegistry:146 - Adding type registration java.util.Currency -&gt; org.hibernate.type.CurrencyType@5b69d40d
[HIBERNATE] --&gt; 20:17:26 DEBUG org.hibernate.type.BasicTypeRegistry - Adding type registration timezone -&gt; org.hibernate.type.TimeZoneType@606fc505
LOG4J20:17:26,053 DEBUG BasicTypeRegistry:146 - Adding type registration timezone -&gt; org.hibernate.type.TimeZoneType@606fc505
[HIBERNATE] --&gt; 20:17:26 DEBUG org.hibernate.type.BasicTypeRegistry - Adding type registration java.util.TimeZone -&gt; org.hibernate.type.TimeZoneType@606fc505
LOG4J20:17:26,054 DEBUG BasicTypeRegistry:146 - Adding type registration java.util.TimeZone -&gt; org.hibernate.type.TimeZoneType@606fc505
[HIBERNATE] --&gt; 20:17:26 DEBUG org.hibernate.type.BasicTypeRegistry - Adding type registration class -&gt; org.hibernate.type.ClassType@1d8e2eea
LOG4J20:17:26,056 DEBUG BasicTypeRegistry:146 - Adding type registration class -&gt; org.hibernate.type.ClassType@1d8e2eea
[HIBERNATE] --&gt; 20:17:26 DEBUG org.hibernate.type.BasicTypeRegistry - Adding type registration java.lang.Class -&gt; org.hibernate.type.ClassType@1d8e2eea
LOG4J20:17:26,057 DEBUG BasicTypeRegistry:146 - Adding type registration java.lang.Class -&gt; org.hibernate.type.ClassType@1d8e2eea
[HIBERNATE] --&gt; 20:17:26 DEBUG org.hibernate.type.BasicTypeRegistry - Adding type registration uuid-binary -&gt; org.hibernate.type.UUIDBinaryType@415e0bcb
LOG4J20:17:26,061 DEBUG BasicTypeRegistry:146 - Adding type registration uuid-binary -&gt; org.hibernate.type.UUIDBinaryType@415e0bcb
[HIBERNATE] --&gt; 20:17:26 DEBUG org.hibernate.type.BasicTypeRegistry - Adding type registration java.util.UUID -&gt; org.hibernate.type.UUIDBinaryType@415e0bcb
LOG4J20:17:26,061 DEBUG BasicTypeRegistry:146 - Adding type registration java.util.UUID -&gt; org.hibernate.type.UUIDBinaryType@415e0bcb
[HIBERNATE] --&gt; 20:17:26 DEBUG org.hibernate.type.BasicTypeRegistry - Adding type registration uuid-char -&gt; org.hibernate.type.UUIDCharType@1d81e101
LOG4J20:17:26,063 DEBUG BasicTypeRegistry:146 - Adding type registration uuid-char -&gt; org.hibernate.type.UUIDCharType@1d81e101
[HIBERNATE] --&gt; 20:17:26 DEBUG org.hibernate.type.BasicTypeRegistry - Adding type registration pg-uuid -&gt; org.hibernate.type.PostgresUUIDType@3163987e
LOG4J20:17:26,066 DEBUG BasicTypeRegistry:146 - Adding type registration pg-uuid -&gt; org.hibernate.type.PostgresUUIDType@3163987e
[HIBERNATE] --&gt; 20:17:26 DEBUG org.hibernate.type.BasicTypeRegistry - Adding type registration binary -&gt; org.hibernate.type.BinaryType@9ec531
LOG4J20:17:26,068 DEBUG BasicTypeRegistry:146 - Adding type registration binary -&gt; org.hibernate.type.BinaryType@9ec531
[HIBERNATE] --&gt; 20:17:26 DEBUG org.hibernate.type.BasicTypeRegistry - Adding type registration byte[] -&gt; org.hibernate.type.BinaryType@9ec531
LOG4J20:17:26,069 DEBUG BasicTypeRegistry:146 - Adding type registration byte[] -&gt; org.hibernate.type.BinaryType@9ec531
[HIBERNATE] --&gt; 20:17:26 DEBUG org.hibernate.type.BasicTypeRegistry - Adding type registration [B -&gt; org.hibernate.type.BinaryType@9ec531
LOG4J20:17:26,070 DEBUG BasicTypeRegistry:146 - Adding type registration [B -&gt; org.hibernate.type.BinaryType@9ec531
[HIBERNATE] --&gt; 20:17:26 DEBUG org.hibernate.type.BasicTypeRegistry - Adding type registration wrapper-binary -&gt; org.hibernate.type.WrapperBinaryType@6d868997
LOG4J20:17:26,072 DEBUG BasicTypeRegistry:146 - Adding type registration wrapper-binary -&gt; org.hibernate.type.WrapperBinaryType@6d868997
[HIBERNATE] --&gt; 20:17:26 DEBUG org.hibernate.type.BasicTypeRegistry - Adding type registration Byte[] -&gt; org.hibernate.type.WrapperBinaryType@6d868997
LOG4J20:17:26,072 DEBUG BasicTypeRegistry:146 - Adding type registration Byte[] -&gt; org.hibernate.type.WrapperBinaryType@6d868997
[HIBERNATE] --&gt; 20:17:26 DEBUG org.hibernate.type.BasicTypeRegistry - Adding type registration [Ljava.lang.Byte; -&gt; org.hibernate.type.WrapperBinaryType@6d868997
LOG4J20:17:26,074 DEBUG BasicTypeRegistry:146 - Adding type registration [Ljava.lang.Byte; -&gt; org.hibernate.type.WrapperBinaryType@6d868997
[HIBERNATE] --&gt; 20:17:26 DEBUG org.hibernate.type.BasicTypeRegistry - Adding type registration image -&gt; org.hibernate.type.ImageType@4e6d7365
LOG4J20:17:26,076 DEBUG BasicTypeRegistry:146 - Adding type registration image -&gt; org.hibernate.type.ImageType@4e6d7365
[HIBERNATE] --&gt; 20:17:26 DEBUG org.hibernate.type.BasicTypeRegistry - Adding type registration characters -&gt; org.hibernate.type.CharArrayType@64a896b0
LOG4J20:17:26,079 DEBUG BasicTypeRegistry:146 - Adding type registration characters -&gt; org.hibernate.type.CharArrayType@64a896b0
[HIBERNATE] --&gt; 20:17:26 DEBUG org.hibernate.type.BasicTypeRegistry - Adding type registration char[] -&gt; org.hibernate.type.CharArrayType@64a896b0
LOG4J20:17:26,079 DEBUG BasicTypeRegistry:146 - Adding type registration char[] -&gt; org.hibernate.type.CharArrayType@64a896b0
[HIBERNATE] --&gt; 20:17:26 DEBUG org.hibernate.type.BasicTypeRegistry - Adding type registration [C -&gt; org.hibernate.type.CharArrayType@64a896b0
LOG4J20:17:26,079 DEBUG BasicTypeRegistry:146 - Adding type registration [C -&gt; org.hibernate.type.CharArrayType@64a896b0
[HIBERNATE] --&gt; 20:17:26 DEBUG org.hibernate.type.BasicTypeRegistry - Adding type registration wrapper-characters -&gt; org.hibernate.type.CharacterArrayType@73d6d0c
LOG4J20:17:26,082 DEBUG BasicTypeRegistry:146 - Adding type registration wrapper-characters -&gt; org.hibernate.type.CharacterArrayType@73d6d0c
[HIBERNATE] --&gt; 20:17:26 DEBUG org.hibernate.type.BasicTypeRegistry - Adding type registration [Ljava.lang.Character; -&gt; org.hibernate.type.CharacterArrayType@73d6d0c
LOG4J20:17:26,082 DEBUG BasicTypeRegistry:146 - Adding type registration [Ljava.lang.Character; -&gt; org.hibernate.type.CharacterArrayType@73d6d0c
[HIBERNATE] --&gt; 20:17:26 DEBUG org.hibernate.type.BasicTypeRegistry - Adding type registration Character[] -&gt; org.hibernate.type.CharacterArrayType@73d6d0c
LOG4J20:17:26,083 DEBUG BasicTypeRegistry:146 - Adding type registration Character[] -&gt; org.hibernate.type.CharacterArrayType@73d6d0c
[HIBERNATE] --&gt; 20:17:26 DEBUG org.hibernate.type.BasicTypeRegistry - Adding type registration text -&gt; org.hibernate.type.TextType@1500e009
LOG4J20:17:26,084 DEBUG BasicTypeRegistry:146 - Adding type registration text -&gt; org.hibernate.type.TextType@1500e009
[HIBERNATE] --&gt; 20:17:26 DEBUG org.hibernate.type.BasicTypeRegistry - Adding type registration ntext -&gt; org.hibernate.type.NTextType@cd7f1ae
LOG4J20:17:26,086 DEBUG BasicTypeRegistry:146 - Adding type registration ntext -&gt; org.hibernate.type.NTextType@cd7f1ae
[HIBERNATE] --&gt; 20:17:26 DEBUG org.hibernate.type.BasicTypeRegistry - Adding type registration blob -&gt; org.hibernate.type.BlobType@7dc51783
LOG4J20:17:26,096 DEBUG BasicTypeRegistry:146 - Adding type registration blob -&gt; org.hibernate.type.BlobType@7dc51783
[HIBERNATE] --&gt; 20:17:26 DEBUG org.hibernate.type.BasicTypeRegistry - Adding type registration java.sql.Blob -&gt; org.hibernate.type.BlobType@7dc51783
LOG4J20:17:26,096 DEBUG BasicTypeRegistry:146 - Adding type registration java.sql.Blob -&gt; org.hibernate.type.BlobType@7dc51783
[HIBERNATE] --&gt; 20:17:26 DEBUG org.hibernate.type.BasicTypeRegistry - Adding type registration materialized_blob -&gt; org.hibernate.type.MaterializedBlobType@304b9f1a
LOG4J20:17:26,098 DEBUG BasicTypeRegistry:146 - Adding type registration materialized_blob -&gt; org.hibernate.type.MaterializedBlobType@304b9f1a
[HIBERNATE] --&gt; 20:17:26 DEBUG org.hibernate.type.BasicTypeRegistry - Adding type registration clob -&gt; org.hibernate.type.ClobType@5b56b654
LOG4J20:17:26,104 DEBUG BasicTypeRegistry:146 - Adding type registration clob -&gt; org.hibernate.type.ClobType@5b56b654
[HIBERNATE] --&gt; 20:17:26 DEBUG org.hibernate.type.BasicTypeRegistry - Adding type registration java.sql.Clob -&gt; org.hibernate.type.ClobType@5b56b654
LOG4J20:17:26,104 DEBUG BasicTypeRegistry:146 - Adding type registration java.sql.Clob -&gt; org.hibernate.type.ClobType@5b56b654
[HIBERNATE] --&gt; 20:17:26 DEBUG org.hibernate.type.BasicTypeRegistry - Adding type registration nclob -&gt; org.hibernate.type.NClobType@3e598df9
LOG4J20:17:26,110 DEBUG BasicTypeRegistry:146 - Adding type registration nclob -&gt; org.hibernate.type.NClobType@3e598df9
[HIBERNATE] --&gt; 20:17:26 DEBUG org.hibernate.type.BasicTypeRegistry - Adding type registration java.sql.NClob -&gt; org.hibernate.type.NClobType@3e598df9
LOG4J20:17:26,110 DEBUG BasicTypeRegistry:146 - Adding type registration java.sql.NClob -&gt; org.hibernate.type.NClobType@3e598df9
[HIBERNATE] --&gt; 20:17:26 DEBUG org.hibernate.type.BasicTypeRegistry - Adding type registration materialized_clob -&gt; org.hibernate.type.MaterializedClobType@42cc13a0
LOG4J20:17:26,111 DEBUG BasicTypeRegistry:146 - Adding type registration materialized_clob -&gt; org.hibernate.type.MaterializedClobType@42cc13a0
[HIBERNATE] --&gt; 20:17:26 DEBUG org.hibernate.type.BasicTypeRegistry - Adding type registration materialized_nclob -&gt; org.hibernate.type.MaterializedNClobType@39ab59f8
LOG4J20:17:26,113 DEBUG BasicTypeRegistry:146 - Adding type registration materialized_nclob -&gt; org.hibernate.type.MaterializedNClobType@39ab59f8
[HIBERNATE] --&gt; 20:17:26 DEBUG org.hibernate.type.BasicTypeRegistry - Adding type registration serializable -&gt; org.hibernate.type.SerializableType@79b663b3
LOG4J20:17:26,116 DEBUG BasicTypeRegistry:146 - Adding type registration serializable -&gt; org.hibernate.type.SerializableType@79b663b3
[HIBERNATE] --&gt; 20:17:26 DEBUG org.hibernate.type.BasicTypeRegistry - Adding type registration object -&gt; org.hibernate.type.ObjectType@3e521715
LOG4J20:17:26,123 DEBUG BasicTypeRegistry:146 - Adding type registration object -&gt; org.hibernate.type.ObjectType@3e521715
[HIBERNATE] --&gt; 20:17:26 DEBUG org.hibernate.type.BasicTypeRegistry - Adding type registration java.lang.Object -&gt; org.hibernate.type.ObjectType@3e521715
LOG4J20:17:26,124 DEBUG BasicTypeRegistry:146 - Adding type registration java.lang.Object -&gt; org.hibernate.type.ObjectType@3e521715
[HIBERNATE] --&gt; 20:17:26 DEBUG org.hibernate.type.BasicTypeRegistry - Adding type registration imm_date -&gt; org.hibernate.type.AdaptedImmutableType@3cc20577
LOG4J20:17:26,125 DEBUG BasicTypeRegistry:146 - Adding type registration imm_date -&gt; org.hibernate.type.AdaptedImmutableType@3cc20577
[HIBERNATE] --&gt; 20:17:26 DEBUG org.hibernate.type.BasicTypeRegistry - Adding type registration imm_time -&gt; org.hibernate.type.AdaptedImmutableType@33a630fa
LOG4J20:17:26,126 DEBUG BasicTypeRegistry:146 - Adding type registration imm_time -&gt; org.hibernate.type.AdaptedImmutableType@33a630fa
[HIBERNATE] --&gt; 20:17:26 DEBUG org.hibernate.type.BasicTypeRegistry - Adding type registration imm_timestamp -&gt; org.hibernate.type.AdaptedImmutableType@775594f2
LOG4J20:17:26,136 DEBUG BasicTypeRegistry:146 - Adding type registration imm_timestamp -&gt; org.hibernate.type.AdaptedImmutableType@775594f2
[HIBERNATE] --&gt; 20:17:26 DEBUG org.hibernate.type.BasicTypeRegistry - Adding type registration imm_dbtimestamp -&gt; org.hibernate.type.AdaptedImmutableType@5767b2af
LOG4J20:17:26,137 DEBUG BasicTypeRegistry:146 - Adding type registration imm_dbtimestamp -&gt; org.hibernate.type.AdaptedImmutableType@5767b2af
[HIBERNATE] --&gt; 20:17:26 DEBUG org.hibernate.type.BasicTypeRegistry - Adding type registration imm_calendar -&gt; org.hibernate.type.AdaptedImmutableType@7b22ec89
LOG4J20:17:26,139 DEBUG BasicTypeRegistry:146 - Adding type registration imm_calendar -&gt; org.hibernate.type.AdaptedImmutableType@7b22ec89
[HIBERNATE] --&gt; 20:17:26 DEBUG org.hibernate.type.BasicTypeRegistry - Adding type registration imm_calendar_date -&gt; org.hibernate.type.AdaptedImmutableType@790132f7
LOG4J20:17:26,139 DEBUG BasicTypeRegistry:146 - Adding type registration imm_calendar_date -&gt; org.hibernate.type.AdaptedImmutableType@790132f7
[HIBERNATE] --&gt; 20:17:26 DEBUG org.hibernate.type.BasicTypeRegistry - Adding type registration imm_binary -&gt; org.hibernate.type.AdaptedImmutableType@2228db21
LOG4J20:17:26,140 DEBUG BasicTypeRegistry:146 - Adding type registration imm_binary -&gt; org.hibernate.type.AdaptedImmutableType@2228db21
[HIBERNATE] --&gt; 20:17:26 DEBUG org.hibernate.type.BasicTypeRegistry - Adding type registration imm_serializable -&gt; org.hibernate.type.AdaptedImmutableType@48b0e701
LOG4J20:17:26,141 DEBUG BasicTypeRegistry:146 - Adding type registration imm_serializable -&gt; org.hibernate.type.AdaptedImmutableType@48b0e701
[HIBERNATE] --&gt; 20:17:26 INFO  org.hibernate.annotations.common.Version - HCANN000001: Hibernate Commons Annotations {4.0.5.Final}
LOG4J20:17:26,195  INFO Version:66 - HCANN000001: Hibernate Commons Annotations {4.0.5.Final}
LOG4J20:17:26,286 DEBUG SimpleDriverDataSource:138 - Creating new JDBC Driver Connection to [jdbc:h2:mem:dataSource;DB_CLOSE_DELAY=-1;DB_CLOSE_ON_EXIT=false]
[HIBERNATE] --&gt; 20:17:26 INFO  org.hibernate.dialect.Dialect - HHH000400: Using dialect: org.hibernate.dialect.H2Dialect
LOG4J20:17:26,716  INFO Dialect:145 - HHH000400: Using dialect: org.hibernate.dialect.H2Dialect
[HIBERNATE] --&gt; 20:17:27 INFO  org.hibernate.hql.internal.ast.ASTQueryTranslatorFactory - HHH000397: Using ASTQueryTranslatorFactory
LOG4J20:17:27,071  INFO ASTQueryTranslatorFactory:47 - HHH000397: Using ASTQueryTranslatorFactory
[HIBERNATE] --&gt; 20:17:27 TRACE org.hibernate.type.TypeFactory - Scoping types to session factory org.hibernate.internal.SessionFactoryImpl@17a703f5
LOG4J20:17:27,169 TRACE TypeFactory:72 - Scoping types to session factory org.hibernate.internal.SessionFactoryImpl@17a703f5
LOG4J20:17:28,071 DEBUG SimpleDriverDataSource:138 - Creating new JDBC Driver Connection to [jdbc:h2:mem:dataSource;DB_CLOSE_DELAY=-1;DB_CLOSE_ON_EXIT=false]
[HIBERNATE] --&gt; 20:17:28 DEBUG org.hibernate.SQL - alter table carreras_has_usuarios drop constraint FK_oktw3a0tb4lod4rhwqug6vq3e if exists
LOG4J20:17:28,073 DEBUG SQL:109 - alter table carreras_has_usuarios drop constraint FK_oktw3a0tb4lod4rhwqug6vq3e if exists
Hibernate: alter table carreras_has_usuarios drop constraint FK_oktw3a0tb4lod4rhwqug6vq3e if exists
[HIBERNATE] --&gt; 20:17:28 ERROR org.hibernate.tool.hbm2ddl.SchemaExport - HHH000389: Unsuccessful: alter table carreras_has_usuarios drop constraint FK_oktw3a0tb4lod4rhwqug6vq3e if exists
LOG4J20:17:28,075 ERROR SchemaExport:425 - HHH000389: Unsuccessful: alter table carreras_has_usuarios drop constraint FK_oktw3a0tb4lod4rhwqug6vq3e if exists
[HIBERNATE] --&gt; 20:17:28 ERROR org.hibernate.tool.hbm2ddl.SchemaExport - Tabla &quot;CARRERAS_HAS_USUARIOS&quot; no encontrada
Table &quot;CARRERAS_HAS_USUARIOS&quot; not found; SQL statement:
alter table carreras_has_usuarios drop constraint FK_oktw3a0tb4lod4rhwqug6vq3e if exists [42102-184]
LOG4J20:17:28,076 ERROR SchemaExport:426 - Tabla &quot;CARRERAS_HAS_USUARIOS&quot; no encontrada
Table &quot;CARRERAS_HAS_USUARIOS&quot; not found; SQL statement:
alter table carreras_has_usuarios drop constraint FK_oktw3a0tb4lod4rhwqug6vq3e if exists [42102-184]
[HIBERNATE] --&gt; 20:17:28 DEBUG org.hibernate.SQL - alter table carreras_has_usuarios drop constraint FK_hujt9s8vx0oufmuuc03rumnf1 if exists
LOG4J20:17:28,076 DEBUG SQL:109 - alter table carreras_has_usuarios drop constraint FK_hujt9s8vx0oufmuuc03rumnf1 if exists
Hibernate: alter table carreras_has_usuarios drop constraint FK_hujt9s8vx0oufmuuc03rumnf1 if exists
[HIBERNATE] --&gt; 20:17:28 ERROR org.hibernate.tool.hbm2ddl.SchemaExport - HHH000389: Unsuccessful: alter table carreras_has_usuarios drop constraint FK_hujt9s8vx0oufmuuc03rumnf1 if exists
LOG4J20:17:28,079 ERROR SchemaExport:425 - HHH000389: Unsuccessful: alter table carreras_has_usuarios drop constraint FK_hujt9s8vx0oufmuuc03rumnf1 if exists
[HIBERNATE] --&gt; 20:17:28 ERROR org.hibernate.tool.hbm2ddl.SchemaExport - Tabla &quot;CARRERAS_HAS_USUARIOS&quot; no encontrada
Table &quot;CARRERAS_HAS_USUARIOS&quot; not found; SQL statement:
alter table carreras_has_usuarios drop constraint FK_hujt9s8vx0oufmuuc03rumnf1 if exists [42102-184]
LOG4J20:17:28,079 ERROR SchemaExport:426 - Tabla &quot;CARRERAS_HAS_USUARIOS&quot; no encontrada
Table &quot;CARRERAS_HAS_USUARIOS&quot; not found; SQL statement:
alter table carreras_has_usuarios drop constraint FK_hujt9s8vx0oufmuuc03rumnf1 if exists [42102-184]
[HIBERNATE] --&gt; 20:17:28 DEBUG org.hibernate.SQL - alter table coswg2.carreras_has_usuarios drop constraint FK_hujt9s8vx0oufmuuc03rumnf1 if exists
LOG4J20:17:28,080 DEBUG SQL:109 - alter table coswg2.carreras_has_usuarios drop constraint FK_hujt9s8vx0oufmuuc03rumnf1 if exists
Hibernate: alter table coswg2.carreras_has_usuarios drop constraint FK_hujt9s8vx0oufmuuc03rumnf1 if exists
[HIBERNATE] --&gt; 20:17:28 ERROR org.hibernate.tool.hbm2ddl.SchemaExport - HHH000389: Unsuccessful: alter table coswg2.carreras_has_usuarios drop constraint FK_hujt9s8vx0oufmuuc03rumnf1 if exists
LOG4J20:17:28,081 ERROR SchemaExport:425 - HHH000389: Unsuccessful: alter table coswg2.carreras_has_usuarios drop constraint FK_hujt9s8vx0oufmuuc03rumnf1 if exists
[HIBERNATE] --&gt; 20:17:28 ERROR org.hibernate.tool.hbm2ddl.SchemaExport - Schema &quot;COSWG2&quot; no encontrado
Schema &quot;COSWG2&quot; not found; SQL statement:
alter table coswg2.carreras_has_usuarios drop constraint FK_hujt9s8vx0oufmuuc03rumnf1 if exists [90079-184]
LOG4J20:17:28,081 ERROR SchemaExport:426 - Schema &quot;COSWG2&quot; no encontrado
Schema &quot;COSWG2&quot; not found; SQL statement:
alter table coswg2.carreras_has_usuarios drop constraint FK_hujt9s8vx0oufmuuc03rumnf1 if exists [90079-184]
[HIBERNATE] --&gt; 20:17:28 DEBUG org.hibernate.SQL - alter table coswg2.carreras_has_usuarios drop constraint FK_oktw3a0tb4lod4rhwqug6vq3e if exists
LOG4J20:17:28,082 DEBUG SQL:109 - alter table coswg2.carreras_has_usuarios drop constraint FK_oktw3a0tb4lod4rhwqug6vq3e if exists
Hibernate: alter table coswg2.carreras_has_usuarios drop constraint FK_oktw3a0tb4lod4rhwqug6vq3e if exists
[HIBERNATE] --&gt; 20:17:28 ERROR org.hibernate.tool.hbm2ddl.SchemaExport - HHH000389: Unsuccessful: alter table coswg2.carreras_has_usuarios drop constraint FK_oktw3a0tb4lod4rhwqug6vq3e if exists
LOG4J20:17:28,082 ERROR SchemaExport:425 - HHH000389: Unsuccessful: alter table coswg2.carreras_has_usuarios drop constraint FK_oktw3a0tb4lod4rhwqug6vq3e if exists
[HIBERNATE] --&gt; 20:17:28 ERROR org.hibernate.tool.hbm2ddl.SchemaExport - Schema &quot;COSWG2&quot; no encontrado
Schema &quot;COSWG2&quot; not found; SQL statement:
alter table coswg2.carreras_has_usuarios drop constraint FK_oktw3a0tb4lod4rhwqug6vq3e if exists [90079-184]
LOG4J20:17:28,083 ERROR SchemaExport:426 - Schema &quot;COSWG2&quot; no encontrado
Schema &quot;COSWG2&quot; not found; SQL statement:
alter table coswg2.carreras_has_usuarios drop constraint FK_oktw3a0tb4lod4rhwqug6vq3e if exists [90079-184]
[HIBERNATE] --&gt; 20:17:28 DEBUG org.hibernate.SQL - alter table coswg2.eventos drop constraint FK_r0f775pgevcomarjjq7so0nqi if exists
LOG4J20:17:28,084 DEBUG SQL:109 - alter table coswg2.eventos drop constraint FK_r0f775pgevcomarjjq7so0nqi if exists
Hibernate: alter table coswg2.eventos drop constraint FK_r0f775pgevcomarjjq7so0nqi if exists
[HIBERNATE] --&gt; 20:17:28 ERROR org.hibernate.tool.hbm2ddl.SchemaExport - HHH000389: Unsuccessful: alter table coswg2.eventos drop constraint FK_r0f775pgevcomarjjq7so0nqi if exists
LOG4J20:17:28,094 ERROR SchemaExport:425 - HHH000389: Unsuccessful: alter table coswg2.eventos drop constraint FK_r0f775pgevcomarjjq7so0nqi if exists
[HIBERNATE] --&gt; 20:17:28 ERROR org.hibernate.tool.hbm2ddl.SchemaExport - Schema &quot;COSWG2&quot; no encontrado
Schema &quot;COSWG2&quot; not found; SQL statement:
alter table coswg2.eventos drop constraint FK_r0f775pgevcomarjjq7so0nqi if exists [90079-184]
LOG4J20:17:28,094 ERROR SchemaExport:426 - Schema &quot;COSWG2&quot; no encontrado
Schema &quot;COSWG2&quot; not found; SQL statement:
alter table coswg2.eventos drop constraint FK_r0f775pgevcomarjjq7so0nqi if exists [90079-184]
[HIBERNATE] --&gt; 20:17:28 DEBUG org.hibernate.SQL - alter table coswg2.eventos_has_carreras drop constraint FK_h7fi8dtsa3p2w0lpvhjy7ttoy if exists
LOG4J20:17:28,095 DEBUG SQL:109 - alter table coswg2.eventos_has_carreras drop constraint FK_h7fi8dtsa3p2w0lpvhjy7ttoy if exists
Hibernate: alter table coswg2.eventos_has_carreras drop constraint FK_h7fi8dtsa3p2w0lpvhjy7ttoy if exists
[HIBERNATE] --&gt; 20:17:28 ERROR org.hibernate.tool.hbm2ddl.SchemaExport - HHH000389: Unsuccessful: alter table coswg2.eventos_has_carreras drop constraint FK_h7fi8dtsa3p2w0lpvhjy7ttoy if exists
LOG4J20:17:28,096 ERROR SchemaExport:425 - HHH000389: Unsuccessful: alter table coswg2.eventos_has_carreras drop constraint FK_h7fi8dtsa3p2w0lpvhjy7ttoy if exists
[HIBERNATE] --&gt; 20:17:28 ERROR org.hibernate.tool.hbm2ddl.SchemaExport - Schema &quot;COSWG2&quot; no encontrado
Schema &quot;COSWG2&quot; not found; SQL statement:
alter table coswg2.eventos_has_carreras drop constraint FK_h7fi8dtsa3p2w0lpvhjy7ttoy if exists [90079-184]
LOG4J20:17:28,097 ERROR SchemaExport:426 - Schema &quot;COSWG2&quot; no encontrado
Schema &quot;COSWG2&quot; not found; SQL statement:
alter table coswg2.eventos_has_carreras drop constraint FK_h7fi8dtsa3p2w0lpvhjy7ttoy if exists [90079-184]
[HIBERNATE] --&gt; 20:17:28 DEBUG org.hibernate.SQL - alter table coswg2.eventos_has_carreras drop constraint FK_9dmbey7xyxfcqqnbkmnlyi13y if exists
LOG4J20:17:28,097 DEBUG SQL:109 - alter table coswg2.eventos_has_carreras drop constraint FK_9dmbey7xyxfcqqnbkmnlyi13y if exists
Hibernate: alter table coswg2.eventos_has_carreras drop constraint FK_9dmbey7xyxfcqqnbkmnlyi13y if exists
[HIBERNATE] --&gt; 20:17:28 ERROR org.hibernate.tool.hbm2ddl.SchemaExport - HHH000389: Unsuccessful: alter table coswg2.eventos_has_carreras drop constraint FK_9dmbey7xyxfcqqnbkmnlyi13y if exists
LOG4J20:17:28,100 ERROR SchemaExport:425 - HHH000389: Unsuccessful: alter table coswg2.eventos_has_carreras drop constraint FK_9dmbey7xyxfcqqnbkmnlyi13y if exists
[HIBERNATE] --&gt; 20:17:28 ERROR org.hibernate.tool.hbm2ddl.SchemaExport - Schema &quot;COSWG2&quot; no encontrado
Schema &quot;COSWG2&quot; not found; SQL statement:
alter table coswg2.eventos_has_carreras drop constraint FK_9dmbey7xyxfcqqnbkmnlyi13y if exists [90079-184]
LOG4J20:17:28,101 ERROR SchemaExport:426 - Schema &quot;COSWG2&quot; no encontrado
Schema &quot;COSWG2&quot; not found; SQL statement:
alter table coswg2.eventos_has_carreras drop constraint FK_9dmbey7xyxfcqqnbkmnlyi13y if exists [90079-184]
[HIBERNATE] --&gt; 20:17:28 DEBUG org.hibernate.SQL - alter table coswg2.mensajes drop constraint FK_7j2a8ms01qxhr7bd8de9xx4kl if exists
LOG4J20:17:28,102 DEBUG SQL:109 - alter table coswg2.mensajes drop constraint FK_7j2a8ms01qxhr7bd8de9xx4kl if exists
Hibernate: alter table coswg2.mensajes drop constraint FK_7j2a8ms01qxhr7bd8de9xx4kl if exists
[HIBERNATE] --&gt; 20:17:28 ERROR org.hibernate.tool.hbm2ddl.SchemaExport - HHH000389: Unsuccessful: alter table coswg2.mensajes drop constraint FK_7j2a8ms01qxhr7bd8de9xx4kl if exists
LOG4J20:17:28,102 ERROR SchemaExport:425 - HHH000389: Unsuccessful: alter table coswg2.mensajes drop constraint FK_7j2a8ms01qxhr7bd8de9xx4kl if exists
[HIBERNATE] --&gt; 20:17:28 ERROR org.hibernate.tool.hbm2ddl.SchemaExport - Schema &quot;COSWG2&quot; no encontrado
Schema &quot;COSWG2&quot; not found; SQL statement:
alter table coswg2.mensajes drop constraint FK_7j2a8ms01qxhr7bd8de9xx4kl if exists [90079-184]
LOG4J20:17:28,103 ERROR SchemaExport:426 - Schema &quot;COSWG2&quot; no encontrado
Schema &quot;COSWG2&quot; not found; SQL statement:
alter table coswg2.mensajes drop constraint FK_7j2a8ms01qxhr7bd8de9xx4kl if exists [90079-184]
[HIBERNATE] --&gt; 20:17:28 DEBUG org.hibernate.SQL - alter table coswg2.mensajes drop constraint FK_161a6v43gnev3xmhgbiom2bji if exists
LOG4J20:17:28,104 DEBUG SQL:109 - alter table coswg2.mensajes drop constraint FK_161a6v43gnev3xmhgbiom2bji if exists
Hibernate: alter table coswg2.mensajes drop constraint FK_161a6v43gnev3xmhgbiom2bji if exists
[HIBERNATE] --&gt; 20:17:28 ERROR org.hibernate.tool.hbm2ddl.SchemaExport - HHH000389: Unsuccessful: alter table coswg2.mensajes drop constraint FK_161a6v43gnev3xmhgbiom2bji if exists
LOG4J20:17:28,105 ERROR SchemaExport:425 - HHH000389: Unsuccessful: alter table coswg2.mensajes drop constraint FK_161a6v43gnev3xmhgbiom2bji if exists
[HIBERNATE] --&gt; 20:17:28 ERROR org.hibernate.tool.hbm2ddl.SchemaExport - Schema &quot;COSWG2&quot; no encontrado
Schema &quot;COSWG2&quot; not found; SQL statement:
alter table coswg2.mensajes drop constraint FK_161a6v43gnev3xmhgbiom2bji if exists [90079-184]
LOG4J20:17:28,110 ERROR SchemaExport:426 - Schema &quot;COSWG2&quot; no encontrado
Schema &quot;COSWG2&quot; not found; SQL statement:
alter table coswg2.mensajes drop constraint FK_161a6v43gnev3xmhgbiom2bji if exists [90079-184]
[HIBERNATE] --&gt; 20:17:28 DEBUG org.hibernate.SQL - alter table coswg2.mensajes drop constraint FK_icc7sbcnwgdnsfjafsjyp4fw5 if exists
LOG4J20:17:28,111 DEBUG SQL:109 - alter table coswg2.mensajes drop constraint FK_icc7sbcnwgdnsfjafsjyp4fw5 if exists
Hibernate: alter table coswg2.mensajes drop constraint FK_icc7sbcnwgdnsfjafsjyp4fw5 if exists
[HIBERNATE] --&gt; 20:17:28 ERROR org.hibernate.tool.hbm2ddl.SchemaExport - HHH000389: Unsuccessful: alter table coswg2.mensajes drop constraint FK_icc7sbcnwgdnsfjafsjyp4fw5 if exists
LOG4J20:17:28,112 ERROR SchemaExport:425 - HHH000389: Unsuccessful: alter table coswg2.mensajes drop constraint FK_icc7sbcnwgdnsfjafsjyp4fw5 if exists
[HIBERNATE] --&gt; 20:17:28 ERROR org.hibernate.tool.hbm2ddl.SchemaExport - Schema &quot;COSWG2&quot; no encontrado
Schema &quot;COSWG2&quot; not found; SQL statement:
alter table coswg2.mensajes drop constraint FK_icc7sbcnwgdnsfjafsjyp4fw5 if exists [90079-184]
LOG4J20:17:28,113 ERROR SchemaExport:426 - Schema &quot;COSWG2&quot; no encontrado
Schema &quot;COSWG2&quot; not found; SQL statement:
alter table coswg2.mensajes drop constraint FK_icc7sbcnwgdnsfjafsjyp4fw5 if exists [90079-184]
[HIBERNATE] --&gt; 20:17:28 DEBUG org.hibernate.SQL - alter table coswg2.usuarios_has_grupos drop constraint FK_e58l2yqauyrjc8h885io4m59j if exists
LOG4J20:17:28,114 DEBUG SQL:109 - alter table coswg2.usuarios_has_grupos drop constraint FK_e58l2yqauyrjc8h885io4m59j if exists
Hibernate: alter table coswg2.usuarios_has_grupos drop constraint FK_e58l2yqauyrjc8h885io4m59j if exists
[HIBERNATE] --&gt; 20:17:28 ERROR org.hibernate.tool.hbm2ddl.SchemaExport - HHH000389: Unsuccessful: alter table coswg2.usuarios_has_grupos drop constraint FK_e58l2yqauyrjc8h885io4m59j if exists
LOG4J20:17:28,115 ERROR SchemaExport:425 - HHH000389: Unsuccessful: alter table coswg2.usuarios_has_grupos drop constraint FK_e58l2yqauyrjc8h885io4m59j if exists
[HIBERNATE] --&gt; 20:17:28 ERROR org.hibernate.tool.hbm2ddl.SchemaExport - Schema &quot;COSWG2&quot; no encontrado
Schema &quot;COSWG2&quot; not found; SQL statement:
alter table coswg2.usuarios_has_grupos drop constraint FK_e58l2yqauyrjc8h885io4m59j if exists [90079-184]
LOG4J20:17:28,115 ERROR SchemaExport:426 - Schema &quot;COSWG2&quot; no encontrado
Schema &quot;COSWG2&quot; not found; SQL statement:
alter table coswg2.usuarios_has_grupos drop constraint FK_e58l2yqauyrjc8h885io4m59j if exists [90079-184]
[HIBERNATE] --&gt; 20:17:28 DEBUG org.hibernate.SQL - alter table coswg2.usuarios_has_grupos drop constraint FK_bl6vtpmwupgsfa8onqokxtlhq if exists
LOG4J20:17:28,116 DEBUG SQL:109 - alter table coswg2.usuarios_has_grupos drop constraint FK_bl6vtpmwupgsfa8onqokxtlhq if exists
Hibernate: alter table coswg2.usuarios_has_grupos drop constraint FK_bl6vtpmwupgsfa8onqokxtlhq if exists
[HIBERNATE] --&gt; 20:17:28 ERROR org.hibernate.tool.hbm2ddl.SchemaExport - HHH000389: Unsuccessful: alter table coswg2.usuarios_has_grupos drop constraint FK_bl6vtpmwupgsfa8onqokxtlhq if exists
LOG4J20:17:28,116 ERROR SchemaExport:425 - HHH000389: Unsuccessful: alter table coswg2.usuarios_has_grupos drop constraint FK_bl6vtpmwupgsfa8onqokxtlhq if exists
[HIBERNATE] --&gt; 20:17:28 ERROR org.hibernate.tool.hbm2ddl.SchemaExport - Schema &quot;COSWG2&quot; no encontrado
Schema &quot;COSWG2&quot; not found; SQL statement:
alter table coswg2.usuarios_has_grupos drop constraint FK_bl6vtpmwupgsfa8onqokxtlhq if exists [90079-184]
LOG4J20:17:28,117 ERROR SchemaExport:426 - Schema &quot;COSWG2&quot; no encontrado
Schema &quot;COSWG2&quot; not found; SQL statement:
alter table coswg2.usuarios_has_grupos drop constraint FK_bl6vtpmwupgsfa8onqokxtlhq if exists [90079-184]
[HIBERNATE] --&gt; 20:17:28 DEBUG org.hibernate.SQL - alter table grupos drop constraint FK_msjir0oy21uxwrkvepea8ydek if exists
LOG4J20:17:28,117 DEBUG SQL:109 - alter table grupos drop constraint FK_msjir0oy21uxwrkvepea8ydek if exists
Hibernate: alter table grupos drop constraint FK_msjir0oy21uxwrkvepea8ydek if exists
[HIBERNATE] --&gt; 20:17:28 ERROR org.hibernate.tool.hbm2ddl.SchemaExport - HHH000389: Unsuccessful: alter table grupos drop constraint FK_msjir0oy21uxwrkvepea8ydek if exists
LOG4J20:17:28,118 ERROR SchemaExport:425 - HHH000389: Unsuccessful: alter table grupos drop constraint FK_msjir0oy21uxwrkvepea8ydek if exists
[HIBERNATE] --&gt; 20:17:28 ERROR org.hibernate.tool.hbm2ddl.SchemaExport - Tabla &quot;GRUPOS&quot; no encontrada
Table &quot;GRUPOS&quot; not found; SQL statement:
alter table grupos drop constraint FK_msjir0oy21uxwrkvepea8ydek if exists [42102-184]
LOG4J20:17:28,118 ERROR SchemaExport:426 - Tabla &quot;GRUPOS&quot; no encontrada
Table &quot;GRUPOS&quot; not found; SQL statement:
alter table grupos drop constraint FK_msjir0oy21uxwrkvepea8ydek if exists [42102-184]
[HIBERNATE] --&gt; 20:17:28 DEBUG org.hibernate.SQL - drop table carreras_has_usuarios if exists
LOG4J20:17:28,119 DEBUG SQL:109 - drop table carreras_has_usuarios if exists
Hibernate: drop table carreras_has_usuarios if exists
[HIBERNATE] --&gt; 20:17:28 DEBUG org.hibernate.SQL - drop table coswg2.Edificio if exists
LOG4J20:17:28,120 DEBUG SQL:109 - drop table coswg2.Edificio if exists
Hibernate: drop table coswg2.Edificio if exists
[HIBERNATE] --&gt; 20:17:28 ERROR org.hibernate.tool.hbm2ddl.SchemaExport - HHH000389: Unsuccessful: drop table coswg2.Edificio if exists
LOG4J20:17:28,121 ERROR SchemaExport:425 - HHH000389: Unsuccessful: drop table coswg2.Edificio if exists
[HIBERNATE] --&gt; 20:17:28 ERROR org.hibernate.tool.hbm2ddl.SchemaExport - Schema &quot;COSWG2&quot; no encontrado
Schema &quot;COSWG2&quot; not found; SQL statement:
drop table coswg2.Edificio if exists [90079-184]
LOG4J20:17:28,122 ERROR SchemaExport:426 - Schema &quot;COSWG2&quot; no encontrado
Schema &quot;COSWG2&quot; not found; SQL statement:
drop table coswg2.Edificio if exists [90079-184]
[HIBERNATE] --&gt; 20:17:28 DEBUG org.hibernate.SQL - drop table coswg2.carreras if exists
LOG4J20:17:28,123 DEBUG SQL:109 - drop table coswg2.carreras if exists
Hibernate: drop table coswg2.carreras if exists
[HIBERNATE] --&gt; 20:17:28 ERROR org.hibernate.tool.hbm2ddl.SchemaExport - HHH000389: Unsuccessful: drop table coswg2.carreras if exists
LOG4J20:17:28,124 ERROR SchemaExport:425 - HHH000389: Unsuccessful: drop table coswg2.carreras if exists
[HIBERNATE] --&gt; 20:17:28 ERROR org.hibernate.tool.hbm2ddl.SchemaExport - Schema &quot;COSWG2&quot; no encontrado
Schema &quot;COSWG2&quot; not found; SQL statement:
drop table coswg2.carreras if exists [90079-184]
LOG4J20:17:28,140 ERROR SchemaExport:426 - Schema &quot;COSWG2&quot; no encontrado
Schema &quot;COSWG2&quot; not found; SQL statement:
drop table coswg2.carreras if exists [90079-184]
[HIBERNATE] --&gt; 20:17:28 DEBUG org.hibernate.SQL - drop table coswg2.carreras_has_usuarios if exists
LOG4J20:17:28,141 DEBUG SQL:109 - drop table coswg2.carreras_has_usuarios if exists
Hibernate: drop table coswg2.carreras_has_usuarios if exists
[HIBERNATE] --&gt; 20:17:28 ERROR org.hibernate.tool.hbm2ddl.SchemaExport - HHH000389: Unsuccessful: drop table coswg2.carreras_has_usuarios if exists
LOG4J20:17:28,142 ERROR SchemaExport:425 - HHH000389: Unsuccessful: drop table coswg2.carreras_has_usuarios if exists
[HIBERNATE] --&gt; 20:17:28 ERROR org.hibernate.tool.hbm2ddl.SchemaExport - Schema &quot;COSWG2&quot; no encontrado
Schema &quot;COSWG2&quot; not found; SQL statement:
drop table coswg2.carreras_has_usuarios if exists [90079-184]
LOG4J20:17:28,142 ERROR SchemaExport:426 - Schema &quot;COSWG2&quot; no encontrado
Schema &quot;COSWG2&quot; not found; SQL statement:
drop table coswg2.carreras_has_usuarios if exists [90079-184]
[HIBERNATE] --&gt; 20:17:28 DEBUG org.hibernate.SQL - drop table coswg2.eventos if exists
LOG4J20:17:28,143 DEBUG SQL:109 - drop table coswg2.eventos if exists
Hibernate: drop table coswg2.eventos if exists
[HIBERNATE] --&gt; 20:17:28 ERROR org.hibernate.tool.hbm2ddl.SchemaExport - HHH000389: Unsuccessful: drop table coswg2.eventos if exists
LOG4J20:17:28,144 ERROR SchemaExport:425 - HHH000389: Unsuccessful: drop table coswg2.eventos if exists
[HIBERNATE] --&gt; 20:17:28 ERROR org.hibernate.tool.hbm2ddl.SchemaExport - Schema &quot;COSWG2&quot; no encontrado
Schema &quot;COSWG2&quot; not found; SQL statement:
drop table coswg2.eventos if exists [90079-184]
LOG4J20:17:28,144 ERROR SchemaExport:426 - Schema &quot;COSWG2&quot; no encontrado
Schema &quot;COSWG2&quot; not found; SQL statement:
drop table coswg2.eventos if exists [90079-184]
[HIBERNATE] --&gt; 20:17:28 DEBUG org.hibernate.SQL - drop table coswg2.eventos_has_carreras if exists
LOG4J20:17:28,144 DEBUG SQL:109 - drop table coswg2.eventos_has_carreras if exists
Hibernate: drop table coswg2.eventos_has_carreras if exists
[HIBERNATE] --&gt; 20:17:28 ERROR org.hibernate.tool.hbm2ddl.SchemaExport - HHH000389: Unsuccessful: drop table coswg2.eventos_has_carreras if exists
LOG4J20:17:28,145 ERROR SchemaExport:425 - HHH000389: Unsuccessful: drop table coswg2.eventos_has_carreras if exists
[HIBERNATE] --&gt; 20:17:28 ERROR org.hibernate.tool.hbm2ddl.SchemaExport - Schema &quot;COSWG2&quot; no encontrado
Schema &quot;COSWG2&quot; not found; SQL statement:
drop table coswg2.eventos_has_carreras if exists [90079-184]
LOG4J20:17:28,146 ERROR SchemaExport:426 - Schema &quot;COSWG2&quot; no encontrado
Schema &quot;COSWG2&quot; not found; SQL statement:
drop table coswg2.eventos_has_carreras if exists [90079-184]
[HIBERNATE] --&gt; 20:17:28 DEBUG org.hibernate.SQL - drop table coswg2.mensajes if exists
LOG4J20:17:28,146 DEBUG SQL:109 - drop table coswg2.mensajes if exists
Hibernate: drop table coswg2.mensajes if exists
[HIBERNATE] --&gt; 20:17:28 ERROR org.hibernate.tool.hbm2ddl.SchemaExport - HHH000389: Unsuccessful: drop table coswg2.mensajes if exists
LOG4J20:17:28,147 ERROR SchemaExport:425 - HHH000389: Unsuccessful: drop table coswg2.mensajes if exists
[HIBERNATE] --&gt; 20:17:28 ERROR org.hibernate.tool.hbm2ddl.SchemaExport - Schema &quot;COSWG2&quot; no encontrado
Schema &quot;COSWG2&quot; not found; SQL statement:
drop table coswg2.mensajes if exists [90079-184]
LOG4J20:17:28,147 ERROR SchemaExport:426 - Schema &quot;COSWG2&quot; no encontrado
Schema &quot;COSWG2&quot; not found; SQL statement:
drop table coswg2.mensajes if exists [90079-184]
[HIBERNATE] --&gt; 20:17:28 DEBUG org.hibernate.SQL - drop table coswg2.usuarios_has_grupos if exists
LOG4J20:17:28,147 DEBUG SQL:109 - drop table coswg2.usuarios_has_grupos if exists
Hibernate: drop table coswg2.usuarios_has_grupos if exists
[HIBERNATE] --&gt; 20:17:28 ERROR org.hibernate.tool.hbm2ddl.SchemaExport - HHH000389: Unsuccessful: drop table coswg2.usuarios_has_grupos if exists
LOG4J20:17:28,148 ERROR SchemaExport:425 - HHH000389: Unsuccessful: drop table coswg2.usuarios_has_grupos if exists
[HIBERNATE] --&gt; 20:17:28 ERROR org.hibernate.tool.hbm2ddl.SchemaExport - Schema &quot;COSWG2&quot; no encontrado
Schema &quot;COSWG2&quot; not found; SQL statement:
drop table coswg2.usuarios_has_grupos if exists [90079-184]
LOG4J20:17:28,148 ERROR SchemaExport:426 - Schema &quot;COSWG2&quot; no encontrado
Schema &quot;COSWG2&quot; not found; SQL statement:
drop table coswg2.usuarios_has_grupos if exists [90079-184]
[HIBERNATE] --&gt; 20:17:28 DEBUG org.hibernate.SQL - drop table grupos if exists
LOG4J20:17:28,149 DEBUG SQL:109 - drop table grupos if exists
Hibernate: drop table grupos if exists
[HIBERNATE] --&gt; 20:17:28 DEBUG org.hibernate.SQL - drop table usuarios if exists
LOG4J20:17:28,150 DEBUG SQL:109 - drop table usuarios if exists
Hibernate: drop table usuarios if exists
[HIBERNATE] --&gt; 20:17:28 DEBUG org.hibernate.SQL - create table carreras_has_usuarios (carreras_id integer not null, usuarios_carne integer not null, primary key (carreras_id, usuarios_carne))
LOG4J20:17:28,151 DEBUG SQL:109 - create table carreras_has_usuarios (carreras_id integer not null, usuarios_carne integer not null, primary key (carreras_id, usuarios_carne))
Hibernate: create table carreras_has_usuarios (carreras_id integer not null, usuarios_carne integer not null, primary key (carreras_id, usuarios_carne))
[HIBERNATE] --&gt; 20:17:28 DEBUG org.hibernate.SQL - create table coswg2.Edificio (id integer not null, nombre varchar(45), primary key (id))
LOG4J20:17:28,165 DEBUG SQL:109 - create table coswg2.Edificio (id integer not null, nombre varchar(45), primary key (id))
Hibernate: create table coswg2.Edificio (id integer not null, nombre varchar(45), primary key (id))
[HIBERNATE] --&gt; 20:17:28 ERROR org.hibernate.tool.hbm2ddl.SchemaExport - HHH000389: Unsuccessful: create table coswg2.Edificio (id integer not null, nombre varchar(45), primary key (id))
LOG4J20:17:28,166 ERROR SchemaExport:425 - HHH000389: Unsuccessful: create table coswg2.Edificio (id integer not null, nombre varchar(45), primary key (id))
[HIBERNATE] --&gt; 20:17:28 ERROR org.hibernate.tool.hbm2ddl.SchemaExport - Schema &quot;COSWG2&quot; no encontrado
Schema &quot;COSWG2&quot; not found; SQL statement:
create table coswg2.Edificio (id integer not null, nombre varchar(45), primary key (id)) [90079-184]
LOG4J20:17:28,167 ERROR SchemaExport:426 - Schema &quot;COSWG2&quot; no encontrado
Schema &quot;COSWG2&quot; not found; SQL statement:
create table coswg2.Edificio (id integer not null, nombre varchar(45), primary key (id)) [90079-184]
[HIBERNATE] --&gt; 20:17:28 DEBUG org.hibernate.SQL - create table coswg2.carreras (id integer generated by default as identity, nombre varchar(45), primary key (id))
LOG4J20:17:28,168 DEBUG SQL:109 - create table coswg2.carreras (id integer generated by default as identity, nombre varchar(45), primary key (id))
Hibernate: create table coswg2.carreras (id integer generated by default as identity, nombre varchar(45), primary key (id))
[HIBERNATE] --&gt; 20:17:28 ERROR org.hibernate.tool.hbm2ddl.SchemaExport - HHH000389: Unsuccessful: create table coswg2.carreras (id integer generated by default as identity, nombre varchar(45), primary key (id))
LOG4J20:17:28,169 ERROR SchemaExport:425 - HHH000389: Unsuccessful: create table coswg2.carreras (id integer generated by default as identity, nombre varchar(45), primary key (id))
[HIBERNATE] --&gt; 20:17:28 ERROR org.hibernate.tool.hbm2ddl.SchemaExport - Schema &quot;COSWG2&quot; no encontrado
Schema &quot;COSWG2&quot; not found; SQL statement:
create table coswg2.carreras (id integer generated by default as identity, nombre varchar(45), primary key (id)) [90079-184]
LOG4J20:17:28,171 ERROR SchemaExport:426 - Schema &quot;COSWG2&quot; no encontrado
Schema &quot;COSWG2&quot; not found; SQL statement:
create table coswg2.carreras (id integer generated by default as identity, nombre varchar(45), primary key (id)) [90079-184]
[HIBERNATE] --&gt; 20:17:28 DEBUG org.hibernate.SQL - create table coswg2.carreras_has_usuarios (usuarios_carne integer not null, carreras_id integer not null, primary key (usuarios_carne, carreras_id))
LOG4J20:17:28,172 DEBUG SQL:109 - create table coswg2.carreras_has_usuarios (usuarios_carne integer not null, carreras_id integer not null, primary key (usuarios_carne, carreras_id))
Hibernate: create table coswg2.carreras_has_usuarios (usuarios_carne integer not null, carreras_id integer not null, primary key (usuarios_carne, carreras_id))
[HIBERNATE] --&gt; 20:17:28 ERROR org.hibernate.tool.hbm2ddl.SchemaExport - HHH000389: Unsuccessful: create table coswg2.carreras_has_usuarios (usuarios_carne integer not null, carreras_id integer not null, primary key (usuarios_carne, carreras_id))
LOG4J20:17:28,173 ERROR SchemaExport:425 - HHH000389: Unsuccessful: create table coswg2.carreras_has_usuarios (usuarios_carne integer not null, carreras_id integer not null, primary key (usuarios_carne, carreras_id))
[HIBERNATE] --&gt; 20:17:28 ERROR org.hibernate.tool.hbm2ddl.SchemaExport - Schema &quot;COSWG2&quot; no encontrado
Schema &quot;COSWG2&quot; not found; SQL statement:
create table coswg2.carreras_has_usuarios (usuarios_carne integer not null, carreras_id integer not null, primary key (usuarios_carne, carreras_id)) [90079-184]
LOG4J20:17:28,174 ERROR SchemaExport:426 - Schema &quot;COSWG2&quot; no encontrado
Schema &quot;COSWG2&quot; not found; SQL statement:
create table coswg2.carreras_has_usuarios (usuarios_carne integer not null, carreras_id integer not null, primary key (usuarios_carne, carreras_id)) [90079-184]
[HIBERNATE] --&gt; 20:17:28 DEBUG org.hibernate.SQL - create table coswg2.eventos (id integer generated by default as identity, Descripcion varchar(255), fecha date, lugar integer not null, primary key (id))
LOG4J20:17:28,174 DEBUG SQL:109 - create table coswg2.eventos (id integer generated by default as identity, Descripcion varchar(255), fecha date, lugar integer not null, primary key (id))
Hibernate: create table coswg2.eventos (id integer generated by default as identity, Descripcion varchar(255), fecha date, lugar integer not null, primary key (id))
[HIBERNATE] --&gt; 20:17:28 ERROR org.hibernate.tool.hbm2ddl.SchemaExport - HHH000389: Unsuccessful: create table coswg2.eventos (id integer generated by default as identity, Descripcion varchar(255), fecha date, lugar integer not null, primary key (id))
LOG4J20:17:28,175 ERROR SchemaExport:425 - HHH000389: Unsuccessful: create table coswg2.eventos (id integer generated by default as identity, Descripcion varchar(255), fecha date, lugar integer not null, primary key (id))
[HIBERNATE] --&gt; 20:17:28 ERROR org.hibernate.tool.hbm2ddl.SchemaExport - Schema &quot;COSWG2&quot; no encontrado
Schema &quot;COSWG2&quot; not found; SQL statement:
create table coswg2.eventos (id integer generated by default as identity, Descripcion varchar(255), fecha date, lugar integer not null, primary key (id)) [90079-184]
LOG4J20:17:28,176 ERROR SchemaExport:426 - Schema &quot;COSWG2&quot; no encontrado
Schema &quot;COSWG2&quot; not found; SQL statement:
create table coswg2.eventos (id integer generated by default as identity, Descripcion varchar(255), fecha date, lugar integer not null, primary key (id)) [90079-184]
[HIBERNATE] --&gt; 20:17:28 DEBUG org.hibernate.SQL - create table coswg2.eventos_has_carreras (eventos_id integer not null, carreras_id integer not null, primary key (eventos_id, carreras_id))
LOG4J20:17:28,177 DEBUG SQL:109 - create table coswg2.eventos_has_carreras (eventos_id integer not null, carreras_id integer not null, primary key (eventos_id, carreras_id))
Hibernate: create table coswg2.eventos_has_carreras (eventos_id integer not null, carreras_id integer not null, primary key (eventos_id, carreras_id))
[HIBERNATE] --&gt; 20:17:28 ERROR org.hibernate.tool.hbm2ddl.SchemaExport - HHH000389: Unsuccessful: create table coswg2.eventos_has_carreras (eventos_id integer not null, carreras_id integer not null, primary key (eventos_id, carreras_id))
LOG4J20:17:28,180 ERROR SchemaExport:425 - HHH000389: Unsuccessful: create table coswg2.eventos_has_carreras (eventos_id integer not null, carreras_id integer not null, primary key (eventos_id, carreras_id))
[HIBERNATE] --&gt; 20:17:28 ERROR org.hibernate.tool.hbm2ddl.SchemaExport - Schema &quot;COSWG2&quot; no encontrado
Schema &quot;COSWG2&quot; not found; SQL statement:
create table coswg2.eventos_has_carreras (eventos_id integer not null, carreras_id integer not null, primary key (eventos_id, carreras_id)) [90079-184]
LOG4J20:17:28,181 ERROR SchemaExport:426 - Schema &quot;COSWG2&quot; no encontrado
Schema &quot;COSWG2&quot; not found; SQL statement:
create table coswg2.eventos_has_carreras (eventos_id integer not null, carreras_id integer not null, primary key (eventos_id, carreras_id)) [90079-184]
[HIBERNATE] --&gt; 20:17:28 DEBUG org.hibernate.SQL - create table coswg2.mensajes (id integer generated by default as identity, contenido varchar(255), fecha varchar(45), visto varchar(45), grupodestino integer not null, usuariodestino integer not null, usuariosorigen integer not null, primary key (id))
LOG4J20:17:28,181 DEBUG SQL:109 - create table coswg2.mensajes (id integer generated by default as identity, contenido varchar(255), fecha varchar(45), visto varchar(45), grupodestino integer not null, usuariodestino integer not null, usuariosorigen integer not null, primary key (id))
Hibernate: create table coswg2.mensajes (id integer generated by default as identity, contenido varchar(255), fecha varchar(45), visto varchar(45), grupodestino integer not null, usuariodestino integer not null, usuariosorigen integer not null, primary key (id))
[HIBERNATE] --&gt; 20:17:28 ERROR org.hibernate.tool.hbm2ddl.SchemaExport - HHH000389: Unsuccessful: create table coswg2.mensajes (id integer generated by default as identity, contenido varchar(255), fecha varchar(45), visto varchar(45), grupodestino integer not null, usuariodestino integer not null, usuariosorigen integer not null, primary key (id))
LOG4J20:17:28,182 ERROR SchemaExport:425 - HHH000389: Unsuccessful: create table coswg2.mensajes (id integer generated by default as identity, contenido varchar(255), fecha varchar(45), visto varchar(45), grupodestino integer not null, usuariodestino integer not null, usuariosorigen integer not null, primary key (id))
[HIBERNATE] --&gt; 20:17:28 ERROR org.hibernate.tool.hbm2ddl.SchemaExport - Schema &quot;COSWG2&quot; no encontrado
Schema &quot;COSWG2&quot; not found; SQL statement:
create table coswg2.mensajes (id integer generated by default as identity, contenido varchar(255), fecha varchar(45), visto varchar(45), grupodestino integer not null, usuariodestino integer not null, usuariosorigen integer not null, primary key (id)) [90079-184]
LOG4J20:17:28,183 ERROR SchemaExport:426 - Schema &quot;COSWG2&quot; no encontrado
Schema &quot;COSWG2&quot; not found; SQL statement:
create table coswg2.mensajes (id integer generated by default as identity, contenido varchar(255), fecha varchar(45), visto varchar(45), grupodestino integer not null, usuariodestino integer not null, usuariosorigen integer not null, primary key (id)) [90079-184]
[HIBERNATE] --&gt; 20:17:28 DEBUG org.hibernate.SQL - create table coswg2.usuarios_has_grupos (grupos_id integer not null, usuarios_carne integer not null, primary key (usuarios_carne, grupos_id))
LOG4J20:17:28,184 DEBUG SQL:109 - create table coswg2.usuarios_has_grupos (grupos_id integer not null, usuarios_carne integer not null, primary key (usuarios_carne, grupos_id))
Hibernate: create table coswg2.usuarios_has_grupos (grupos_id integer not null, usuarios_carne integer not null, primary key (usuarios_carne, grupos_id))
[HIBERNATE] --&gt; 20:17:28 ERROR org.hibernate.tool.hbm2ddl.SchemaExport - HHH000389: Unsuccessful: create table coswg2.usuarios_has_grupos (grupos_id integer not null, usuarios_carne integer not null, primary key (usuarios_carne, grupos_id))
LOG4J20:17:28,185 ERROR SchemaExport:425 - HHH000389: Unsuccessful: create table coswg2.usuarios_has_grupos (grupos_id integer not null, usuarios_carne integer not null, primary key (usuarios_carne, grupos_id))
[HIBERNATE] --&gt; 20:17:28 ERROR org.hibernate.tool.hbm2ddl.SchemaExport - Schema &quot;COSWG2&quot; no encontrado
Schema &quot;COSWG2&quot; not found; SQL statement:
create table coswg2.usuarios_has_grupos (grupos_id integer not null, usuarios_carne integer not null, primary key (usuarios_carne, grupos_id)) [90079-184]
LOG4J20:17:28,187 ERROR SchemaExport:426 - Schema &quot;COSWG2&quot; no encontrado
Schema &quot;COSWG2&quot; not found; SQL statement:
create table coswg2.usuarios_has_grupos (grupos_id integer not null, usuarios_carne integer not null, primary key (usuarios_carne, grupos_id)) [90079-184]
[HIBERNATE] --&gt; 20:17:28 DEBUG org.hibernate.SQL - create table grupos (id integer not null, estado varchar(15), fechacreacion date, nombre varchar(255), tipoprivado boolean, administrador integer not null, primary key (id))
LOG4J20:17:28,188 DEBUG SQL:109 - create table grupos (id integer not null, estado varchar(15), fechacreacion date, nombre varchar(255), tipoprivado boolean, administrador integer not null, primary key (id))
Hibernate: create table grupos (id integer not null, estado varchar(15), fechacreacion date, nombre varchar(255), tipoprivado boolean, administrador integer not null, primary key (id))
[HIBERNATE] --&gt; 20:17:28 DEBUG org.hibernate.SQL - create table usuarios (carne integer not null, contraseña varchar(20), email varchar(120), identificaciongoogle varchar(255), nombre varchar(100), perfil varchar(45), primary key (carne))
LOG4J20:17:28,190 DEBUG SQL:109 - create table usuarios (carne integer not null, contraseña varchar(20), email varchar(120), identificaciongoogle varchar(255), nombre varchar(100), perfil varchar(45), primary key (carne))
Hibernate: create table usuarios (carne integer not null, contraseña varchar(20), email varchar(120), identificaciongoogle varchar(255), nombre varchar(100), perfil varchar(45), primary key (carne))
[HIBERNATE] --&gt; 20:17:28 DEBUG org.hibernate.SQL - alter table usuarios add constraint UK_kfsp0s1tflm1cwlj8idhqsad0  unique (email)
LOG4J20:17:28,193 DEBUG SQL:109 - alter table usuarios add constraint UK_kfsp0s1tflm1cwlj8idhqsad0  unique (email)
Hibernate: alter table usuarios add constraint UK_kfsp0s1tflm1cwlj8idhqsad0  unique (email)
[HIBERNATE] --&gt; 20:17:28 DEBUG org.hibernate.SQL - alter table usuarios add constraint UK_5rcak8egiryrophji2yux3lms  unique (identificaciongoogle)
LOG4J20:17:28,195 DEBUG SQL:109 - alter table usuarios add constraint UK_5rcak8egiryrophji2yux3lms  unique (identificaciongoogle)
Hibernate: alter table usuarios add constraint UK_5rcak8egiryrophji2yux3lms  unique (identificaciongoogle)
[HIBERNATE] --&gt; 20:17:28 DEBUG org.hibernate.SQL - alter table carreras_has_usuarios add constraint FK_oktw3a0tb4lod4rhwqug6vq3e foreign key (usuarios_carne) references usuarios
LOG4J20:17:28,196 DEBUG SQL:109 - alter table carreras_has_usuarios add constraint FK_oktw3a0tb4lod4rhwqug6vq3e foreign key (usuarios_carne) references usuarios
Hibernate: alter table carreras_has_usuarios add constraint FK_oktw3a0tb4lod4rhwqug6vq3e foreign key (usuarios_carne) references usuarios
[HIBERNATE] --&gt; 20:17:28 DEBUG org.hibernate.SQL - alter table carreras_has_usuarios add constraint FK_hujt9s8vx0oufmuuc03rumnf1 foreign key (carreras_id) references coswg2.carreras
LOG4J20:17:28,213 DEBUG SQL:109 - alter table carreras_has_usuarios add constraint FK_hujt9s8vx0oufmuuc03rumnf1 foreign key (carreras_id) references coswg2.carreras
Hibernate: alter table carreras_has_usuarios add constraint FK_hujt9s8vx0oufmuuc03rumnf1 foreign key (carreras_id) references coswg2.carreras
[HIBERNATE] --&gt; 20:17:28 ERROR org.hibernate.tool.hbm2ddl.SchemaExport - HHH000389: Unsuccessful: alter table carreras_has_usuarios add constraint FK_hujt9s8vx0oufmuuc03rumnf1 foreign key (carreras_id) references coswg2.carreras
LOG4J20:17:28,214 ERROR SchemaExport:425 - HHH000389: Unsuccessful: alter table carreras_has_usuarios add constraint FK_hujt9s8vx0oufmuuc03rumnf1 foreign key (carreras_id) references coswg2.carreras
[HIBERNATE] --&gt; 20:17:28 ERROR org.hibernate.tool.hbm2ddl.SchemaExport - Schema &quot;COSWG2&quot; no encontrado
Schema &quot;COSWG2&quot; not found; SQL statement:
alter table carreras_has_usuarios add constraint FK_hujt9s8vx0oufmuuc03rumnf1 foreign key (carreras_id) references coswg2.carreras [90079-184]
LOG4J20:17:28,215 ERROR SchemaExport:426 - Schema &quot;COSWG2&quot; no encontrado
Schema &quot;COSWG2&quot; not found; SQL statement:
alter table carreras_has_usuarios add constraint FK_hujt9s8vx0oufmuuc03rumnf1 foreign key (carreras_id) references coswg2.carreras [90079-184]
[HIBERNATE] --&gt; 20:17:28 DEBUG org.hibernate.SQL - alter table coswg2.carreras_has_usuarios add constraint FK_hujt9s8vx0oufmuuc03rumnf1 foreign key (carreras_id) references coswg2.carreras
LOG4J20:17:28,215 DEBUG SQL:109 - alter table coswg2.carreras_has_usuarios add constraint FK_hujt9s8vx0oufmuuc03rumnf1 foreign key (carreras_id) references coswg2.carreras
Hibernate: alter table coswg2.carreras_has_usuarios add constraint FK_hujt9s8vx0oufmuuc03rumnf1 foreign key (carreras_id) references coswg2.carreras
[HIBERNATE] --&gt; 20:17:28 ERROR org.hibernate.tool.hbm2ddl.SchemaExport - HHH000389: Unsuccessful: alter table coswg2.carreras_has_usuarios add constraint FK_hujt9s8vx0oufmuuc03rumnf1 foreign key (carreras_id) references coswg2.carreras
LOG4J20:17:28,216 ERROR SchemaExport:425 - HHH000389: Unsuccessful: alter table coswg2.carreras_has_usuarios add constraint FK_hujt9s8vx0oufmuuc03rumnf1 foreign key (carreras_id) references coswg2.carreras
[HIBERNATE] --&gt; 20:17:28 ERROR org.hibernate.tool.hbm2ddl.SchemaExport - Schema &quot;COSWG2&quot; no encontrado
Schema &quot;COSWG2&quot; not found; SQL statement:
alter table coswg2.carreras_has_usuarios add constraint FK_hujt9s8vx0oufmuuc03rumnf1 foreign key (carreras_id) references coswg2.carreras [90079-184]
LOG4J20:17:28,217 ERROR SchemaExport:426 - Schema &quot;COSWG2&quot; no encontrado
Schema &quot;COSWG2&quot; not found; SQL statement:
alter table coswg2.carreras_has_usuarios add constraint FK_hujt9s8vx0oufmuuc03rumnf1 foreign key (carreras_id) references coswg2.carreras [90079-184]
[HIBERNATE] --&gt; 20:17:28 DEBUG org.hibernate.SQL - alter table coswg2.carreras_has_usuarios add constraint FK_oktw3a0tb4lod4rhwqug6vq3e foreign key (usuarios_carne) references usuarios
LOG4J20:17:28,217 DEBUG SQL:109 - alter table coswg2.carreras_has_usuarios add constraint FK_oktw3a0tb4lod4rhwqug6vq3e foreign key (usuarios_carne) references usuarios
Hibernate: alter table coswg2.carreras_has_usuarios add constraint FK_oktw3a0tb4lod4rhwqug6vq3e foreign key (usuarios_carne) references usuarios
[HIBERNATE] --&gt; 20:17:28 ERROR org.hibernate.tool.hbm2ddl.SchemaExport - HHH000389: Unsuccessful: alter table coswg2.carreras_has_usuarios add constraint FK_oktw3a0tb4lod4rhwqug6vq3e foreign key (usuarios_carne) references usuarios
LOG4J20:17:28,218 ERROR SchemaExport:425 - HHH000389: Unsuccessful: alter table coswg2.carreras_has_usuarios add constraint FK_oktw3a0tb4lod4rhwqug6vq3e foreign key (usuarios_carne) references usuarios
[HIBERNATE] --&gt; 20:17:28 ERROR org.hibernate.tool.hbm2ddl.SchemaExport - Schema &quot;COSWG2&quot; no encontrado
Schema &quot;COSWG2&quot; not found; SQL statement:
alter table coswg2.carreras_has_usuarios add constraint FK_oktw3a0tb4lod4rhwqug6vq3e foreign key (usuarios_carne) references usuarios [90079-184]
LOG4J20:17:28,219 ERROR SchemaExport:426 - Schema &quot;COSWG2&quot; no encontrado
Schema &quot;COSWG2&quot; not found; SQL statement:
alter table coswg2.carreras_has_usuarios add constraint FK_oktw3a0tb4lod4rhwqug6vq3e foreign key (usuarios_carne) references usuarios [90079-184]
[HIBERNATE] --&gt; 20:17:28 DEBUG org.hibernate.SQL - alter table coswg2.eventos add constraint FK_r0f775pgevcomarjjq7so0nqi foreign key (lugar) references coswg2.Edificio
LOG4J20:17:28,219 DEBUG SQL:109 - alter table coswg2.eventos add constraint FK_r0f775pgevcomarjjq7so0nqi foreign key (lugar) references coswg2.Edificio
Hibernate: alter table coswg2.eventos add constraint FK_r0f775pgevcomarjjq7so0nqi foreign key (lugar) references coswg2.Edificio
[HIBERNATE] --&gt; 20:17:28 ERROR org.hibernate.tool.hbm2ddl.SchemaExport - HHH000389: Unsuccessful: alter table coswg2.eventos add constraint FK_r0f775pgevcomarjjq7so0nqi foreign key (lugar) references coswg2.Edificio
LOG4J20:17:28,220 ERROR SchemaExport:425 - HHH000389: Unsuccessful: alter table coswg2.eventos add constraint FK_r0f775pgevcomarjjq7so0nqi foreign key (lugar) references coswg2.Edificio
[HIBERNATE] --&gt; 20:17:28 ERROR org.hibernate.tool.hbm2ddl.SchemaExport - Schema &quot;COSWG2&quot; no encontrado
Schema &quot;COSWG2&quot; not found; SQL statement:
alter table coswg2.eventos add constraint FK_r0f775pgevcomarjjq7so0nqi foreign key (lugar) references coswg2.Edificio [90079-184]
LOG4J20:17:28,221 ERROR SchemaExport:426 - Schema &quot;COSWG2&quot; no encontrado
Schema &quot;COSWG2&quot; not found; SQL statement:
alter table coswg2.eventos add constraint FK_r0f775pgevcomarjjq7so0nqi foreign key (lugar) references coswg2.Edificio [90079-184]
[HIBERNATE] --&gt; 20:17:28 DEBUG org.hibernate.SQL - alter table coswg2.eventos_has_carreras add constraint FK_h7fi8dtsa3p2w0lpvhjy7ttoy foreign key (carreras_id) references coswg2.carreras
LOG4J20:17:28,221 DEBUG SQL:109 - alter table coswg2.eventos_has_carreras add constraint FK_h7fi8dtsa3p2w0lpvhjy7ttoy foreign key (carreras_id) references coswg2.carreras
Hibernate: alter table coswg2.eventos_has_carreras add constraint FK_h7fi8dtsa3p2w0lpvhjy7ttoy foreign key (carreras_id) references coswg2.carreras
[HIBERNATE] --&gt; 20:17:28 ERROR org.hibernate.tool.hbm2ddl.SchemaExport - HHH000389: Unsuccessful: alter table coswg2.eventos_has_carreras add constraint FK_h7fi8dtsa3p2w0lpvhjy7ttoy foreign key (carreras_id) references coswg2.carreras
LOG4J20:17:28,222 ERROR SchemaExport:425 - HHH000389: Unsuccessful: alter table coswg2.eventos_has_carreras add constraint FK_h7fi8dtsa3p2w0lpvhjy7ttoy foreign key (carreras_id) references coswg2.carreras
[HIBERNATE] --&gt; 20:17:28 ERROR org.hibernate.tool.hbm2ddl.SchemaExport - Schema &quot;COSWG2&quot; no encontrado
Schema &quot;COSWG2&quot; not found; SQL statement:
alter table coswg2.eventos_has_carreras add constraint FK_h7fi8dtsa3p2w0lpvhjy7ttoy foreign key (carreras_id) references coswg2.carreras [90079-184]
LOG4J20:17:28,223 ERROR SchemaExport:426 - Schema &quot;COSWG2&quot; no encontrado
Schema &quot;COSWG2&quot; not found; SQL statement:
alter table coswg2.eventos_has_carreras add constraint FK_h7fi8dtsa3p2w0lpvhjy7ttoy foreign key (carreras_id) references coswg2.carreras [90079-184]
[HIBERNATE] --&gt; 20:17:28 DEBUG org.hibernate.SQL - alter table coswg2.eventos_has_carreras add constraint FK_9dmbey7xyxfcqqnbkmnlyi13y foreign key (eventos_id) references coswg2.eventos
LOG4J20:17:28,223 DEBUG SQL:109 - alter table coswg2.eventos_has_carreras add constraint FK_9dmbey7xyxfcqqnbkmnlyi13y foreign key (eventos_id) references coswg2.eventos
Hibernate: alter table coswg2.eventos_has_carreras add constraint FK_9dmbey7xyxfcqqnbkmnlyi13y foreign key (eventos_id) references coswg2.eventos
[HIBERNATE] --&gt; 20:17:28 ERROR org.hibernate.tool.hbm2ddl.SchemaExport - HHH000389: Unsuccessful: alter table coswg2.eventos_has_carreras add constraint FK_9dmbey7xyxfcqqnbkmnlyi13y foreign key (eventos_id) references coswg2.eventos
LOG4J20:17:28,225 ERROR SchemaExport:425 - HHH000389: Unsuccessful: alter table coswg2.eventos_has_carreras add constraint FK_9dmbey7xyxfcqqnbkmnlyi13y foreign key (eventos_id) references coswg2.eventos
[HIBERNATE] --&gt; 20:17:28 ERROR org.hibernate.tool.hbm2ddl.SchemaExport - Schema &quot;COSWG2&quot; no encontrado
Schema &quot;COSWG2&quot; not found; SQL statement:
alter table coswg2.eventos_has_carreras add constraint FK_9dmbey7xyxfcqqnbkmnlyi13y foreign key (eventos_id) references coswg2.eventos [90079-184]
LOG4J20:17:28,225 ERROR SchemaExport:426 - Schema &quot;COSWG2&quot; no encontrado
Schema &quot;COSWG2&quot; not found; SQL statement:
alter table coswg2.eventos_has_carreras add constraint FK_9dmbey7xyxfcqqnbkmnlyi13y foreign key (eventos_id) references coswg2.eventos [90079-184]
[HIBERNATE] --&gt; 20:17:28 DEBUG org.hibernate.SQL - alter table coswg2.mensajes add constraint FK_7j2a8ms01qxhr7bd8de9xx4kl foreign key (grupodestino) references grupos
LOG4J20:17:28,226 DEBUG SQL:109 - alter table coswg2.mensajes add constraint FK_7j2a8ms01qxhr7bd8de9xx4kl foreign key (grupodestino) references grupos
Hibernate: alter table coswg2.mensajes add constraint FK_7j2a8ms01qxhr7bd8de9xx4kl foreign key (grupodestino) references grupos
[HIBERNATE] --&gt; 20:17:28 ERROR org.hibernate.tool.hbm2ddl.SchemaExport - HHH000389: Unsuccessful: alter table coswg2.mensajes add constraint FK_7j2a8ms01qxhr7bd8de9xx4kl foreign key (grupodestino) references grupos
LOG4J20:17:28,227 ERROR SchemaExport:425 - HHH000389: Unsuccessful: alter table coswg2.mensajes add constraint FK_7j2a8ms01qxhr7bd8de9xx4kl foreign key (grupodestino) references grupos
[HIBERNATE] --&gt; 20:17:28 ERROR org.hibernate.tool.hbm2ddl.SchemaExport - Schema &quot;COSWG2&quot; no encontrado
Schema &quot;COSWG2&quot; not found; SQL statement:
alter table coswg2.mensajes add constraint FK_7j2a8ms01qxhr7bd8de9xx4kl foreign key (grupodestino) references grupos [90079-184]
LOG4J20:17:28,227 ERROR SchemaExport:426 - Schema &quot;COSWG2&quot; no encontrado
Schema &quot;COSWG2&quot; not found; SQL statement:
alter table coswg2.mensajes add constraint FK_7j2a8ms01qxhr7bd8de9xx4kl foreign key (grupodestino) references grupos [90079-184]
[HIBERNATE] --&gt; 20:17:28 DEBUG org.hibernate.SQL - alter table coswg2.mensajes add constraint FK_161a6v43gnev3xmhgbiom2bji foreign key (usuariodestino) references usuarios
LOG4J20:17:28,228 DEBUG SQL:109 - alter table coswg2.mensajes add constraint FK_161a6v43gnev3xmhgbiom2bji foreign key (usuariodestino) references usuarios
Hibernate: alter table coswg2.mensajes add constraint FK_161a6v43gnev3xmhgbiom2bji foreign key (usuariodestino) references usuarios
[HIBERNATE] --&gt; 20:17:28 ERROR org.hibernate.tool.hbm2ddl.SchemaExport - HHH000389: Unsuccessful: alter table coswg2.mensajes add constraint FK_161a6v43gnev3xmhgbiom2bji foreign key (usuariodestino) references usuarios
LOG4J20:17:28,229 ERROR SchemaExport:425 - HHH000389: Unsuccessful: alter table coswg2.mensajes add constraint FK_161a6v43gnev3xmhgbiom2bji foreign key (usuariodestino) references usuarios
[HIBERNATE] --&gt; 20:17:28 ERROR org.hibernate.tool.hbm2ddl.SchemaExport - Schema &quot;COSWG2&quot; no encontrado
Schema &quot;COSWG2&quot; not found; SQL statement:
alter table coswg2.mensajes add constraint FK_161a6v43gnev3xmhgbiom2bji foreign key (usuariodestino) references usuarios [90079-184]
LOG4J20:17:28,230 ERROR SchemaExport:426 - Schema &quot;COSWG2&quot; no encontrado
Schema &quot;COSWG2&quot; not found; SQL statement:
alter table coswg2.mensajes add constraint FK_161a6v43gnev3xmhgbiom2bji foreign key (usuariodestino) references usuarios [90079-184]
[HIBERNATE] --&gt; 20:17:28 DEBUG org.hibernate.SQL - alter table coswg2.mensajes add constraint FK_icc7sbcnwgdnsfjafsjyp4fw5 foreign key (usuariosorigen) references usuarios
LOG4J20:17:28,231 DEBUG SQL:109 - alter table coswg2.mensajes add constraint FK_icc7sbcnwgdnsfjafsjyp4fw5 foreign key (usuariosorigen) references usuarios
Hibernate: alter table coswg2.mensajes add constraint FK_icc7sbcnwgdnsfjafsjyp4fw5 foreign key (usuariosorigen) references usuarios
[HIBERNATE] --&gt; 20:17:28 ERROR org.hibernate.tool.hbm2ddl.SchemaExport - HHH000389: Unsuccessful: alter table coswg2.mensajes add constraint FK_icc7sbcnwgdnsfjafsjyp4fw5 foreign key (usuariosorigen) references usuarios
LOG4J20:17:28,232 ERROR SchemaExport:425 - HHH000389: Unsuccessful: alter table coswg2.mensajes add constraint FK_icc7sbcnwgdnsfjafsjyp4fw5 foreign key (usuariosorigen) references usuarios
[HIBERNATE] --&gt; 20:17:28 ERROR org.hibernate.tool.hbm2ddl.SchemaExport - Schema &quot;COSWG2&quot; no encontrado
Schema &quot;COSWG2&quot; not found; SQL statement:
alter table coswg2.mensajes add constraint FK_icc7sbcnwgdnsfjafsjyp4fw5 foreign key (usuariosorigen) references usuarios [90079-184]
LOG4J20:17:28,232 ERROR SchemaExport:426 - Schema &quot;COSWG2&quot; no encontrado
Schema &quot;COSWG2&quot; not found; SQL statement:
alter table coswg2.mensajes add constraint FK_icc7sbcnwgdnsfjafsjyp4fw5 foreign key (usuariosorigen) references usuarios [90079-184]
[HIBERNATE] --&gt; 20:17:28 DEBUG org.hibernate.SQL - alter table coswg2.usuarios_has_grupos add constraint FK_e58l2yqauyrjc8h885io4m59j foreign key (usuarios_carne) references usuarios
LOG4J20:17:28,233 DEBUG SQL:109 - alter table coswg2.usuarios_has_grupos add constraint FK_e58l2yqauyrjc8h885io4m59j foreign key (usuarios_carne) references usuarios
Hibernate: alter table coswg2.usuarios_has_grupos add constraint FK_e58l2yqauyrjc8h885io4m59j foreign key (usuarios_carne) references usuarios
[HIBERNATE] --&gt; 20:17:28 ERROR org.hibernate.tool.hbm2ddl.SchemaExport - HHH000389: Unsuccessful: alter table coswg2.usuarios_has_grupos add constraint FK_e58l2yqauyrjc8h885io4m59j foreign key (usuarios_carne) references usuarios
LOG4J20:17:28,233 ERROR SchemaExport:425 - HHH000389: Unsuccessful: alter table coswg2.usuarios_has_grupos add constraint FK_e58l2yqauyrjc8h885io4m59j foreign key (usuarios_carne) references usuarios
[HIBERNATE] --&gt; 20:17:28 ERROR org.hibernate.tool.hbm2ddl.SchemaExport - Schema &quot;COSWG2&quot; no encontrado
Schema &quot;COSWG2&quot; not found; SQL statement:
alter table coswg2.usuarios_has_grupos add constraint FK_e58l2yqauyrjc8h885io4m59j foreign key (usuarios_carne) references usuarios [90079-184]
LOG4J20:17:28,234 ERROR SchemaExport:426 - Schema &quot;COSWG2&quot; no encontrado
Schema &quot;COSWG2&quot; not found; SQL statement:
alter table coswg2.usuarios_has_grupos add constraint FK_e58l2yqauyrjc8h885io4m59j foreign key (usuarios_carne) references usuarios [90079-184]
[HIBERNATE] --&gt; 20:17:28 DEBUG org.hibernate.SQL - alter table coswg2.usuarios_has_grupos add constraint FK_bl6vtpmwupgsfa8onqokxtlhq foreign key (grupos_id) references grupos
LOG4J20:17:28,234 DEBUG SQL:109 - alter table coswg2.usuarios_has_grupos add constraint FK_bl6vtpmwupgsfa8onqokxtlhq foreign key (grupos_id) references grupos
Hibernate: alter table coswg2.usuarios_has_grupos add constraint FK_bl6vtpmwupgsfa8onqokxtlhq foreign key (grupos_id) references grupos
[HIBERNATE] --&gt; 20:17:28 ERROR org.hibernate.tool.hbm2ddl.SchemaExport - HHH000389: Unsuccessful: alter table coswg2.usuarios_has_grupos add constraint FK_bl6vtpmwupgsfa8onqokxtlhq foreign key (grupos_id) references grupos
LOG4J20:17:28,235 ERROR SchemaExport:425 - HHH000389: Unsuccessful: alter table coswg2.usuarios_has_grupos add constraint FK_bl6vtpmwupgsfa8onqokxtlhq foreign key (grupos_id) references grupos
[HIBERNATE] --&gt; 20:17:28 ERROR org.hibernate.tool.hbm2ddl.SchemaExport - Schema &quot;COSWG2&quot; no encontrado
Schema &quot;COSWG2&quot; not found; SQL statement:
alter table coswg2.usuarios_has_grupos add constraint FK_bl6vtpmwupgsfa8onqokxtlhq foreign key (grupos_id) references grupos [90079-184]
LOG4J20:17:28,235 ERROR SchemaExport:426 - Schema &quot;COSWG2&quot; no encontrado
Schema &quot;COSWG2&quot; not found; SQL statement:
alter table coswg2.usuarios_has_grupos add constraint FK_bl6vtpmwupgsfa8onqokxtlhq foreign key (grupos_id) references grupos [90079-184]
[HIBERNATE] --&gt; 20:17:28 DEBUG org.hibernate.SQL - alter table grupos add constraint FK_msjir0oy21uxwrkvepea8ydek foreign key (administrador) references usuarios
LOG4J20:17:28,236 DEBUG SQL:109 - alter table grupos add constraint FK_msjir0oy21uxwrkvepea8ydek foreign key (administrador) references usuarios
Hibernate: alter table grupos add constraint FK_msjir0oy21uxwrkvepea8ydek foreign key (administrador) references usuarios
LOG4J20:17:28,409 DEBUG DefaultListableBeanFactory:247 - Returning cached instance of singleton bean &apos;org.springframework.transaction.config.internalTransactionAdvisor&apos;
LOG4J20:17:28,411 DEBUG DefaultListableBeanFactory:477 - Finished creating instance of bean &apos;entityManagerFactory&apos;
LOG4J20:17:28,412 DEBUG DefaultListableBeanFactory:672 - Pre-instantiating singletons in org.springframework.beans.factory.support.DefaultListableBeanFactory@51fadaff: defining beans [org.springframework.context.annotation.internalConfigurationAnnotationProcessor,org.springframework.context.annotation.internalAutowiredAnnotationProcessor,org.springframework.context.annotation.internalRequiredAnnotationProcessor,org.springframework.context.annotation.internalCommonAnnotationProcessor,org.springframework.context.annotation.internalPersistenceAnnotationProcessor,app,facade,org.springframework.data.jpa.repository.config.JpaRepositoryConfigExtension#0,org.springframework.data.repository.core.support.RepositoryInterfaceAwareBeanPostProcessor,foo,jpaMappingContext,carrerasCrudFactory,gruposCrudFactory,eventosCrudFactory,usuariosCrudFactory,edificioCrudFactory,mensajesCrudFactory,dataSource,jpaVendorAdapter,entityManagerFactory,transactionManager,org.springframework.aop.config.internalAutoProxyCreator,org.springframework.transaction.annotation.AnnotationTransactionAttributeSource#0,org.springframework.transaction.interceptor.TransactionInterceptor#0,org.springframework.transaction.config.internalTransactionAdvisor,org.springframework.context.annotation.ConfigurationClassPostProcessor.importAwareProcessor,org.springframework.context.annotation.ConfigurationClassPostProcessor.enhancedConfigurationProcessor,org.springframework.orm.jpa.SharedEntityManagerCreator#0]; root of factory hierarchy
LOG4J20:17:28,413 DEBUG DefaultListableBeanFactory:247 - Returning cached instance of singleton bean &apos;org.springframework.context.annotation.internalConfigurationAnnotationProcessor&apos;
LOG4J20:17:28,413 DEBUG DefaultListableBeanFactory:247 - Returning cached instance of singleton bean &apos;org.springframework.context.annotation.internalAutowiredAnnotationProcessor&apos;
LOG4J20:17:28,414 DEBUG DefaultListableBeanFactory:247 - Returning cached instance of singleton bean &apos;org.springframework.context.annotation.internalRequiredAnnotationProcessor&apos;
LOG4J20:17:28,414 DEBUG DefaultListableBeanFactory:247 - Returning cached instance of singleton bean &apos;org.springframework.context.annotation.internalCommonAnnotationProcessor&apos;
LOG4J20:17:28,414 DEBUG DefaultListableBeanFactory:247 - Returning cached instance of singleton bean &apos;org.springframework.context.annotation.internalPersistenceAnnotationProcessor&apos;
LOG4J20:17:28,414 DEBUG DefaultListableBeanFactory:221 - Creating shared instance of singleton bean &apos;app&apos;
LOG4J20:17:28,415 DEBUG DefaultListableBeanFactory:449 - Creating instance of bean &apos;app&apos;
LOG4J20:17:28,422 DEBUG DefaultListableBeanFactory:523 - Eagerly caching bean &apos;app&apos; to allow for resolving potential circular references
LOG4J20:17:28,425 DEBUG DefaultListableBeanFactory:247 - Returning cached instance of singleton bean &apos;org.springframework.transaction.config.internalTransactionAdvisor&apos;
LOG4J20:17:28,427 DEBUG DefaultListableBeanFactory:477 - Finished creating instance of bean &apos;app&apos;
LOG4J20:17:28,428 DEBUG DefaultListableBeanFactory:221 - Creating shared instance of singleton bean &apos;facade&apos;
LOG4J20:17:28,428 DEBUG DefaultListableBeanFactory:449 - Creating instance of bean &apos;facade&apos;
LOG4J20:17:28,444 DEBUG InjectionMetadata:72 - Registered injected element on class [com.tservice.facade.facade]: AutowiredFieldElement for com.tservice.Persistencia.UsuariosCrudFactory com.tservice.facade.facade.usuCrud
LOG4J20:17:28,444 DEBUG InjectionMetadata:72 - Registered injected element on class [com.tservice.facade.facade]: AutowiredFieldElement for com.tservice.Persistencia.CarrerasCrudFactory com.tservice.facade.facade.carreCrud
LOG4J20:17:28,444 DEBUG InjectionMetadata:72 - Registered injected element on class [com.tservice.facade.facade]: AutowiredFieldElement for com.tservice.facade.App com.tservice.facade.facade.envio
LOG4J20:17:28,445 DEBUG InjectionMetadata:72 - Registered injected element on class [com.tservice.facade.facade]: AutowiredFieldElement for com.tservice.Persistencia.GruposCrudFactory com.tservice.facade.facade.gruposCrud
LOG4J20:17:28,445 DEBUG DefaultListableBeanFactory:523 - Eagerly caching bean &apos;facade&apos; to allow for resolving potential circular references
LOG4J20:17:28,462 DEBUG InjectionMetadata:86 - Processing injected element of bean &apos;facade&apos;: AutowiredFieldElement for com.tservice.Persistencia.UsuariosCrudFactory com.tservice.facade.facade.usuCrud
LOG4J20:17:28,474 DEBUG DefaultListableBeanFactory:221 - Creating shared instance of singleton bean &apos;usuariosCrudFactory&apos;
LOG4J20:17:28,474 DEBUG DefaultListableBeanFactory:449 - Creating instance of bean &apos;usuariosCrudFactory&apos;
LOG4J20:17:28,559 DEBUG InjectionMetadata:72 - Registered injected element on class [org.springframework.data.jpa.repository.support.JpaRepositoryFactoryBean]: PersistenceElement for public void org.springframework.data.jpa.repository.support.JpaRepositoryFactoryBean.setEntityManager(javax.persistence.EntityManager)
LOG4J20:17:28,561 DEBUG DefaultListableBeanFactory:523 - Eagerly caching bean &apos;usuariosCrudFactory&apos; to allow for resolving potential circular references
LOG4J20:17:28,568 DEBUG InjectionMetadata:86 - Processing injected element of bean &apos;usuariosCrudFactory&apos;: PersistenceElement for public void org.springframework.data.jpa.repository.support.JpaRepositoryFactoryBean.setEntityManager(javax.persistence.EntityManager)
LOG4J20:17:28,575 DEBUG DefaultListableBeanFactory:449 - Creating instance of bean &apos;(inner bean)#949c598&apos;
LOG4J20:17:28,584 DEBUG DefaultListableBeanFactory:449 - Creating instance of bean &apos;(inner bean)#688a2c09&apos;
LOG4J20:17:28,602 DEBUG DefaultListableBeanFactory:1596 - Invoking afterPropertiesSet() on bean with name &apos;(inner bean)#688a2c09&apos;
LOG4J20:17:28,603 DEBUG DefaultListableBeanFactory:247 - Returning cached instance of singleton bean &apos;org.springframework.transaction.config.internalTransactionAdvisor&apos;
LOG4J20:17:28,604 DEBUG DefaultListableBeanFactory:477 - Finished creating instance of bean &apos;(inner bean)#688a2c09&apos;
LOG4J20:17:28,604 DEBUG DefaultListableBeanFactory:247 - Returning cached instance of singleton bean &apos;org.springframework.transaction.config.internalTransactionAdvisor&apos;
LOG4J20:17:28,623 DEBUG DefaultListableBeanFactory:247 - Returning cached instance of singleton bean &apos;org.springframework.transaction.config.internalTransactionAdvisor&apos;
LOG4J20:17:28,626 DEBUG DefaultListableBeanFactory:477 - Finished creating instance of bean &apos;(inner bean)#949c598&apos;
LOG4J20:17:28,627 DEBUG DefaultListableBeanFactory:449 - Creating instance of bean &apos;(inner bean)#5d7399f9&apos;
LOG4J20:17:28,638 DEBUG DefaultListableBeanFactory:247 - Returning cached instance of singleton bean &apos;org.springframework.transaction.config.internalTransactionAdvisor&apos;
LOG4J20:17:28,639 DEBUG DefaultListableBeanFactory:477 - Finished creating instance of bean &apos;(inner bean)#5d7399f9&apos;
LOG4J20:17:28,640 DEBUG DefaultListableBeanFactory:449 - Creating instance of bean &apos;(inner bean)#6d099323&apos;
LOG4J20:17:28,642 DEBUG DefaultListableBeanFactory:247 - Returning cached instance of singleton bean &apos;entityManagerFactory&apos;
LOG4J20:17:28,642 DEBUG DefaultListableBeanFactory:247 - Returning cached instance of singleton bean &apos;org.springframework.transaction.config.internalTransactionAdvisor&apos;
LOG4J20:17:28,687 DEBUG DefaultListableBeanFactory:247 - Returning cached instance of singleton bean &apos;org.springframework.transaction.config.internalTransactionAdvisor&apos;
LOG4J20:17:28,689 DEBUG DefaultListableBeanFactory:477 - Finished creating instance of bean &apos;(inner bean)#6d099323&apos;
LOG4J20:17:28,690 DEBUG DefaultListableBeanFactory:221 - Creating shared instance of singleton bean &apos;jpaMappingContext&apos;
LOG4J20:17:28,691 DEBUG DefaultListableBeanFactory:449 - Creating instance of bean &apos;jpaMappingContext&apos;
LOG4J20:17:28,693 DEBUG DefaultListableBeanFactory:523 - Eagerly caching bean &apos;jpaMappingContext&apos; to allow for resolving potential circular references
LOG4J20:17:28,707 DEBUG DefaultListableBeanFactory:1596 - Invoking afterPropertiesSet() on bean with name &apos;jpaMappingContext&apos;
LOG4J20:17:28,708 DEBUG DefaultListableBeanFactory:247 - Returning cached instance of singleton bean &apos;org.springframework.transaction.config.internalTransactionAdvisor&apos;
LOG4J20:17:28,709 DEBUG DefaultListableBeanFactory:243 - Returning eagerly cached instance of singleton bean &apos;jpaMappingContext&apos; that is not fully initialized yet - a consequence of a circular reference
LOG4J20:17:28,710 DEBUG DefaultListableBeanFactory:247 - Returning cached instance of singleton bean &apos;entityManagerFactory&apos;
LOG4J20:17:28,808 DEBUG DefaultListableBeanFactory:477 - Finished creating instance of bean &apos;jpaMappingContext&apos;
LOG4J20:17:28,808 DEBUG DefaultListableBeanFactory:247 - Returning cached instance of singleton bean &apos;org.springframework.transaction.config.internalTransactionAdvisor&apos;
LOG4J20:17:28,815 DEBUG DefaultListableBeanFactory:1596 - Invoking afterPropertiesSet() on bean with name &apos;usuariosCrudFactory&apos;
LOG4J20:17:28,854 DEBUG SharedEntityManagerCreator$SharedEntityManagerInvocationHandler:282 - Creating new EntityManager for shared EntityManager invocation
LOG4J20:17:28,987 DEBUG EntityManagerFactoryUtils:432 - Closing JPA EntityManager
LOG4J20:17:29,013 DEBUG SharedEntityManagerCreator$SharedEntityManagerInvocationHandler:282 - Creating new EntityManager for shared EntityManager invocation
LOG4J20:17:29,015 DEBUG EntityManagerFactoryUtils:432 - Closing JPA EntityManager
LOG4J20:17:29,026 DEBUG JdkDynamicAopProxy:117 - Creating JDK dynamic proxy: target source is org.springframework.data.jpa.repository.support.CrudMethodMetadataPostProcessor$ThreadBoundTargetSource@568750b7
LOG4J20:17:29,057 DEBUG JdkDynamicAopProxy:117 - Creating JDK dynamic proxy: target source is SingletonTargetSource for target object [org.springframework.data.jpa.repository.support.SimpleJpaRepository@7e91ed74]
LOG4J20:17:29,066 DEBUG DefaultListableBeanFactory:247 - Returning cached instance of singleton bean &apos;org.springframework.transaction.config.internalTransactionAdvisor&apos;
LOG4J20:17:29,071 DEBUG DefaultListableBeanFactory:477 - Finished creating instance of bean &apos;usuariosCrudFactory&apos;
LOG4J20:17:29,072 DEBUG DefaultListableBeanFactory:247 - Returning cached instance of singleton bean &apos;org.springframework.transaction.config.internalTransactionAdvisor&apos;
LOG4J20:17:29,075 DEBUG AutowiredAnnotationBeanPostProcessor:441 - Autowiring by type from bean name &apos;facade&apos; to bean named &apos;usuariosCrudFactory&apos;
LOG4J20:17:29,076 DEBUG InjectionMetadata:86 - Processing injected element of bean &apos;facade&apos;: AutowiredFieldElement for com.tservice.Persistencia.CarrerasCrudFactory com.tservice.facade.facade.carreCrud
LOG4J20:17:29,077 DEBUG DefaultListableBeanFactory:221 - Creating shared instance of singleton bean &apos;carrerasCrudFactory&apos;
LOG4J20:17:29,078 DEBUG DefaultListableBeanFactory:449 - Creating instance of bean &apos;carrerasCrudFactory&apos;
LOG4J20:17:29,079 DEBUG InjectionMetadata:72 - Registered injected element on class [org.springframework.data.jpa.repository.support.JpaRepositoryFactoryBean]: PersistenceElement for public void org.springframework.data.jpa.repository.support.JpaRepositoryFactoryBean.setEntityManager(javax.persistence.EntityManager)
LOG4J20:17:29,080 DEBUG DefaultListableBeanFactory:523 - Eagerly caching bean &apos;carrerasCrudFactory&apos; to allow for resolving potential circular references
LOG4J20:17:29,081 DEBUG InjectionMetadata:86 - Processing injected element of bean &apos;carrerasCrudFactory&apos;: PersistenceElement for public void org.springframework.data.jpa.repository.support.JpaRepositoryFactoryBean.setEntityManager(javax.persistence.EntityManager)
LOG4J20:17:29,081 DEBUG DefaultListableBeanFactory:449 - Creating instance of bean &apos;(inner bean)#318c68d5&apos;
LOG4J20:17:29,082 DEBUG DefaultListableBeanFactory:449 - Creating instance of bean &apos;(inner bean)#4cfa83f9&apos;
LOG4J20:17:29,086 DEBUG DefaultListableBeanFactory:1596 - Invoking afterPropertiesSet() on bean with name &apos;(inner bean)#4cfa83f9&apos;
LOG4J20:17:29,086 DEBUG DefaultListableBeanFactory:247 - Returning cached instance of singleton bean &apos;org.springframework.transaction.config.internalTransactionAdvisor&apos;
LOG4J20:17:29,087 DEBUG DefaultListableBeanFactory:477 - Finished creating instance of bean &apos;(inner bean)#4cfa83f9&apos;
LOG4J20:17:29,087 DEBUG DefaultListableBeanFactory:247 - Returning cached instance of singleton bean &apos;org.springframework.transaction.config.internalTransactionAdvisor&apos;
LOG4J20:17:29,088 DEBUG DefaultListableBeanFactory:247 - Returning cached instance of singleton bean &apos;org.springframework.transaction.config.internalTransactionAdvisor&apos;
LOG4J20:17:29,089 DEBUG DefaultListableBeanFactory:477 - Finished creating instance of bean &apos;(inner bean)#318c68d5&apos;
LOG4J20:17:29,090 DEBUG DefaultListableBeanFactory:449 - Creating instance of bean &apos;(inner bean)#4c5a2baf&apos;
LOG4J20:17:29,102 DEBUG DefaultListableBeanFactory:247 - Returning cached instance of singleton bean &apos;org.springframework.transaction.config.internalTransactionAdvisor&apos;
LOG4J20:17:29,102 DEBUG DefaultListableBeanFactory:477 - Finished creating instance of bean &apos;(inner bean)#4c5a2baf&apos;
LOG4J20:17:29,104 DEBUG DefaultListableBeanFactory:449 - Creating instance of bean &apos;(inner bean)#1ec22831&apos;
LOG4J20:17:29,105 DEBUG DefaultListableBeanFactory:247 - Returning cached instance of singleton bean &apos;entityManagerFactory&apos;
LOG4J20:17:29,107 DEBUG DefaultListableBeanFactory:247 - Returning cached instance of singleton bean &apos;org.springframework.transaction.config.internalTransactionAdvisor&apos;
LOG4J20:17:29,109 DEBUG DefaultListableBeanFactory:477 - Finished creating instance of bean &apos;(inner bean)#1ec22831&apos;
LOG4J20:17:29,109 DEBUG DefaultListableBeanFactory:247 - Returning cached instance of singleton bean &apos;jpaMappingContext&apos;
LOG4J20:17:29,110 DEBUG DefaultListableBeanFactory:1596 - Invoking afterPropertiesSet() on bean with name &apos;carrerasCrudFactory&apos;
LOG4J20:17:29,111 DEBUG SharedEntityManagerCreator$SharedEntityManagerInvocationHandler:282 - Creating new EntityManager for shared EntityManager invocation
LOG4J20:17:29,115 DEBUG EntityManagerFactoryUtils:432 - Closing JPA EntityManager
LOG4J20:17:29,118 DEBUG SharedEntityManagerCreator$SharedEntityManagerInvocationHandler:282 - Creating new EntityManager for shared EntityManager invocation
LOG4J20:17:29,119 DEBUG EntityManagerFactoryUtils:432 - Closing JPA EntityManager
LOG4J20:17:29,121 DEBUG JdkDynamicAopProxy:117 - Creating JDK dynamic proxy: target source is org.springframework.data.jpa.repository.support.CrudMethodMetadataPostProcessor$ThreadBoundTargetSource@4373f66f
LOG4J20:17:29,122 DEBUG JdkDynamicAopProxy:117 - Creating JDK dynamic proxy: target source is SingletonTargetSource for target object [org.springframework.data.jpa.repository.support.SimpleJpaRepository@399ca607]
LOG4J20:17:29,133 DEBUG DefaultListableBeanFactory:247 - Returning cached instance of singleton bean &apos;org.springframework.transaction.config.internalTransactionAdvisor&apos;
LOG4J20:17:29,133 DEBUG DefaultListableBeanFactory:477 - Finished creating instance of bean &apos;carrerasCrudFactory&apos;
LOG4J20:17:29,134 DEBUG DefaultListableBeanFactory:247 - Returning cached instance of singleton bean &apos;org.springframework.transaction.config.internalTransactionAdvisor&apos;
LOG4J20:17:29,136 DEBUG AutowiredAnnotationBeanPostProcessor:441 - Autowiring by type from bean name &apos;facade&apos; to bean named &apos;carrerasCrudFactory&apos;
LOG4J20:17:29,137 DEBUG InjectionMetadata:86 - Processing injected element of bean &apos;facade&apos;: AutowiredFieldElement for com.tservice.facade.App com.tservice.facade.facade.envio
LOG4J20:17:29,137 DEBUG DefaultListableBeanFactory:247 - Returning cached instance of singleton bean &apos;app&apos;
LOG4J20:17:29,138 DEBUG AutowiredAnnotationBeanPostProcessor:441 - Autowiring by type from bean name &apos;facade&apos; to bean named &apos;app&apos;
LOG4J20:17:29,139 DEBUG InjectionMetadata:86 - Processing injected element of bean &apos;facade&apos;: AutowiredFieldElement for com.tservice.Persistencia.GruposCrudFactory com.tservice.facade.facade.gruposCrud
LOG4J20:17:29,139 DEBUG DefaultListableBeanFactory:221 - Creating shared instance of singleton bean &apos;gruposCrudFactory&apos;
LOG4J20:17:29,140 DEBUG DefaultListableBeanFactory:449 - Creating instance of bean &apos;gruposCrudFactory&apos;
LOG4J20:17:29,141 DEBUG InjectionMetadata:72 - Registered injected element on class [org.springframework.data.jpa.repository.support.JpaRepositoryFactoryBean]: PersistenceElement for public void org.springframework.data.jpa.repository.support.JpaRepositoryFactoryBean.setEntityManager(javax.persistence.EntityManager)
LOG4J20:17:29,141 DEBUG DefaultListableBeanFactory:523 - Eagerly caching bean &apos;gruposCrudFactory&apos; to allow for resolving potential circular references
LOG4J20:17:29,142 DEBUG InjectionMetadata:86 - Processing injected element of bean &apos;gruposCrudFactory&apos;: PersistenceElement for public void org.springframework.data.jpa.repository.support.JpaRepositoryFactoryBean.setEntityManager(javax.persistence.EntityManager)
LOG4J20:17:29,143 DEBUG DefaultListableBeanFactory:449 - Creating instance of bean &apos;(inner bean)#76bf1bb8&apos;
LOG4J20:17:29,144 DEBUG DefaultListableBeanFactory:449 - Creating instance of bean &apos;(inner bean)#2a235b8e&apos;
LOG4J20:17:29,145 DEBUG DefaultListableBeanFactory:1596 - Invoking afterPropertiesSet() on bean with name &apos;(inner bean)#2a235b8e&apos;
LOG4J20:17:29,146 DEBUG DefaultListableBeanFactory:247 - Returning cached instance of singleton bean &apos;org.springframework.transaction.config.internalTransactionAdvisor&apos;
LOG4J20:17:29,147 DEBUG DefaultListableBeanFactory:477 - Finished creating instance of bean &apos;(inner bean)#2a235b8e&apos;
LOG4J20:17:29,147 DEBUG DefaultListableBeanFactory:247 - Returning cached instance of singleton bean &apos;org.springframework.transaction.config.internalTransactionAdvisor&apos;
LOG4J20:17:29,148 DEBUG DefaultListableBeanFactory:247 - Returning cached instance of singleton bean &apos;org.springframework.transaction.config.internalTransactionAdvisor&apos;
LOG4J20:17:29,149 DEBUG DefaultListableBeanFactory:477 - Finished creating instance of bean &apos;(inner bean)#76bf1bb8&apos;
LOG4J20:17:29,149 DEBUG DefaultListableBeanFactory:449 - Creating instance of bean &apos;(inner bean)#38d08cb5&apos;
LOG4J20:17:29,150 DEBUG DefaultListableBeanFactory:247 - Returning cached instance of singleton bean &apos;org.springframework.transaction.config.internalTransactionAdvisor&apos;
LOG4J20:17:29,151 DEBUG DefaultListableBeanFactory:477 - Finished creating instance of bean &apos;(inner bean)#38d08cb5&apos;
LOG4J20:17:29,152 DEBUG DefaultListableBeanFactory:449 - Creating instance of bean &apos;(inner bean)#363c32cc&apos;
LOG4J20:17:29,153 DEBUG DefaultListableBeanFactory:247 - Returning cached instance of singleton bean &apos;entityManagerFactory&apos;
LOG4J20:17:29,154 DEBUG DefaultListableBeanFactory:247 - Returning cached instance of singleton bean &apos;org.springframework.transaction.config.internalTransactionAdvisor&apos;
LOG4J20:17:29,155 DEBUG DefaultListableBeanFactory:477 - Finished creating instance of bean &apos;(inner bean)#363c32cc&apos;
LOG4J20:17:29,156 DEBUG DefaultListableBeanFactory:247 - Returning cached instance of singleton bean &apos;jpaMappingContext&apos;
LOG4J20:17:29,158 DEBUG DefaultListableBeanFactory:1596 - Invoking afterPropertiesSet() on bean with name &apos;gruposCrudFactory&apos;
LOG4J20:17:29,159 DEBUG SharedEntityManagerCreator$SharedEntityManagerInvocationHandler:282 - Creating new EntityManager for shared EntityManager invocation
LOG4J20:17:29,161 DEBUG EntityManagerFactoryUtils:432 - Closing JPA EntityManager
LOG4J20:17:29,164 DEBUG SharedEntityManagerCreator$SharedEntityManagerInvocationHandler:282 - Creating new EntityManager for shared EntityManager invocation
LOG4J20:17:29,165 DEBUG EntityManagerFactoryUtils:432 - Closing JPA EntityManager
LOG4J20:17:29,166 DEBUG JdkDynamicAopProxy:117 - Creating JDK dynamic proxy: target source is org.springframework.data.jpa.repository.support.CrudMethodMetadataPostProcessor$ThreadBoundTargetSource@33f17289
LOG4J20:17:29,168 DEBUG JdkDynamicAopProxy:117 - Creating JDK dynamic proxy: target source is SingletonTargetSource for target object [org.springframework.data.jpa.repository.support.SimpleJpaRepository@f1266c6]
LOG4J20:17:29,173 DEBUG DefaultListableBeanFactory:247 - Returning cached instance of singleton bean &apos;org.springframework.transaction.config.internalTransactionAdvisor&apos;
LOG4J20:17:29,175 DEBUG DefaultListableBeanFactory:477 - Finished creating instance of bean &apos;gruposCrudFactory&apos;
LOG4J20:17:29,175 DEBUG DefaultListableBeanFactory:247 - Returning cached instance of singleton bean &apos;org.springframework.transaction.config.internalTransactionAdvisor&apos;
LOG4J20:17:29,177 DEBUG AutowiredAnnotationBeanPostProcessor:441 - Autowiring by type from bean name &apos;facade&apos; to bean named &apos;gruposCrudFactory&apos;
LOG4J20:17:29,177 DEBUG DefaultListableBeanFactory:247 - Returning cached instance of singleton bean &apos;org.springframework.transaction.config.internalTransactionAdvisor&apos;
LOG4J20:17:29,178 DEBUG DefaultListableBeanFactory:477 - Finished creating instance of bean &apos;facade&apos;
LOG4J20:17:29,179 DEBUG DefaultListableBeanFactory:247 - Returning cached instance of singleton bean &apos;org.springframework.data.repository.core.support.RepositoryInterfaceAwareBeanPostProcessor&apos;
LOG4J20:17:29,179 DEBUG DefaultListableBeanFactory:247 - Returning cached instance of singleton bean &apos;foo&apos;
LOG4J20:17:29,179 DEBUG DefaultListableBeanFactory:247 - Returning cached instance of singleton bean &apos;jpaMappingContext&apos;
LOG4J20:17:29,180 DEBUG DefaultListableBeanFactory:247 - Returning cached instance of singleton bean &apos;carrerasCrudFactory&apos;
LOG4J20:17:29,181 DEBUG DefaultListableBeanFactory:247 - Returning cached instance of singleton bean &apos;gruposCrudFactory&apos;
LOG4J20:17:29,181 DEBUG DefaultListableBeanFactory:221 - Creating shared instance of singleton bean &apos;eventosCrudFactory&apos;
LOG4J20:17:29,181 DEBUG DefaultListableBeanFactory:449 - Creating instance of bean &apos;eventosCrudFactory&apos;
LOG4J20:17:29,182 DEBUG InjectionMetadata:72 - Registered injected element on class [org.springframework.data.jpa.repository.support.JpaRepositoryFactoryBean]: PersistenceElement for public void org.springframework.data.jpa.repository.support.JpaRepositoryFactoryBean.setEntityManager(javax.persistence.EntityManager)
LOG4J20:17:29,183 DEBUG DefaultListableBeanFactory:523 - Eagerly caching bean &apos;eventosCrudFactory&apos; to allow for resolving potential circular references
LOG4J20:17:29,184 DEBUG InjectionMetadata:86 - Processing injected element of bean &apos;eventosCrudFactory&apos;: PersistenceElement for public void org.springframework.data.jpa.repository.support.JpaRepositoryFactoryBean.setEntityManager(javax.persistence.EntityManager)
LOG4J20:17:29,184 DEBUG DefaultListableBeanFactory:449 - Creating instance of bean &apos;(inner bean)#270d43a7&apos;
LOG4J20:17:29,185 DEBUG DefaultListableBeanFactory:449 - Creating instance of bean &apos;(inner bean)#1280682&apos;
LOG4J20:17:29,199 DEBUG DefaultListableBeanFactory:1596 - Invoking afterPropertiesSet() on bean with name &apos;(inner bean)#1280682&apos;
LOG4J20:17:29,200 DEBUG DefaultListableBeanFactory:247 - Returning cached instance of singleton bean &apos;org.springframework.transaction.config.internalTransactionAdvisor&apos;
LOG4J20:17:29,200 DEBUG DefaultListableBeanFactory:477 - Finished creating instance of bean &apos;(inner bean)#1280682&apos;
LOG4J20:17:29,200 DEBUG DefaultListableBeanFactory:247 - Returning cached instance of singleton bean &apos;org.springframework.transaction.config.internalTransactionAdvisor&apos;
LOG4J20:17:29,201 DEBUG DefaultListableBeanFactory:247 - Returning cached instance of singleton bean &apos;org.springframework.transaction.config.internalTransactionAdvisor&apos;
LOG4J20:17:29,202 DEBUG DefaultListableBeanFactory:477 - Finished creating instance of bean &apos;(inner bean)#270d43a7&apos;
LOG4J20:17:29,202 DEBUG DefaultListableBeanFactory:449 - Creating instance of bean &apos;(inner bean)#53d9826f&apos;
LOG4J20:17:29,203 DEBUG DefaultListableBeanFactory:247 - Returning cached instance of singleton bean &apos;org.springframework.transaction.config.internalTransactionAdvisor&apos;
LOG4J20:17:29,203 DEBUG DefaultListableBeanFactory:477 - Finished creating instance of bean &apos;(inner bean)#53d9826f&apos;
LOG4J20:17:29,204 DEBUG DefaultListableBeanFactory:449 - Creating instance of bean &apos;(inner bean)#1e84f3c8&apos;
LOG4J20:17:29,204 DEBUG DefaultListableBeanFactory:247 - Returning cached instance of singleton bean &apos;entityManagerFactory&apos;
LOG4J20:17:29,207 DEBUG DefaultListableBeanFactory:247 - Returning cached instance of singleton bean &apos;org.springframework.transaction.config.internalTransactionAdvisor&apos;
LOG4J20:17:29,208 DEBUG DefaultListableBeanFactory:477 - Finished creating instance of bean &apos;(inner bean)#1e84f3c8&apos;
LOG4J20:17:29,209 DEBUG DefaultListableBeanFactory:247 - Returning cached instance of singleton bean &apos;jpaMappingContext&apos;
LOG4J20:17:29,209 DEBUG DefaultListableBeanFactory:1596 - Invoking afterPropertiesSet() on bean with name &apos;eventosCrudFactory&apos;
LOG4J20:17:29,210 DEBUG SharedEntityManagerCreator$SharedEntityManagerInvocationHandler:282 - Creating new EntityManager for shared EntityManager invocation
LOG4J20:17:29,211 DEBUG EntityManagerFactoryUtils:432 - Closing JPA EntityManager
LOG4J20:17:29,217 DEBUG SharedEntityManagerCreator$SharedEntityManagerInvocationHandler:282 - Creating new EntityManager for shared EntityManager invocation
LOG4J20:17:29,218 DEBUG EntityManagerFactoryUtils:432 - Closing JPA EntityManager
LOG4J20:17:29,218 DEBUG JdkDynamicAopProxy:117 - Creating JDK dynamic proxy: target source is org.springframework.data.jpa.repository.support.CrudMethodMetadataPostProcessor$ThreadBoundTargetSource@7e7e962d
LOG4J20:17:29,219 DEBUG JdkDynamicAopProxy:117 - Creating JDK dynamic proxy: target source is SingletonTargetSource for target object [org.springframework.data.jpa.repository.support.SimpleJpaRepository@17229821]
LOG4J20:17:29,223 DEBUG DefaultListableBeanFactory:247 - Returning cached instance of singleton bean &apos;org.springframework.transaction.config.internalTransactionAdvisor&apos;
LOG4J20:17:29,223 DEBUG DefaultListableBeanFactory:477 - Finished creating instance of bean &apos;eventosCrudFactory&apos;
LOG4J20:17:29,223 DEBUG DefaultListableBeanFactory:247 - Returning cached instance of singleton bean &apos;usuariosCrudFactory&apos;
LOG4J20:17:29,224 DEBUG DefaultListableBeanFactory:221 - Creating shared instance of singleton bean &apos;edificioCrudFactory&apos;
LOG4J20:17:29,224 DEBUG DefaultListableBeanFactory:449 - Creating instance of bean &apos;edificioCrudFactory&apos;
LOG4J20:17:29,224 DEBUG InjectionMetadata:72 - Registered injected element on class [org.springframework.data.jpa.repository.support.JpaRepositoryFactoryBean]: PersistenceElement for public void org.springframework.data.jpa.repository.support.JpaRepositoryFactoryBean.setEntityManager(javax.persistence.EntityManager)
LOG4J20:17:29,225 DEBUG DefaultListableBeanFactory:523 - Eagerly caching bean &apos;edificioCrudFactory&apos; to allow for resolving potential circular references
LOG4J20:17:29,225 DEBUG InjectionMetadata:86 - Processing injected element of bean &apos;edificioCrudFactory&apos;: PersistenceElement for public void org.springframework.data.jpa.repository.support.JpaRepositoryFactoryBean.setEntityManager(javax.persistence.EntityManager)
LOG4J20:17:29,226 DEBUG DefaultListableBeanFactory:449 - Creating instance of bean &apos;(inner bean)#66fb45e5&apos;
LOG4J20:17:29,226 DEBUG DefaultListableBeanFactory:449 - Creating instance of bean &apos;(inner bean)#6cbe68e9&apos;
LOG4J20:17:29,227 DEBUG DefaultListableBeanFactory:1596 - Invoking afterPropertiesSet() on bean with name &apos;(inner bean)#6cbe68e9&apos;
LOG4J20:17:29,227 DEBUG DefaultListableBeanFactory:247 - Returning cached instance of singleton bean &apos;org.springframework.transaction.config.internalTransactionAdvisor&apos;
LOG4J20:17:29,228 DEBUG DefaultListableBeanFactory:477 - Finished creating instance of bean &apos;(inner bean)#6cbe68e9&apos;
LOG4J20:17:29,228 DEBUG DefaultListableBeanFactory:247 - Returning cached instance of singleton bean &apos;org.springframework.transaction.config.internalTransactionAdvisor&apos;
LOG4J20:17:29,229 DEBUG DefaultListableBeanFactory:247 - Returning cached instance of singleton bean &apos;org.springframework.transaction.config.internalTransactionAdvisor&apos;
LOG4J20:17:29,229 DEBUG DefaultListableBeanFactory:477 - Finished creating instance of bean &apos;(inner bean)#66fb45e5&apos;
LOG4J20:17:29,230 DEBUG DefaultListableBeanFactory:449 - Creating instance of bean &apos;(inner bean)#750a04ec&apos;
LOG4J20:17:29,230 DEBUG DefaultListableBeanFactory:247 - Returning cached instance of singleton bean &apos;org.springframework.transaction.config.internalTransactionAdvisor&apos;
LOG4J20:17:29,231 DEBUG DefaultListableBeanFactory:477 - Finished creating instance of bean &apos;(inner bean)#750a04ec&apos;
LOG4J20:17:29,231 DEBUG DefaultListableBeanFactory:449 - Creating instance of bean &apos;(inner bean)#49e2b3c5&apos;
LOG4J20:17:29,232 DEBUG DefaultListableBeanFactory:247 - Returning cached instance of singleton bean &apos;entityManagerFactory&apos;
LOG4J20:17:29,233 DEBUG DefaultListableBeanFactory:247 - Returning cached instance of singleton bean &apos;org.springframework.transaction.config.internalTransactionAdvisor&apos;
LOG4J20:17:29,234 DEBUG DefaultListableBeanFactory:477 - Finished creating instance of bean &apos;(inner bean)#49e2b3c5&apos;
LOG4J20:17:29,235 DEBUG DefaultListableBeanFactory:247 - Returning cached instance of singleton bean &apos;jpaMappingContext&apos;
LOG4J20:17:29,236 DEBUG DefaultListableBeanFactory:1596 - Invoking afterPropertiesSet() on bean with name &apos;edificioCrudFactory&apos;
LOG4J20:17:29,236 DEBUG SharedEntityManagerCreator$SharedEntityManagerInvocationHandler:282 - Creating new EntityManager for shared EntityManager invocation
LOG4J20:17:29,237 DEBUG EntityManagerFactoryUtils:432 - Closing JPA EntityManager
LOG4J20:17:29,240 DEBUG SharedEntityManagerCreator$SharedEntityManagerInvocationHandler:282 - Creating new EntityManager for shared EntityManager invocation
LOG4J20:17:29,241 DEBUG EntityManagerFactoryUtils:432 - Closing JPA EntityManager
LOG4J20:17:29,242 DEBUG JdkDynamicAopProxy:117 - Creating JDK dynamic proxy: target source is org.springframework.data.jpa.repository.support.CrudMethodMetadataPostProcessor$ThreadBoundTargetSource@30db5536
LOG4J20:17:29,243 DEBUG JdkDynamicAopProxy:117 - Creating JDK dynamic proxy: target source is SingletonTargetSource for target object [org.springframework.data.jpa.repository.support.SimpleJpaRepository@45b32dfe]
LOG4J20:17:29,255 DEBUG DefaultListableBeanFactory:247 - Returning cached instance of singleton bean &apos;org.springframework.transaction.config.internalTransactionAdvisor&apos;
LOG4J20:17:29,256 DEBUG DefaultListableBeanFactory:477 - Finished creating instance of bean &apos;edificioCrudFactory&apos;
LOG4J20:17:29,257 DEBUG DefaultListableBeanFactory:221 - Creating shared instance of singleton bean &apos;mensajesCrudFactory&apos;
LOG4J20:17:29,257 DEBUG DefaultListableBeanFactory:449 - Creating instance of bean &apos;mensajesCrudFactory&apos;
LOG4J20:17:29,260 DEBUG InjectionMetadata:72 - Registered injected element on class [org.springframework.data.jpa.repository.support.JpaRepositoryFactoryBean]: PersistenceElement for public void org.springframework.data.jpa.repository.support.JpaRepositoryFactoryBean.setEntityManager(javax.persistence.EntityManager)
LOG4J20:17:29,263 DEBUG DefaultListableBeanFactory:523 - Eagerly caching bean &apos;mensajesCrudFactory&apos; to allow for resolving potential circular references
LOG4J20:17:29,264 DEBUG InjectionMetadata:86 - Processing injected element of bean &apos;mensajesCrudFactory&apos;: PersistenceElement for public void org.springframework.data.jpa.repository.support.JpaRepositoryFactoryBean.setEntityManager(javax.persistence.EntityManager)
LOG4J20:17:29,265 DEBUG DefaultListableBeanFactory:449 - Creating instance of bean &apos;(inner bean)#22d9ca63&apos;
LOG4J20:17:29,266 DEBUG DefaultListableBeanFactory:449 - Creating instance of bean &apos;(inner bean)#484149eb&apos;
LOG4J20:17:29,269 DEBUG DefaultListableBeanFactory:1596 - Invoking afterPropertiesSet() on bean with name &apos;(inner bean)#484149eb&apos;
LOG4J20:17:29,269 DEBUG DefaultListableBeanFactory:247 - Returning cached instance of singleton bean &apos;org.springframework.transaction.config.internalTransactionAdvisor&apos;
LOG4J20:17:29,270 DEBUG DefaultListableBeanFactory:477 - Finished creating instance of bean &apos;(inner bean)#484149eb&apos;
LOG4J20:17:29,270 DEBUG DefaultListableBeanFactory:247 - Returning cached instance of singleton bean &apos;org.springframework.transaction.config.internalTransactionAdvisor&apos;
LOG4J20:17:29,271 DEBUG DefaultListableBeanFactory:247 - Returning cached instance of singleton bean &apos;org.springframework.transaction.config.internalTransactionAdvisor&apos;
LOG4J20:17:29,272 DEBUG DefaultListableBeanFactory:477 - Finished creating instance of bean &apos;(inner bean)#22d9ca63&apos;
LOG4J20:17:29,272 DEBUG DefaultListableBeanFactory:449 - Creating instance of bean &apos;(inner bean)#61874b9d&apos;
LOG4J20:17:29,273 DEBUG DefaultListableBeanFactory:247 - Returning cached instance of singleton bean &apos;org.springframework.transaction.config.internalTransactionAdvisor&apos;
LOG4J20:17:29,273 DEBUG DefaultListableBeanFactory:477 - Finished creating instance of bean &apos;(inner bean)#61874b9d&apos;
LOG4J20:17:29,274 DEBUG DefaultListableBeanFactory:449 - Creating instance of bean &apos;(inner bean)#d611f1c&apos;
LOG4J20:17:29,274 DEBUG DefaultListableBeanFactory:247 - Returning cached instance of singleton bean &apos;entityManagerFactory&apos;
LOG4J20:17:29,276 DEBUG DefaultListableBeanFactory:247 - Returning cached instance of singleton bean &apos;org.springframework.transaction.config.internalTransactionAdvisor&apos;
LOG4J20:17:29,277 DEBUG DefaultListableBeanFactory:477 - Finished creating instance of bean &apos;(inner bean)#d611f1c&apos;
LOG4J20:17:29,277 DEBUG DefaultListableBeanFactory:247 - Returning cached instance of singleton bean &apos;jpaMappingContext&apos;
LOG4J20:17:29,282 DEBUG DefaultListableBeanFactory:1596 - Invoking afterPropertiesSet() on bean with name &apos;mensajesCrudFactory&apos;
LOG4J20:17:29,283 DEBUG SharedEntityManagerCreator$SharedEntityManagerInvocationHandler:282 - Creating new EntityManager for shared EntityManager invocation
LOG4J20:17:29,283 DEBUG EntityManagerFactoryUtils:432 - Closing JPA EntityManager
LOG4J20:17:29,285 DEBUG SharedEntityManagerCreator$SharedEntityManagerInvocationHandler:282 - Creating new EntityManager for shared EntityManager invocation
LOG4J20:17:29,286 DEBUG EntityManagerFactoryUtils:432 - Closing JPA EntityManager
LOG4J20:17:29,287 DEBUG JdkDynamicAopProxy:117 - Creating JDK dynamic proxy: target source is org.springframework.data.jpa.repository.support.CrudMethodMetadataPostProcessor$ThreadBoundTargetSource@3b7c80c6
LOG4J20:17:29,288 DEBUG JdkDynamicAopProxy:117 - Creating JDK dynamic proxy: target source is SingletonTargetSource for target object [org.springframework.data.jpa.repository.support.SimpleJpaRepository@3b2e5c0d]
LOG4J20:17:29,293 DEBUG DefaultListableBeanFactory:247 - Returning cached instance of singleton bean &apos;org.springframework.transaction.config.internalTransactionAdvisor&apos;
LOG4J20:17:29,294 DEBUG DefaultListableBeanFactory:477 - Finished creating instance of bean &apos;mensajesCrudFactory&apos;
LOG4J20:17:29,294 DEBUG DefaultListableBeanFactory:247 - Returning cached instance of singleton bean &apos;dataSource&apos;
LOG4J20:17:29,297 DEBUG DefaultListableBeanFactory:247 - Returning cached instance of singleton bean &apos;jpaVendorAdapter&apos;
LOG4J20:17:29,298 DEBUG DefaultListableBeanFactory:247 - Returning cached instance of singleton bean &apos;entityManagerFactory&apos;
LOG4J20:17:29,298 DEBUG DefaultListableBeanFactory:221 - Creating shared instance of singleton bean &apos;transactionManager&apos;
LOG4J20:17:29,298 DEBUG DefaultListableBeanFactory:449 - Creating instance of bean &apos;transactionManager&apos;
LOG4J20:17:29,309 DEBUG DefaultListableBeanFactory:523 - Eagerly caching bean &apos;transactionManager&apos; to allow for resolving potential circular references
LOG4J20:17:29,315 DEBUG DefaultListableBeanFactory:247 - Returning cached instance of singleton bean &apos;entityManagerFactory&apos;
LOG4J20:17:29,316 DEBUG DefaultListableBeanFactory:1596 - Invoking afterPropertiesSet() on bean with name &apos;transactionManager&apos;
LOG4J20:17:29,317 DEBUG DefaultListableBeanFactory:247 - Returning cached instance of singleton bean &apos;org.springframework.transaction.config.internalTransactionAdvisor&apos;
LOG4J20:17:29,318 DEBUG DefaultListableBeanFactory:477 - Finished creating instance of bean &apos;transactionManager&apos;
LOG4J20:17:29,318 DEBUG DefaultListableBeanFactory:247 - Returning cached instance of singleton bean &apos;org.springframework.aop.config.internalAutoProxyCreator&apos;
LOG4J20:17:29,319 DEBUG DefaultListableBeanFactory:247 - Returning cached instance of singleton bean &apos;org.springframework.transaction.annotation.AnnotationTransactionAttributeSource#0&apos;
LOG4J20:17:29,319 DEBUG DefaultListableBeanFactory:221 - Creating shared instance of singleton bean &apos;org.springframework.transaction.interceptor.TransactionInterceptor#0&apos;
LOG4J20:17:29,319 DEBUG DefaultListableBeanFactory:449 - Creating instance of bean &apos;org.springframework.transaction.interceptor.TransactionInterceptor#0&apos;
LOG4J20:17:29,321 DEBUG DefaultListableBeanFactory:523 - Eagerly caching bean &apos;org.springframework.transaction.interceptor.TransactionInterceptor#0&apos; to allow for resolving potential circular references
LOG4J20:17:29,327 DEBUG DefaultListableBeanFactory:247 - Returning cached instance of singleton bean &apos;org.springframework.transaction.annotation.AnnotationTransactionAttributeSource#0&apos;
LOG4J20:17:29,328 DEBUG DefaultListableBeanFactory:1596 - Invoking afterPropertiesSet() on bean with name &apos;org.springframework.transaction.interceptor.TransactionInterceptor#0&apos;
LOG4J20:17:29,329 DEBUG DefaultListableBeanFactory:477 - Finished creating instance of bean &apos;org.springframework.transaction.interceptor.TransactionInterceptor#0&apos;
LOG4J20:17:29,329 DEBUG DefaultListableBeanFactory:247 - Returning cached instance of singleton bean &apos;org.springframework.transaction.config.internalTransactionAdvisor&apos;
LOG4J20:17:29,329 DEBUG DefaultListableBeanFactory:247 - Returning cached instance of singleton bean &apos;org.springframework.context.annotation.ConfigurationClassPostProcessor.importAwareProcessor&apos;
LOG4J20:17:29,330 DEBUG DefaultListableBeanFactory:247 - Returning cached instance of singleton bean &apos;org.springframework.context.annotation.ConfigurationClassPostProcessor.enhancedConfigurationProcessor&apos;
LOG4J20:17:29,330 DEBUG DefaultListableBeanFactory:221 - Creating shared instance of singleton bean &apos;org.springframework.orm.jpa.SharedEntityManagerCreator#0&apos;
LOG4J20:17:29,331 DEBUG DefaultListableBeanFactory:449 - Creating instance of bean &apos;org.springframework.orm.jpa.SharedEntityManagerCreator#0&apos;
LOG4J20:17:29,331 DEBUG DefaultListableBeanFactory:247 - Returning cached instance of singleton bean &apos;entityManagerFactory&apos;
LOG4J20:17:29,332 DEBUG DefaultListableBeanFactory:523 - Eagerly caching bean &apos;org.springframework.orm.jpa.SharedEntityManagerCreator#0&apos; to allow for resolving potential circular references
LOG4J20:17:29,333 DEBUG DefaultListableBeanFactory:247 - Returning cached instance of singleton bean &apos;org.springframework.transaction.config.internalTransactionAdvisor&apos;
LOG4J20:17:29,333 DEBUG DefaultListableBeanFactory:477 - Finished creating instance of bean &apos;org.springframework.orm.jpa.SharedEntityManagerCreator#0&apos;
LOG4J20:17:29,335 DEBUG GenericApplicationContext:702 - Unable to locate LifecycleProcessor with name &apos;lifecycleProcessor&apos;: using default [org.springframework.context.support.DefaultLifecycleProcessor@474179fa]
LOG4J20:17:29,336 DEBUG DefaultListableBeanFactory:247 - Returning cached instance of singleton bean &apos;lifecycleProcessor&apos;
LOG4J20:17:29,340 DEBUG PropertySourcesPropertyResolver:81 - Searching for key &apos;spring.liveBeansView.mbeanDomain&apos; in [systemProperties]
LOG4J20:17:29,341 DEBUG PropertySourcesPropertyResolver:81 - Searching for key &apos;spring.liveBeansView.mbeanDomain&apos; in [systemEnvironment]
LOG4J20:17:29,341 DEBUG PropertySourcesPropertyResolver:103 - Could not find key &apos;spring.liveBeansView.mbeanDomain&apos; in any property source. Returning [null]
LOG4J20:17:29,342 DEBUG CacheAwareContextLoaderDelegate:97 - Storing ApplicationContext in cache under key [[MergedContextConfiguration@6e75aa0d testClass = pruebas, locations = &apos;{classpath:applicationContextH2.xml}&apos;, classes = &apos;{}&apos;, contextInitializerClasses = &apos;[]&apos;, activeProfiles = &apos;{}&apos;, contextLoader = &apos;org.springframework.test.context.support.DelegatingSmartContextLoader&apos;, parent = [null]]]
LOG4J20:17:29,343 DEBUG cache:114 - Spring test ApplicationContext cache statistics: [ContextCache@67eec8e1 size = 1, hitCount = 0, missCount = 1, parentContextCount = 0]
LOG4J20:17:29,346 DEBUG InjectionMetadata:86 - Processing injected element of bean &apos;pruebas&apos;: AutowiredFieldElement for com.tservice.facade.facade pruebas.l
LOG4J20:17:29,346 DEBUG DefaultListableBeanFactory:247 - Returning cached instance of singleton bean &apos;facade&apos;
LOG4J20:17:29,347 DEBUG AutowiredAnnotationBeanPostProcessor:441 - Autowiring by type from bean name &apos;pruebas&apos; to bean named &apos;facade&apos;
LOG4J20:17:29,348 DEBUG DefaultListableBeanFactory:247 - Returning cached instance of singleton bean &apos;org.springframework.transaction.config.internalTransactionAdvisor&apos;
LOG4J20:17:32,409 DEBUG TransactionalRepositoryProxyPostProcessor$CustomAnnotationTransactionAttributeSource:299 - Adding transactional method &apos;exists&apos; with attribute: PROPAGATION_REQUIRED,ISOLATION_DEFAULT,readOnly; &apos;&apos;
LOG4J20:17:32,410 DEBUG DefaultListableBeanFactory:247 - Returning cached instance of singleton bean &apos;transactionManager&apos;
LOG4J20:17:32,423 DEBUG JpaTransactionManager:367 - Creating new transaction with name [org.springframework.data.jpa.repository.support.SimpleJpaRepository.exists]: PROPAGATION_REQUIRED,ISOLATION_DEFAULT,readOnly; &apos;&apos;
LOG4J20:17:32,425 DEBUG JpaTransactionManager:371 - Opened new EntityManager [org.hibernate.jpa.internal.EntityManagerImpl@2272cbb0] for JPA transaction
LOG4J20:17:32,439 DEBUG SimpleDriverDataSource:138 - Creating new JDBC Driver Connection to [jdbc:h2:mem:dataSource;DB_CLOSE_DELAY=-1;DB_CLOSE_ON_EXIT=false]
LOG4J20:17:32,461 DEBUG JpaTransactionManager:403 - Exposing JPA transaction as JDBC transaction [org.springframework.orm.jpa.vendor.HibernateJpaDialect$HibernateConnectionHandle@1a01d7f0]
[HIBERNATE] --&gt; 20:17:32 DEBUG org.hibernate.hql.internal.ast.QueryTranslatorImpl - parse() - HQL: select count(*) from com.tservice.Model.Usuarios x WHERE x.carne = :carne AND 1 = 1
LOG4J20:17:32,728 DEBUG QueryTranslatorImpl:294 - parse() - HQL: select count(*) from com.tservice.Model.Usuarios x WHERE x.carne = :carne AND 1 = 1
[HIBERNATE] --&gt; 20:17:32 DEBUG org.hibernate.hql.internal.ast.QueryTranslatorImpl - --- HQL AST ---
 \-[QUERY] Node: &apos;query&apos;
    +-[SELECT_FROM] Node: &apos;SELECT_FROM&apos;
    |  +-[FROM] Node: &apos;from&apos;
    |  |  \-[RANGE] Node: &apos;RANGE&apos;
    |  |     +-[DOT] Node: &apos;.&apos;
    |  |     |  +-[DOT] Node: &apos;.&apos;
    |  |     |  |  +-[DOT] Node: &apos;.&apos;
    |  |     |  |  |  +-[IDENT] Node: &apos;com&apos;
    |  |     |  |  |  \-[IDENT] Node: &apos;tservice&apos;
    |  |     |  |  \-[IDENT] Node: &apos;Model&apos;
    |  |     |  \-[IDENT] Node: &apos;Usuarios&apos;
    |  |     \-[ALIAS] Node: &apos;x&apos;
    |  \-[SELECT] Node: &apos;select&apos;
    |     \-[COUNT] Node: &apos;count&apos;
    |        \-[ROW_STAR] Node: &apos;*&apos;
    \-[WHERE] Node: &apos;WHERE&apos;
       \-[AND] Node: &apos;AND&apos;
          +-[EQ] Node: &apos;=&apos;
          |  +-[DOT] Node: &apos;.&apos;
          |  |  +-[IDENT] Node: &apos;x&apos;
          |  |  \-[IDENT] Node: &apos;carne&apos;
          |  \-[COLON] Node: &apos;:&apos;
          |     \-[IDENT] Node: &apos;carne&apos;
          \-[EQ] Node: &apos;=&apos;
             +-[NUM_INT] Node: &apos;1&apos;
             \-[NUM_INT] Node: &apos;1&apos;

LOG4J20:17:32,790 DEBUG QueryTranslatorImpl:312 - --- HQL AST ---
 \-[QUERY] Node: &apos;query&apos;
    +-[SELECT_FROM] Node: &apos;SELECT_FROM&apos;
    |  +-[FROM] Node: &apos;from&apos;
    |  |  \-[RANGE] Node: &apos;RANGE&apos;
    |  |     +-[DOT] Node: &apos;.&apos;
    |  |     |  +-[DOT] Node: &apos;.&apos;
    |  |     |  |  +-[DOT] Node: &apos;.&apos;
    |  |     |  |  |  +-[IDENT] Node: &apos;com&apos;
    |  |     |  |  |  \-[IDENT] Node: &apos;tservice&apos;
    |  |     |  |  \-[IDENT] Node: &apos;Model&apos;
    |  |     |  \-[IDENT] Node: &apos;Usuarios&apos;
    |  |     \-[ALIAS] Node: &apos;x&apos;
    |  \-[SELECT] Node: &apos;select&apos;
    |     \-[COUNT] Node: &apos;count&apos;
    |        \-[ROW_STAR] Node: &apos;*&apos;
    \-[WHERE] Node: &apos;WHERE&apos;
       \-[AND] Node: &apos;AND&apos;
          +-[EQ] Node: &apos;=&apos;
          |  +-[DOT] Node: &apos;.&apos;
          |  |  +-[IDENT] Node: &apos;x&apos;
          |  |  \-[IDENT] Node: &apos;carne&apos;
          |  \-[COLON] Node: &apos;:&apos;
          |     \-[IDENT] Node: &apos;carne&apos;
          \-[EQ] Node: &apos;=&apos;
             +-[NUM_INT] Node: &apos;1&apos;
             \-[NUM_INT] Node: &apos;1&apos;

[HIBERNATE] --&gt; 20:17:32 DEBUG org.hibernate.hql.internal.ast.ErrorCounter - throwQueryException() : no errors
LOG4J20:17:32,793 DEBUG ErrorCounter:113 - throwQueryException() : no errors
[HIBERNATE] --&gt; 20:17:32 DEBUG org.hibernate.hql.internal.antlr.HqlSqlBaseWalker - select &lt;&lt; begin [level=1, statement=select]
LOG4J20:17:32,936 DEBUG HqlSqlBaseWalker:121 - select &lt;&lt; begin [level=1, statement=select]
[HIBERNATE] --&gt; 20:17:33 DEBUG org.hibernate.hql.internal.ast.tree.FromElement - FromClause{level=1} : com.tservice.Model.Usuarios (x) -&gt; usuarios0_
LOG4J20:17:33,034 DEBUG FromElement:158 - FromClause{level=1} : com.tservice.Model.Usuarios (x) -&gt; usuarios0_
[HIBERNATE] --&gt; 20:17:33 DEBUG org.hibernate.hql.internal.ast.tree.FromReferenceNode - Resolved : x -&gt; usuarios0_.carne
LOG4J20:17:33,055 DEBUG FromReferenceNode:77 - Resolved : x -&gt; usuarios0_.carne
[HIBERNATE] --&gt; 20:17:33 DEBUG org.hibernate.hql.internal.ast.tree.DotNode - getDataType() : carne -&gt; org.hibernate.type.IntegerType@38600b
LOG4J20:17:33,062 DEBUG DotNode:656 - getDataType() : carne -&gt; org.hibernate.type.IntegerType@38600b
[HIBERNATE] --&gt; 20:17:33 DEBUG org.hibernate.hql.internal.ast.tree.FromReferenceNode - Resolved : x.carne -&gt; usuarios0_.carne
LOG4J20:17:33,069 DEBUG FromReferenceNode:77 - Resolved : x.carne -&gt; usuarios0_.carne
[HIBERNATE] --&gt; 20:17:33 DEBUG org.hibernate.hql.internal.antlr.HqlSqlBaseWalker - select : finishing up [level=1, statement=select]
LOG4J20:17:33,093 DEBUG HqlSqlBaseWalker:125 - select : finishing up [level=1, statement=select]
[HIBERNATE] --&gt; 20:17:33 DEBUG org.hibernate.hql.internal.ast.HqlSqlWalker - processQuery() :  ( SELECT ( {select clause} ( count * ) ) ( FromClause{level=1} usuarios usuarios0_ ) ( WHERE ( AND ( = ( usuarios0_.carne usuarios0_.carne carne ) ? ) ( = 1 1 ) ) ) )
LOG4J20:17:33,096 DEBUG HqlSqlWalker:665 - processQuery() :  ( SELECT ( {select clause} ( count * ) ) ( FromClause{level=1} usuarios usuarios0_ ) ( WHERE ( AND ( = ( usuarios0_.carne usuarios0_.carne carne ) ? ) ( = 1 1 ) ) ) )
[HIBERNATE] --&gt; 20:17:33 DEBUG org.hibernate.hql.internal.ast.util.JoinProcessor - Using FROM fragment [usuarios usuarios0_]
LOG4J20:17:33,140 DEBUG JoinProcessor:187 - Using FROM fragment [usuarios usuarios0_]
[HIBERNATE] --&gt; 20:17:33 DEBUG org.hibernate.hql.internal.antlr.HqlSqlBaseWalker - select &gt;&gt; end [level=1, statement=select]
LOG4J20:17:33,143 DEBUG HqlSqlBaseWalker:129 - select &gt;&gt; end [level=1, statement=select]
[HIBERNATE] --&gt; 20:17:33 DEBUG org.hibernate.hql.internal.ast.QueryTranslatorImpl - --- SQL AST ---
 \-[SELECT] QueryNode: &apos;SELECT&apos;  querySpaces (usuarios)
    +-[SELECT_CLAUSE] SelectClause: &apos;{select clause}&apos;
    |  +-[COUNT] CountNode: &apos;count&apos;
    |  |  \-[ROW_STAR] SqlNode: &apos;*&apos;
    |  \-[SELECT_COLUMNS] SqlNode: &apos; as col_0_0_&apos;
    +-[FROM] FromClause: &apos;from&apos; FromClause{level=1, fromElementCounter=1, fromElements=1, fromElementByClassAlias=[x], fromElementByTableAlias=[usuarios0_], fromElementsByPath=[], collectionJoinFromElementsByPath=[], impliedElements=[]}
    |  \-[FROM_FRAGMENT] FromElement: &apos;usuarios usuarios0_&apos; FromElement{explicit,not a collection join,not a fetch join,fetch non-lazy properties,classAlias=x,role=null,tableName=usuarios,tableAlias=usuarios0_,origin=null,columns={,className=com.tservice.Model.Usuarios}}
    \-[WHERE] SqlNode: &apos;WHERE&apos;
       \-[AND] SqlNode: &apos;AND&apos;
          +-[EQ] BinaryLogicOperatorNode: &apos;=&apos;
          |  +-[DOT] DotNode: &apos;usuarios0_.carne&apos; {propertyName=carne,dereferenceType=PRIMITIVE,getPropertyPath=carne,path=x.carne,tableAlias=usuarios0_,className=com.tservice.Model.Usuarios,classAlias=x}
          |  |  +-[ALIAS_REF] IdentNode: &apos;usuarios0_.carne&apos; {alias=x, className=com.tservice.Model.Usuarios, tableAlias=usuarios0_}
          |  |  \-[IDENT] IdentNode: &apos;carne&apos; {originalText=carne}
          |  \-[NAMED_PARAM] ParameterNode: &apos;?&apos; {name=carne, expectedType=org.hibernate.type.IntegerType@38600b}
          \-[EQ] BinaryLogicOperatorNode: &apos;=&apos;
             +-[NUM_INT] LiteralNode: &apos;1&apos;
             \-[NUM_INT] LiteralNode: &apos;1&apos;

LOG4J20:17:33,149 DEBUG QueryTranslatorImpl:281 - --- SQL AST ---
 \-[SELECT] QueryNode: &apos;SELECT&apos;  querySpaces (usuarios)
    +-[SELECT_CLAUSE] SelectClause: &apos;{select clause}&apos;
    |  +-[COUNT] CountNode: &apos;count&apos;
    |  |  \-[ROW_STAR] SqlNode: &apos;*&apos;
    |  \-[SELECT_COLUMNS] SqlNode: &apos; as col_0_0_&apos;
    +-[FROM] FromClause: &apos;from&apos; FromClause{level=1, fromElementCounter=1, fromElements=1, fromElementByClassAlias=[x], fromElementByTableAlias=[usuarios0_], fromElementsByPath=[], collectionJoinFromElementsByPath=[], impliedElements=[]}
    |  \-[FROM_FRAGMENT] FromElement: &apos;usuarios usuarios0_&apos; FromElement{explicit,not a collection join,not a fetch join,fetch non-lazy properties,classAlias=x,role=null,tableName=usuarios,tableAlias=usuarios0_,origin=null,columns={,className=com.tservice.Model.Usuarios}}
    \-[WHERE] SqlNode: &apos;WHERE&apos;
       \-[AND] SqlNode: &apos;AND&apos;
          +-[EQ] BinaryLogicOperatorNode: &apos;=&apos;
          |  +-[DOT] DotNode: &apos;usuarios0_.carne&apos; {propertyName=carne,dereferenceType=PRIMITIVE,getPropertyPath=carne,path=x.carne,tableAlias=usuarios0_,className=com.tservice.Model.Usuarios,classAlias=x}
          |  |  +-[ALIAS_REF] IdentNode: &apos;usuarios0_.carne&apos; {alias=x, className=com.tservice.Model.Usuarios, tableAlias=usuarios0_}
          |  |  \-[IDENT] IdentNode: &apos;carne&apos; {originalText=carne}
          |  \-[NAMED_PARAM] ParameterNode: &apos;?&apos; {name=carne, expectedType=org.hibernate.type.IntegerType@38600b}
          \-[EQ] BinaryLogicOperatorNode: &apos;=&apos;
             +-[NUM_INT] LiteralNode: &apos;1&apos;
             \-[NUM_INT] LiteralNode: &apos;1&apos;

[HIBERNATE] --&gt; 20:17:33 DEBUG org.hibernate.hql.internal.ast.ErrorCounter - throwQueryException() : no errors
LOG4J20:17:33,155 DEBUG ErrorCounter:113 - throwQueryException() : no errors
[HIBERNATE] --&gt; 20:17:33 DEBUG org.hibernate.hql.internal.ast.QueryTranslatorImpl - HQL: select count(*) from com.tservice.Model.Usuarios x WHERE x.carne = :carne AND 1 = 1
LOG4J20:17:33,182 DEBUG QueryTranslatorImpl:263 - HQL: select count(*) from com.tservice.Model.Usuarios x WHERE x.carne = :carne AND 1 = 1
[HIBERNATE] --&gt; 20:17:33 DEBUG org.hibernate.hql.internal.ast.QueryTranslatorImpl - SQL: select count(*) as col_0_0_ from usuarios usuarios0_ where usuarios0_.carne=? and 1=1
LOG4J20:17:33,183 DEBUG QueryTranslatorImpl:264 - SQL: select count(*) as col_0_0_ from usuarios usuarios0_ where usuarios0_.carne=? and 1=1
[HIBERNATE] --&gt; 20:17:33 DEBUG org.hibernate.hql.internal.ast.ErrorCounter - throwQueryException() : no errors
LOG4J20:17:33,185 DEBUG ErrorCounter:113 - throwQueryException() : no errors
[HIBERNATE] --&gt; 20:17:33 DEBUG org.hibernate.SQL - select count(*) as col_0_0_ from usuarios usuarios0_ where usuarios0_.carne=? and 1=1
LOG4J20:17:33,332 DEBUG SQL:109 - select count(*) as col_0_0_ from usuarios usuarios0_ where usuarios0_.carne=? and 1=1
Hibernate: select count(*) as col_0_0_ from usuarios usuarios0_ where usuarios0_.carne=? and 1=1
[HIBERNATE] --&gt; 20:17:33 TRACE org.hibernate.type.descriptor.sql.BasicBinder - binding parameter [1] as [INTEGER] - [2087459]
LOG4J20:17:33,375 TRACE BasicBinder:81 - binding parameter [1] as [INTEGER] - [2087459]
[HIBERNATE] --&gt; 20:17:33 TRACE org.hibernate.type.descriptor.sql.BasicExtractor - extracted value ([col_0_0_] : [BIGINT]) - [0]
LOG4J20:17:33,422 TRACE BasicExtractor:78 - extracted value ([col_0_0_] : [BIGINT]) - [0]
LOG4J20:17:33,482 DEBUG JpaTransactionManager:755 - Initiating transaction commit
LOG4J20:17:33,483 DEBUG JpaTransactionManager:512 - Committing JPA transaction on EntityManager [org.hibernate.jpa.internal.EntityManagerImpl@2272cbb0]
LOG4J20:17:33,489 DEBUG JpaTransactionManager:600 - Closing JPA EntityManager [org.hibernate.jpa.internal.EntityManagerImpl@2272cbb0] after transaction
LOG4J20:17:33,490 DEBUG EntityManagerFactoryUtils:432 - Closing JPA EntityManager
LOG4J20:17:52,381 DEBUG TransactionalRepositoryProxyPostProcessor$CustomAnnotationTransactionAttributeSource:299 - Adding transactional method &apos;findOne&apos; with attribute: PROPAGATION_REQUIRED,ISOLATION_DEFAULT,readOnly; &apos;&apos;
LOG4J20:17:52,382 DEBUG DefaultListableBeanFactory:247 - Returning cached instance of singleton bean &apos;transactionManager&apos;
LOG4J20:17:52,383 DEBUG JpaTransactionManager:367 - Creating new transaction with name [org.springframework.data.jpa.repository.support.SimpleJpaRepository.findOne]: PROPAGATION_REQUIRED,ISOLATION_DEFAULT,readOnly; &apos;&apos;
LOG4J20:17:52,384 DEBUG JpaTransactionManager:371 - Opened new EntityManager [org.hibernate.jpa.internal.EntityManagerImpl@1f782c05] for JPA transaction
LOG4J20:17:52,384 DEBUG SimpleDriverDataSource:138 - Creating new JDBC Driver Connection to [jdbc:h2:mem:dataSource;DB_CLOSE_DELAY=-1;DB_CLOSE_ON_EXIT=false]
LOG4J20:17:52,387 DEBUG JpaTransactionManager:403 - Exposing JPA transaction as JDBC transaction [org.springframework.orm.jpa.vendor.HibernateJpaDialect$HibernateConnectionHandle@432af457]
LOG4J20:17:52,390 DEBUG CrudMethodMetadataPostProcessor$ThreadBoundTargetSource:85 - Initializing lazy target object
[HIBERNATE] --&gt; 20:17:52 DEBUG org.hibernate.SQL - select carreras0_.id as id1_2_0_, carreras0_.nombre as nombre2_2_0_ from coswg2.carreras carreras0_ where carreras0_.id=?
LOG4J20:17:52,401 DEBUG SQL:109 - select carreras0_.id as id1_2_0_, carreras0_.nombre as nombre2_2_0_ from coswg2.carreras carreras0_ where carreras0_.id=?
Hibernate: select carreras0_.id as id1_2_0_, carreras0_.nombre as nombre2_2_0_ from coswg2.carreras carreras0_ where carreras0_.id=?
[HIBERNATE] --&gt; 20:17:52 WARN  org.hibernate.engine.jdbc.spi.SqlExceptionHelper - SQL Error: 90079, SQLState: 90079
LOG4J20:17:52,404  WARN SqlExceptionHelper:144 - SQL Error: 90079, SQLState: 90079
[HIBERNATE] --&gt; 20:17:52 ERROR org.hibernate.engine.jdbc.spi.SqlExceptionHelper - Schema &quot;COSWG2&quot; no encontrado
Schema &quot;COSWG2&quot; not found; SQL statement:
select carreras0_.id as id1_2_0_, carreras0_.nombre as nombre2_2_0_ from coswg2.carreras carreras0_ where carreras0_.id=? [90079-184]
LOG4J20:17:52,405 ERROR SqlExceptionHelper:146 - Schema &quot;COSWG2&quot; no encontrado
Schema &quot;COSWG2&quot; not found; SQL statement:
select carreras0_.id as id1_2_0_, carreras0_.nombre as nombre2_2_0_ from coswg2.carreras carreras0_ where carreras0_.id=? [90079-184]
[HIBERNATE] --&gt; 20:17:52 INFO  org.hibernate.event.internal.DefaultLoadEventListener - HHH000327: Error performing load command : org.hibernate.exception.GenericJDBCException: could not prepare statement
LOG4J20:17:52,410  INFO DefaultLoadEventListener:159 - HHH000327: Error performing load command : org.hibernate.exception.GenericJDBCException: could not prepare statement
LOG4J20:17:52,414 DEBUG JpaTransactionManager:847 - Initiating transaction rollback
LOG4J20:17:52,415 DEBUG JpaTransactionManager:538 - Rolling back JPA transaction on EntityManager [org.hibernate.jpa.internal.EntityManagerImpl@1f782c05]
LOG4J20:17:52,420 DEBUG JpaTransactionManager:600 - Closing JPA EntityManager [org.hibernate.jpa.internal.EntityManagerImpl@1f782c05] after transaction
LOG4J20:17:52,420 DEBUG EntityManagerFactoryUtils:432 - Closing JPA EntityManager
LOG4J20:17:52,424 DEBUG DefaultListableBeanFactory:247 - Returning cached instance of singleton bean &apos;entityManagerFactory&apos;
LOG4J20:17:52,450 DEBUG DirtiesContextTestExecutionListener:94 - After test method: context [DefaultTestContext@4f638935 testClass = pruebas, testInstance = pruebas@4387b79e, testMethod = hello@pruebas, testException = org.springframework.orm.jpa.JpaSystemException: could not prepare statement; nested exception is org.hibernate.exception.GenericJDBCException: could not prepare statement, mergedContextConfiguration = [MergedContextConfiguration@6e75aa0d testClass = pruebas, locations = &apos;{classpath:applicationContextH2.xml}&apos;, classes = &apos;{}&apos;, contextInitializerClasses = &apos;[]&apos;, activeProfiles = &apos;{}&apos;, contextLoader = &apos;org.springframework.test.context.support.DelegatingSmartContextLoader&apos;, parent = [null]]], class dirties context [false], class mode [null], method dirties context [false].
</system-out>
    <system-err>log4j:ERROR Could not find value for key log4j.appender.DEBUG
log4j:ERROR Could not instantiate appender named &quot;DEBUG&quot;.
</system-err>
  </testcase>
</testsuite>