<?xml version="1.0" encoding="UTF-8" ?>
<testsuite tests="1" failures="0" name="pruebas" time="3.038" errors="1" skipped="0">
  <properties>
    <property name="java.runtime.name" value="Java(TM) SE Runtime Environment"/>
    <property name="sun.boot.library.path" value="C:\Program Files\Java\jdk1.8.0_31\jre\bin"/>
    <property name="java.vm.version" value="25.31-b07"/>
    <property name="java.vm.vendor" value="Oracle Corporation"/>
    <property name="java.vendor.url" value="http://java.oracle.com/"/>
    <property name="path.separator" value=";"/>
    <property name="guice.disable.misplaced.annotation.check" value="true"/>
    <property name="java.vm.name" value="Java HotSpot(TM) 64-Bit Server VM"/>
    <property name="file.encoding.pkg" value="sun.io"/>
    <property name="user.script" value=""/>
    <property name="user.country" value="CO"/>
    <property name="sun.java.launcher" value="SUN_STANDARD"/>
    <property name="sun.os.patch.level" value=""/>
    <property name="test" value="pruebas"/>
    <property name="java.vm.specification.name" value="Java Virtual Machine Specification"/>
    <property name="user.dir" value="C:\Users\LuisAndres\Documents\GitHub\pgrproyecto"/>
    <property name="java.runtime.version" value="1.8.0_31-b13"/>
    <property name="java.awt.graphicsenv" value="sun.awt.Win32GraphicsEnvironment"/>
    <property name="java.endorsed.dirs" value="C:\Program Files\Java\jdk1.8.0_31\jre\lib\endorsed"/>
    <property name="os.arch" value="amd64"/>
    <property name="java.io.tmpdir" value="C:\Users\LUISAN~1\AppData\Local\Temp\"/>
    <property name="line.separator" value="
"/>
    <property name="java.vm.specification.vendor" value="Oracle Corporation"/>
    <property name="user.variant" value=""/>
    <property name="os.name" value="Windows 8.1"/>
    <property name="maven.ext.class.path" value="C:\Users\LuisAndres\AppData\Roaming\NetBeans\8.0.2\maven-nblib\netbeans-eventspy.jar"/>
    <property name="classworlds.conf" value="C:\Program Files\NetBeans 8.0.2\java\maven\bin\m2.conf"/>
    <property name="sun.jnu.encoding" value="Cp1252"/>
    <property name="java.library.path" value="C:\Program Files\Java\jdk1.8.0_31\bin;C:\Windows\Sun\Java\bin;C:\Windows\system32;C:\Windows;C:\ProgramData\Oracle\Java\javapath;C:\Program Files (x86)\NVIDIA Corporation\PhysX\Common;C:\Program Files (x86)\Intel\iCLS Client\;C:\Program Files\Intel\iCLS Client\;C:\Windows\system32;C:\Windows;C:\Windows\System32\Wbem;C:\Windows\System32\WindowsPowerShell\v1.0\;C:\Program Files (x86)\Windows Live\Shared;C:\Program Files\Intel\Intel(R) Management Engine Components\DAL;C:\Program Files\Intel\Intel(R) Management Engine Components\IPT;C:\Program Files (x86)\Intel\Intel(R) Management Engine Components\DAL;C:\Program Files (x86)\Intel\Intel(R) Management Engine Components\IPT;C:\Program Files\Hewlett-Packard\SimplePass\;c:\Program Files\Intel\WiFi\bin\;c:\Program Files\Common Files\Intel\WirelessCommon\;C:\Program Files\TortoiseSVN\bin;C:\Program Files\Microsoft SQL Server\110\Tools\Binn\;C:\Program Files\Microsoft SQL Server\110\DTS\Binn\;C:\Program Files (x86)\Microsoft SQL Server\110\Tools\Binn\;C:\Program Files (x86)\Microsoft SQL Server\110\Tools\Binn\ManagementStudio\;C:\Program Files (x86)\Microsoft Visual Studio 10.0\Common7\IDE\PrivateAssemblies\;C:\Program Files (x86)\Microsoft SQL Server\110\DTS\Binn\;C:\Program Files\Microsoft\Web Platform Installer\;C:\Program Files (x86)\Microsoft ASP.NET\ASP.NET Web Pages\v1.0\;C:\Program Files (x86)\Windows Kits\8.0\Windows Performance Toolkit\;C:\Program Files\Microsoft SQL Server\120\Tools\Binn\;C:\Program Files (x86)\Skype\Phone\;C:\Program Files (x86)\Java\jdk1.7.0_06\bin;."/>
    <property name="java.specification.name" value="Java Platform API Specification"/>
    <property name="java.class.version" value="52.0"/>
    <property name="sun.management.compiler" value="HotSpot 64-Bit Tiered Compilers"/>
    <property name="os.version" value="6.3"/>
    <property name="user.home" value="C:\Users\LuisAndres"/>
    <property name="user.timezone" value="America/Bogota"/>
    <property name="java.awt.printerjob" value="sun.awt.windows.WPrinterJob"/>
    <property name="java.specification.version" value="1.8"/>
    <property name="file.encoding" value="UTF-8"/>
    <property name="user.name" value="LuisAndres"/>
    <property name="java.class.path" value="C:\Program Files\NetBeans 8.0.2\java\maven\boot\plexus-classworlds-2.4.jar"/>
    <property name="java.vm.specification.version" value="1.8"/>
    <property name="sun.arch.data.model" value="64"/>
    <property name="java.home" value="C:\Program Files\Java\jdk1.8.0_31\jre"/>
    <property name="sun.java.command" value="org.codehaus.plexus.classworlds.launcher.Launcher -Dtest=pruebas -Dmaven.ext.class.path=C:\Users\LuisAndres\AppData\Roaming\NetBeans\8.0.2\maven-nblib\netbeans-eventspy.jar -Dfile.encoding=UTF-8 surefire:test"/>
    <property name="java.specification.vendor" value="Oracle Corporation"/>
    <property name="user.language" value="es"/>
    <property name="awt.toolkit" value="sun.awt.windows.WToolkit"/>
    <property name="java.vm.info" value="mixed mode"/>
    <property name="java.version" value="1.8.0_31"/>
    <property name="java.ext.dirs" value="C:\Program Files\Java\jdk1.8.0_31\jre\lib\ext;C:\Windows\Sun\Java\lib\ext"/>
    <property name="sun.boot.class.path" value="C:\Program Files\Java\jdk1.8.0_31\jre\lib\resources.jar;C:\Program Files\Java\jdk1.8.0_31\jre\lib\rt.jar;C:\Program Files\Java\jdk1.8.0_31\jre\lib\sunrsasign.jar;C:\Program Files\Java\jdk1.8.0_31\jre\lib\jsse.jar;C:\Program Files\Java\jdk1.8.0_31\jre\lib\jce.jar;C:\Program Files\Java\jdk1.8.0_31\jre\lib\charsets.jar;C:\Program Files\Java\jdk1.8.0_31\jre\lib\jfr.jar;C:\Program Files\Java\jdk1.8.0_31\jre\classes"/>
    <property name="java.vendor" value="Oracle Corporation"/>
    <property name="maven.home" value="C:\Program Files\NetBeans 8.0.2\java\maven"/>
    <property name="file.separator" value="\"/>
    <property name="java.vendor.url.bug" value="http://bugreport.sun.com/bugreport/"/>
    <property name="sun.cpu.endian" value="little"/>
    <property name="sun.io.unicode.encoding" value="UnicodeLittle"/>
    <property name="sun.desktop" value="windows"/>
    <property name="sun.cpu.isalist" value="amd64"/>
  </properties>
  <testcase classname="pruebas" name="hello" time="2.851">
    <error message="El usuario identificado con identificaci처n N째 1 no se encuentra registrado" type="com.tservice.exceptions.servergcmExceptions">com.tservice.exceptions.servergcmExceptions: El usuario identificado con identificaci처n N째 1 no se encuentra registrado
	at com.tservice.facade.facade.adicionarCalificacion(facade.java:114)
	at pruebas.hello(pruebas.java:54)
	at sun.reflect.NativeMethodAccessorImpl.invoke0(Native Method)
	at sun.reflect.NativeMethodAccessorImpl.invoke(NativeMethodAccessorImpl.java:62)
	at sun.reflect.DelegatingMethodAccessorImpl.invoke(DelegatingMethodAccessorImpl.java:43)
	at java.lang.reflect.Method.invoke(Method.java:483)
	at org.junit.runners.model.FrameworkMethod$1.runReflectiveCall(FrameworkMethod.java:45)
	at org.junit.internal.runners.model.ReflectiveCallable.run(ReflectiveCallable.java:15)
	at org.junit.runners.model.FrameworkMethod.invokeExplosively(FrameworkMethod.java:42)
	at org.junit.internal.runners.statements.InvokeMethod.evaluate(InvokeMethod.java:20)
	at org.springframework.test.context.junit4.statements.RunBeforeTestMethodCallbacks.evaluate(RunBeforeTestMethodCallbacks.java:74)
	at org.springframework.test.context.junit4.statements.RunAfterTestMethodCallbacks.evaluate(RunAfterTestMethodCallbacks.java:83)
	at org.springframework.test.context.junit4.statements.SpringRepeat.evaluate(SpringRepeat.java:72)
	at org.springframework.test.context.junit4.SpringJUnit4ClassRunner.runChild(SpringJUnit4ClassRunner.java:233)
	at org.springframework.test.context.junit4.SpringJUnit4ClassRunner.runChild(SpringJUnit4ClassRunner.java:87)
	at org.junit.runners.ParentRunner$3.run(ParentRunner.java:231)
	at org.junit.runners.ParentRunner$1.schedule(ParentRunner.java:60)
	at org.junit.runners.ParentRunner.runChildren(ParentRunner.java:229)
	at org.junit.runners.ParentRunner.access$000(ParentRunner.java:50)
	at org.junit.runners.ParentRunner$2.evaluate(ParentRunner.java:222)
	at org.springframework.test.context.junit4.statements.RunBeforeTestClassCallbacks.evaluate(RunBeforeTestClassCallbacks.java:61)
	at org.springframework.test.context.junit4.statements.RunAfterTestClassCallbacks.evaluate(RunAfterTestClassCallbacks.java:71)
	at org.junit.runners.ParentRunner.run(ParentRunner.java:300)
	at org.springframework.test.context.junit4.SpringJUnit4ClassRunner.run(SpringJUnit4ClassRunner.java:176)
	at org.apache.maven.surefire.junit4.JUnit4TestSet.execute(JUnit4TestSet.java:53)
	at org.apache.maven.surefire.junit4.JUnit4Provider.executeTestSet(JUnit4Provider.java:123)
	at org.apache.maven.surefire.junit4.JUnit4Provider.invoke(JUnit4Provider.java:104)
	at sun.reflect.NativeMethodAccessorImpl.invoke0(Native Method)
	at sun.reflect.NativeMethodAccessorImpl.invoke(NativeMethodAccessorImpl.java:62)
	at sun.reflect.DelegatingMethodAccessorImpl.invoke(DelegatingMethodAccessorImpl.java:43)
	at java.lang.reflect.Method.invoke(Method.java:483)
	at org.apache.maven.surefire.util.ReflectionUtils.invokeMethodWithArray(ReflectionUtils.java:164)
	at org.apache.maven.surefire.booter.ProviderFactory$ProviderProxy.invoke(ProviderFactory.java:110)
	at org.apache.maven.surefire.booter.SurefireStarter.invokeProvider(SurefireStarter.java:175)
	at org.apache.maven.surefire.booter.SurefireStarter.runSuitesInProcessWhenForked(SurefireStarter.java:107)
	at org.apache.maven.surefire.booter.ForkedBooter.main(ForkedBooter.java:68)
</error>
    <system-out>LOG4J23:02:11,165 DEBUG SpringJUnit4ClassRunner:105 - SpringJUnit4ClassRunner constructor called with [class pruebas].
LOG4J23:02:11,207 DEBUG AbstractDelegatingSmartContextLoader:90 - Delegating to GenericXmlContextLoader to process context configuration [ContextConfigurationAttributes@6537cf78 declaringClass = &apos;pruebas&apos;, classes = &apos;{}&apos;, locations = &apos;{classpath:applicationContextH2.xml}&apos;, inheritLocations = true, initializers = &apos;{}&apos;, inheritInitializers = true, name = [null], contextLoaderClass = &apos;org.springframework.test.context.ContextLoader&apos;].
LOG4J23:02:11,209 DEBUG ContextLoaderUtils:502 - Could not find an &apos;annotation declaring class&apos; for annotation type [org.springframework.test.context.ActiveProfiles] and class [pruebas]
LOG4J23:02:11,212 DEBUG TestContextManager:190 - @TestExecutionListeners is not present for class [pruebas]: using defaults.
LOG4J23:02:11,227 DEBUG ProfileValueUtils:70 - Retrieved @ProfileValueSourceConfiguration [null] for test class [pruebas]
LOG4J23:02:11,228 DEBUG ProfileValueUtils:82 - Retrieved ProfileValueSource type [class org.springframework.test.annotation.SystemProfileValueSource] for class [pruebas]
LOG4J23:02:11,229 DEBUG ProfileValueUtils:70 - Retrieved @ProfileValueSourceConfiguration [null] for test class [pruebas]
LOG4J23:02:11,229 DEBUG ProfileValueUtils:82 - Retrieved ProfileValueSource type [class org.springframework.test.annotation.SystemProfileValueSource] for class [pruebas]
LOG4J23:02:11,231 DEBUG ProfileValueUtils:70 - Retrieved @ProfileValueSourceConfiguration [null] for test class [pruebas]
LOG4J23:02:11,231 DEBUG ProfileValueUtils:82 - Retrieved ProfileValueSource type [class org.springframework.test.annotation.SystemProfileValueSource] for class [pruebas]
LOG4J23:02:11,234 DEBUG DependencyInjectionTestExecutionListener:73 - Performing dependency injection for test context [[DefaultTestContext@224edc67 testClass = pruebas, testInstance = pruebas@14acaea5, testMethod = [null], testException = [null], mergedContextConfiguration = [MergedContextConfiguration@46d56d67 testClass = pruebas, locations = &apos;{classpath:applicationContextH2.xml}&apos;, classes = &apos;{}&apos;, contextInitializerClasses = &apos;[]&apos;, activeProfiles = &apos;{}&apos;, contextLoader = &apos;org.springframework.test.context.support.DelegatingSmartContextLoader&apos;, parent = [null]]]].
LOG4J23:02:11,234 DEBUG AbstractDelegatingSmartContextLoader:100 - Delegating to GenericXmlContextLoader to load context from [MergedContextConfiguration@46d56d67 testClass = pruebas, locations = &apos;{classpath:applicationContextH2.xml}&apos;, classes = &apos;{}&apos;, contextInitializerClasses = &apos;[]&apos;, activeProfiles = &apos;{}&apos;, contextLoader = &apos;org.springframework.test.context.support.DelegatingSmartContextLoader&apos;, parent = [null]].
LOG4J23:02:11,234 DEBUG AbstractGenericContextLoader:107 - Loading ApplicationContext for merged context configuration [[MergedContextConfiguration@46d56d67 testClass = pruebas, locations = &apos;{classpath:applicationContextH2.xml}&apos;, classes = &apos;{}&apos;, contextInitializerClasses = &apos;[]&apos;, activeProfiles = &apos;{}&apos;, contextLoader = &apos;org.springframework.test.context.support.DelegatingSmartContextLoader&apos;, parent = [null]]].
LOG4J23:02:11,310 DEBUG StandardEnvironment:109 - Adding [systemProperties] PropertySource with lowest search precedence
LOG4J23:02:11,313 DEBUG StandardEnvironment:109 - Adding [systemEnvironment] PropertySource with lowest search precedence
LOG4J23:02:11,313 DEBUG StandardEnvironment:126 - Initialized StandardEnvironment with PropertySources [systemProperties,systemEnvironment]
LOG4J23:02:11,322  INFO XmlBeanDefinitionReader:317 - Loading XML bean definitions from class path resource [applicationContextH2.xml]
LOG4J23:02:11,337 DEBUG DefaultDocumentLoader:73 - Using JAXP provider [com.sun.org.apache.xerces.internal.jaxp.DocumentBuilderFactoryImpl]
LOG4J23:02:11,364 DEBUG PluggableSchemaResolver:141 - Loading schema mappings from [META-INF/spring.schemas]
LOG4J23:02:11,369 DEBUG PluggableSchemaResolver:147 - Loaded schema mappings: {http://www.springframework.org/schema/tx/spring-tx-2.5.xsd=org/springframework/transaction/config/spring-tx-2.5.xsd, http://www.springframework.org/schema/context/spring-context-3.1.xsd=org/springframework/context/config/spring-context-3.1.xsd, http://www.springframework.org/schema/data/repository/spring-repository-1.4.xsd=org/springframework/data/repository/config/spring-repository-1.4.xsd, http://www.springframework.org/schema/util/spring-util-3.0.xsd=org/springframework/beans/factory/xml/spring-util-3.0.xsd, http://www.springframework.org/schema/data/jpa/spring-jpa.xsd=org/springframework/data/jpa/repository/config/spring-jpa-1.3.xsd, http://www.springframework.org/schema/tool/spring-tool.xsd=org/springframework/beans/factory/xml/spring-tool-4.0.xsd, http://www.springframework.org/schema/aop/spring-aop-3.2.xsd=org/springframework/aop/config/spring-aop-3.2.xsd, http://www.springframework.org/schema/context/spring-context-4.0.xsd=org/springframework/context/config/spring-context-4.0.xsd, http://www.springframework.org/schema/mvc/spring-mvc-3.2.xsd=org/springframework/web/servlet/config/spring-mvc-3.2.xsd, http://www.springframework.org/schema/lang/spring-lang-3.2.xsd=org/springframework/scripting/config/spring-lang-3.2.xsd, http://www.springframework.org/schema/cache/spring-cache-3.2.xsd=org/springframework/cache/config/spring-cache-3.2.xsd, http://www.springframework.org/schema/jdbc/spring-jdbc-3.1.xsd=org/springframework/jdbc/config/spring-jdbc-3.1.xsd, http://www.springframework.org/schema/util/spring-util-2.0.xsd=org/springframework/beans/factory/xml/spring-util-2.0.xsd, http://www.springframework.org/schema/tool/spring-tool-3.2.xsd=org/springframework/beans/factory/xml/spring-tool-3.2.xsd, http://www.springframework.org/schema/context/spring-context.xsd=org/springframework/context/config/spring-context-4.0.xsd, http://www.springframework.org/schema/aop/spring-aop-4.0.xsd=org/springframework/aop/config/spring-aop-4.0.xsd, http://www.springframework.org/schema/jee/spring-jee-3.2.xsd=org/springframework/ejb/config/spring-jee-3.2.xsd, http://www.springframework.org/schema/context/spring-context-3.0.xsd=org/springframework/context/config/spring-context-3.0.xsd, http://www.springframework.org/schema/jdbc/spring-jdbc-4.0.xsd=org/springframework/jdbc/config/spring-jdbc-4.0.xsd, http://www.springframework.org/schema/mvc/spring-mvc-4.0.xsd=org/springframework/web/servlet/config/spring-mvc-4.0.xsd, http://www.springframework.org/schema/util/spring-util-2.5.xsd=org/springframework/beans/factory/xml/spring-util-2.5.xsd, http://www.springframework.org/schema/beans/spring-beans-3.2.xsd=org/springframework/beans/factory/xml/spring-beans-3.2.xsd, http://www.springframework.org/schema/aop/spring-aop-3.1.xsd=org/springframework/aop/config/spring-aop-3.1.xsd, http://www.springframework.org/schema/lang/spring-lang-4.0.xsd=org/springframework/scripting/config/spring-lang-4.0.xsd, http://www.springframework.org/schema/mvc/spring-mvc.xsd=org/springframework/web/servlet/config/spring-mvc-4.0.xsd, http://www.springframework.org/schema/mvc/spring-mvc-3.1.xsd=org/springframework/web/servlet/config/spring-mvc-3.1.xsd, http://www.springframework.org/schema/tool/spring-tool-4.0.xsd=org/springframework/beans/factory/xml/spring-tool-4.0.xsd, http://www.springframework.org/schema/lang/spring-lang-3.1.xsd=org/springframework/scripting/config/spring-lang-3.1.xsd, http://www.springframework.org/schema/tx/spring-tx-3.2.xsd=org/springframework/transaction/config/spring-tx-3.2.xsd, http://www.springframework.org/schema/cache/spring-cache-3.1.xsd=org/springframework/cache/config/spring-cache-3.1.xsd, http://www.springframework.org/schema/jee/spring-jee-4.0.xsd=org/springframework/ejb/config/spring-jee-4.0.xsd, http://www.springframework.org/schema/jdbc/spring-jdbc-3.0.xsd=org/springframework/jdbc/config/spring-jdbc-3.0.xsd, http://www.springframework.org/schema/jdbc/spring-jdbc.xsd=org/springframework/jdbc/config/spring-jdbc-4.0.xsd, http://www.springframework.org/schema/tool/spring-tool-3.1.xsd=org/springframework/beans/factory/xml/spring-tool-3.1.xsd, http://www.springframework.org/schema/cache/spring-cache-4.0.xsd=org/springframework/cache/config/spring-cache-4.0.xsd, http://www.springframework.org/schema/jee/spring-jee-3.1.xsd=org/springframework/ejb/config/spring-jee-3.1.xsd, http://www.springframework.org/schema/task/spring-task-3.2.xsd=org/springframework/scheduling/config/spring-task-3.2.xsd, http://www.springframework.org/schema/beans/spring-beans-3.1.xsd=org/springframework/beans/factory/xml/spring-beans-3.1.xsd, http://www.springframework.org/schema/util/spring-util.xsd=org/springframework/beans/factory/xml/spring-util-4.0.xsd, http://www.springframework.org/schema/data/jpa/spring-jpa-1.3.xsd=org/springframework/data/jpa/repository/config/spring-jpa-1.3.xsd, http://www.springframework.org/schema/aop/spring-aop-3.0.xsd=org/springframework/aop/config/spring-aop-3.0.xsd, http://www.springframework.org/schema/data/repository/spring-repository.xsd=org/springframework/data/repository/config/spring-repository-1.7.xsd, http://www.springframework.org/schema/data/repository/spring-repository-1.7.xsd=org/springframework/data/repository/config/spring-repository-1.7.xsd, http://www.springframework.org/schema/mvc/spring-mvc-3.0.xsd=org/springframework/web/servlet/config/spring-mvc-3.0.xsd, http://www.springframework.org/schema/beans/spring-beans-4.0.xsd=org/springframework/beans/factory/xml/spring-beans-4.0.xsd, http://www.springframework.org/schema/beans/spring-beans.xsd=org/springframework/beans/factory/xml/spring-beans-4.0.xsd, http://www.springframework.org/schema/lang/spring-lang-3.0.xsd=org/springframework/scripting/config/spring-lang-3.0.xsd, http://www.springframework.org/schema/tx/spring-tx-3.1.xsd=org/springframework/transaction/config/spring-tx-3.1.xsd, http://www.springframework.org/schema/context/spring-context-2.5.xsd=org/springframework/context/config/spring-context-2.5.xsd, http://www.springframework.org/schema/task/spring-task-4.0.xsd=org/springframework/scheduling/config/spring-task-4.0.xsd, http://www.springframework.org/schema/tool/spring-tool-3.0.xsd=org/springframework/beans/factory/xml/spring-tool-3.0.xsd, http://www.springframework.org/schema/tx/spring-tx-4.0.xsd=org/springframework/transaction/config/spring-tx-4.0.xsd, http://www.springframework.org/schema/aop/spring-aop-2.0.xsd=org/springframework/aop/config/spring-aop-2.0.xsd, http://www.springframework.org/schema/jee/spring-jee-3.0.xsd=org/springframework/ejb/config/spring-jee-3.0.xsd, http://www.springframework.org/schema/task/spring-task-3.1.xsd=org/springframework/scheduling/config/spring-task-3.1.xsd, http://www.springframework.org/schema/beans/spring-beans-3.0.xsd=org/springframework/beans/factory/xml/spring-beans-3.0.xsd, http://www.springframework.org/schema/data/jpa/spring-jpa-1.2.xsd=org/springframework/data/jpa/repository/config/spring-jpa-1.2.xsd, http://www.springframework.org/schema/jee/spring-jee.xsd=org/springframework/ejb/config/spring-jee-4.0.xsd, http://www.springframework.org/schema/aop/spring-aop-2.5.xsd=org/springframework/aop/config/spring-aop-2.5.xsd, http://www.springframework.org/schema/lang/spring-lang-2.0.xsd=org/springframework/scripting/config/spring-lang-2.0.xsd, http://www.springframework.org/schema/data/repository/spring-repository-1.6.xsd=org/springframework/data/repository/config/spring-repository-1.6.xsd, http://www.springframework.org/schema/util/spring-util-3.2.xsd=org/springframework/beans/factory/xml/spring-util-3.2.xsd, http://www.springframework.org/schema/task/spring-task.xsd=org/springframework/scheduling/config/spring-task-4.0.xsd, http://www.springframework.org/schema/tool/spring-tool-2.0.xsd=org/springframework/beans/factory/xml/spring-tool-2.0.xsd, http://www.springframework.org/schema/tx/spring-tx-3.0.xsd=org/springframework/transaction/config/spring-tx-3.0.xsd, http://www.springframework.org/schema/lang/spring-lang-2.5.xsd=org/springframework/scripting/config/spring-lang-2.5.xsd, http://www.springframework.org/schema/jee/spring-jee-2.0.xsd=org/springframework/ejb/config/spring-jee-2.0.xsd, http://www.springframework.org/schema/tool/spring-tool-2.5.xsd=org/springframework/beans/factory/xml/spring-tool-2.5.xsd, http://www.springframework.org/schema/jee/spring-jee-2.5.xsd=org/springframework/ejb/config/spring-jee-2.5.xsd, http://www.springframework.org/schema/data/repository/spring-repository-1.0.xsd=org/springframework/data/repository/config/spring-repository-1.0.xsd, http://www.springframework.org/schema/util/spring-util-4.0.xsd=org/springframework/beans/factory/xml/spring-util-4.0.xsd, http://www.springframework.org/schema/task/spring-task-3.0.xsd=org/springframework/scheduling/config/spring-task-3.0.xsd, http://www.springframework.org/schema/data/jpa/spring-jpa-1.1.xsd=org/springframework/data/jpa/repository/config/spring-jpa-1.1.xsd, http://www.springframework.org/schema/lang/spring-lang.xsd=org/springframework/scripting/config/spring-lang-4.0.xsd, http://www.springframework.org/schema/context/spring-context-3.2.xsd=org/springframework/context/config/spring-context-3.2.xsd, http://www.springframework.org/schema/data/repository/spring-repository-1.5.xsd=org/springframework/data/repository/config/spring-repository-1.5.xsd, http://www.springframework.org/schema/util/spring-util-3.1.xsd=org/springframework/beans/factory/xml/spring-util-3.1.xsd, http://www.springframework.org/schema/beans/spring-beans-2.0.xsd=org/springframework/beans/factory/xml/spring-beans-2.0.xsd, http://www.springframework.org/schema/cache/spring-cache.xsd=org/springframework/cache/config/spring-cache-4.0.xsd, http://www.springframework.org/schema/tx/spring-tx.xsd=org/springframework/transaction/config/spring-tx-4.0.xsd, http://www.springframework.org/schema/beans/spring-beans-2.5.xsd=org/springframework/beans/factory/xml/spring-beans-2.5.xsd, http://www.springframework.org/schema/tx/spring-tx-2.0.xsd=org/springframework/transaction/config/spring-tx-2.0.xsd, http://www.springframework.org/schema/jdbc/spring-jdbc-3.2.xsd=org/springframework/jdbc/config/spring-jdbc-3.2.xsd, http://www.springframework.org/schema/aop/spring-aop.xsd=org/springframework/aop/config/spring-aop-4.0.xsd, http://www.springframework.org/schema/data/jpa/spring-jpa-1.0.xsd=org/springframework/data/jpa/repository/config/spring-jpa-1.0.xsd}
LOG4J23:02:11,371 DEBUG PluggableSchemaResolver:119 - Found XML schema [http://www.springframework.org/schema/beans/spring-beans-4.0.xsd] in classpath: org/springframework/beans/factory/xml/spring-beans-4.0.xsd
LOG4J23:02:11,402 DEBUG PluggableSchemaResolver:119 - Found XML schema [http://www.springframework.org/schema/context/spring-context-4.0.xsd] in classpath: org/springframework/context/config/spring-context-4.0.xsd
LOG4J23:02:11,408 DEBUG PluggableSchemaResolver:119 - Found XML schema [http://www.springframework.org/schema/tool/spring-tool-4.0.xsd] in classpath: org/springframework/beans/factory/xml/spring-tool-4.0.xsd
LOG4J23:02:11,414 DEBUG PluggableSchemaResolver:119 - Found XML schema [http://www.springframework.org/schema/data/jpa/spring-jpa.xsd] in classpath: org/springframework/data/jpa/repository/config/spring-jpa-1.3.xsd
LOG4J23:02:11,415 DEBUG PluggableSchemaResolver:119 - Found XML schema [http://www.springframework.org/schema/data/repository/spring-repository.xsd] in classpath: org/springframework/data/repository/config/spring-repository-1.7.xsd
LOG4J23:02:11,420 DEBUG PluggableSchemaResolver:119 - Found XML schema [http://www.springframework.org/schema/jdbc/spring-jdbc-4.0.xsd] in classpath: org/springframework/jdbc/config/spring-jdbc-4.0.xsd
LOG4J23:02:11,424 DEBUG PluggableSchemaResolver:119 - Found XML schema [http://www.springframework.org/schema/tx/spring-tx-4.0.xsd] in classpath: org/springframework/transaction/config/spring-tx-4.0.xsd
LOG4J23:02:11,429 DEBUG DefaultBeanDefinitionDocumentReader:101 - Loading bean definitions
LOG4J23:02:11,440 DEBUG DefaultNamespaceHandlerResolver:157 - Loaded NamespaceHandler mappings: {http://www.springframework.org/schema/p=org.springframework.beans.factory.xml.SimplePropertyNamespaceHandler, http://www.springframework.org/schema/mvc=org.springframework.web.servlet.config.MvcNamespaceHandler, http://www.springframework.org/schema/util=org.springframework.beans.factory.xml.UtilNamespaceHandler, http://www.springframework.org/schema/jee=org.springframework.ejb.config.JeeNamespaceHandler, http://www.springframework.org/schema/aop=org.springframework.aop.config.AopNamespaceHandler, http://www.springframework.org/schema/jdbc=org.springframework.jdbc.config.JdbcNamespaceHandler, http://www.springframework.org/schema/data/repository=org.springframework.data.repository.config.RepositoryNameSpaceHandler, http://www.springframework.org/schema/data/jpa=org.springframework.data.jpa.repository.config.JpaRepositoryNameSpaceHandler, http://www.springframework.org/schema/cache=org.springframework.cache.config.CacheNamespaceHandler, http://www.springframework.org/schema/c=org.springframework.beans.factory.xml.SimpleConstructorNamespaceHandler, http://www.springframework.org/schema/tx=org.springframework.transaction.config.TxNamespaceHandler, http://www.springframework.org/schema/task=org.springframework.scheduling.config.TaskNamespaceHandler, http://www.springframework.org/schema/lang=org.springframework.scripting.config.LangNamespaceHandler, http://www.springframework.org/schema/context=org.springframework.context.config.ContextNamespaceHandler}
LOG4J23:02:11,452 DEBUG ClassPathBeanDefinitionScanner:244 - JSR-250 &apos;javax.annotation.ManagedBean&apos; found and supported for component scanning
LOG4J23:02:11,454 DEBUG ClassPathBeanDefinitionScanner:252 - JSR-330 &apos;javax.inject.Named&apos; annotation found and supported for component scanning
LOG4J23:02:11,456 DEBUG PathMatchingResourcePatternResolver:357 - Resolved location pattern [classpath*:com/tservice/Componentes/**/*.class] to resources []
LOG4J23:02:11,475 DEBUG ClassPathBeanDefinitionScanner:244 - JSR-250 &apos;javax.annotation.ManagedBean&apos; found and supported for component scanning
LOG4J23:02:11,475 DEBUG ClassPathBeanDefinitionScanner:252 - JSR-330 &apos;javax.inject.Named&apos; annotation found and supported for component scanning
LOG4J23:02:11,477 DEBUG PathMatchingResourcePatternResolver:556 - Looking for matching resources in directory tree [C:\Users\LuisAndres\Documents\GitHub\pgrproyecto\target\classes\com\tservice\facade]
LOG4J23:02:11,478 DEBUG PathMatchingResourcePatternResolver:618 - Searching directory [C:\Users\LuisAndres\Documents\GitHub\pgrproyecto\target\classes\com\tservice\facade] for files matching pattern [C:/Users/LuisAndres/Documents/GitHub/pgrproyecto/target/classes/com/tservice/facade/**/*.class]
LOG4J23:02:11,481 DEBUG PathMatchingResourcePatternResolver:357 - Resolved location pattern [classpath*:com/tservice/facade/**/*.class] to resources [file [C:\Users\LuisAndres\Documents\GitHub\pgrproyecto\target\classes\com\tservice\facade\App.class], file [C:\Users\LuisAndres\Documents\GitHub\pgrproyecto\target\classes\com\tservice\facade\ConstantesServerGcm.class], file [C:\Users\LuisAndres\Documents\GitHub\pgrproyecto\target\classes\com\tservice\facade\Content.class], file [C:\Users\LuisAndres\Documents\GitHub\pgrproyecto\target\classes\com\tservice\facade\facade.class], file [C:\Users\LuisAndres\Documents\GitHub\pgrproyecto\target\classes\com\tservice\facade\POST2GCM.class], file [C:\Users\LuisAndres\Documents\GitHub\pgrproyecto\target\classes\com\tservice\facade\pruebasEstaticas.class]]
LOG4J23:02:11,497 DEBUG ClassPathBeanDefinitionScanner:286 - Identified candidate component class: file [C:\Users\LuisAndres\Documents\GitHub\pgrproyecto\target\classes\com\tservice\facade\App.class]
LOG4J23:02:11,499 DEBUG ClassPathBeanDefinitionScanner:286 - Identified candidate component class: file [C:\Users\LuisAndres\Documents\GitHub\pgrproyecto\target\classes\com\tservice\facade\facade.class]
LOG4J23:02:11,511 DEBUG StandardEnvironment:109 - Adding [systemProperties] PropertySource with lowest search precedence
LOG4J23:02:11,511 DEBUG StandardEnvironment:109 - Adding [systemEnvironment] PropertySource with lowest search precedence
LOG4J23:02:11,512 DEBUG StandardEnvironment:126 - Initialized StandardEnvironment with PropertySources [systemProperties,systemEnvironment]
LOG4J23:02:11,514 DEBUG PathMatchingResourcePatternResolver:470 - Looking for matching resources in jar file [file:/C:/Users/LuisAndres/.m2/repository/org/springframework/data/spring-data-jpa/1.7.2.RELEASE/spring-data-jpa-1.7.2.RELEASE.jar]
LOG4J23:02:11,519 DEBUG PathMatchingResourcePatternResolver:470 - Looking for matching resources in jar file [file:/C:/Users/LuisAndres/.m2/repository/org/springframework/data/spring-data-commons/1.9.2.RELEASE/spring-data-commons-1.9.2.RELEASE.jar]
LOG4J23:02:11,528 DEBUG PathMatchingResourcePatternResolver:357 - Resolved location pattern [classpath*:org/springframework/data/**/repository/support/**/*.class] to resources [URL [jar:file:/C:/Users/LuisAndres/.m2/repository/org/springframework/data/spring-data-jpa/1.7.2.RELEASE/spring-data-jpa-1.7.2.RELEASE.jar!/org/springframework/data/jpa/repository/support/EntityManagerBeanDefinitionRegistrarPostProcessor.class], URL [jar:file:/C:/Users/LuisAndres/.m2/repository/org/springframework/data/spring-data-jpa/1.7.2.RELEASE/spring-data-jpa-1.7.2.RELEASE.jar!/org/springframework/data/jpa/repository/support/QueryDslJpaRepository.class], URL [jar:file:/C:/Users/LuisAndres/.m2/repository/org/springframework/data/spring-data-jpa/1.7.2.RELEASE/spring-data-jpa-1.7.2.RELEASE.jar!/org/springframework/data/jpa/repository/support/JpaMetamodelEntityInformation$IdMetadata.class], URL [jar:file:/C:/Users/LuisAndres/.m2/repository/org/springframework/data/spring-data-jpa/1.7.2.RELEASE/spring-data-jpa-1.7.2.RELEASE.jar!/org/springframework/data/jpa/repository/support/JpaRepositoryFactoryBean.class], URL [jar:file:/C:/Users/LuisAndres/.m2/repository/org/springframework/data/spring-data-jpa/1.7.2.RELEASE/spring-data-jpa-1.7.2.RELEASE.jar!/org/springframework/data/jpa/repository/support/JpaPersistableEntityInformation.class], URL [jar:file:/C:/Users/LuisAndres/.m2/repository/org/springframework/data/spring-data-jpa/1.7.2.RELEASE/spring-data-jpa-1.7.2.RELEASE.jar!/org/springframework/data/jpa/repository/support/CrudMethodMetadataPostProcessor$CrudMethodMetadataPopulatingMethodIntercceptor.class], URL [jar:file:/C:/Users/LuisAndres/.m2/repository/org/springframework/data/spring-data-jpa/1.7.2.RELEASE/spring-data-jpa-1.7.2.RELEASE.jar!/org/springframework/data/jpa/repository/support/CrudMethodMetadataPostProcessor.class], URL [jar:file:/C:/Users/LuisAndres/.m2/repository/org/springframework/data/spring-data-jpa/1.7.2.RELEASE/spring-data-jpa-1.7.2.RELEASE.jar!/org/springframework/data/jpa/repository/support/Querydsl.class], URL [jar:file:/C:/Users/LuisAndres/.m2/repository/org/springframework/data/spring-data-jpa/1.7.2.RELEASE/spring-data-jpa-1.7.2.RELEASE.jar!/org/springframework/data/jpa/repository/support/CrudMethodMetadataPostProcessor$1.class], URL [jar:file:/C:/Users/LuisAndres/.m2/repository/org/springframework/data/spring-data-jpa/1.7.2.RELEASE/spring-data-jpa-1.7.2.RELEASE.jar!/org/springframework/data/jpa/repository/support/PersistenceProvider$4.class], URL [jar:file:/C:/Users/LuisAndres/.m2/repository/org/springframework/data/spring-data-jpa/1.7.2.RELEASE/spring-data-jpa-1.7.2.RELEASE.jar!/org/springframework/data/jpa/repository/support/CrudMethodMetadataPostProcessor$DefaultCrudMethodMetadata.class], URL [jar:file:/C:/Users/LuisAndres/.m2/repository/org/springframework/data/spring-data-jpa/1.7.2.RELEASE/spring-data-jpa-1.7.2.RELEASE.jar!/org/springframework/data/jpa/repository/support/PersistenceProvider$3.class], URL [jar:file:/C:/Users/LuisAndres/.m2/repository/org/springframework/data/spring-data-jpa/1.7.2.RELEASE/spring-data-jpa-1.7.2.RELEASE.jar!/org/springframework/data/jpa/repository/support/PersistenceProvider$2.class], URL [jar:file:/C:/Users/LuisAndres/.m2/repository/org/springframework/data/spring-data-jpa/1.7.2.RELEASE/spring-data-jpa-1.7.2.RELEASE.jar!/org/springframework/data/jpa/repository/support/QueryDslRepositorySupport.class], URL [jar:file:/C:/Users/LuisAndres/.m2/repository/org/springframework/data/spring-data-jpa/1.7.2.RELEASE/spring-data-jpa-1.7.2.RELEASE.jar!/org/springframework/data/jpa/repository/support/PersistenceProvider.class], URL [jar:file:/C:/Users/LuisAndres/.m2/repository/org/springframework/data/spring-data-jpa/1.7.2.RELEASE/spring-data-jpa-1.7.2.RELEASE.jar!/org/springframework/data/jpa/repository/support/CrudMethodMetadata.class], URL [jar:file:/C:/Users/LuisAndres/.m2/repository/org/springframework/data/spring-data-jpa/1.7.2.RELEASE/spring-data-jpa-1.7.2.RELEASE.jar!/org/springframework/data/jpa/repository/support/CrudMethodMetadataPostProcessor$ThreadBoundTargetSource.class], URL [jar:file:/C:/Users/LuisAndres/.m2/repository/org/springframework/data/spring-data-jpa/1.7.2.RELEASE/spring-data-jpa-1.7.2.RELEASE.jar!/org/springframework/data/jpa/repository/support/JpaEntityInformationSupport.class], URL [jar:file:/C:/Users/LuisAndres/.m2/repository/org/springframework/data/spring-data-jpa/1.7.2.RELEASE/spring-data-jpa-1.7.2.RELEASE.jar!/org/springframework/data/jpa/repository/support/JpaEntityInformation.class], URL [jar:file:/C:/Users/LuisAndres/.m2/repository/org/springframework/data/spring-data-jpa/1.7.2.RELEASE/spring-data-jpa-1.7.2.RELEASE.jar!/org/springframework/data/jpa/repository/support/SimpleJpaRepository$ByIdsSpecification.class], URL [jar:file:/C:/Users/LuisAndres/.m2/repository/org/springframework/data/spring-data-jpa/1.7.2.RELEASE/spring-data-jpa-1.7.2.RELEASE.jar!/org/springframework/data/jpa/repository/support/JpaRepositoryFactory.class], URL [jar:file:/C:/Users/LuisAndres/.m2/repository/org/springframework/data/spring-data-jpa/1.7.2.RELEASE/spring-data-jpa-1.7.2.RELEASE.jar!/org/springframework/data/jpa/repository/support/JpaMetamodelEntityInformation$IdentifierDerivingDirectFieldAccessFallbackBeanWrapper.class], URL [jar:file:/C:/Users/LuisAndres/.m2/repository/org/springframework/data/spring-data-jpa/1.7.2.RELEASE/spring-data-jpa-1.7.2.RELEASE.jar!/org/springframework/data/jpa/repository/support/Querydsl$1.class], URL [jar:file:/C:/Users/LuisAndres/.m2/repository/org/springframework/data/spring-data-jpa/1.7.2.RELEASE/spring-data-jpa-1.7.2.RELEASE.jar!/org/springframework/data/jpa/repository/support/PersistenceProvider$1.class], URL [jar:file:/C:/Users/LuisAndres/.m2/repository/org/springframework/data/spring-data-jpa/1.7.2.RELEASE/spring-data-jpa-1.7.2.RELEASE.jar!/org/springframework/data/jpa/repository/support/PersistenceProvider$Constants.class], URL [jar:file:/C:/Users/LuisAndres/.m2/repository/org/springframework/data/spring-data-jpa/1.7.2.RELEASE/spring-data-jpa-1.7.2.RELEASE.jar!/org/springframework/data/jpa/repository/support/JpaMetamodelEntityInformation.class], URL [jar:file:/C:/Users/LuisAndres/.m2/repository/org/springframework/data/spring-data-jpa/1.7.2.RELEASE/spring-data-jpa-1.7.2.RELEASE.jar!/org/springframework/data/jpa/repository/support/SimpleJpaRepository.class], URL [jar:file:/C:/Users/LuisAndres/.m2/repository/org/springframework/data/spring-data-commons/1.9.2.RELEASE/spring-data-commons-1.9.2.RELEASE.jar!/org/springframework/data/repository/support/Repositories$EmptyRepositoryFactoryInformation.class], URL [jar:file:/C:/Users/LuisAndres/.m2/repository/org/springframework/data/spring-data-commons/1.9.2.RELEASE/spring-data-commons-1.9.2.RELEASE.jar!/org/springframework/data/repository/support/DomainClassPropertyEditorRegistrar.class], URL [jar:file:/C:/Users/LuisAndres/.m2/repository/org/springframework/data/spring-data-commons/1.9.2.RELEASE/spring-data-commons-1.9.2.RELEASE.jar!/org/springframework/data/repository/support/CrudRepositoryInvoker.class], URL [jar:file:/C:/Users/LuisAndres/.m2/repository/org/springframework/data/spring-data-commons/1.9.2.RELEASE/spring-data-commons-1.9.2.RELEASE.jar!/org/springframework/data/repository/support/Repositories.class], URL [jar:file:/C:/Users/LuisAndres/.m2/repository/org/springframework/data/spring-data-commons/1.9.2.RELEASE/spring-data-commons-1.9.2.RELEASE.jar!/org/springframework/data/repository/support/ReflectionRepositoryInvoker.class], URL [jar:file:/C:/Users/LuisAndres/.m2/repository/org/springframework/data/spring-data-commons/1.9.2.RELEASE/spring-data-commons-1.9.2.RELEASE.jar!/org/springframework/data/repository/support/DomainClassPropertyEditor.class], URL [jar:file:/C:/Users/LuisAndres/.m2/repository/org/springframework/data/spring-data-commons/1.9.2.RELEASE/spring-data-commons-1.9.2.RELEASE.jar!/org/springframework/data/repository/support/DomainClassConverter.class]]
LOG4J23:02:11,566 DEBUG ClassPathScanningCandidateComponentProvider:286 - Identified candidate component class: URL [jar:file:/C:/Users/LuisAndres/.m2/repository/org/springframework/data/spring-data-jpa/1.7.2.RELEASE/spring-data-jpa-1.7.2.RELEASE.jar!/org/springframework/data/jpa/repository/support/JpaRepositoryFactory.class]
LOG4J23:02:11,589 DEBUG StandardEnvironment:109 - Adding [systemProperties] PropertySource with lowest search precedence
LOG4J23:02:11,589 DEBUG StandardEnvironment:109 - Adding [systemEnvironment] PropertySource with lowest search precedence
LOG4J23:02:11,590 DEBUG StandardEnvironment:126 - Initialized StandardEnvironment with PropertySources [systemProperties,systemEnvironment]
LOG4J23:02:11,591 DEBUG PathMatchingResourcePatternResolver:556 - Looking for matching resources in directory tree [C:\Users\LuisAndres\Documents\GitHub\pgrproyecto\target\classes\com\tservice\Persistencia]
LOG4J23:02:11,592 DEBUG PathMatchingResourcePatternResolver:618 - Searching directory [C:\Users\LuisAndres\Documents\GitHub\pgrproyecto\target\classes\com\tservice\Persistencia] for files matching pattern [C:/Users/LuisAndres/Documents/GitHub/pgrproyecto/target/classes/com/tservice/Persistencia/**/*.class]
LOG4J23:02:11,593 DEBUG PathMatchingResourcePatternResolver:357 - Resolved location pattern [classpath*:com/tservice/Persistencia/**/*.class] to resources [file [C:\Users\LuisAndres\Documents\GitHub\pgrproyecto\target\classes\com\tservice\Persistencia\CalificacionCrudFactory.class], file [C:\Users\LuisAndres\Documents\GitHub\pgrproyecto\target\classes\com\tservice\Persistencia\CarrerasCrudFactory.class], file [C:\Users\LuisAndres\Documents\GitHub\pgrproyecto\target\classes\com\tservice\Persistencia\EventosCrudFactory.class], file [C:\Users\LuisAndres\Documents\GitHub\pgrproyecto\target\classes\com\tservice\Persistencia\GruposCrudFactory.class], file [C:\Users\LuisAndres\Documents\GitHub\pgrproyecto\target\classes\com\tservice\Persistencia\InteresesCrudFactory.class], file [C:\Users\LuisAndres\Documents\GitHub\pgrproyecto\target\classes\com\tservice\Persistencia\MensajesCrudFactory.class], file [C:\Users\LuisAndres\Documents\GitHub\pgrproyecto\target\classes\com\tservice\Persistencia\NoticiasCrudFactory.class], file [C:\Users\LuisAndres\Documents\GitHub\pgrproyecto\target\classes\com\tservice\Persistencia\UbicacionCrudFactory.class], file [C:\Users\LuisAndres\Documents\GitHub\pgrproyecto\target\classes\com\tservice\Persistencia\UsuariosCrudFactory.class]]
LOG4J23:02:11,596 DEBUG RepositoryComponentProvider:286 - Identified candidate component class: file [C:\Users\LuisAndres\Documents\GitHub\pgrproyecto\target\classes\com\tservice\Persistencia\CalificacionCrudFactory.class]
LOG4J23:02:11,597 DEBUG RepositoryComponentProvider:286 - Identified candidate component class: file [C:\Users\LuisAndres\Documents\GitHub\pgrproyecto\target\classes\com\tservice\Persistencia\CarrerasCrudFactory.class]
LOG4J23:02:11,598 DEBUG RepositoryComponentProvider:286 - Identified candidate component class: file [C:\Users\LuisAndres\Documents\GitHub\pgrproyecto\target\classes\com\tservice\Persistencia\EventosCrudFactory.class]
LOG4J23:02:11,598 DEBUG RepositoryComponentProvider:286 - Identified candidate component class: file [C:\Users\LuisAndres\Documents\GitHub\pgrproyecto\target\classes\com\tservice\Persistencia\GruposCrudFactory.class]
LOG4J23:02:11,599 DEBUG RepositoryComponentProvider:286 - Identified candidate component class: file [C:\Users\LuisAndres\Documents\GitHub\pgrproyecto\target\classes\com\tservice\Persistencia\InteresesCrudFactory.class]
LOG4J23:02:11,599 DEBUG RepositoryComponentProvider:286 - Identified candidate component class: file [C:\Users\LuisAndres\Documents\GitHub\pgrproyecto\target\classes\com\tservice\Persistencia\MensajesCrudFactory.class]
LOG4J23:02:11,600 DEBUG RepositoryComponentProvider:286 - Identified candidate component class: file [C:\Users\LuisAndres\Documents\GitHub\pgrproyecto\target\classes\com\tservice\Persistencia\NoticiasCrudFactory.class]
LOG4J23:02:11,600 DEBUG RepositoryComponentProvider:286 - Identified candidate component class: file [C:\Users\LuisAndres\Documents\GitHub\pgrproyecto\target\classes\com\tservice\Persistencia\UbicacionCrudFactory.class]
LOG4J23:02:11,601 DEBUG RepositoryComponentProvider:286 - Identified candidate component class: file [C:\Users\LuisAndres\Documents\GitHub\pgrproyecto\target\classes\com\tservice\Persistencia\UsuariosCrudFactory.class]
LOG4J23:02:11,606 DEBUG StandardEnvironment:109 - Adding [systemProperties] PropertySource with lowest search precedence
LOG4J23:02:11,607 DEBUG StandardEnvironment:109 - Adding [systemEnvironment] PropertySource with lowest search precedence
LOG4J23:02:11,607 DEBUG StandardEnvironment:126 - Initialized StandardEnvironment with PropertySources [systemProperties,systemEnvironment]
LOG4J23:02:11,608 DEBUG PathMatchingResourcePatternResolver:556 - Looking for matching resources in directory tree [C:\Users\LuisAndres\Documents\GitHub\pgrproyecto\target\classes\com\tservice\Persistencia]
LOG4J23:02:11,609 DEBUG PathMatchingResourcePatternResolver:618 - Searching directory [C:\Users\LuisAndres\Documents\GitHub\pgrproyecto\target\classes\com\tservice\Persistencia] for files matching pattern [C:/Users/LuisAndres/Documents/GitHub/pgrproyecto/target/classes/com/tservice/Persistencia/**/*UsuariosCrudFactoryImpl.class]
LOG4J23:02:11,610 DEBUG PathMatchingResourcePatternResolver:357 - Resolved location pattern [classpath*:com/tservice/Persistencia/**/*UsuariosCrudFactoryImpl.class] to resources []
LOG4J23:02:11,618 DEBUG RepositoryConfigurationDelegate:142 - Spring Data JPA - Registering repository: usuariosCrudFactory - Interface: com.tservice.Persistencia.UsuariosCrudFactory - Factory: org.springframework.data.jpa.repository.support.JpaRepositoryFactoryBean
LOG4J23:02:11,619 DEBUG StandardEnvironment:109 - Adding [systemProperties] PropertySource with lowest search precedence
LOG4J23:02:11,619 DEBUG StandardEnvironment:109 - Adding [systemEnvironment] PropertySource with lowest search precedence
LOG4J23:02:11,626 DEBUG StandardEnvironment:126 - Initialized StandardEnvironment with PropertySources [systemProperties,systemEnvironment]
LOG4J23:02:11,627 DEBUG PathMatchingResourcePatternResolver:556 - Looking for matching resources in directory tree [C:\Users\LuisAndres\Documents\GitHub\pgrproyecto\target\classes\com\tservice\Persistencia]
LOG4J23:02:11,627 DEBUG PathMatchingResourcePatternResolver:618 - Searching directory [C:\Users\LuisAndres\Documents\GitHub\pgrproyecto\target\classes\com\tservice\Persistencia] for files matching pattern [C:/Users/LuisAndres/Documents/GitHub/pgrproyecto/target/classes/com/tservice/Persistencia/**/*GruposCrudFactoryImpl.class]
LOG4J23:02:11,629 DEBUG PathMatchingResourcePatternResolver:357 - Resolved location pattern [classpath*:com/tservice/Persistencia/**/*GruposCrudFactoryImpl.class] to resources []
LOG4J23:02:11,630 DEBUG RepositoryConfigurationDelegate:142 - Spring Data JPA - Registering repository: gruposCrudFactory - Interface: com.tservice.Persistencia.GruposCrudFactory - Factory: org.springframework.data.jpa.repository.support.JpaRepositoryFactoryBean
LOG4J23:02:11,631 DEBUG StandardEnvironment:109 - Adding [systemProperties] PropertySource with lowest search precedence
LOG4J23:02:11,631 DEBUG StandardEnvironment:109 - Adding [systemEnvironment] PropertySource with lowest search precedence
LOG4J23:02:11,631 DEBUG StandardEnvironment:126 - Initialized StandardEnvironment with PropertySources [systemProperties,systemEnvironment]
LOG4J23:02:11,632 DEBUG PathMatchingResourcePatternResolver:556 - Looking for matching resources in directory tree [C:\Users\LuisAndres\Documents\GitHub\pgrproyecto\target\classes\com\tservice\Persistencia]
LOG4J23:02:11,632 DEBUG PathMatchingResourcePatternResolver:618 - Searching directory [C:\Users\LuisAndres\Documents\GitHub\pgrproyecto\target\classes\com\tservice\Persistencia] for files matching pattern [C:/Users/LuisAndres/Documents/GitHub/pgrproyecto/target/classes/com/tservice/Persistencia/**/*MensajesCrudFactoryImpl.class]
LOG4J23:02:11,633 DEBUG PathMatchingResourcePatternResolver:357 - Resolved location pattern [classpath*:com/tservice/Persistencia/**/*MensajesCrudFactoryImpl.class] to resources []
LOG4J23:02:11,634 DEBUG RepositoryConfigurationDelegate:142 - Spring Data JPA - Registering repository: mensajesCrudFactory - Interface: com.tservice.Persistencia.MensajesCrudFactory - Factory: org.springframework.data.jpa.repository.support.JpaRepositoryFactoryBean
LOG4J23:02:11,635 DEBUG StandardEnvironment:109 - Adding [systemProperties] PropertySource with lowest search precedence
LOG4J23:02:11,636 DEBUG StandardEnvironment:109 - Adding [systemEnvironment] PropertySource with lowest search precedence
LOG4J23:02:11,636 DEBUG StandardEnvironment:126 - Initialized StandardEnvironment with PropertySources [systemProperties,systemEnvironment]
LOG4J23:02:11,636 DEBUG PathMatchingResourcePatternResolver:556 - Looking for matching resources in directory tree [C:\Users\LuisAndres\Documents\GitHub\pgrproyecto\target\classes\com\tservice\Persistencia]
LOG4J23:02:11,637 DEBUG PathMatchingResourcePatternResolver:618 - Searching directory [C:\Users\LuisAndres\Documents\GitHub\pgrproyecto\target\classes\com\tservice\Persistencia] for files matching pattern [C:/Users/LuisAndres/Documents/GitHub/pgrproyecto/target/classes/com/tservice/Persistencia/**/*CalificacionCrudFactoryImpl.class]
LOG4J23:02:11,638 DEBUG PathMatchingResourcePatternResolver:357 - Resolved location pattern [classpath*:com/tservice/Persistencia/**/*CalificacionCrudFactoryImpl.class] to resources []
LOG4J23:02:11,639 DEBUG RepositoryConfigurationDelegate:142 - Spring Data JPA - Registering repository: calificacionCrudFactory - Interface: com.tservice.Persistencia.CalificacionCrudFactory - Factory: org.springframework.data.jpa.repository.support.JpaRepositoryFactoryBean
LOG4J23:02:11,640 DEBUG StandardEnvironment:109 - Adding [systemProperties] PropertySource with lowest search precedence
LOG4J23:02:11,640 DEBUG StandardEnvironment:109 - Adding [systemEnvironment] PropertySource with lowest search precedence
LOG4J23:02:11,640 DEBUG StandardEnvironment:126 - Initialized StandardEnvironment with PropertySources [systemProperties,systemEnvironment]
LOG4J23:02:11,641 DEBUG PathMatchingResourcePatternResolver:556 - Looking for matching resources in directory tree [C:\Users\LuisAndres\Documents\GitHub\pgrproyecto\target\classes\com\tservice\Persistencia]
LOG4J23:02:11,641 DEBUG PathMatchingResourcePatternResolver:618 - Searching directory [C:\Users\LuisAndres\Documents\GitHub\pgrproyecto\target\classes\com\tservice\Persistencia] for files matching pattern [C:/Users/LuisAndres/Documents/GitHub/pgrproyecto/target/classes/com/tservice/Persistencia/**/*NoticiasCrudFactoryImpl.class]
LOG4J23:02:11,642 DEBUG PathMatchingResourcePatternResolver:357 - Resolved location pattern [classpath*:com/tservice/Persistencia/**/*NoticiasCrudFactoryImpl.class] to resources []
LOG4J23:02:11,643 DEBUG RepositoryConfigurationDelegate:142 - Spring Data JPA - Registering repository: noticiasCrudFactory - Interface: com.tservice.Persistencia.NoticiasCrudFactory - Factory: org.springframework.data.jpa.repository.support.JpaRepositoryFactoryBean
LOG4J23:02:11,644 DEBUG StandardEnvironment:109 - Adding [systemProperties] PropertySource with lowest search precedence
LOG4J23:02:11,645 DEBUG StandardEnvironment:109 - Adding [systemEnvironment] PropertySource with lowest search precedence
LOG4J23:02:11,645 DEBUG StandardEnvironment:126 - Initialized StandardEnvironment with PropertySources [systemProperties,systemEnvironment]
LOG4J23:02:11,646 DEBUG PathMatchingResourcePatternResolver:556 - Looking for matching resources in directory tree [C:\Users\LuisAndres\Documents\GitHub\pgrproyecto\target\classes\com\tservice\Persistencia]
LOG4J23:02:11,647 DEBUG PathMatchingResourcePatternResolver:618 - Searching directory [C:\Users\LuisAndres\Documents\GitHub\pgrproyecto\target\classes\com\tservice\Persistencia] for files matching pattern [C:/Users/LuisAndres/Documents/GitHub/pgrproyecto/target/classes/com/tservice/Persistencia/**/*EventosCrudFactoryImpl.class]
LOG4J23:02:11,648 DEBUG PathMatchingResourcePatternResolver:357 - Resolved location pattern [classpath*:com/tservice/Persistencia/**/*EventosCrudFactoryImpl.class] to resources []
LOG4J23:02:11,649 DEBUG RepositoryConfigurationDelegate:142 - Spring Data JPA - Registering repository: eventosCrudFactory - Interface: com.tservice.Persistencia.EventosCrudFactory - Factory: org.springframework.data.jpa.repository.support.JpaRepositoryFactoryBean
LOG4J23:02:11,650 DEBUG StandardEnvironment:109 - Adding [systemProperties] PropertySource with lowest search precedence
LOG4J23:02:11,651 DEBUG StandardEnvironment:109 - Adding [systemEnvironment] PropertySource with lowest search precedence
LOG4J23:02:11,651 DEBUG StandardEnvironment:126 - Initialized StandardEnvironment with PropertySources [systemProperties,systemEnvironment]
LOG4J23:02:11,652 DEBUG PathMatchingResourcePatternResolver:556 - Looking for matching resources in directory tree [C:\Users\LuisAndres\Documents\GitHub\pgrproyecto\target\classes\com\tservice\Persistencia]
LOG4J23:02:11,652 DEBUG PathMatchingResourcePatternResolver:618 - Searching directory [C:\Users\LuisAndres\Documents\GitHub\pgrproyecto\target\classes\com\tservice\Persistencia] for files matching pattern [C:/Users/LuisAndres/Documents/GitHub/pgrproyecto/target/classes/com/tservice/Persistencia/**/*CarrerasCrudFactoryImpl.class]
LOG4J23:02:11,653 DEBUG PathMatchingResourcePatternResolver:357 - Resolved location pattern [classpath*:com/tservice/Persistencia/**/*CarrerasCrudFactoryImpl.class] to resources []
LOG4J23:02:11,654 DEBUG RepositoryConfigurationDelegate:142 - Spring Data JPA - Registering repository: carrerasCrudFactory - Interface: com.tservice.Persistencia.CarrerasCrudFactory - Factory: org.springframework.data.jpa.repository.support.JpaRepositoryFactoryBean
LOG4J23:02:11,655 DEBUG StandardEnvironment:109 - Adding [systemProperties] PropertySource with lowest search precedence
LOG4J23:02:11,655 DEBUG StandardEnvironment:109 - Adding [systemEnvironment] PropertySource with lowest search precedence
LOG4J23:02:11,655 DEBUG StandardEnvironment:126 - Initialized StandardEnvironment with PropertySources [systemProperties,systemEnvironment]
LOG4J23:02:11,656 DEBUG PathMatchingResourcePatternResolver:556 - Looking for matching resources in directory tree [C:\Users\LuisAndres\Documents\GitHub\pgrproyecto\target\classes\com\tservice\Persistencia]
LOG4J23:02:11,657 DEBUG PathMatchingResourcePatternResolver:618 - Searching directory [C:\Users\LuisAndres\Documents\GitHub\pgrproyecto\target\classes\com\tservice\Persistencia] for files matching pattern [C:/Users/LuisAndres/Documents/GitHub/pgrproyecto/target/classes/com/tservice/Persistencia/**/*UbicacionCrudFactoryImpl.class]
LOG4J23:02:11,658 DEBUG PathMatchingResourcePatternResolver:357 - Resolved location pattern [classpath*:com/tservice/Persistencia/**/*UbicacionCrudFactoryImpl.class] to resources []
LOG4J23:02:11,659 DEBUG RepositoryConfigurationDelegate:142 - Spring Data JPA - Registering repository: ubicacionCrudFactory - Interface: com.tservice.Persistencia.UbicacionCrudFactory - Factory: org.springframework.data.jpa.repository.support.JpaRepositoryFactoryBean
LOG4J23:02:11,659 DEBUG StandardEnvironment:109 - Adding [systemProperties] PropertySource with lowest search precedence
LOG4J23:02:11,660 DEBUG StandardEnvironment:109 - Adding [systemEnvironment] PropertySource with lowest search precedence
LOG4J23:02:11,660 DEBUG StandardEnvironment:126 - Initialized StandardEnvironment with PropertySources [systemProperties,systemEnvironment]
LOG4J23:02:11,661 DEBUG PathMatchingResourcePatternResolver:556 - Looking for matching resources in directory tree [C:\Users\LuisAndres\Documents\GitHub\pgrproyecto\target\classes\com\tservice\Persistencia]
LOG4J23:02:11,661 DEBUG PathMatchingResourcePatternResolver:618 - Searching directory [C:\Users\LuisAndres\Documents\GitHub\pgrproyecto\target\classes\com\tservice\Persistencia] for files matching pattern [C:/Users/LuisAndres/Documents/GitHub/pgrproyecto/target/classes/com/tservice/Persistencia/**/*InteresesCrudFactoryImpl.class]
LOG4J23:02:11,662 DEBUG PathMatchingResourcePatternResolver:357 - Resolved location pattern [classpath*:com/tservice/Persistencia/**/*InteresesCrudFactoryImpl.class] to resources []
LOG4J23:02:11,663 DEBUG RepositoryConfigurationDelegate:142 - Spring Data JPA - Registering repository: interesesCrudFactory - Interface: com.tservice.Persistencia.InteresesCrudFactory - Factory: org.springframework.data.jpa.repository.support.JpaRepositoryFactoryBean
LOG4J23:02:11,676 DEBUG XmlBeanDefinitionReader:223 - Loaded 28 bean definitions from location pattern [classpath:applicationContextH2.xml]
LOG4J23:02:11,679  INFO GenericApplicationContext:515 - Refreshing org.springframework.context.support.GenericApplicationContext@239963d8: startup date [Tue Jul 07 23:02:11 COT 2015]; root of context hierarchy
LOG4J23:02:11,680 DEBUG GenericApplicationContext:545 - Bean factory for org.springframework.context.support.GenericApplicationContext@239963d8: org.springframework.beans.factory.support.DefaultListableBeanFactory@6dc17b83: defining beans [org.springframework.context.annotation.internalConfigurationAnnotationProcessor,org.springframework.context.annotation.internalAutowiredAnnotationProcessor,org.springframework.context.annotation.internalRequiredAnnotationProcessor,org.springframework.context.annotation.internalCommonAnnotationProcessor,org.springframework.context.annotation.internalPersistenceAnnotationProcessor,app,facade,org.springframework.data.jpa.repository.config.JpaRepositoryConfigExtension#0,org.springframework.data.repository.core.support.RepositoryInterfaceAwareBeanPostProcessor,foo,jpaMappingContext,usuariosCrudFactory,gruposCrudFactory,mensajesCrudFactory,calificacionCrudFactory,noticiasCrudFactory,eventosCrudFactory,carrerasCrudFactory,ubicacionCrudFactory,interesesCrudFactory,dataSource,jpaVendorAdapter,entityManagerFactory,transactionManager,org.springframework.aop.config.internalAutoProxyCreator,org.springframework.transaction.annotation.AnnotationTransactionAttributeSource#0,org.springframework.transaction.interceptor.TransactionInterceptor#0,org.springframework.transaction.config.internalTransactionAdvisor]; root of factory hierarchy
LOG4J23:02:11,694 DEBUG DefaultListableBeanFactory:221 - Creating shared instance of singleton bean &apos;org.springframework.context.annotation.internalConfigurationAnnotationProcessor&apos;
LOG4J23:02:11,694 DEBUG DefaultListableBeanFactory:449 - Creating instance of bean &apos;org.springframework.context.annotation.internalConfigurationAnnotationProcessor&apos;
LOG4J23:02:11,705 DEBUG DefaultListableBeanFactory:523 - Eagerly caching bean &apos;org.springframework.context.annotation.internalConfigurationAnnotationProcessor&apos; to allow for resolving potential circular references
LOG4J23:02:11,707 DEBUG DefaultListableBeanFactory:477 - Finished creating instance of bean &apos;org.springframework.context.annotation.internalConfigurationAnnotationProcessor&apos;
LOG4J23:02:11,754 DEBUG DefaultListableBeanFactory:221 - Creating shared instance of singleton bean &apos;foo&apos;
LOG4J23:02:11,754 DEBUG DefaultListableBeanFactory:449 - Creating instance of bean &apos;foo&apos;
LOG4J23:02:11,755 DEBUG DefaultListableBeanFactory:523 - Eagerly caching bean &apos;foo&apos; to allow for resolving potential circular references
LOG4J23:02:11,755 DEBUG DefaultListableBeanFactory:477 - Finished creating instance of bean &apos;foo&apos;
LOG4J23:02:11,761 DEBUG DefaultListableBeanFactory:221 - Creating shared instance of singleton bean &apos;org.springframework.context.annotation.internalAutowiredAnnotationProcessor&apos;
LOG4J23:02:11,761 DEBUG DefaultListableBeanFactory:449 - Creating instance of bean &apos;org.springframework.context.annotation.internalAutowiredAnnotationProcessor&apos;
LOG4J23:02:11,761  INFO AutowiredAnnotationBeanPostProcessor:141 - JSR-330 &apos;javax.inject.Inject&apos; annotation found and supported for autowiring
LOG4J23:02:11,762 DEBUG DefaultListableBeanFactory:523 - Eagerly caching bean &apos;org.springframework.context.annotation.internalAutowiredAnnotationProcessor&apos; to allow for resolving potential circular references
LOG4J23:02:11,762 DEBUG DefaultListableBeanFactory:477 - Finished creating instance of bean &apos;org.springframework.context.annotation.internalAutowiredAnnotationProcessor&apos;
LOG4J23:02:11,762 DEBUG DefaultListableBeanFactory:221 - Creating shared instance of singleton bean &apos;org.springframework.context.annotation.internalRequiredAnnotationProcessor&apos;
LOG4J23:02:11,762 DEBUG DefaultListableBeanFactory:449 - Creating instance of bean &apos;org.springframework.context.annotation.internalRequiredAnnotationProcessor&apos;
LOG4J23:02:11,762 DEBUG DefaultListableBeanFactory:523 - Eagerly caching bean &apos;org.springframework.context.annotation.internalRequiredAnnotationProcessor&apos; to allow for resolving potential circular references
LOG4J23:02:11,762 DEBUG DefaultListableBeanFactory:477 - Finished creating instance of bean &apos;org.springframework.context.annotation.internalRequiredAnnotationProcessor&apos;
LOG4J23:02:11,763 DEBUG DefaultListableBeanFactory:221 - Creating shared instance of singleton bean &apos;org.springframework.context.annotation.internalCommonAnnotationProcessor&apos;
LOG4J23:02:11,763 DEBUG DefaultListableBeanFactory:449 - Creating instance of bean &apos;org.springframework.context.annotation.internalCommonAnnotationProcessor&apos;
LOG4J23:02:11,775 DEBUG DefaultListableBeanFactory:523 - Eagerly caching bean &apos;org.springframework.context.annotation.internalCommonAnnotationProcessor&apos; to allow for resolving potential circular references
LOG4J23:02:11,776 DEBUG DefaultListableBeanFactory:477 - Finished creating instance of bean &apos;org.springframework.context.annotation.internalCommonAnnotationProcessor&apos;
LOG4J23:02:11,776 DEBUG DefaultListableBeanFactory:221 - Creating shared instance of singleton bean &apos;org.springframework.context.annotation.internalPersistenceAnnotationProcessor&apos;
LOG4J23:02:11,776 DEBUG DefaultListableBeanFactory:449 - Creating instance of bean &apos;org.springframework.context.annotation.internalPersistenceAnnotationProcessor&apos;
LOG4J23:02:11,776 DEBUG DefaultListableBeanFactory:523 - Eagerly caching bean &apos;org.springframework.context.annotation.internalPersistenceAnnotationProcessor&apos; to allow for resolving potential circular references
LOG4J23:02:11,776 DEBUG DefaultListableBeanFactory:477 - Finished creating instance of bean &apos;org.springframework.context.annotation.internalPersistenceAnnotationProcessor&apos;
LOG4J23:02:11,777 DEBUG DefaultListableBeanFactory:221 - Creating shared instance of singleton bean &apos;org.springframework.data.repository.core.support.RepositoryInterfaceAwareBeanPostProcessor&apos;
LOG4J23:02:11,777 DEBUG DefaultListableBeanFactory:449 - Creating instance of bean &apos;org.springframework.data.repository.core.support.RepositoryInterfaceAwareBeanPostProcessor&apos;
LOG4J23:02:11,777 DEBUG DefaultListableBeanFactory:523 - Eagerly caching bean &apos;org.springframework.data.repository.core.support.RepositoryInterfaceAwareBeanPostProcessor&apos; to allow for resolving potential circular references
LOG4J23:02:11,777 DEBUG DefaultListableBeanFactory:477 - Finished creating instance of bean &apos;org.springframework.data.repository.core.support.RepositoryInterfaceAwareBeanPostProcessor&apos;
LOG4J23:02:11,778 DEBUG DefaultListableBeanFactory:221 - Creating shared instance of singleton bean &apos;org.springframework.context.annotation.ConfigurationClassPostProcessor.importAwareProcessor&apos;
LOG4J23:02:11,778 DEBUG DefaultListableBeanFactory:449 - Creating instance of bean &apos;org.springframework.context.annotation.ConfigurationClassPostProcessor.importAwareProcessor&apos;
LOG4J23:02:11,778 DEBUG DefaultListableBeanFactory:523 - Eagerly caching bean &apos;org.springframework.context.annotation.ConfigurationClassPostProcessor.importAwareProcessor&apos; to allow for resolving potential circular references
LOG4J23:02:11,778 DEBUG DefaultListableBeanFactory:477 - Finished creating instance of bean &apos;org.springframework.context.annotation.ConfigurationClassPostProcessor.importAwareProcessor&apos;
LOG4J23:02:11,778 DEBUG DefaultListableBeanFactory:221 - Creating shared instance of singleton bean &apos;org.springframework.context.annotation.ConfigurationClassPostProcessor.enhancedConfigurationProcessor&apos;
LOG4J23:02:11,778 DEBUG DefaultListableBeanFactory:449 - Creating instance of bean &apos;org.springframework.context.annotation.ConfigurationClassPostProcessor.enhancedConfigurationProcessor&apos;
LOG4J23:02:11,779 DEBUG DefaultListableBeanFactory:523 - Eagerly caching bean &apos;org.springframework.context.annotation.ConfigurationClassPostProcessor.enhancedConfigurationProcessor&apos; to allow for resolving potential circular references
LOG4J23:02:11,779 DEBUG DefaultListableBeanFactory:477 - Finished creating instance of bean &apos;org.springframework.context.annotation.ConfigurationClassPostProcessor.enhancedConfigurationProcessor&apos;
LOG4J23:02:11,779 DEBUG DefaultListableBeanFactory:221 - Creating shared instance of singleton bean &apos;org.springframework.aop.config.internalAutoProxyCreator&apos;
LOG4J23:02:11,779 DEBUG DefaultListableBeanFactory:449 - Creating instance of bean &apos;org.springframework.aop.config.internalAutoProxyCreator&apos;
LOG4J23:02:11,785 DEBUG DefaultListableBeanFactory:523 - Eagerly caching bean &apos;org.springframework.aop.config.internalAutoProxyCreator&apos; to allow for resolving potential circular references
LOG4J23:02:11,803 DEBUG DefaultListableBeanFactory:477 - Finished creating instance of bean &apos;org.springframework.aop.config.internalAutoProxyCreator&apos;
LOG4J23:02:11,805 DEBUG GenericApplicationContext:651 - Unable to locate MessageSource with name &apos;messageSource&apos;: using default [org.springframework.context.support.DelegatingMessageSource@5f8edcc5]
LOG4J23:02:11,806 DEBUG GenericApplicationContext:675 - Unable to locate ApplicationEventMulticaster with name &apos;applicationEventMulticaster&apos;: using default [org.springframework.context.event.SimpleApplicationEventMulticaster@2638011]
LOG4J23:02:11,809 DEBUG DefaultListableBeanFactory:221 - Creating shared instance of singleton bean &apos;entityManagerFactory&apos;
LOG4J23:02:11,809 DEBUG DefaultListableBeanFactory:449 - Creating instance of bean &apos;entityManagerFactory&apos;
LOG4J23:02:11,818 DEBUG DefaultListableBeanFactory:523 - Eagerly caching bean &apos;entityManagerFactory&apos; to allow for resolving potential circular references
LOG4J23:02:11,832 DEBUG DefaultListableBeanFactory:221 - Creating shared instance of singleton bean &apos;dataSource&apos;
LOG4J23:02:11,832 DEBUG DefaultListableBeanFactory:449 - Creating instance of bean &apos;dataSource&apos;
LOG4J23:02:11,835 DEBUG DefaultListableBeanFactory:523 - Eagerly caching bean &apos;dataSource&apos; to allow for resolving potential circular references
LOG4J23:02:11,845 DEBUG BeanUtils:456 - No property editor [org.springframework.jdbc.datasource.embedded.EmbeddedDatabaseTypeEditor] found for type org.springframework.jdbc.datasource.embedded.EmbeddedDatabaseType according to &apos;Editor&apos; suffix convention
LOG4J23:02:11,849 DEBUG DefaultListableBeanFactory:1596 - Invoking afterPropertiesSet() on bean with name &apos;dataSource&apos;
LOG4J23:02:11,850  INFO EmbeddedDatabaseFactory:147 - Creating embedded database &apos;dataSource&apos;
LOG4J23:02:11,857 DEBUG DefaultListableBeanFactory:221 - Creating shared instance of singleton bean &apos;org.springframework.transaction.config.internalTransactionAdvisor&apos;
LOG4J23:02:11,858 DEBUG DefaultListableBeanFactory:449 - Creating instance of bean &apos;org.springframework.transaction.config.internalTransactionAdvisor&apos;
LOG4J23:02:11,859 DEBUG DefaultListableBeanFactory:523 - Eagerly caching bean &apos;org.springframework.transaction.config.internalTransactionAdvisor&apos; to allow for resolving potential circular references
LOG4J23:02:11,863 DEBUG DefaultListableBeanFactory:221 - Creating shared instance of singleton bean &apos;org.springframework.transaction.annotation.AnnotationTransactionAttributeSource#0&apos;
LOG4J23:02:11,864 DEBUG DefaultListableBeanFactory:449 - Creating instance of bean &apos;org.springframework.transaction.annotation.AnnotationTransactionAttributeSource#0&apos;
LOG4J23:02:11,865 DEBUG DefaultListableBeanFactory:523 - Eagerly caching bean &apos;org.springframework.transaction.annotation.AnnotationTransactionAttributeSource#0&apos; to allow for resolving potential circular references
LOG4J23:02:11,867 DEBUG BeanFactoryAdvisorRetrievalHelper:87 - Skipping currently created advisor &apos;org.springframework.transaction.config.internalTransactionAdvisor&apos;
LOG4J23:02:11,869 DEBUG DefaultListableBeanFactory:477 - Finished creating instance of bean &apos;org.springframework.transaction.annotation.AnnotationTransactionAttributeSource#0&apos;
LOG4J23:02:11,870 DEBUG DefaultListableBeanFactory:477 - Finished creating instance of bean &apos;org.springframework.transaction.config.internalTransactionAdvisor&apos;
LOG4J23:02:11,872 DEBUG DefaultListableBeanFactory:477 - Finished creating instance of bean &apos;dataSource&apos;
LOG4J23:02:11,872 DEBUG DefaultListableBeanFactory:247 - Returning cached instance of singleton bean &apos;org.springframework.transaction.config.internalTransactionAdvisor&apos;
LOG4J23:02:11,874 DEBUG DefaultListableBeanFactory:221 - Creating shared instance of singleton bean &apos;jpaVendorAdapter&apos;
LOG4J23:02:11,874 DEBUG DefaultListableBeanFactory:449 - Creating instance of bean &apos;jpaVendorAdapter&apos;
LOG4J23:02:11,899 DEBUG logging:53 - Logging Provider: org.jboss.logging.Log4jLoggerProvider
LOG4J23:02:11,901 DEBUG DefaultListableBeanFactory:523 - Eagerly caching bean &apos;jpaVendorAdapter&apos; to allow for resolving potential circular references
LOG4J23:02:11,905 DEBUG BeanUtils:456 - No property editor [org.springframework.orm.jpa.vendor.DatabaseEditor] found for type org.springframework.orm.jpa.vendor.Database according to &apos;Editor&apos; suffix convention
LOG4J23:02:11,905 DEBUG DefaultListableBeanFactory:247 - Returning cached instance of singleton bean &apos;org.springframework.transaction.config.internalTransactionAdvisor&apos;
LOG4J23:02:11,906 DEBUG DefaultListableBeanFactory:477 - Finished creating instance of bean &apos;jpaVendorAdapter&apos;
LOG4J23:02:11,911 DEBUG DefaultListableBeanFactory:1596 - Invoking afterPropertiesSet() on bean with name &apos;entityManagerFactory&apos;
LOG4J23:02:11,916 DEBUG PathMatchingResourcePatternResolver:556 - Looking for matching resources in directory tree [C:\Users\LuisAndres\Documents\GitHub\pgrproyecto\target\classes\com\tservice\Model]
LOG4J23:02:11,916 DEBUG PathMatchingResourcePatternResolver:618 - Searching directory [C:\Users\LuisAndres\Documents\GitHub\pgrproyecto\target\classes\com\tservice\Model] for files matching pattern [C:/Users/LuisAndres/Documents/GitHub/pgrproyecto/target/classes/com/tservice/Model/**/*.class]
LOG4J23:02:11,918 DEBUG PathMatchingResourcePatternResolver:357 - Resolved location pattern [classpath*:com/tservice/Model/**/*.class] to resources [file [C:\Users\LuisAndres\Documents\GitHub\pgrproyecto\target\classes\com\tservice\Model\Calificacion.class], file [C:\Users\LuisAndres\Documents\GitHub\pgrproyecto\target\classes\com\tservice\Model\Carreras.class], file [C:\Users\LuisAndres\Documents\GitHub\pgrproyecto\target\classes\com\tservice\Model\Eventos.class], file [C:\Users\LuisAndres\Documents\GitHub\pgrproyecto\target\classes\com\tservice\Model\Grupos.class], file [C:\Users\LuisAndres\Documents\GitHub\pgrproyecto\target\classes\com\tservice\Model\Intereses.class], file [C:\Users\LuisAndres\Documents\GitHub\pgrproyecto\target\classes\com\tservice\Model\Materias.class], file [C:\Users\LuisAndres\Documents\GitHub\pgrproyecto\target\classes\com\tservice\Model\Mensajes.class], file [C:\Users\LuisAndres\Documents\GitHub\pgrproyecto\target\classes\com\tservice\Model\Noticias.class], file [C:\Users\LuisAndres\Documents\GitHub\pgrproyecto\target\classes\com\tservice\Model\Ubicacion.class], file [C:\Users\LuisAndres\Documents\GitHub\pgrproyecto\target\classes\com\tservice\Model\Usuarios.class]]
LOG4J23:02:11,941  INFO LocalContainerEntityManagerFactoryBean:334 - Building JPA container EntityManagerFactory for persistence unit &apos;default&apos;
[HIBERNATE] --&gt; 23:02:11 INFO  org.hibernate.jpa.internal.util.LogHelper - HHH000204: Processing PersistenceUnitInfo [
	name: default
	...]
LOG4J23:02:11,964  INFO LogHelper:46 - HHH000204: Processing PersistenceUnitInfo [
	name: default
	...]
[HIBERNATE] --&gt; 23:02:12 INFO  org.hibernate.Version - HHH000412: Hibernate Core {4.3.7.Final}
LOG4J23:02:12,044  INFO Version:54 - HHH000412: Hibernate Core {4.3.7.Final}
[HIBERNATE] --&gt; 23:02:12 INFO  org.hibernate.cfg.Environment - HHH000206: hibernate.properties not found
LOG4J23:02:12,045  INFO Environment:239 - HHH000206: hibernate.properties not found
[HIBERNATE] --&gt; 23:02:12 INFO  org.hibernate.cfg.Environment - HHH000021: Bytecode provider name : javassist
LOG4J23:02:12,047  INFO Environment:346 - HHH000021: Bytecode provider name : javassist
[HIBERNATE] --&gt; 23:02:12 DEBUG org.hibernate.type.BasicTypeRegistry - Adding type registration boolean -&gt; org.hibernate.type.BooleanType@51133c06
LOG4J23:02:12,175 DEBUG BasicTypeRegistry:146 - Adding type registration boolean -&gt; org.hibernate.type.BooleanType@51133c06
[HIBERNATE] --&gt; 23:02:12 DEBUG org.hibernate.type.BasicTypeRegistry - Adding type registration boolean -&gt; org.hibernate.type.BooleanType@51133c06
LOG4J23:02:12,175 DEBUG BasicTypeRegistry:146 - Adding type registration boolean -&gt; org.hibernate.type.BooleanType@51133c06
[HIBERNATE] --&gt; 23:02:12 DEBUG org.hibernate.type.BasicTypeRegistry - Adding type registration java.lang.Boolean -&gt; org.hibernate.type.BooleanType@51133c06
LOG4J23:02:12,176 DEBUG BasicTypeRegistry:146 - Adding type registration java.lang.Boolean -&gt; org.hibernate.type.BooleanType@51133c06
[HIBERNATE] --&gt; 23:02:12 DEBUG org.hibernate.type.BasicTypeRegistry - Adding type registration numeric_boolean -&gt; org.hibernate.type.NumericBooleanType@44d52de2
LOG4J23:02:12,177 DEBUG BasicTypeRegistry:146 - Adding type registration numeric_boolean -&gt; org.hibernate.type.NumericBooleanType@44d52de2
[HIBERNATE] --&gt; 23:02:12 DEBUG org.hibernate.type.BasicTypeRegistry - Adding type registration true_false -&gt; org.hibernate.type.TrueFalseType@ae3540e
LOG4J23:02:12,179 DEBUG BasicTypeRegistry:146 - Adding type registration true_false -&gt; org.hibernate.type.TrueFalseType@ae3540e
[HIBERNATE] --&gt; 23:02:12 DEBUG org.hibernate.type.BasicTypeRegistry - Adding type registration yes_no -&gt; org.hibernate.type.YesNoType@69f1a286
LOG4J23:02:12,180 DEBUG BasicTypeRegistry:146 - Adding type registration yes_no -&gt; org.hibernate.type.YesNoType@69f1a286
[HIBERNATE] --&gt; 23:02:12 DEBUG org.hibernate.type.BasicTypeRegistry - Adding type registration byte -&gt; org.hibernate.type.ByteType@51549490
LOG4J23:02:12,182 DEBUG BasicTypeRegistry:146 - Adding type registration byte -&gt; org.hibernate.type.ByteType@51549490
[HIBERNATE] --&gt; 23:02:12 DEBUG org.hibernate.type.BasicTypeRegistry - Adding type registration byte -&gt; org.hibernate.type.ByteType@51549490
LOG4J23:02:12,182 DEBUG BasicTypeRegistry:146 - Adding type registration byte -&gt; org.hibernate.type.ByteType@51549490
[HIBERNATE] --&gt; 23:02:12 DEBUG org.hibernate.type.BasicTypeRegistry - Adding type registration java.lang.Byte -&gt; org.hibernate.type.ByteType@51549490
LOG4J23:02:12,182 DEBUG BasicTypeRegistry:146 - Adding type registration java.lang.Byte -&gt; org.hibernate.type.ByteType@51549490
[HIBERNATE] --&gt; 23:02:12 DEBUG org.hibernate.type.BasicTypeRegistry - Adding type registration character -&gt; org.hibernate.type.CharacterType@7daa0fbd
LOG4J23:02:12,184 DEBUG BasicTypeRegistry:146 - Adding type registration character -&gt; org.hibernate.type.CharacterType@7daa0fbd
[HIBERNATE] --&gt; 23:02:12 DEBUG org.hibernate.type.BasicTypeRegistry - Adding type registration char -&gt; org.hibernate.type.CharacterType@7daa0fbd
LOG4J23:02:12,184 DEBUG BasicTypeRegistry:146 - Adding type registration char -&gt; org.hibernate.type.CharacterType@7daa0fbd
[HIBERNATE] --&gt; 23:02:12 DEBUG org.hibernate.type.BasicTypeRegistry - Adding type registration java.lang.Character -&gt; org.hibernate.type.CharacterType@7daa0fbd
LOG4J23:02:12,186 DEBUG BasicTypeRegistry:146 - Adding type registration java.lang.Character -&gt; org.hibernate.type.CharacterType@7daa0fbd
[HIBERNATE] --&gt; 23:02:12 DEBUG org.hibernate.type.BasicTypeRegistry - Adding type registration short -&gt; org.hibernate.type.ShortType@291f18
LOG4J23:02:12,187 DEBUG BasicTypeRegistry:146 - Adding type registration short -&gt; org.hibernate.type.ShortType@291f18
[HIBERNATE] --&gt; 23:02:12 DEBUG org.hibernate.type.BasicTypeRegistry - Adding type registration short -&gt; org.hibernate.type.ShortType@291f18
LOG4J23:02:12,188 DEBUG BasicTypeRegistry:146 - Adding type registration short -&gt; org.hibernate.type.ShortType@291f18
[HIBERNATE] --&gt; 23:02:12 DEBUG org.hibernate.type.BasicTypeRegistry - Adding type registration java.lang.Short -&gt; org.hibernate.type.ShortType@291f18
LOG4J23:02:12,188 DEBUG BasicTypeRegistry:146 - Adding type registration java.lang.Short -&gt; org.hibernate.type.ShortType@291f18
[HIBERNATE] --&gt; 23:02:12 DEBUG org.hibernate.type.BasicTypeRegistry - Adding type registration integer -&gt; org.hibernate.type.IntegerType@d771cc9
LOG4J23:02:12,189 DEBUG BasicTypeRegistry:146 - Adding type registration integer -&gt; org.hibernate.type.IntegerType@d771cc9
[HIBERNATE] --&gt; 23:02:12 DEBUG org.hibernate.type.BasicTypeRegistry - Adding type registration int -&gt; org.hibernate.type.IntegerType@d771cc9
LOG4J23:02:12,190 DEBUG BasicTypeRegistry:146 - Adding type registration int -&gt; org.hibernate.type.IntegerType@d771cc9
[HIBERNATE] --&gt; 23:02:12 DEBUG org.hibernate.type.BasicTypeRegistry - Adding type registration java.lang.Integer -&gt; org.hibernate.type.IntegerType@d771cc9
LOG4J23:02:12,190 DEBUG BasicTypeRegistry:146 - Adding type registration java.lang.Integer -&gt; org.hibernate.type.IntegerType@d771cc9
[HIBERNATE] --&gt; 23:02:12 DEBUG org.hibernate.type.BasicTypeRegistry - Adding type registration long -&gt; org.hibernate.type.LongType@36060e
LOG4J23:02:12,192 DEBUG BasicTypeRegistry:146 - Adding type registration long -&gt; org.hibernate.type.LongType@36060e
[HIBERNATE] --&gt; 23:02:12 DEBUG org.hibernate.type.BasicTypeRegistry - Adding type registration long -&gt; org.hibernate.type.LongType@36060e
LOG4J23:02:12,193 DEBUG BasicTypeRegistry:146 - Adding type registration long -&gt; org.hibernate.type.LongType@36060e
[HIBERNATE] --&gt; 23:02:12 DEBUG org.hibernate.type.BasicTypeRegistry - Adding type registration java.lang.Long -&gt; org.hibernate.type.LongType@36060e
LOG4J23:02:12,193 DEBUG BasicTypeRegistry:146 - Adding type registration java.lang.Long -&gt; org.hibernate.type.LongType@36060e
[HIBERNATE] --&gt; 23:02:12 DEBUG org.hibernate.type.BasicTypeRegistry - Adding type registration float -&gt; org.hibernate.type.FloatType@413f69cc
LOG4J23:02:12,195 DEBUG BasicTypeRegistry:146 - Adding type registration float -&gt; org.hibernate.type.FloatType@413f69cc
[HIBERNATE] --&gt; 23:02:12 DEBUG org.hibernate.type.BasicTypeRegistry - Adding type registration float -&gt; org.hibernate.type.FloatType@413f69cc
LOG4J23:02:12,196 DEBUG BasicTypeRegistry:146 - Adding type registration float -&gt; org.hibernate.type.FloatType@413f69cc
[HIBERNATE] --&gt; 23:02:12 DEBUG org.hibernate.type.BasicTypeRegistry - Adding type registration java.lang.Float -&gt; org.hibernate.type.FloatType@413f69cc
LOG4J23:02:12,196 DEBUG BasicTypeRegistry:146 - Adding type registration java.lang.Float -&gt; org.hibernate.type.FloatType@413f69cc
[HIBERNATE] --&gt; 23:02:12 DEBUG org.hibernate.type.BasicTypeRegistry - Adding type registration double -&gt; org.hibernate.type.DoubleType@4ff8d125
LOG4J23:02:12,198 DEBUG BasicTypeRegistry:146 - Adding type registration double -&gt; org.hibernate.type.DoubleType@4ff8d125
[HIBERNATE] --&gt; 23:02:12 DEBUG org.hibernate.type.BasicTypeRegistry - Adding type registration double -&gt; org.hibernate.type.DoubleType@4ff8d125
LOG4J23:02:12,198 DEBUG BasicTypeRegistry:146 - Adding type registration double -&gt; org.hibernate.type.DoubleType@4ff8d125
[HIBERNATE] --&gt; 23:02:12 DEBUG org.hibernate.type.BasicTypeRegistry - Adding type registration java.lang.Double -&gt; org.hibernate.type.DoubleType@4ff8d125
LOG4J23:02:12,199 DEBUG BasicTypeRegistry:146 - Adding type registration java.lang.Double -&gt; org.hibernate.type.DoubleType@4ff8d125
[HIBERNATE] --&gt; 23:02:12 DEBUG org.hibernate.type.BasicTypeRegistry - Adding type registration big_decimal -&gt; org.hibernate.type.BigDecimalType@38b27cdc
LOG4J23:02:12,200 DEBUG BasicTypeRegistry:146 - Adding type registration big_decimal -&gt; org.hibernate.type.BigDecimalType@38b27cdc
[HIBERNATE] --&gt; 23:02:12 DEBUG org.hibernate.type.BasicTypeRegistry - Adding type registration java.math.BigDecimal -&gt; org.hibernate.type.BigDecimalType@38b27cdc
LOG4J23:02:12,201 DEBUG BasicTypeRegistry:146 - Adding type registration java.math.BigDecimal -&gt; org.hibernate.type.BigDecimalType@38b27cdc
[HIBERNATE] --&gt; 23:02:12 DEBUG org.hibernate.type.BasicTypeRegistry - Adding type registration big_integer -&gt; org.hibernate.type.BigIntegerType@3e6104fc
LOG4J23:02:12,202 DEBUG BasicTypeRegistry:146 - Adding type registration big_integer -&gt; org.hibernate.type.BigIntegerType@3e6104fc
[HIBERNATE] --&gt; 23:02:12 DEBUG org.hibernate.type.BasicTypeRegistry - Adding type registration java.math.BigInteger -&gt; org.hibernate.type.BigIntegerType@3e6104fc
LOG4J23:02:12,202 DEBUG BasicTypeRegistry:146 - Adding type registration java.math.BigInteger -&gt; org.hibernate.type.BigIntegerType@3e6104fc
[HIBERNATE] --&gt; 23:02:12 DEBUG org.hibernate.type.BasicTypeRegistry - Adding type registration string -&gt; org.hibernate.type.StringType@4f3bbf68
LOG4J23:02:12,203 DEBUG BasicTypeRegistry:146 - Adding type registration string -&gt; org.hibernate.type.StringType@4f3bbf68
[HIBERNATE] --&gt; 23:02:12 DEBUG org.hibernate.type.BasicTypeRegistry - Adding type registration java.lang.String -&gt; org.hibernate.type.StringType@4f3bbf68
LOG4J23:02:12,204 DEBUG BasicTypeRegistry:146 - Adding type registration java.lang.String -&gt; org.hibernate.type.StringType@4f3bbf68
[HIBERNATE] --&gt; 23:02:12 DEBUG org.hibernate.type.BasicTypeRegistry - Adding type registration nstring -&gt; org.hibernate.type.StringNVarcharType@2421cc4
LOG4J23:02:12,205 DEBUG BasicTypeRegistry:146 - Adding type registration nstring -&gt; org.hibernate.type.StringNVarcharType@2421cc4
[HIBERNATE] --&gt; 23:02:12 DEBUG org.hibernate.type.BasicTypeRegistry - Adding type registration ncharacter -&gt; org.hibernate.type.CharacterNCharType@58ce9668
LOG4J23:02:12,207 DEBUG BasicTypeRegistry:146 - Adding type registration ncharacter -&gt; org.hibernate.type.CharacterNCharType@58ce9668
[HIBERNATE] --&gt; 23:02:12 DEBUG org.hibernate.type.BasicTypeRegistry - Adding type registration url -&gt; org.hibernate.type.UrlType@1fa1cab1
LOG4J23:02:12,209 DEBUG BasicTypeRegistry:146 - Adding type registration url -&gt; org.hibernate.type.UrlType@1fa1cab1
[HIBERNATE] --&gt; 23:02:12 DEBUG org.hibernate.type.BasicTypeRegistry - Adding type registration java.net.URL -&gt; org.hibernate.type.UrlType@1fa1cab1
LOG4J23:02:12,209 DEBUG BasicTypeRegistry:146 - Adding type registration java.net.URL -&gt; org.hibernate.type.UrlType@1fa1cab1
[HIBERNATE] --&gt; 23:02:12 DEBUG org.hibernate.type.BasicTypeRegistry - Adding type registration date -&gt; org.hibernate.type.DateType@132e0cc
LOG4J23:02:12,213 DEBUG BasicTypeRegistry:146 - Adding type registration date -&gt; org.hibernate.type.DateType@132e0cc
[HIBERNATE] --&gt; 23:02:12 DEBUG org.hibernate.type.BasicTypeRegistry - Adding type registration java.sql.Date -&gt; org.hibernate.type.DateType@132e0cc
LOG4J23:02:12,213 DEBUG BasicTypeRegistry:146 - Adding type registration java.sql.Date -&gt; org.hibernate.type.DateType@132e0cc
[HIBERNATE] --&gt; 23:02:12 DEBUG org.hibernate.type.BasicTypeRegistry - Adding type registration time -&gt; org.hibernate.type.TimeType@26ceffa8
LOG4J23:02:12,216 DEBUG BasicTypeRegistry:146 - Adding type registration time -&gt; org.hibernate.type.TimeType@26ceffa8
[HIBERNATE] --&gt; 23:02:12 DEBUG org.hibernate.type.BasicTypeRegistry - Adding type registration java.sql.Time -&gt; org.hibernate.type.TimeType@26ceffa8
LOG4J23:02:12,216 DEBUG BasicTypeRegistry:146 - Adding type registration java.sql.Time -&gt; org.hibernate.type.TimeType@26ceffa8
[HIBERNATE] --&gt; 23:02:12 DEBUG org.hibernate.type.BasicTypeRegistry - Adding type registration timestamp -&gt; org.hibernate.type.TimestampType@7a55af6b
LOG4J23:02:12,219 DEBUG BasicTypeRegistry:146 - Adding type registration timestamp -&gt; org.hibernate.type.TimestampType@7a55af6b
[HIBERNATE] --&gt; 23:02:12 DEBUG org.hibernate.type.BasicTypeRegistry - Adding type registration java.sql.Timestamp -&gt; org.hibernate.type.TimestampType@7a55af6b
LOG4J23:02:12,219 DEBUG BasicTypeRegistry:146 - Adding type registration java.sql.Timestamp -&gt; org.hibernate.type.TimestampType@7a55af6b
[HIBERNATE] --&gt; 23:02:12 DEBUG org.hibernate.type.BasicTypeRegistry - Adding type registration java.util.Date -&gt; org.hibernate.type.TimestampType@7a55af6b
LOG4J23:02:12,220 DEBUG BasicTypeRegistry:146 - Adding type registration java.util.Date -&gt; org.hibernate.type.TimestampType@7a55af6b
[HIBERNATE] --&gt; 23:02:12 DEBUG org.hibernate.type.BasicTypeRegistry - Adding type registration dbtimestamp -&gt; org.hibernate.type.DbTimestampType@27216cd
LOG4J23:02:12,222 DEBUG BasicTypeRegistry:146 - Adding type registration dbtimestamp -&gt; org.hibernate.type.DbTimestampType@27216cd
[HIBERNATE] --&gt; 23:02:12 DEBUG org.hibernate.type.BasicTypeRegistry - Adding type registration calendar -&gt; org.hibernate.type.CalendarType@6c2c1385
LOG4J23:02:12,224 DEBUG BasicTypeRegistry:146 - Adding type registration calendar -&gt; org.hibernate.type.CalendarType@6c2c1385
[HIBERNATE] --&gt; 23:02:12 DEBUG org.hibernate.type.BasicTypeRegistry - Adding type registration java.util.Calendar -&gt; org.hibernate.type.CalendarType@6c2c1385
LOG4J23:02:12,224 DEBUG BasicTypeRegistry:146 - Adding type registration java.util.Calendar -&gt; org.hibernate.type.CalendarType@6c2c1385
[HIBERNATE] --&gt; 23:02:12 DEBUG org.hibernate.type.BasicTypeRegistry - Adding type registration java.util.GregorianCalendar -&gt; org.hibernate.type.CalendarType@6c2c1385
LOG4J23:02:12,224 DEBUG BasicTypeRegistry:146 - Adding type registration java.util.GregorianCalendar -&gt; org.hibernate.type.CalendarType@6c2c1385
[HIBERNATE] --&gt; 23:02:12 DEBUG org.hibernate.type.BasicTypeRegistry - Adding type registration calendar_date -&gt; org.hibernate.type.CalendarDateType@78641d23
LOG4J23:02:12,226 DEBUG BasicTypeRegistry:146 - Adding type registration calendar_date -&gt; org.hibernate.type.CalendarDateType@78641d23
[HIBERNATE] --&gt; 23:02:12 DEBUG org.hibernate.type.BasicTypeRegistry - Adding type registration locale -&gt; org.hibernate.type.LocaleType@2f67b837
LOG4J23:02:12,227 DEBUG BasicTypeRegistry:146 - Adding type registration locale -&gt; org.hibernate.type.LocaleType@2f67b837
[HIBERNATE] --&gt; 23:02:12 DEBUG org.hibernate.type.BasicTypeRegistry - Adding type registration java.util.Locale -&gt; org.hibernate.type.LocaleType@2f67b837
LOG4J23:02:12,227 DEBUG BasicTypeRegistry:146 - Adding type registration java.util.Locale -&gt; org.hibernate.type.LocaleType@2f67b837
[HIBERNATE] --&gt; 23:02:12 DEBUG org.hibernate.type.BasicTypeRegistry - Adding type registration currency -&gt; org.hibernate.type.CurrencyType@291a7e3c
LOG4J23:02:12,229 DEBUG BasicTypeRegistry:146 - Adding type registration currency -&gt; org.hibernate.type.CurrencyType@291a7e3c
[HIBERNATE] --&gt; 23:02:12 DEBUG org.hibernate.type.BasicTypeRegistry - Adding type registration java.util.Currency -&gt; org.hibernate.type.CurrencyType@291a7e3c
LOG4J23:02:12,229 DEBUG BasicTypeRegistry:146 - Adding type registration java.util.Currency -&gt; org.hibernate.type.CurrencyType@291a7e3c
[HIBERNATE] --&gt; 23:02:12 DEBUG org.hibernate.type.BasicTypeRegistry - Adding type registration timezone -&gt; org.hibernate.type.TimeZoneType@5505ae1a
LOG4J23:02:12,231 DEBUG BasicTypeRegistry:146 - Adding type registration timezone -&gt; org.hibernate.type.TimeZoneType@5505ae1a
[HIBERNATE] --&gt; 23:02:12 DEBUG org.hibernate.type.BasicTypeRegistry - Adding type registration java.util.TimeZone -&gt; org.hibernate.type.TimeZoneType@5505ae1a
LOG4J23:02:12,231 DEBUG BasicTypeRegistry:146 - Adding type registration java.util.TimeZone -&gt; org.hibernate.type.TimeZoneType@5505ae1a
[HIBERNATE] --&gt; 23:02:12 DEBUG org.hibernate.type.BasicTypeRegistry - Adding type registration class -&gt; org.hibernate.type.ClassType@60df60da
LOG4J23:02:12,233 DEBUG BasicTypeRegistry:146 - Adding type registration class -&gt; org.hibernate.type.ClassType@60df60da
[HIBERNATE] --&gt; 23:02:12 DEBUG org.hibernate.type.BasicTypeRegistry - Adding type registration java.lang.Class -&gt; org.hibernate.type.ClassType@60df60da
LOG4J23:02:12,234 DEBUG BasicTypeRegistry:146 - Adding type registration java.lang.Class -&gt; org.hibernate.type.ClassType@60df60da
[HIBERNATE] --&gt; 23:02:12 DEBUG org.hibernate.type.BasicTypeRegistry - Adding type registration uuid-binary -&gt; org.hibernate.type.UUIDBinaryType@10a9d961
LOG4J23:02:12,236 DEBUG BasicTypeRegistry:146 - Adding type registration uuid-binary -&gt; org.hibernate.type.UUIDBinaryType@10a9d961
[HIBERNATE] --&gt; 23:02:12 DEBUG org.hibernate.type.BasicTypeRegistry - Adding type registration java.util.UUID -&gt; org.hibernate.type.UUIDBinaryType@10a9d961
LOG4J23:02:12,237 DEBUG BasicTypeRegistry:146 - Adding type registration java.util.UUID -&gt; org.hibernate.type.UUIDBinaryType@10a9d961
[HIBERNATE] --&gt; 23:02:12 DEBUG org.hibernate.type.BasicTypeRegistry - Adding type registration uuid-char -&gt; org.hibernate.type.UUIDCharType@5ddf0d24
LOG4J23:02:12,238 DEBUG BasicTypeRegistry:146 - Adding type registration uuid-char -&gt; org.hibernate.type.UUIDCharType@5ddf0d24
[HIBERNATE] --&gt; 23:02:12 DEBUG org.hibernate.type.BasicTypeRegistry - Adding type registration pg-uuid -&gt; org.hibernate.type.PostgresUUIDType@141e5bef
LOG4J23:02:12,239 DEBUG BasicTypeRegistry:146 - Adding type registration pg-uuid -&gt; org.hibernate.type.PostgresUUIDType@141e5bef
[HIBERNATE] --&gt; 23:02:12 DEBUG org.hibernate.type.BasicTypeRegistry - Adding type registration binary -&gt; org.hibernate.type.BinaryType@c9d0d6
LOG4J23:02:12,241 DEBUG BasicTypeRegistry:146 - Adding type registration binary -&gt; org.hibernate.type.BinaryType@c9d0d6
[HIBERNATE] --&gt; 23:02:12 DEBUG org.hibernate.type.BasicTypeRegistry - Adding type registration byte[] -&gt; org.hibernate.type.BinaryType@c9d0d6
LOG4J23:02:12,241 DEBUG BasicTypeRegistry:146 - Adding type registration byte[] -&gt; org.hibernate.type.BinaryType@c9d0d6
[HIBERNATE] --&gt; 23:02:12 DEBUG org.hibernate.type.BasicTypeRegistry - Adding type registration [B -&gt; org.hibernate.type.BinaryType@c9d0d6
LOG4J23:02:12,241 DEBUG BasicTypeRegistry:146 - Adding type registration [B -&gt; org.hibernate.type.BinaryType@c9d0d6
[HIBERNATE] --&gt; 23:02:12 DEBUG org.hibernate.type.BasicTypeRegistry - Adding type registration wrapper-binary -&gt; org.hibernate.type.WrapperBinaryType@265adfad
LOG4J23:02:12,243 DEBUG BasicTypeRegistry:146 - Adding type registration wrapper-binary -&gt; org.hibernate.type.WrapperBinaryType@265adfad
[HIBERNATE] --&gt; 23:02:12 DEBUG org.hibernate.type.BasicTypeRegistry - Adding type registration Byte[] -&gt; org.hibernate.type.WrapperBinaryType@265adfad
LOG4J23:02:12,243 DEBUG BasicTypeRegistry:146 - Adding type registration Byte[] -&gt; org.hibernate.type.WrapperBinaryType@265adfad
[HIBERNATE] --&gt; 23:02:12 DEBUG org.hibernate.type.BasicTypeRegistry - Adding type registration [Ljava.lang.Byte; -&gt; org.hibernate.type.WrapperBinaryType@265adfad
LOG4J23:02:12,244 DEBUG BasicTypeRegistry:146 - Adding type registration [Ljava.lang.Byte; -&gt; org.hibernate.type.WrapperBinaryType@265adfad
[HIBERNATE] --&gt; 23:02:12 DEBUG org.hibernate.type.BasicTypeRegistry - Adding type registration image -&gt; org.hibernate.type.ImageType@5d066c7d
LOG4J23:02:12,245 DEBUG BasicTypeRegistry:146 - Adding type registration image -&gt; org.hibernate.type.ImageType@5d066c7d
[HIBERNATE] --&gt; 23:02:12 DEBUG org.hibernate.type.BasicTypeRegistry - Adding type registration characters -&gt; org.hibernate.type.CharArrayType@1603cd68
LOG4J23:02:12,246 DEBUG BasicTypeRegistry:146 - Adding type registration characters -&gt; org.hibernate.type.CharArrayType@1603cd68
[HIBERNATE] --&gt; 23:02:12 DEBUG org.hibernate.type.BasicTypeRegistry - Adding type registration char[] -&gt; org.hibernate.type.CharArrayType@1603cd68
LOG4J23:02:12,247 DEBUG BasicTypeRegistry:146 - Adding type registration char[] -&gt; org.hibernate.type.CharArrayType@1603cd68
[HIBERNATE] --&gt; 23:02:12 DEBUG org.hibernate.type.BasicTypeRegistry - Adding type registration [C -&gt; org.hibernate.type.CharArrayType@1603cd68
LOG4J23:02:12,247 DEBUG BasicTypeRegistry:146 - Adding type registration [C -&gt; org.hibernate.type.CharArrayType@1603cd68
[HIBERNATE] --&gt; 23:02:12 DEBUG org.hibernate.type.BasicTypeRegistry - Adding type registration wrapper-characters -&gt; org.hibernate.type.CharacterArrayType@332796d3
LOG4J23:02:12,249 DEBUG BasicTypeRegistry:146 - Adding type registration wrapper-characters -&gt; org.hibernate.type.CharacterArrayType@332796d3
[HIBERNATE] --&gt; 23:02:12 DEBUG org.hibernate.type.BasicTypeRegistry - Adding type registration [Ljava.lang.Character; -&gt; org.hibernate.type.CharacterArrayType@332796d3
LOG4J23:02:12,249 DEBUG BasicTypeRegistry:146 - Adding type registration [Ljava.lang.Character; -&gt; org.hibernate.type.CharacterArrayType@332796d3
[HIBERNATE] --&gt; 23:02:12 DEBUG org.hibernate.type.BasicTypeRegistry - Adding type registration Character[] -&gt; org.hibernate.type.CharacterArrayType@332796d3
LOG4J23:02:12,250 DEBUG BasicTypeRegistry:146 - Adding type registration Character[] -&gt; org.hibernate.type.CharacterArrayType@332796d3
[HIBERNATE] --&gt; 23:02:12 DEBUG org.hibernate.type.BasicTypeRegistry - Adding type registration text -&gt; org.hibernate.type.TextType@5bf0fe62
LOG4J23:02:12,251 DEBUG BasicTypeRegistry:146 - Adding type registration text -&gt; org.hibernate.type.TextType@5bf0fe62
[HIBERNATE] --&gt; 23:02:12 DEBUG org.hibernate.type.BasicTypeRegistry - Adding type registration ntext -&gt; org.hibernate.type.NTextType@6ce86ce1
LOG4J23:02:12,252 DEBUG BasicTypeRegistry:146 - Adding type registration ntext -&gt; org.hibernate.type.NTextType@6ce86ce1
[HIBERNATE] --&gt; 23:02:12 DEBUG org.hibernate.type.BasicTypeRegistry - Adding type registration blob -&gt; org.hibernate.type.BlobType@76a2ddf3
LOG4J23:02:12,259 DEBUG BasicTypeRegistry:146 - Adding type registration blob -&gt; org.hibernate.type.BlobType@76a2ddf3
[HIBERNATE] --&gt; 23:02:12 DEBUG org.hibernate.type.BasicTypeRegistry - Adding type registration java.sql.Blob -&gt; org.hibernate.type.BlobType@76a2ddf3
LOG4J23:02:12,259 DEBUG BasicTypeRegistry:146 - Adding type registration java.sql.Blob -&gt; org.hibernate.type.BlobType@76a2ddf3
[HIBERNATE] --&gt; 23:02:12 DEBUG org.hibernate.type.BasicTypeRegistry - Adding type registration materialized_blob -&gt; org.hibernate.type.MaterializedBlobType@49ff7d8c
LOG4J23:02:12,260 DEBUG BasicTypeRegistry:146 - Adding type registration materialized_blob -&gt; org.hibernate.type.MaterializedBlobType@49ff7d8c
[HIBERNATE] --&gt; 23:02:12 DEBUG org.hibernate.type.BasicTypeRegistry - Adding type registration clob -&gt; org.hibernate.type.ClobType@7a1234bf
LOG4J23:02:12,266 DEBUG BasicTypeRegistry:146 - Adding type registration clob -&gt; org.hibernate.type.ClobType@7a1234bf
[HIBERNATE] --&gt; 23:02:12 DEBUG org.hibernate.type.BasicTypeRegistry - Adding type registration java.sql.Clob -&gt; org.hibernate.type.ClobType@7a1234bf
LOG4J23:02:12,267 DEBUG BasicTypeRegistry:146 - Adding type registration java.sql.Clob -&gt; org.hibernate.type.ClobType@7a1234bf
[HIBERNATE] --&gt; 23:02:12 DEBUG org.hibernate.type.BasicTypeRegistry - Adding type registration nclob -&gt; org.hibernate.type.NClobType@3c7c886c
LOG4J23:02:12,272 DEBUG BasicTypeRegistry:146 - Adding type registration nclob -&gt; org.hibernate.type.NClobType@3c7c886c
[HIBERNATE] --&gt; 23:02:12 DEBUG org.hibernate.type.BasicTypeRegistry - Adding type registration java.sql.NClob -&gt; org.hibernate.type.NClobType@3c7c886c
LOG4J23:02:12,273 DEBUG BasicTypeRegistry:146 - Adding type registration java.sql.NClob -&gt; org.hibernate.type.NClobType@3c7c886c
[HIBERNATE] --&gt; 23:02:12 DEBUG org.hibernate.type.BasicTypeRegistry - Adding type registration materialized_clob -&gt; org.hibernate.type.MaterializedClobType@6b88ca8c
LOG4J23:02:12,274 DEBUG BasicTypeRegistry:146 - Adding type registration materialized_clob -&gt; org.hibernate.type.MaterializedClobType@6b88ca8c
[HIBERNATE] --&gt; 23:02:12 DEBUG org.hibernate.type.BasicTypeRegistry - Adding type registration materialized_nclob -&gt; org.hibernate.type.MaterializedNClobType@34158c08
LOG4J23:02:12,275 DEBUG BasicTypeRegistry:146 - Adding type registration materialized_nclob -&gt; org.hibernate.type.MaterializedNClobType@34158c08
[HIBERNATE] --&gt; 23:02:12 DEBUG org.hibernate.type.BasicTypeRegistry - Adding type registration serializable -&gt; org.hibernate.type.SerializableType@6dab9b6d
LOG4J23:02:12,278 DEBUG BasicTypeRegistry:146 - Adding type registration serializable -&gt; org.hibernate.type.SerializableType@6dab9b6d
[HIBERNATE] --&gt; 23:02:12 DEBUG org.hibernate.type.BasicTypeRegistry - Adding type registration object -&gt; org.hibernate.type.ObjectType@72437d8d
LOG4J23:02:12,281 DEBUG BasicTypeRegistry:146 - Adding type registration object -&gt; org.hibernate.type.ObjectType@72437d8d
[HIBERNATE] --&gt; 23:02:12 DEBUG org.hibernate.type.BasicTypeRegistry - Adding type registration java.lang.Object -&gt; org.hibernate.type.ObjectType@72437d8d
LOG4J23:02:12,281 DEBUG BasicTypeRegistry:146 - Adding type registration java.lang.Object -&gt; org.hibernate.type.ObjectType@72437d8d
[HIBERNATE] --&gt; 23:02:12 DEBUG org.hibernate.type.BasicTypeRegistry - Adding type registration imm_date -&gt; org.hibernate.type.AdaptedImmutableType@5a1de7fb
LOG4J23:02:12,282 DEBUG BasicTypeRegistry:146 - Adding type registration imm_date -&gt; org.hibernate.type.AdaptedImmutableType@5a1de7fb
[HIBERNATE] --&gt; 23:02:12 DEBUG org.hibernate.type.BasicTypeRegistry - Adding type registration imm_time -&gt; org.hibernate.type.AdaptedImmutableType@335b5620
LOG4J23:02:12,283 DEBUG BasicTypeRegistry:146 - Adding type registration imm_time -&gt; org.hibernate.type.AdaptedImmutableType@335b5620
[HIBERNATE] --&gt; 23:02:12 DEBUG org.hibernate.type.BasicTypeRegistry - Adding type registration imm_timestamp -&gt; org.hibernate.type.AdaptedImmutableType@29a0cdb
LOG4J23:02:12,283 DEBUG BasicTypeRegistry:146 - Adding type registration imm_timestamp -&gt; org.hibernate.type.AdaptedImmutableType@29a0cdb
[HIBERNATE] --&gt; 23:02:12 DEBUG org.hibernate.type.BasicTypeRegistry - Adding type registration imm_dbtimestamp -&gt; org.hibernate.type.AdaptedImmutableType@32a68f4f
LOG4J23:02:12,283 DEBUG BasicTypeRegistry:146 - Adding type registration imm_dbtimestamp -&gt; org.hibernate.type.AdaptedImmutableType@32a68f4f
[HIBERNATE] --&gt; 23:02:12 DEBUG org.hibernate.type.BasicTypeRegistry - Adding type registration imm_calendar -&gt; org.hibernate.type.AdaptedImmutableType@73194df
LOG4J23:02:12,284 DEBUG BasicTypeRegistry:146 - Adding type registration imm_calendar -&gt; org.hibernate.type.AdaptedImmutableType@73194df
[HIBERNATE] --&gt; 23:02:12 DEBUG org.hibernate.type.BasicTypeRegistry - Adding type registration imm_calendar_date -&gt; org.hibernate.type.AdaptedImmutableType@6eb2384f
LOG4J23:02:12,284 DEBUG BasicTypeRegistry:146 - Adding type registration imm_calendar_date -&gt; org.hibernate.type.AdaptedImmutableType@6eb2384f
[HIBERNATE] --&gt; 23:02:12 DEBUG org.hibernate.type.BasicTypeRegistry - Adding type registration imm_binary -&gt; org.hibernate.type.AdaptedImmutableType@3c9c0d96
LOG4J23:02:12,284 DEBUG BasicTypeRegistry:146 - Adding type registration imm_binary -&gt; org.hibernate.type.AdaptedImmutableType@3c9c0d96
[HIBERNATE] --&gt; 23:02:12 DEBUG org.hibernate.type.BasicTypeRegistry - Adding type registration imm_serializable -&gt; org.hibernate.type.AdaptedImmutableType@3a4621bd
LOG4J23:02:12,285 DEBUG BasicTypeRegistry:146 - Adding type registration imm_serializable -&gt; org.hibernate.type.AdaptedImmutableType@3a4621bd
[HIBERNATE] --&gt; 23:02:12 INFO  org.hibernate.annotations.common.Version - HCANN000001: Hibernate Commons Annotations {4.0.5.Final}
LOG4J23:02:12,309  INFO Version:66 - HCANN000001: Hibernate Commons Annotations {4.0.5.Final}
LOG4J23:02:12,357 DEBUG SimpleDriverDataSource:138 - Creating new JDBC Driver Connection to [jdbc:h2:mem:dataSource;DB_CLOSE_DELAY=-1;DB_CLOSE_ON_EXIT=false]
[HIBERNATE] --&gt; 23:02:12 INFO  org.hibernate.dialect.Dialect - HHH000400: Using dialect: org.hibernate.dialect.H2Dialect
LOG4J23:02:12,509  INFO Dialect:145 - HHH000400: Using dialect: org.hibernate.dialect.H2Dialect
[HIBERNATE] --&gt; 23:02:12 INFO  org.hibernate.hql.internal.ast.ASTQueryTranslatorFactory - HHH000397: Using ASTQueryTranslatorFactory
LOG4J23:02:12,804  INFO ASTQueryTranslatorFactory:47 - HHH000397: Using ASTQueryTranslatorFactory
[HIBERNATE] --&gt; 23:02:12 TRACE org.hibernate.type.TypeFactory - Scoping types to session factory org.hibernate.internal.SessionFactoryImpl@11389053
LOG4J23:02:12,835 TRACE TypeFactory:72 - Scoping types to session factory org.hibernate.internal.SessionFactoryImpl@11389053
LOG4J23:02:13,503 DEBUG SimpleDriverDataSource:138 - Creating new JDBC Driver Connection to [jdbc:h2:mem:dataSource;DB_CLOSE_DELAY=-1;DB_CLOSE_ON_EXIT=false]
[HIBERNATE] --&gt; 23:02:13 DEBUG org.hibernate.SQL - alter table calificacion drop constraint FK_17lmt25b185vt6l9v0n11t1ky if exists
LOG4J23:02:13,504 DEBUG SQL:109 - alter table calificacion drop constraint FK_17lmt25b185vt6l9v0n11t1ky if exists
Hibernate: alter table calificacion drop constraint FK_17lmt25b185vt6l9v0n11t1ky if exists
[HIBERNATE] --&gt; 23:02:13 ERROR org.hibernate.tool.hbm2ddl.SchemaExport - HHH000389: Unsuccessful: alter table calificacion drop constraint FK_17lmt25b185vt6l9v0n11t1ky if exists
LOG4J23:02:13,504 ERROR SchemaExport:425 - HHH000389: Unsuccessful: alter table calificacion drop constraint FK_17lmt25b185vt6l9v0n11t1ky if exists
[HIBERNATE] --&gt; 23:02:13 ERROR org.hibernate.tool.hbm2ddl.SchemaExport - Tabla &quot;CALIFICACION&quot; no encontrada
Table &quot;CALIFICACION&quot; not found; SQL statement:
alter table calificacion drop constraint FK_17lmt25b185vt6l9v0n11t1ky if exists [42102-184]
LOG4J23:02:13,505 ERROR SchemaExport:426 - Tabla &quot;CALIFICACION&quot; no encontrada
Table &quot;CALIFICACION&quot; not found; SQL statement:
alter table calificacion drop constraint FK_17lmt25b185vt6l9v0n11t1ky if exists [42102-184]
[HIBERNATE] --&gt; 23:02:13 DEBUG org.hibernate.SQL - alter table calificacion drop constraint FK_jxikow2fscr9ejubsy2fkbiu3 if exists
LOG4J23:02:13,505 DEBUG SQL:109 - alter table calificacion drop constraint FK_jxikow2fscr9ejubsy2fkbiu3 if exists
Hibernate: alter table calificacion drop constraint FK_jxikow2fscr9ejubsy2fkbiu3 if exists
[HIBERNATE] --&gt; 23:02:13 ERROR org.hibernate.tool.hbm2ddl.SchemaExport - HHH000389: Unsuccessful: alter table calificacion drop constraint FK_jxikow2fscr9ejubsy2fkbiu3 if exists
LOG4J23:02:13,505 ERROR SchemaExport:425 - HHH000389: Unsuccessful: alter table calificacion drop constraint FK_jxikow2fscr9ejubsy2fkbiu3 if exists
[HIBERNATE] --&gt; 23:02:13 ERROR org.hibernate.tool.hbm2ddl.SchemaExport - Tabla &quot;CALIFICACION&quot; no encontrada
Table &quot;CALIFICACION&quot; not found; SQL statement:
alter table calificacion drop constraint FK_jxikow2fscr9ejubsy2fkbiu3 if exists [42102-184]
LOG4J23:02:13,505 ERROR SchemaExport:426 - Tabla &quot;CALIFICACION&quot; no encontrada
Table &quot;CALIFICACION&quot; not found; SQL statement:
alter table calificacion drop constraint FK_jxikow2fscr9ejubsy2fkbiu3 if exists [42102-184]
[HIBERNATE] --&gt; 23:02:13 DEBUG org.hibernate.SQL - alter table calificacion drop constraint FK_151er3y8xibdashokr58lot6 if exists
LOG4J23:02:13,505 DEBUG SQL:109 - alter table calificacion drop constraint FK_151er3y8xibdashokr58lot6 if exists
Hibernate: alter table calificacion drop constraint FK_151er3y8xibdashokr58lot6 if exists
[HIBERNATE] --&gt; 23:02:13 ERROR org.hibernate.tool.hbm2ddl.SchemaExport - HHH000389: Unsuccessful: alter table calificacion drop constraint FK_151er3y8xibdashokr58lot6 if exists
LOG4J23:02:13,506 ERROR SchemaExport:425 - HHH000389: Unsuccessful: alter table calificacion drop constraint FK_151er3y8xibdashokr58lot6 if exists
[HIBERNATE] --&gt; 23:02:13 ERROR org.hibernate.tool.hbm2ddl.SchemaExport - Tabla &quot;CALIFICACION&quot; no encontrada
Table &quot;CALIFICACION&quot; not found; SQL statement:
alter table calificacion drop constraint FK_151er3y8xibdashokr58lot6 if exists [42102-184]
LOG4J23:02:13,506 ERROR SchemaExport:426 - Tabla &quot;CALIFICACION&quot; no encontrada
Table &quot;CALIFICACION&quot; not found; SQL statement:
alter table calificacion drop constraint FK_151er3y8xibdashokr58lot6 if exists [42102-184]
[HIBERNATE] --&gt; 23:02:13 DEBUG org.hibernate.SQL - alter table carreras_has_usuarios drop constraint FK_hujt9s8vx0oufmuuc03rumnf1 if exists
LOG4J23:02:13,506 DEBUG SQL:109 - alter table carreras_has_usuarios drop constraint FK_hujt9s8vx0oufmuuc03rumnf1 if exists
Hibernate: alter table carreras_has_usuarios drop constraint FK_hujt9s8vx0oufmuuc03rumnf1 if exists
[HIBERNATE] --&gt; 23:02:13 ERROR org.hibernate.tool.hbm2ddl.SchemaExport - HHH000389: Unsuccessful: alter table carreras_has_usuarios drop constraint FK_hujt9s8vx0oufmuuc03rumnf1 if exists
LOG4J23:02:13,506 ERROR SchemaExport:425 - HHH000389: Unsuccessful: alter table carreras_has_usuarios drop constraint FK_hujt9s8vx0oufmuuc03rumnf1 if exists
[HIBERNATE] --&gt; 23:02:13 ERROR org.hibernate.tool.hbm2ddl.SchemaExport - Tabla &quot;CARRERAS_HAS_USUARIOS&quot; no encontrada
Table &quot;CARRERAS_HAS_USUARIOS&quot; not found; SQL statement:
alter table carreras_has_usuarios drop constraint FK_hujt9s8vx0oufmuuc03rumnf1 if exists [42102-184]
LOG4J23:02:13,506 ERROR SchemaExport:426 - Tabla &quot;CARRERAS_HAS_USUARIOS&quot; no encontrada
Table &quot;CARRERAS_HAS_USUARIOS&quot; not found; SQL statement:
alter table carreras_has_usuarios drop constraint FK_hujt9s8vx0oufmuuc03rumnf1 if exists [42102-184]
[HIBERNATE] --&gt; 23:02:13 DEBUG org.hibernate.SQL - alter table carreras_has_usuarios drop constraint FK_oktw3a0tb4lod4rhwqug6vq3e if exists
LOG4J23:02:13,507 DEBUG SQL:109 - alter table carreras_has_usuarios drop constraint FK_oktw3a0tb4lod4rhwqug6vq3e if exists
Hibernate: alter table carreras_has_usuarios drop constraint FK_oktw3a0tb4lod4rhwqug6vq3e if exists
[HIBERNATE] --&gt; 23:02:13 ERROR org.hibernate.tool.hbm2ddl.SchemaExport - HHH000389: Unsuccessful: alter table carreras_has_usuarios drop constraint FK_oktw3a0tb4lod4rhwqug6vq3e if exists
LOG4J23:02:13,507 ERROR SchemaExport:425 - HHH000389: Unsuccessful: alter table carreras_has_usuarios drop constraint FK_oktw3a0tb4lod4rhwqug6vq3e if exists
[HIBERNATE] --&gt; 23:02:13 ERROR org.hibernate.tool.hbm2ddl.SchemaExport - Tabla &quot;CARRERAS_HAS_USUARIOS&quot; no encontrada
Table &quot;CARRERAS_HAS_USUARIOS&quot; not found; SQL statement:
alter table carreras_has_usuarios drop constraint FK_oktw3a0tb4lod4rhwqug6vq3e if exists [42102-184]
LOG4J23:02:13,507 ERROR SchemaExport:426 - Tabla &quot;CARRERAS_HAS_USUARIOS&quot; no encontrada
Table &quot;CARRERAS_HAS_USUARIOS&quot; not found; SQL statement:
alter table carreras_has_usuarios drop constraint FK_oktw3a0tb4lod4rhwqug6vq3e if exists [42102-184]
[HIBERNATE] --&gt; 23:02:13 DEBUG org.hibernate.SQL - alter table eventos drop constraint FK_lh1c8ea98r5b20rcmbr5o0c5q if exists
LOG4J23:02:13,507 DEBUG SQL:109 - alter table eventos drop constraint FK_lh1c8ea98r5b20rcmbr5o0c5q if exists
Hibernate: alter table eventos drop constraint FK_lh1c8ea98r5b20rcmbr5o0c5q if exists
[HIBERNATE] --&gt; 23:02:13 ERROR org.hibernate.tool.hbm2ddl.SchemaExport - HHH000389: Unsuccessful: alter table eventos drop constraint FK_lh1c8ea98r5b20rcmbr5o0c5q if exists
LOG4J23:02:13,508 ERROR SchemaExport:425 - HHH000389: Unsuccessful: alter table eventos drop constraint FK_lh1c8ea98r5b20rcmbr5o0c5q if exists
[HIBERNATE] --&gt; 23:02:13 ERROR org.hibernate.tool.hbm2ddl.SchemaExport - Tabla &quot;EVENTOS&quot; no encontrada
Table &quot;EVENTOS&quot; not found; SQL statement:
alter table eventos drop constraint FK_lh1c8ea98r5b20rcmbr5o0c5q if exists [42102-184]
LOG4J23:02:13,508 ERROR SchemaExport:426 - Tabla &quot;EVENTOS&quot; no encontrada
Table &quot;EVENTOS&quot; not found; SQL statement:
alter table eventos drop constraint FK_lh1c8ea98r5b20rcmbr5o0c5q if exists [42102-184]
[HIBERNATE] --&gt; 23:02:13 DEBUG org.hibernate.SQL - alter table eventos_has_carreras drop constraint FK_h7fi8dtsa3p2w0lpvhjy7ttoy if exists
LOG4J23:02:13,508 DEBUG SQL:109 - alter table eventos_has_carreras drop constraint FK_h7fi8dtsa3p2w0lpvhjy7ttoy if exists
Hibernate: alter table eventos_has_carreras drop constraint FK_h7fi8dtsa3p2w0lpvhjy7ttoy if exists
[HIBERNATE] --&gt; 23:02:13 ERROR org.hibernate.tool.hbm2ddl.SchemaExport - HHH000389: Unsuccessful: alter table eventos_has_carreras drop constraint FK_h7fi8dtsa3p2w0lpvhjy7ttoy if exists
LOG4J23:02:13,508 ERROR SchemaExport:425 - HHH000389: Unsuccessful: alter table eventos_has_carreras drop constraint FK_h7fi8dtsa3p2w0lpvhjy7ttoy if exists
[HIBERNATE] --&gt; 23:02:13 ERROR org.hibernate.tool.hbm2ddl.SchemaExport - Tabla &quot;EVENTOS_HAS_CARRERAS&quot; no encontrada
Table &quot;EVENTOS_HAS_CARRERAS&quot; not found; SQL statement:
alter table eventos_has_carreras drop constraint FK_h7fi8dtsa3p2w0lpvhjy7ttoy if exists [42102-184]
LOG4J23:02:13,508 ERROR SchemaExport:426 - Tabla &quot;EVENTOS_HAS_CARRERAS&quot; no encontrada
Table &quot;EVENTOS_HAS_CARRERAS&quot; not found; SQL statement:
alter table eventos_has_carreras drop constraint FK_h7fi8dtsa3p2w0lpvhjy7ttoy if exists [42102-184]
[HIBERNATE] --&gt; 23:02:13 DEBUG org.hibernate.SQL - alter table eventos_has_carreras drop constraint FK_9dmbey7xyxfcqqnbkmnlyi13y if exists
LOG4J23:02:13,509 DEBUG SQL:109 - alter table eventos_has_carreras drop constraint FK_9dmbey7xyxfcqqnbkmnlyi13y if exists
Hibernate: alter table eventos_has_carreras drop constraint FK_9dmbey7xyxfcqqnbkmnlyi13y if exists
[HIBERNATE] --&gt; 23:02:13 ERROR org.hibernate.tool.hbm2ddl.SchemaExport - HHH000389: Unsuccessful: alter table eventos_has_carreras drop constraint FK_9dmbey7xyxfcqqnbkmnlyi13y if exists
LOG4J23:02:13,509 ERROR SchemaExport:425 - HHH000389: Unsuccessful: alter table eventos_has_carreras drop constraint FK_9dmbey7xyxfcqqnbkmnlyi13y if exists
[HIBERNATE] --&gt; 23:02:13 ERROR org.hibernate.tool.hbm2ddl.SchemaExport - Tabla &quot;EVENTOS_HAS_CARRERAS&quot; no encontrada
Table &quot;EVENTOS_HAS_CARRERAS&quot; not found; SQL statement:
alter table eventos_has_carreras drop constraint FK_9dmbey7xyxfcqqnbkmnlyi13y if exists [42102-184]
LOG4J23:02:13,509 ERROR SchemaExport:426 - Tabla &quot;EVENTOS_HAS_CARRERAS&quot; no encontrada
Table &quot;EVENTOS_HAS_CARRERAS&quot; not found; SQL statement:
alter table eventos_has_carreras drop constraint FK_9dmbey7xyxfcqqnbkmnlyi13y if exists [42102-184]
[HIBERNATE] --&gt; 23:02:13 DEBUG org.hibernate.SQL - alter table grupos drop constraint FK_msjir0oy21uxwrkvepea8ydek if exists
LOG4J23:02:13,509 DEBUG SQL:109 - alter table grupos drop constraint FK_msjir0oy21uxwrkvepea8ydek if exists
Hibernate: alter table grupos drop constraint FK_msjir0oy21uxwrkvepea8ydek if exists
[HIBERNATE] --&gt; 23:02:13 ERROR org.hibernate.tool.hbm2ddl.SchemaExport - HHH000389: Unsuccessful: alter table grupos drop constraint FK_msjir0oy21uxwrkvepea8ydek if exists
LOG4J23:02:13,510 ERROR SchemaExport:425 - HHH000389: Unsuccessful: alter table grupos drop constraint FK_msjir0oy21uxwrkvepea8ydek if exists
[HIBERNATE] --&gt; 23:02:13 ERROR org.hibernate.tool.hbm2ddl.SchemaExport - Tabla &quot;GRUPOS&quot; no encontrada
Table &quot;GRUPOS&quot; not found; SQL statement:
alter table grupos drop constraint FK_msjir0oy21uxwrkvepea8ydek if exists [42102-184]
LOG4J23:02:13,510 ERROR SchemaExport:426 - Tabla &quot;GRUPOS&quot; no encontrada
Table &quot;GRUPOS&quot; not found; SQL statement:
alter table grupos drop constraint FK_msjir0oy21uxwrkvepea8ydek if exists [42102-184]
[HIBERNATE] --&gt; 23:02:13 DEBUG org.hibernate.SQL - alter table intereses drop constraint FK_924lenslfumnmi49gi1lwbg9u if exists
LOG4J23:02:13,510 DEBUG SQL:109 - alter table intereses drop constraint FK_924lenslfumnmi49gi1lwbg9u if exists
Hibernate: alter table intereses drop constraint FK_924lenslfumnmi49gi1lwbg9u if exists
[HIBERNATE] --&gt; 23:02:13 ERROR org.hibernate.tool.hbm2ddl.SchemaExport - HHH000389: Unsuccessful: alter table intereses drop constraint FK_924lenslfumnmi49gi1lwbg9u if exists
LOG4J23:02:13,510 ERROR SchemaExport:425 - HHH000389: Unsuccessful: alter table intereses drop constraint FK_924lenslfumnmi49gi1lwbg9u if exists
[HIBERNATE] --&gt; 23:02:13 ERROR org.hibernate.tool.hbm2ddl.SchemaExport - Tabla &quot;INTERESES&quot; no encontrada
Table &quot;INTERESES&quot; not found; SQL statement:
alter table intereses drop constraint FK_924lenslfumnmi49gi1lwbg9u if exists [42102-184]
LOG4J23:02:13,511 ERROR SchemaExport:426 - Tabla &quot;INTERESES&quot; no encontrada
Table &quot;INTERESES&quot; not found; SQL statement:
alter table intereses drop constraint FK_924lenslfumnmi49gi1lwbg9u if exists [42102-184]
[HIBERNATE] --&gt; 23:02:13 DEBUG org.hibernate.SQL - alter table intereses drop constraint FK_3xdrqesd8sbw01qmubittjoq3 if exists
LOG4J23:02:13,511 DEBUG SQL:109 - alter table intereses drop constraint FK_3xdrqesd8sbw01qmubittjoq3 if exists
Hibernate: alter table intereses drop constraint FK_3xdrqesd8sbw01qmubittjoq3 if exists
[HIBERNATE] --&gt; 23:02:13 ERROR org.hibernate.tool.hbm2ddl.SchemaExport - HHH000389: Unsuccessful: alter table intereses drop constraint FK_3xdrqesd8sbw01qmubittjoq3 if exists
LOG4J23:02:13,511 ERROR SchemaExport:425 - HHH000389: Unsuccessful: alter table intereses drop constraint FK_3xdrqesd8sbw01qmubittjoq3 if exists
[HIBERNATE] --&gt; 23:02:13 ERROR org.hibernate.tool.hbm2ddl.SchemaExport - Tabla &quot;INTERESES&quot; no encontrada
Table &quot;INTERESES&quot; not found; SQL statement:
alter table intereses drop constraint FK_3xdrqesd8sbw01qmubittjoq3 if exists [42102-184]
LOG4J23:02:13,511 ERROR SchemaExport:426 - Tabla &quot;INTERESES&quot; no encontrada
Table &quot;INTERESES&quot; not found; SQL statement:
alter table intereses drop constraint FK_3xdrqesd8sbw01qmubittjoq3 if exists [42102-184]
[HIBERNATE] --&gt; 23:02:13 DEBUG org.hibernate.SQL - alter table intereses drop constraint FK_jg915u8xjjeucgd4akfeaq15o if exists
LOG4J23:02:13,511 DEBUG SQL:109 - alter table intereses drop constraint FK_jg915u8xjjeucgd4akfeaq15o if exists
Hibernate: alter table intereses drop constraint FK_jg915u8xjjeucgd4akfeaq15o if exists
[HIBERNATE] --&gt; 23:02:13 ERROR org.hibernate.tool.hbm2ddl.SchemaExport - HHH000389: Unsuccessful: alter table intereses drop constraint FK_jg915u8xjjeucgd4akfeaq15o if exists
LOG4J23:02:13,512 ERROR SchemaExport:425 - HHH000389: Unsuccessful: alter table intereses drop constraint FK_jg915u8xjjeucgd4akfeaq15o if exists
[HIBERNATE] --&gt; 23:02:13 ERROR org.hibernate.tool.hbm2ddl.SchemaExport - Tabla &quot;INTERESES&quot; no encontrada
Table &quot;INTERESES&quot; not found; SQL statement:
alter table intereses drop constraint FK_jg915u8xjjeucgd4akfeaq15o if exists [42102-184]
LOG4J23:02:13,512 ERROR SchemaExport:426 - Tabla &quot;INTERESES&quot; no encontrada
Table &quot;INTERESES&quot; not found; SQL statement:
alter table intereses drop constraint FK_jg915u8xjjeucgd4akfeaq15o if exists [42102-184]
[HIBERNATE] --&gt; 23:02:13 DEBUG org.hibernate.SQL - alter table materias drop constraint FK_3mlm2r5amey6xvkylbclrdxpb if exists
LOG4J23:02:13,512 DEBUG SQL:109 - alter table materias drop constraint FK_3mlm2r5amey6xvkylbclrdxpb if exists
Hibernate: alter table materias drop constraint FK_3mlm2r5amey6xvkylbclrdxpb if exists
[HIBERNATE] --&gt; 23:02:13 ERROR org.hibernate.tool.hbm2ddl.SchemaExport - HHH000389: Unsuccessful: alter table materias drop constraint FK_3mlm2r5amey6xvkylbclrdxpb if exists
LOG4J23:02:13,512 ERROR SchemaExport:425 - HHH000389: Unsuccessful: alter table materias drop constraint FK_3mlm2r5amey6xvkylbclrdxpb if exists
[HIBERNATE] --&gt; 23:02:13 ERROR org.hibernate.tool.hbm2ddl.SchemaExport - Tabla &quot;MATERIAS&quot; no encontrada
Table &quot;MATERIAS&quot; not found; SQL statement:
alter table materias drop constraint FK_3mlm2r5amey6xvkylbclrdxpb if exists [42102-184]
LOG4J23:02:13,512 ERROR SchemaExport:426 - Tabla &quot;MATERIAS&quot; no encontrada
Table &quot;MATERIAS&quot; not found; SQL statement:
alter table materias drop constraint FK_3mlm2r5amey6xvkylbclrdxpb if exists [42102-184]
[HIBERNATE] --&gt; 23:02:13 DEBUG org.hibernate.SQL - alter table mensajes drop constraint FK_7j2a8ms01qxhr7bd8de9xx4kl if exists
LOG4J23:02:13,512 DEBUG SQL:109 - alter table mensajes drop constraint FK_7j2a8ms01qxhr7bd8de9xx4kl if exists
Hibernate: alter table mensajes drop constraint FK_7j2a8ms01qxhr7bd8de9xx4kl if exists
[HIBERNATE] --&gt; 23:02:13 ERROR org.hibernate.tool.hbm2ddl.SchemaExport - HHH000389: Unsuccessful: alter table mensajes drop constraint FK_7j2a8ms01qxhr7bd8de9xx4kl if exists
LOG4J23:02:13,513 ERROR SchemaExport:425 - HHH000389: Unsuccessful: alter table mensajes drop constraint FK_7j2a8ms01qxhr7bd8de9xx4kl if exists
[HIBERNATE] --&gt; 23:02:13 ERROR org.hibernate.tool.hbm2ddl.SchemaExport - Tabla &quot;MENSAJES&quot; no encontrada
Table &quot;MENSAJES&quot; not found; SQL statement:
alter table mensajes drop constraint FK_7j2a8ms01qxhr7bd8de9xx4kl if exists [42102-184]
LOG4J23:02:13,513 ERROR SchemaExport:426 - Tabla &quot;MENSAJES&quot; no encontrada
Table &quot;MENSAJES&quot; not found; SQL statement:
alter table mensajes drop constraint FK_7j2a8ms01qxhr7bd8de9xx4kl if exists [42102-184]
[HIBERNATE] --&gt; 23:02:13 DEBUG org.hibernate.SQL - alter table mensajes drop constraint FK_161a6v43gnev3xmhgbiom2bji if exists
LOG4J23:02:13,513 DEBUG SQL:109 - alter table mensajes drop constraint FK_161a6v43gnev3xmhgbiom2bji if exists
Hibernate: alter table mensajes drop constraint FK_161a6v43gnev3xmhgbiom2bji if exists
[HIBERNATE] --&gt; 23:02:13 ERROR org.hibernate.tool.hbm2ddl.SchemaExport - HHH000389: Unsuccessful: alter table mensajes drop constraint FK_161a6v43gnev3xmhgbiom2bji if exists
LOG4J23:02:13,513 ERROR SchemaExport:425 - HHH000389: Unsuccessful: alter table mensajes drop constraint FK_161a6v43gnev3xmhgbiom2bji if exists
[HIBERNATE] --&gt; 23:02:13 ERROR org.hibernate.tool.hbm2ddl.SchemaExport - Tabla &quot;MENSAJES&quot; no encontrada
Table &quot;MENSAJES&quot; not found; SQL statement:
alter table mensajes drop constraint FK_161a6v43gnev3xmhgbiom2bji if exists [42102-184]
LOG4J23:02:13,513 ERROR SchemaExport:426 - Tabla &quot;MENSAJES&quot; no encontrada
Table &quot;MENSAJES&quot; not found; SQL statement:
alter table mensajes drop constraint FK_161a6v43gnev3xmhgbiom2bji if exists [42102-184]
[HIBERNATE] --&gt; 23:02:13 DEBUG org.hibernate.SQL - alter table mensajes drop constraint FK_icc7sbcnwgdnsfjafsjyp4fw5 if exists
LOG4J23:02:13,514 DEBUG SQL:109 - alter table mensajes drop constraint FK_icc7sbcnwgdnsfjafsjyp4fw5 if exists
Hibernate: alter table mensajes drop constraint FK_icc7sbcnwgdnsfjafsjyp4fw5 if exists
[HIBERNATE] --&gt; 23:02:13 ERROR org.hibernate.tool.hbm2ddl.SchemaExport - HHH000389: Unsuccessful: alter table mensajes drop constraint FK_icc7sbcnwgdnsfjafsjyp4fw5 if exists
LOG4J23:02:13,514 ERROR SchemaExport:425 - HHH000389: Unsuccessful: alter table mensajes drop constraint FK_icc7sbcnwgdnsfjafsjyp4fw5 if exists
[HIBERNATE] --&gt; 23:02:13 ERROR org.hibernate.tool.hbm2ddl.SchemaExport - Tabla &quot;MENSAJES&quot; no encontrada
Table &quot;MENSAJES&quot; not found; SQL statement:
alter table mensajes drop constraint FK_icc7sbcnwgdnsfjafsjyp4fw5 if exists [42102-184]
LOG4J23:02:13,514 ERROR SchemaExport:426 - Tabla &quot;MENSAJES&quot; no encontrada
Table &quot;MENSAJES&quot; not found; SQL statement:
alter table mensajes drop constraint FK_icc7sbcnwgdnsfjafsjyp4fw5 if exists [42102-184]
[HIBERNATE] --&gt; 23:02:13 DEBUG org.hibernate.SQL - alter table usuarios_has_grupos drop constraint FK_e58l2yqauyrjc8h885io4m59j if exists
LOG4J23:02:13,514 DEBUG SQL:109 - alter table usuarios_has_grupos drop constraint FK_e58l2yqauyrjc8h885io4m59j if exists
Hibernate: alter table usuarios_has_grupos drop constraint FK_e58l2yqauyrjc8h885io4m59j if exists
[HIBERNATE] --&gt; 23:02:13 ERROR org.hibernate.tool.hbm2ddl.SchemaExport - HHH000389: Unsuccessful: alter table usuarios_has_grupos drop constraint FK_e58l2yqauyrjc8h885io4m59j if exists
LOG4J23:02:13,514 ERROR SchemaExport:425 - HHH000389: Unsuccessful: alter table usuarios_has_grupos drop constraint FK_e58l2yqauyrjc8h885io4m59j if exists
[HIBERNATE] --&gt; 23:02:13 ERROR org.hibernate.tool.hbm2ddl.SchemaExport - Tabla &quot;USUARIOS_HAS_GRUPOS&quot; no encontrada
Table &quot;USUARIOS_HAS_GRUPOS&quot; not found; SQL statement:
alter table usuarios_has_grupos drop constraint FK_e58l2yqauyrjc8h885io4m59j if exists [42102-184]
LOG4J23:02:13,515 ERROR SchemaExport:426 - Tabla &quot;USUARIOS_HAS_GRUPOS&quot; no encontrada
Table &quot;USUARIOS_HAS_GRUPOS&quot; not found; SQL statement:
alter table usuarios_has_grupos drop constraint FK_e58l2yqauyrjc8h885io4m59j if exists [42102-184]
[HIBERNATE] --&gt; 23:02:13 DEBUG org.hibernate.SQL - alter table usuarios_has_grupos drop constraint FK_bl6vtpmwupgsfa8onqokxtlhq if exists
LOG4J23:02:13,515 DEBUG SQL:109 - alter table usuarios_has_grupos drop constraint FK_bl6vtpmwupgsfa8onqokxtlhq if exists
Hibernate: alter table usuarios_has_grupos drop constraint FK_bl6vtpmwupgsfa8onqokxtlhq if exists
[HIBERNATE] --&gt; 23:02:13 ERROR org.hibernate.tool.hbm2ddl.SchemaExport - HHH000389: Unsuccessful: alter table usuarios_has_grupos drop constraint FK_bl6vtpmwupgsfa8onqokxtlhq if exists
LOG4J23:02:13,515 ERROR SchemaExport:425 - HHH000389: Unsuccessful: alter table usuarios_has_grupos drop constraint FK_bl6vtpmwupgsfa8onqokxtlhq if exists
[HIBERNATE] --&gt; 23:02:13 ERROR org.hibernate.tool.hbm2ddl.SchemaExport - Tabla &quot;USUARIOS_HAS_GRUPOS&quot; no encontrada
Table &quot;USUARIOS_HAS_GRUPOS&quot; not found; SQL statement:
alter table usuarios_has_grupos drop constraint FK_bl6vtpmwupgsfa8onqokxtlhq if exists [42102-184]
LOG4J23:02:13,515 ERROR SchemaExport:426 - Tabla &quot;USUARIOS_HAS_GRUPOS&quot; no encontrada
Table &quot;USUARIOS_HAS_GRUPOS&quot; not found; SQL statement:
alter table usuarios_has_grupos drop constraint FK_bl6vtpmwupgsfa8onqokxtlhq if exists [42102-184]
[HIBERNATE] --&gt; 23:02:13 DEBUG org.hibernate.SQL - alter table usuarios_has_materias drop constraint FK_qy9kmhwx834on9g2mbi6c94m4 if exists
LOG4J23:02:13,515 DEBUG SQL:109 - alter table usuarios_has_materias drop constraint FK_qy9kmhwx834on9g2mbi6c94m4 if exists
Hibernate: alter table usuarios_has_materias drop constraint FK_qy9kmhwx834on9g2mbi6c94m4 if exists
[HIBERNATE] --&gt; 23:02:13 ERROR org.hibernate.tool.hbm2ddl.SchemaExport - HHH000389: Unsuccessful: alter table usuarios_has_materias drop constraint FK_qy9kmhwx834on9g2mbi6c94m4 if exists
LOG4J23:02:13,516 ERROR SchemaExport:425 - HHH000389: Unsuccessful: alter table usuarios_has_materias drop constraint FK_qy9kmhwx834on9g2mbi6c94m4 if exists
[HIBERNATE] --&gt; 23:02:13 ERROR org.hibernate.tool.hbm2ddl.SchemaExport - Tabla &quot;USUARIOS_HAS_MATERIAS&quot; no encontrada
Table &quot;USUARIOS_HAS_MATERIAS&quot; not found; SQL statement:
alter table usuarios_has_materias drop constraint FK_qy9kmhwx834on9g2mbi6c94m4 if exists [42102-184]
LOG4J23:02:13,516 ERROR SchemaExport:426 - Tabla &quot;USUARIOS_HAS_MATERIAS&quot; no encontrada
Table &quot;USUARIOS_HAS_MATERIAS&quot; not found; SQL statement:
alter table usuarios_has_materias drop constraint FK_qy9kmhwx834on9g2mbi6c94m4 if exists [42102-184]
[HIBERNATE] --&gt; 23:02:13 DEBUG org.hibernate.SQL - alter table usuarios_has_materias drop constraint FK_1n3j039ioklaf9hdrlmbfxt80 if exists
LOG4J23:02:13,516 DEBUG SQL:109 - alter table usuarios_has_materias drop constraint FK_1n3j039ioklaf9hdrlmbfxt80 if exists
Hibernate: alter table usuarios_has_materias drop constraint FK_1n3j039ioklaf9hdrlmbfxt80 if exists
[HIBERNATE] --&gt; 23:02:13 ERROR org.hibernate.tool.hbm2ddl.SchemaExport - HHH000389: Unsuccessful: alter table usuarios_has_materias drop constraint FK_1n3j039ioklaf9hdrlmbfxt80 if exists
LOG4J23:02:13,516 ERROR SchemaExport:425 - HHH000389: Unsuccessful: alter table usuarios_has_materias drop constraint FK_1n3j039ioklaf9hdrlmbfxt80 if exists
[HIBERNATE] --&gt; 23:02:13 ERROR org.hibernate.tool.hbm2ddl.SchemaExport - Tabla &quot;USUARIOS_HAS_MATERIAS&quot; no encontrada
Table &quot;USUARIOS_HAS_MATERIAS&quot; not found; SQL statement:
alter table usuarios_has_materias drop constraint FK_1n3j039ioklaf9hdrlmbfxt80 if exists [42102-184]
LOG4J23:02:13,516 ERROR SchemaExport:426 - Tabla &quot;USUARIOS_HAS_MATERIAS&quot; no encontrada
Table &quot;USUARIOS_HAS_MATERIAS&quot; not found; SQL statement:
alter table usuarios_has_materias drop constraint FK_1n3j039ioklaf9hdrlmbfxt80 if exists [42102-184]
[HIBERNATE] --&gt; 23:02:13 DEBUG org.hibernate.SQL - drop table calificacion if exists
LOG4J23:02:13,517 DEBUG SQL:109 - drop table calificacion if exists
Hibernate: drop table calificacion if exists
[HIBERNATE] --&gt; 23:02:13 DEBUG org.hibernate.SQL - drop table carreras if exists
LOG4J23:02:13,517 DEBUG SQL:109 - drop table carreras if exists
Hibernate: drop table carreras if exists
[HIBERNATE] --&gt; 23:02:13 DEBUG org.hibernate.SQL - drop table carreras_has_usuarios if exists
LOG4J23:02:13,517 DEBUG SQL:109 - drop table carreras_has_usuarios if exists
Hibernate: drop table carreras_has_usuarios if exists
[HIBERNATE] --&gt; 23:02:13 DEBUG org.hibernate.SQL - drop table eventos if exists
LOG4J23:02:13,518 DEBUG SQL:109 - drop table eventos if exists
Hibernate: drop table eventos if exists
[HIBERNATE] --&gt; 23:02:13 DEBUG org.hibernate.SQL - drop table eventos_has_carreras if exists
LOG4J23:02:13,518 DEBUG SQL:109 - drop table eventos_has_carreras if exists
Hibernate: drop table eventos_has_carreras if exists
[HIBERNATE] --&gt; 23:02:13 DEBUG org.hibernate.SQL - drop table grupos if exists
LOG4J23:02:13,518 DEBUG SQL:109 - drop table grupos if exists
Hibernate: drop table grupos if exists
[HIBERNATE] --&gt; 23:02:13 DEBUG org.hibernate.SQL - drop table intereses if exists
LOG4J23:02:13,518 DEBUG SQL:109 - drop table intereses if exists
Hibernate: drop table intereses if exists
[HIBERNATE] --&gt; 23:02:13 DEBUG org.hibernate.SQL - drop table materias if exists
LOG4J23:02:13,518 DEBUG SQL:109 - drop table materias if exists
Hibernate: drop table materias if exists
[HIBERNATE] --&gt; 23:02:13 DEBUG org.hibernate.SQL - drop table mensajes if exists
LOG4J23:02:13,519 DEBUG SQL:109 - drop table mensajes if exists
Hibernate: drop table mensajes if exists
[HIBERNATE] --&gt; 23:02:13 DEBUG org.hibernate.SQL - drop table noticias if exists
LOG4J23:02:13,519 DEBUG SQL:109 - drop table noticias if exists
Hibernate: drop table noticias if exists
[HIBERNATE] --&gt; 23:02:13 DEBUG org.hibernate.SQL - drop table ubicacion if exists
LOG4J23:02:13,519 DEBUG SQL:109 - drop table ubicacion if exists
Hibernate: drop table ubicacion if exists
[HIBERNATE] --&gt; 23:02:13 DEBUG org.hibernate.SQL - drop table usuarios if exists
LOG4J23:02:13,519 DEBUG SQL:109 - drop table usuarios if exists
Hibernate: drop table usuarios if exists
[HIBERNATE] --&gt; 23:02:13 DEBUG org.hibernate.SQL - drop table usuarios_has_grupos if exists
LOG4J23:02:13,519 DEBUG SQL:109 - drop table usuarios_has_grupos if exists
Hibernate: drop table usuarios_has_grupos if exists
[HIBERNATE] --&gt; 23:02:13 DEBUG org.hibernate.SQL - drop table usuarios_has_materias if exists
LOG4J23:02:13,520 DEBUG SQL:109 - drop table usuarios_has_materias if exists
Hibernate: drop table usuarios_has_materias if exists
[HIBERNATE] --&gt; 23:02:13 DEBUG org.hibernate.SQL - create table calificacion (id integer generated by default as identity, calificacion integer, tipo varchar(8), eventos_id integer, noticias_id integer, usuarios_identificacion varchar(20), primary key (id))
LOG4J23:02:13,520 DEBUG SQL:109 - create table calificacion (id integer generated by default as identity, calificacion integer, tipo varchar(8), eventos_id integer, noticias_id integer, usuarios_identificacion varchar(20), primary key (id))
Hibernate: create table calificacion (id integer generated by default as identity, calificacion integer, tipo varchar(8), eventos_id integer, noticias_id integer, usuarios_identificacion varchar(20), primary key (id))
[HIBERNATE] --&gt; 23:02:13 DEBUG org.hibernate.SQL - create table carreras (id integer generated by default as identity, descrpcion varchar(150), nombre varchar(45), primary key (id))
LOG4J23:02:13,526 DEBUG SQL:109 - create table carreras (id integer generated by default as identity, descrpcion varchar(150), nombre varchar(45), primary key (id))
Hibernate: create table carreras (id integer generated by default as identity, descrpcion varchar(150), nombre varchar(45), primary key (id))
[HIBERNATE] --&gt; 23:02:13 DEBUG org.hibernate.SQL - create table carreras_has_usuarios (usuarios_carne varchar(20) not null, carreras_id integer not null, primary key (carreras_id, usuarios_carne))
LOG4J23:02:13,528 DEBUG SQL:109 - create table carreras_has_usuarios (usuarios_carne varchar(20) not null, carreras_id integer not null, primary key (carreras_id, usuarios_carne))
Hibernate: create table carreras_has_usuarios (usuarios_carne varchar(20) not null, carreras_id integer not null, primary key (carreras_id, usuarios_carne))
[HIBERNATE] --&gt; 23:02:13 DEBUG org.hibernate.SQL - create table eventos (id integer generated by default as identity, Descripcion varchar(255), fecha date, titulo varchar(100), ubicacion_id integer, primary key (id))
LOG4J23:02:13,531 DEBUG SQL:109 - create table eventos (id integer generated by default as identity, Descripcion varchar(255), fecha date, titulo varchar(100), ubicacion_id integer, primary key (id))
Hibernate: create table eventos (id integer generated by default as identity, Descripcion varchar(255), fecha date, titulo varchar(100), ubicacion_id integer, primary key (id))
[HIBERNATE] --&gt; 23:02:13 DEBUG org.hibernate.SQL - create table eventos_has_carreras (eventos_id integer not null, carreras_id integer not null, primary key (carreras_id, eventos_id))
LOG4J23:02:13,533 DEBUG SQL:109 - create table eventos_has_carreras (eventos_id integer not null, carreras_id integer not null, primary key (carreras_id, eventos_id))
Hibernate: create table eventos_has_carreras (eventos_id integer not null, carreras_id integer not null, primary key (carreras_id, eventos_id))
[HIBERNATE] --&gt; 23:02:13 DEBUG org.hibernate.SQL - create table grupos (id integer generated by default as identity, estado varchar(15), fechacreacion date, nombre varchar(255), tipoprivado boolean, administrador varchar(20), primary key (id))
LOG4J23:02:13,534 DEBUG SQL:109 - create table grupos (id integer generated by default as identity, estado varchar(15), fechacreacion date, nombre varchar(255), tipoprivado boolean, administrador varchar(20), primary key (id))
Hibernate: create table grupos (id integer generated by default as identity, estado varchar(15), fechacreacion date, nombre varchar(255), tipoprivado boolean, administrador varchar(20), primary key (id))
[HIBERNATE] --&gt; 23:02:13 DEBUG org.hibernate.SQL - create table intereses (id integer not null, descripcion varchar(255), nombre varchar(100), carreras_id integer, eventos_id integer, noticias_id integer, primary key (id))
LOG4J23:02:13,535 DEBUG SQL:109 - create table intereses (id integer not null, descripcion varchar(255), nombre varchar(100), carreras_id integer, eventos_id integer, noticias_id integer, primary key (id))
Hibernate: create table intereses (id integer not null, descripcion varchar(255), nombre varchar(100), carreras_id integer, eventos_id integer, noticias_id integer, primary key (id))
[HIBERNATE] --&gt; 23:02:13 DEBUG org.hibernate.SQL - create table materias (id integer not null, grupo varchar(45), memonico varchar(45) not null, nombre varchar(45), padre integer, primary key (id))
LOG4J23:02:13,536 DEBUG SQL:109 - create table materias (id integer not null, grupo varchar(45), memonico varchar(45) not null, nombre varchar(45), padre integer, primary key (id))
Hibernate: create table materias (id integer not null, grupo varchar(45), memonico varchar(45) not null, nombre varchar(45), padre integer, primary key (id))
[HIBERNATE] --&gt; 23:02:13 DEBUG org.hibernate.SQL - create table mensajes (id integer generated by default as identity, contenido varchar(255), fecha varchar(45), visto varchar(45), grupodestino integer, usuariodestino varchar(20), usuariosorigen varchar(20), primary key (id))
LOG4J23:02:13,537 DEBUG SQL:109 - create table mensajes (id integer generated by default as identity, contenido varchar(255), fecha varchar(45), visto varchar(45), grupodestino integer, usuariodestino varchar(20), usuariosorigen varchar(20), primary key (id))
Hibernate: create table mensajes (id integer generated by default as identity, contenido varchar(255), fecha varchar(45), visto varchar(45), grupodestino integer, usuariodestino varchar(20), usuariosorigen varchar(20), primary key (id))
[HIBERNATE] --&gt; 23:02:13 DEBUG org.hibernate.SQL - create table noticias (id integer generated by default as identity, autoria varchar(45), contenido varchar(45), titulo varchar(45), primary key (id))
LOG4J23:02:13,538 DEBUG SQL:109 - create table noticias (id integer generated by default as identity, autoria varchar(45), contenido varchar(45), titulo varchar(45), primary key (id))
Hibernate: create table noticias (id integer generated by default as identity, autoria varchar(45), contenido varchar(45), titulo varchar(45), primary key (id))
[HIBERNATE] --&gt; 23:02:13 DEBUG org.hibernate.SQL - create table ubicacion (id integer generated by default as identity, descripcion varchar(150), nombre varchar(45), posicion varchar(45), primary key (id))
LOG4J23:02:13,539 DEBUG SQL:109 - create table ubicacion (id integer generated by default as identity, descripcion varchar(150), nombre varchar(45), posicion varchar(45), primary key (id))
Hibernate: create table ubicacion (id integer generated by default as identity, descripcion varchar(150), nombre varchar(45), posicion varchar(45), primary key (id))
[HIBERNATE] --&gt; 23:02:13 DEBUG org.hibernate.SQL - create table usuarios (identificacion varchar(20) not null, carne varchar(20), email varchar(120), identificaciongoogle varchar(255), nombre varchar(100), password varchar(20), perfil varchar(45), semestre varchar(45), primary key (identificacion))
LOG4J23:02:13,540 DEBUG SQL:109 - create table usuarios (identificacion varchar(20) not null, carne varchar(20), email varchar(120), identificaciongoogle varchar(255), nombre varchar(100), password varchar(20), perfil varchar(45), semestre varchar(45), primary key (identificacion))
Hibernate: create table usuarios (identificacion varchar(20) not null, carne varchar(20), email varchar(120), identificaciongoogle varchar(255), nombre varchar(100), password varchar(20), perfil varchar(45), semestre varchar(45), primary key (identificacion))
[HIBERNATE] --&gt; 23:02:13 DEBUG org.hibernate.SQL - create table usuarios_has_grupos (grupos_id integer not null, usuarios_carne varchar(20) not null, primary key (usuarios_carne, grupos_id))
LOG4J23:02:13,541 DEBUG SQL:109 - create table usuarios_has_grupos (grupos_id integer not null, usuarios_carne varchar(20) not null, primary key (usuarios_carne, grupos_id))
Hibernate: create table usuarios_has_grupos (grupos_id integer not null, usuarios_carne varchar(20) not null, primary key (usuarios_carne, grupos_id))
[HIBERNATE] --&gt; 23:02:13 DEBUG org.hibernate.SQL - create table usuarios_has_materias (usuarios_identificacion varchar(20) not null, materias_id integer not null, primary key (materias_id, usuarios_identificacion))
LOG4J23:02:13,542 DEBUG SQL:109 - create table usuarios_has_materias (usuarios_identificacion varchar(20) not null, materias_id integer not null, primary key (materias_id, usuarios_identificacion))
Hibernate: create table usuarios_has_materias (usuarios_identificacion varchar(20) not null, materias_id integer not null, primary key (materias_id, usuarios_identificacion))
[HIBERNATE] --&gt; 23:02:13 DEBUG org.hibernate.SQL - alter table usuarios add constraint UK_erme1d6jb91do7fr9xlr9jaxg  unique (carne)
LOG4J23:02:13,543 DEBUG SQL:109 - alter table usuarios add constraint UK_erme1d6jb91do7fr9xlr9jaxg  unique (carne)
Hibernate: alter table usuarios add constraint UK_erme1d6jb91do7fr9xlr9jaxg  unique (carne)
[HIBERNATE] --&gt; 23:02:13 DEBUG org.hibernate.SQL - alter table usuarios add constraint UK_kfsp0s1tflm1cwlj8idhqsad0  unique (email)
LOG4J23:02:13,543 DEBUG SQL:109 - alter table usuarios add constraint UK_kfsp0s1tflm1cwlj8idhqsad0  unique (email)
Hibernate: alter table usuarios add constraint UK_kfsp0s1tflm1cwlj8idhqsad0  unique (email)
[HIBERNATE] --&gt; 23:02:13 DEBUG org.hibernate.SQL - alter table usuarios add constraint UK_5rcak8egiryrophji2yux3lms  unique (identificaciongoogle)
LOG4J23:02:13,544 DEBUG SQL:109 - alter table usuarios add constraint UK_5rcak8egiryrophji2yux3lms  unique (identificaciongoogle)
Hibernate: alter table usuarios add constraint UK_5rcak8egiryrophji2yux3lms  unique (identificaciongoogle)
[HIBERNATE] --&gt; 23:02:13 DEBUG org.hibernate.SQL - alter table calificacion add constraint FK_17lmt25b185vt6l9v0n11t1ky foreign key (eventos_id) references eventos
LOG4J23:02:13,544 DEBUG SQL:109 - alter table calificacion add constraint FK_17lmt25b185vt6l9v0n11t1ky foreign key (eventos_id) references eventos
Hibernate: alter table calificacion add constraint FK_17lmt25b185vt6l9v0n11t1ky foreign key (eventos_id) references eventos
[HIBERNATE] --&gt; 23:02:13 DEBUG org.hibernate.SQL - alter table calificacion add constraint FK_jxikow2fscr9ejubsy2fkbiu3 foreign key (noticias_id) references noticias
LOG4J23:02:13,551 DEBUG SQL:109 - alter table calificacion add constraint FK_jxikow2fscr9ejubsy2fkbiu3 foreign key (noticias_id) references noticias
Hibernate: alter table calificacion add constraint FK_jxikow2fscr9ejubsy2fkbiu3 foreign key (noticias_id) references noticias
[HIBERNATE] --&gt; 23:02:13 DEBUG org.hibernate.SQL - alter table calificacion add constraint FK_151er3y8xibdashokr58lot6 foreign key (usuarios_identificacion) references usuarios
LOG4J23:02:13,553 DEBUG SQL:109 - alter table calificacion add constraint FK_151er3y8xibdashokr58lot6 foreign key (usuarios_identificacion) references usuarios
Hibernate: alter table calificacion add constraint FK_151er3y8xibdashokr58lot6 foreign key (usuarios_identificacion) references usuarios
[HIBERNATE] --&gt; 23:02:13 DEBUG org.hibernate.SQL - alter table carreras_has_usuarios add constraint FK_hujt9s8vx0oufmuuc03rumnf1 foreign key (carreras_id) references carreras
LOG4J23:02:13,554 DEBUG SQL:109 - alter table carreras_has_usuarios add constraint FK_hujt9s8vx0oufmuuc03rumnf1 foreign key (carreras_id) references carreras
Hibernate: alter table carreras_has_usuarios add constraint FK_hujt9s8vx0oufmuuc03rumnf1 foreign key (carreras_id) references carreras
[HIBERNATE] --&gt; 23:02:13 DEBUG org.hibernate.SQL - alter table carreras_has_usuarios add constraint FK_oktw3a0tb4lod4rhwqug6vq3e foreign key (usuarios_carne) references usuarios
LOG4J23:02:13,556 DEBUG SQL:109 - alter table carreras_has_usuarios add constraint FK_oktw3a0tb4lod4rhwqug6vq3e foreign key (usuarios_carne) references usuarios
Hibernate: alter table carreras_has_usuarios add constraint FK_oktw3a0tb4lod4rhwqug6vq3e foreign key (usuarios_carne) references usuarios
[HIBERNATE] --&gt; 23:02:13 DEBUG org.hibernate.SQL - alter table eventos add constraint FK_lh1c8ea98r5b20rcmbr5o0c5q foreign key (ubicacion_id) references ubicacion
LOG4J23:02:13,557 DEBUG SQL:109 - alter table eventos add constraint FK_lh1c8ea98r5b20rcmbr5o0c5q foreign key (ubicacion_id) references ubicacion
Hibernate: alter table eventos add constraint FK_lh1c8ea98r5b20rcmbr5o0c5q foreign key (ubicacion_id) references ubicacion
[HIBERNATE] --&gt; 23:02:13 DEBUG org.hibernate.SQL - alter table eventos_has_carreras add constraint FK_h7fi8dtsa3p2w0lpvhjy7ttoy foreign key (carreras_id) references carreras
LOG4J23:02:13,558 DEBUG SQL:109 - alter table eventos_has_carreras add constraint FK_h7fi8dtsa3p2w0lpvhjy7ttoy foreign key (carreras_id) references carreras
Hibernate: alter table eventos_has_carreras add constraint FK_h7fi8dtsa3p2w0lpvhjy7ttoy foreign key (carreras_id) references carreras
[HIBERNATE] --&gt; 23:02:13 DEBUG org.hibernate.SQL - alter table eventos_has_carreras add constraint FK_9dmbey7xyxfcqqnbkmnlyi13y foreign key (eventos_id) references eventos
LOG4J23:02:13,559 DEBUG SQL:109 - alter table eventos_has_carreras add constraint FK_9dmbey7xyxfcqqnbkmnlyi13y foreign key (eventos_id) references eventos
Hibernate: alter table eventos_has_carreras add constraint FK_9dmbey7xyxfcqqnbkmnlyi13y foreign key (eventos_id) references eventos
[HIBERNATE] --&gt; 23:02:13 DEBUG org.hibernate.SQL - alter table grupos add constraint FK_msjir0oy21uxwrkvepea8ydek foreign key (administrador) references usuarios
LOG4J23:02:13,560 DEBUG SQL:109 - alter table grupos add constraint FK_msjir0oy21uxwrkvepea8ydek foreign key (administrador) references usuarios
Hibernate: alter table grupos add constraint FK_msjir0oy21uxwrkvepea8ydek foreign key (administrador) references usuarios
[HIBERNATE] --&gt; 23:02:13 DEBUG org.hibernate.SQL - alter table intereses add constraint FK_924lenslfumnmi49gi1lwbg9u foreign key (carreras_id) references carreras
LOG4J23:02:13,561 DEBUG SQL:109 - alter table intereses add constraint FK_924lenslfumnmi49gi1lwbg9u foreign key (carreras_id) references carreras
Hibernate: alter table intereses add constraint FK_924lenslfumnmi49gi1lwbg9u foreign key (carreras_id) references carreras
[HIBERNATE] --&gt; 23:02:13 DEBUG org.hibernate.SQL - alter table intereses add constraint FK_3xdrqesd8sbw01qmubittjoq3 foreign key (eventos_id) references eventos
LOG4J23:02:13,562 DEBUG SQL:109 - alter table intereses add constraint FK_3xdrqesd8sbw01qmubittjoq3 foreign key (eventos_id) references eventos
Hibernate: alter table intereses add constraint FK_3xdrqesd8sbw01qmubittjoq3 foreign key (eventos_id) references eventos
[HIBERNATE] --&gt; 23:02:13 DEBUG org.hibernate.SQL - alter table intereses add constraint FK_jg915u8xjjeucgd4akfeaq15o foreign key (noticias_id) references noticias
LOG4J23:02:13,563 DEBUG SQL:109 - alter table intereses add constraint FK_jg915u8xjjeucgd4akfeaq15o foreign key (noticias_id) references noticias
Hibernate: alter table intereses add constraint FK_jg915u8xjjeucgd4akfeaq15o foreign key (noticias_id) references noticias
[HIBERNATE] --&gt; 23:02:13 DEBUG org.hibernate.SQL - alter table materias add constraint FK_3mlm2r5amey6xvkylbclrdxpb foreign key (padre) references materias
LOG4J23:02:13,564 DEBUG SQL:109 - alter table materias add constraint FK_3mlm2r5amey6xvkylbclrdxpb foreign key (padre) references materias
Hibernate: alter table materias add constraint FK_3mlm2r5amey6xvkylbclrdxpb foreign key (padre) references materias
[HIBERNATE] --&gt; 23:02:13 DEBUG org.hibernate.SQL - alter table mensajes add constraint FK_7j2a8ms01qxhr7bd8de9xx4kl foreign key (grupodestino) references grupos
LOG4J23:02:13,566 DEBUG SQL:109 - alter table mensajes add constraint FK_7j2a8ms01qxhr7bd8de9xx4kl foreign key (grupodestino) references grupos
Hibernate: alter table mensajes add constraint FK_7j2a8ms01qxhr7bd8de9xx4kl foreign key (grupodestino) references grupos
[HIBERNATE] --&gt; 23:02:13 DEBUG org.hibernate.SQL - alter table mensajes add constraint FK_161a6v43gnev3xmhgbiom2bji foreign key (usuariodestino) references usuarios
LOG4J23:02:13,567 DEBUG SQL:109 - alter table mensajes add constraint FK_161a6v43gnev3xmhgbiom2bji foreign key (usuariodestino) references usuarios
Hibernate: alter table mensajes add constraint FK_161a6v43gnev3xmhgbiom2bji foreign key (usuariodestino) references usuarios
[HIBERNATE] --&gt; 23:02:13 DEBUG org.hibernate.SQL - alter table mensajes add constraint FK_icc7sbcnwgdnsfjafsjyp4fw5 foreign key (usuariosorigen) references usuarios
LOG4J23:02:13,568 DEBUG SQL:109 - alter table mensajes add constraint FK_icc7sbcnwgdnsfjafsjyp4fw5 foreign key (usuariosorigen) references usuarios
Hibernate: alter table mensajes add constraint FK_icc7sbcnwgdnsfjafsjyp4fw5 foreign key (usuariosorigen) references usuarios
[HIBERNATE] --&gt; 23:02:13 DEBUG org.hibernate.SQL - alter table usuarios_has_grupos add constraint FK_e58l2yqauyrjc8h885io4m59j foreign key (usuarios_carne) references usuarios
LOG4J23:02:13,569 DEBUG SQL:109 - alter table usuarios_has_grupos add constraint FK_e58l2yqauyrjc8h885io4m59j foreign key (usuarios_carne) references usuarios
Hibernate: alter table usuarios_has_grupos add constraint FK_e58l2yqauyrjc8h885io4m59j foreign key (usuarios_carne) references usuarios
[HIBERNATE] --&gt; 23:02:13 DEBUG org.hibernate.SQL - alter table usuarios_has_grupos add constraint FK_bl6vtpmwupgsfa8onqokxtlhq foreign key (grupos_id) references grupos
LOG4J23:02:13,570 DEBUG SQL:109 - alter table usuarios_has_grupos add constraint FK_bl6vtpmwupgsfa8onqokxtlhq foreign key (grupos_id) references grupos
Hibernate: alter table usuarios_has_grupos add constraint FK_bl6vtpmwupgsfa8onqokxtlhq foreign key (grupos_id) references grupos
[HIBERNATE] --&gt; 23:02:13 DEBUG org.hibernate.SQL - alter table usuarios_has_materias add constraint FK_qy9kmhwx834on9g2mbi6c94m4 foreign key (materias_id) references materias
LOG4J23:02:13,572 DEBUG SQL:109 - alter table usuarios_has_materias add constraint FK_qy9kmhwx834on9g2mbi6c94m4 foreign key (materias_id) references materias
Hibernate: alter table usuarios_has_materias add constraint FK_qy9kmhwx834on9g2mbi6c94m4 foreign key (materias_id) references materias
[HIBERNATE] --&gt; 23:02:13 DEBUG org.hibernate.SQL - alter table usuarios_has_materias add constraint FK_1n3j039ioklaf9hdrlmbfxt80 foreign key (usuarios_identificacion) references usuarios
LOG4J23:02:13,573 DEBUG SQL:109 - alter table usuarios_has_materias add constraint FK_1n3j039ioklaf9hdrlmbfxt80 foreign key (usuarios_identificacion) references usuarios
Hibernate: alter table usuarios_has_materias add constraint FK_1n3j039ioklaf9hdrlmbfxt80 foreign key (usuarios_identificacion) references usuarios
LOG4J23:02:13,629 DEBUG DefaultListableBeanFactory:247 - Returning cached instance of singleton bean &apos;org.springframework.transaction.config.internalTransactionAdvisor&apos;
LOG4J23:02:13,630 DEBUG DefaultListableBeanFactory:477 - Finished creating instance of bean &apos;entityManagerFactory&apos;
LOG4J23:02:13,630 DEBUG DefaultListableBeanFactory:672 - Pre-instantiating singletons in org.springframework.beans.factory.support.DefaultListableBeanFactory@6dc17b83: defining beans [org.springframework.context.annotation.internalConfigurationAnnotationProcessor,org.springframework.context.annotation.internalAutowiredAnnotationProcessor,org.springframework.context.annotation.internalRequiredAnnotationProcessor,org.springframework.context.annotation.internalCommonAnnotationProcessor,org.springframework.context.annotation.internalPersistenceAnnotationProcessor,app,facade,org.springframework.data.jpa.repository.config.JpaRepositoryConfigExtension#0,org.springframework.data.repository.core.support.RepositoryInterfaceAwareBeanPostProcessor,foo,jpaMappingContext,usuariosCrudFactory,gruposCrudFactory,mensajesCrudFactory,calificacionCrudFactory,noticiasCrudFactory,eventosCrudFactory,carrerasCrudFactory,ubicacionCrudFactory,interesesCrudFactory,dataSource,jpaVendorAdapter,entityManagerFactory,transactionManager,org.springframework.aop.config.internalAutoProxyCreator,org.springframework.transaction.annotation.AnnotationTransactionAttributeSource#0,org.springframework.transaction.interceptor.TransactionInterceptor#0,org.springframework.transaction.config.internalTransactionAdvisor,org.springframework.context.annotation.ConfigurationClassPostProcessor.importAwareProcessor,org.springframework.context.annotation.ConfigurationClassPostProcessor.enhancedConfigurationProcessor,org.springframework.orm.jpa.SharedEntityManagerCreator#0]; root of factory hierarchy
LOG4J23:02:13,630 DEBUG DefaultListableBeanFactory:247 - Returning cached instance of singleton bean &apos;org.springframework.context.annotation.internalConfigurationAnnotationProcessor&apos;
LOG4J23:02:13,630 DEBUG DefaultListableBeanFactory:247 - Returning cached instance of singleton bean &apos;org.springframework.context.annotation.internalAutowiredAnnotationProcessor&apos;
LOG4J23:02:13,630 DEBUG DefaultListableBeanFactory:247 - Returning cached instance of singleton bean &apos;org.springframework.context.annotation.internalRequiredAnnotationProcessor&apos;
LOG4J23:02:13,631 DEBUG DefaultListableBeanFactory:247 - Returning cached instance of singleton bean &apos;org.springframework.context.annotation.internalCommonAnnotationProcessor&apos;
LOG4J23:02:13,631 DEBUG DefaultListableBeanFactory:247 - Returning cached instance of singleton bean &apos;org.springframework.context.annotation.internalPersistenceAnnotationProcessor&apos;
LOG4J23:02:13,631 DEBUG DefaultListableBeanFactory:221 - Creating shared instance of singleton bean &apos;app&apos;
LOG4J23:02:13,631 DEBUG DefaultListableBeanFactory:449 - Creating instance of bean &apos;app&apos;
LOG4J23:02:13,632 DEBUG DefaultListableBeanFactory:523 - Eagerly caching bean &apos;app&apos; to allow for resolving potential circular references
LOG4J23:02:13,633 DEBUG DefaultListableBeanFactory:247 - Returning cached instance of singleton bean &apos;org.springframework.transaction.config.internalTransactionAdvisor&apos;
LOG4J23:02:13,634 DEBUG DefaultListableBeanFactory:477 - Finished creating instance of bean &apos;app&apos;
LOG4J23:02:13,634 DEBUG DefaultListableBeanFactory:221 - Creating shared instance of singleton bean &apos;facade&apos;
LOG4J23:02:13,635 DEBUG DefaultListableBeanFactory:449 - Creating instance of bean &apos;facade&apos;
LOG4J23:02:13,637 DEBUG InjectionMetadata:72 - Registered injected element on class [com.tservice.facade.facade]: AutowiredFieldElement for com.tservice.Persistencia.UsuariosCrudFactory com.tservice.facade.facade.usuCrud
LOG4J23:02:13,638 DEBUG InjectionMetadata:72 - Registered injected element on class [com.tservice.facade.facade]: AutowiredFieldElement for com.tservice.Persistencia.CarrerasCrudFactory com.tservice.facade.facade.carreCrud
LOG4J23:02:13,638 DEBUG InjectionMetadata:72 - Registered injected element on class [com.tservice.facade.facade]: AutowiredFieldElement for com.tservice.Persistencia.EventosCrudFactory com.tservice.facade.facade.eventosCrud
LOG4J23:02:13,638 DEBUG InjectionMetadata:72 - Registered injected element on class [com.tservice.facade.facade]: AutowiredFieldElement for com.tservice.Persistencia.NoticiasCrudFactory com.tservice.facade.facade.noticiasCrud
LOG4J23:02:13,638 DEBUG InjectionMetadata:72 - Registered injected element on class [com.tservice.facade.facade]: AutowiredFieldElement for com.tservice.Persistencia.CalificacionCrudFactory com.tservice.facade.facade.calificacionCrud
LOG4J23:02:13,638 DEBUG InjectionMetadata:72 - Registered injected element on class [com.tservice.facade.facade]: AutowiredFieldElement for com.tservice.Persistencia.InteresesCrudFactory com.tservice.facade.facade.interesesCrud
LOG4J23:02:13,638 DEBUG InjectionMetadata:72 - Registered injected element on class [com.tservice.facade.facade]: AutowiredFieldElement for com.tservice.facade.App com.tservice.facade.facade.envio
LOG4J23:02:13,638 DEBUG InjectionMetadata:72 - Registered injected element on class [com.tservice.facade.facade]: AutowiredFieldElement for com.tservice.Persistencia.GruposCrudFactory com.tservice.facade.facade.gruposCrud
LOG4J23:02:13,639 DEBUG DefaultListableBeanFactory:523 - Eagerly caching bean &apos;facade&apos; to allow for resolving potential circular references
LOG4J23:02:13,640 DEBUG InjectionMetadata:86 - Processing injected element of bean &apos;facade&apos;: AutowiredFieldElement for com.tservice.Persistencia.UsuariosCrudFactory com.tservice.facade.facade.usuCrud
LOG4J23:02:13,643 DEBUG DefaultListableBeanFactory:221 - Creating shared instance of singleton bean &apos;usuariosCrudFactory&apos;
LOG4J23:02:13,643 DEBUG DefaultListableBeanFactory:449 - Creating instance of bean &apos;usuariosCrudFactory&apos;
LOG4J23:02:13,652 DEBUG InjectionMetadata:72 - Registered injected element on class [org.springframework.data.jpa.repository.support.JpaRepositoryFactoryBean]: PersistenceElement for public void org.springframework.data.jpa.repository.support.JpaRepositoryFactoryBean.setEntityManager(javax.persistence.EntityManager)
LOG4J23:02:13,653 DEBUG DefaultListableBeanFactory:523 - Eagerly caching bean &apos;usuariosCrudFactory&apos; to allow for resolving potential circular references
LOG4J23:02:13,654 DEBUG InjectionMetadata:86 - Processing injected element of bean &apos;usuariosCrudFactory&apos;: PersistenceElement for public void org.springframework.data.jpa.repository.support.JpaRepositoryFactoryBean.setEntityManager(javax.persistence.EntityManager)
LOG4J23:02:13,655 DEBUG DefaultListableBeanFactory:449 - Creating instance of bean &apos;(inner bean)#659925f4&apos;
LOG4J23:02:13,657 DEBUG DefaultListableBeanFactory:449 - Creating instance of bean &apos;(inner bean)#2787de58&apos;
LOG4J23:02:13,663 DEBUG DefaultListableBeanFactory:1596 - Invoking afterPropertiesSet() on bean with name &apos;(inner bean)#2787de58&apos;
LOG4J23:02:13,664 DEBUG DefaultListableBeanFactory:247 - Returning cached instance of singleton bean &apos;org.springframework.transaction.config.internalTransactionAdvisor&apos;
LOG4J23:02:13,665 DEBUG DefaultListableBeanFactory:477 - Finished creating instance of bean &apos;(inner bean)#2787de58&apos;
LOG4J23:02:13,665 DEBUG DefaultListableBeanFactory:247 - Returning cached instance of singleton bean &apos;org.springframework.transaction.config.internalTransactionAdvisor&apos;
LOG4J23:02:13,673 DEBUG DefaultListableBeanFactory:247 - Returning cached instance of singleton bean &apos;org.springframework.transaction.config.internalTransactionAdvisor&apos;
LOG4J23:02:13,673 DEBUG DefaultListableBeanFactory:477 - Finished creating instance of bean &apos;(inner bean)#659925f4&apos;
LOG4J23:02:13,674 DEBUG DefaultListableBeanFactory:449 - Creating instance of bean &apos;(inner bean)#392a04e7&apos;
LOG4J23:02:13,677 DEBUG DefaultListableBeanFactory:247 - Returning cached instance of singleton bean &apos;org.springframework.transaction.config.internalTransactionAdvisor&apos;
LOG4J23:02:13,677 DEBUG DefaultListableBeanFactory:477 - Finished creating instance of bean &apos;(inner bean)#392a04e7&apos;
LOG4J23:02:13,678 DEBUG DefaultListableBeanFactory:449 - Creating instance of bean &apos;(inner bean)#1bbae752&apos;
LOG4J23:02:13,679 DEBUG DefaultListableBeanFactory:247 - Returning cached instance of singleton bean &apos;entityManagerFactory&apos;
LOG4J23:02:13,679 DEBUG DefaultListableBeanFactory:247 - Returning cached instance of singleton bean &apos;org.springframework.transaction.config.internalTransactionAdvisor&apos;
LOG4J23:02:13,693 DEBUG DefaultListableBeanFactory:247 - Returning cached instance of singleton bean &apos;org.springframework.transaction.config.internalTransactionAdvisor&apos;
LOG4J23:02:13,695 DEBUG DefaultListableBeanFactory:477 - Finished creating instance of bean &apos;(inner bean)#1bbae752&apos;
LOG4J23:02:13,695 DEBUG DefaultListableBeanFactory:221 - Creating shared instance of singleton bean &apos;jpaMappingContext&apos;
LOG4J23:02:13,695 DEBUG DefaultListableBeanFactory:449 - Creating instance of bean &apos;jpaMappingContext&apos;
LOG4J23:02:13,696 DEBUG DefaultListableBeanFactory:523 - Eagerly caching bean &apos;jpaMappingContext&apos; to allow for resolving potential circular references
LOG4J23:02:13,701 DEBUG DefaultListableBeanFactory:1596 - Invoking afterPropertiesSet() on bean with name &apos;jpaMappingContext&apos;
LOG4J23:02:13,702 DEBUG DefaultListableBeanFactory:247 - Returning cached instance of singleton bean &apos;org.springframework.transaction.config.internalTransactionAdvisor&apos;
LOG4J23:02:13,704 DEBUG DefaultListableBeanFactory:243 - Returning eagerly cached instance of singleton bean &apos;jpaMappingContext&apos; that is not fully initialized yet - a consequence of a circular reference
LOG4J23:02:13,704 DEBUG DefaultListableBeanFactory:247 - Returning cached instance of singleton bean &apos;entityManagerFactory&apos;
LOG4J23:02:13,775 DEBUG DefaultListableBeanFactory:477 - Finished creating instance of bean &apos;jpaMappingContext&apos;
LOG4J23:02:13,775 DEBUG DefaultListableBeanFactory:247 - Returning cached instance of singleton bean &apos;org.springframework.transaction.config.internalTransactionAdvisor&apos;
LOG4J23:02:13,778 DEBUG DefaultListableBeanFactory:1596 - Invoking afterPropertiesSet() on bean with name &apos;usuariosCrudFactory&apos;
LOG4J23:02:13,786 DEBUG SharedEntityManagerCreator$SharedEntityManagerInvocationHandler:282 - Creating new EntityManager for shared EntityManager invocation
LOG4J23:02:13,833 DEBUG EntityManagerFactoryUtils:432 - Closing JPA EntityManager
LOG4J23:02:13,843 DEBUG SharedEntityManagerCreator$SharedEntityManagerInvocationHandler:282 - Creating new EntityManager for shared EntityManager invocation
LOG4J23:02:13,844 DEBUG EntityManagerFactoryUtils:432 - Closing JPA EntityManager
LOG4J23:02:13,848 DEBUG JdkDynamicAopProxy:117 - Creating JDK dynamic proxy: target source is org.springframework.data.jpa.repository.support.CrudMethodMetadataPostProcessor$ThreadBoundTargetSource@59546cfe
LOG4J23:02:13,871 DEBUG JdkDynamicAopProxy:117 - Creating JDK dynamic proxy: target source is SingletonTargetSource for target object [org.springframework.data.jpa.repository.support.SimpleJpaRepository@597f48df]
LOG4J23:02:13,875 DEBUG DefaultListableBeanFactory:247 - Returning cached instance of singleton bean &apos;org.springframework.transaction.config.internalTransactionAdvisor&apos;
LOG4J23:02:13,877 DEBUG DefaultListableBeanFactory:477 - Finished creating instance of bean &apos;usuariosCrudFactory&apos;
LOG4J23:02:13,878 DEBUG DefaultListableBeanFactory:247 - Returning cached instance of singleton bean &apos;org.springframework.transaction.config.internalTransactionAdvisor&apos;
LOG4J23:02:13,882 DEBUG AutowiredAnnotationBeanPostProcessor:441 - Autowiring by type from bean name &apos;facade&apos; to bean named &apos;usuariosCrudFactory&apos;
LOG4J23:02:13,883 DEBUG InjectionMetadata:86 - Processing injected element of bean &apos;facade&apos;: AutowiredFieldElement for com.tservice.Persistencia.CarrerasCrudFactory com.tservice.facade.facade.carreCrud
LOG4J23:02:13,885 DEBUG DefaultListableBeanFactory:221 - Creating shared instance of singleton bean &apos;carrerasCrudFactory&apos;
LOG4J23:02:13,886 DEBUG DefaultListableBeanFactory:449 - Creating instance of bean &apos;carrerasCrudFactory&apos;
LOG4J23:02:13,888 DEBUG InjectionMetadata:72 - Registered injected element on class [org.springframework.data.jpa.repository.support.JpaRepositoryFactoryBean]: PersistenceElement for public void org.springframework.data.jpa.repository.support.JpaRepositoryFactoryBean.setEntityManager(javax.persistence.EntityManager)
LOG4J23:02:13,889 DEBUG DefaultListableBeanFactory:523 - Eagerly caching bean &apos;carrerasCrudFactory&apos; to allow for resolving potential circular references
LOG4J23:02:13,889 DEBUG InjectionMetadata:86 - Processing injected element of bean &apos;carrerasCrudFactory&apos;: PersistenceElement for public void org.springframework.data.jpa.repository.support.JpaRepositoryFactoryBean.setEntityManager(javax.persistence.EntityManager)
LOG4J23:02:13,890 DEBUG DefaultListableBeanFactory:449 - Creating instance of bean &apos;(inner bean)#58a120b0&apos;
LOG4J23:02:13,891 DEBUG DefaultListableBeanFactory:449 - Creating instance of bean &apos;(inner bean)#27d57a2c&apos;
LOG4J23:02:13,894 DEBUG DefaultListableBeanFactory:1596 - Invoking afterPropertiesSet() on bean with name &apos;(inner bean)#27d57a2c&apos;
LOG4J23:02:13,895 DEBUG DefaultListableBeanFactory:247 - Returning cached instance of singleton bean &apos;org.springframework.transaction.config.internalTransactionAdvisor&apos;
LOG4J23:02:13,896 DEBUG DefaultListableBeanFactory:477 - Finished creating instance of bean &apos;(inner bean)#27d57a2c&apos;
LOG4J23:02:13,896 DEBUG DefaultListableBeanFactory:247 - Returning cached instance of singleton bean &apos;org.springframework.transaction.config.internalTransactionAdvisor&apos;
LOG4J23:02:13,897 DEBUG DefaultListableBeanFactory:247 - Returning cached instance of singleton bean &apos;org.springframework.transaction.config.internalTransactionAdvisor&apos;
LOG4J23:02:13,897 DEBUG DefaultListableBeanFactory:477 - Finished creating instance of bean &apos;(inner bean)#58a120b0&apos;
LOG4J23:02:13,897 DEBUG DefaultListableBeanFactory:449 - Creating instance of bean &apos;(inner bean)#9d1a267&apos;
LOG4J23:02:13,898 DEBUG DefaultListableBeanFactory:247 - Returning cached instance of singleton bean &apos;org.springframework.transaction.config.internalTransactionAdvisor&apos;
LOG4J23:02:13,898 DEBUG DefaultListableBeanFactory:477 - Finished creating instance of bean &apos;(inner bean)#9d1a267&apos;
LOG4J23:02:13,898 DEBUG DefaultListableBeanFactory:449 - Creating instance of bean &apos;(inner bean)#58a4a74d&apos;
LOG4J23:02:13,899 DEBUG DefaultListableBeanFactory:247 - Returning cached instance of singleton bean &apos;entityManagerFactory&apos;
LOG4J23:02:13,900 DEBUG DefaultListableBeanFactory:247 - Returning cached instance of singleton bean &apos;org.springframework.transaction.config.internalTransactionAdvisor&apos;
LOG4J23:02:13,901 DEBUG DefaultListableBeanFactory:477 - Finished creating instance of bean &apos;(inner bean)#58a4a74d&apos;
LOG4J23:02:13,901 DEBUG DefaultListableBeanFactory:247 - Returning cached instance of singleton bean &apos;jpaMappingContext&apos;
LOG4J23:02:13,901 DEBUG DefaultListableBeanFactory:1596 - Invoking afterPropertiesSet() on bean with name &apos;carrerasCrudFactory&apos;
LOG4J23:02:13,902 DEBUG SharedEntityManagerCreator$SharedEntityManagerInvocationHandler:282 - Creating new EntityManager for shared EntityManager invocation
LOG4J23:02:13,902 DEBUG EntityManagerFactoryUtils:432 - Closing JPA EntityManager
LOG4J23:02:13,903 DEBUG SharedEntityManagerCreator$SharedEntityManagerInvocationHandler:282 - Creating new EntityManager for shared EntityManager invocation
LOG4J23:02:13,903 DEBUG EntityManagerFactoryUtils:432 - Closing JPA EntityManager
LOG4J23:02:13,904 DEBUG JdkDynamicAopProxy:117 - Creating JDK dynamic proxy: target source is org.springframework.data.jpa.repository.support.CrudMethodMetadataPostProcessor$ThreadBoundTargetSource@7965a51c
LOG4J23:02:13,904 DEBUG JdkDynamicAopProxy:117 - Creating JDK dynamic proxy: target source is SingletonTargetSource for target object [org.springframework.data.jpa.repository.support.SimpleJpaRepository@3eee3e2b]
LOG4J23:02:13,915 DEBUG DefaultListableBeanFactory:247 - Returning cached instance of singleton bean &apos;org.springframework.transaction.config.internalTransactionAdvisor&apos;
LOG4J23:02:13,916 DEBUG DefaultListableBeanFactory:477 - Finished creating instance of bean &apos;carrerasCrudFactory&apos;
LOG4J23:02:13,916 DEBUG DefaultListableBeanFactory:247 - Returning cached instance of singleton bean &apos;org.springframework.transaction.config.internalTransactionAdvisor&apos;
LOG4J23:02:13,917 DEBUG AutowiredAnnotationBeanPostProcessor:441 - Autowiring by type from bean name &apos;facade&apos; to bean named &apos;carrerasCrudFactory&apos;
LOG4J23:02:13,918 DEBUG InjectionMetadata:86 - Processing injected element of bean &apos;facade&apos;: AutowiredFieldElement for com.tservice.Persistencia.EventosCrudFactory com.tservice.facade.facade.eventosCrud
LOG4J23:02:13,918 DEBUG DefaultListableBeanFactory:221 - Creating shared instance of singleton bean &apos;eventosCrudFactory&apos;
LOG4J23:02:13,919 DEBUG DefaultListableBeanFactory:449 - Creating instance of bean &apos;eventosCrudFactory&apos;
LOG4J23:02:13,919 DEBUG InjectionMetadata:72 - Registered injected element on class [org.springframework.data.jpa.repository.support.JpaRepositoryFactoryBean]: PersistenceElement for public void org.springframework.data.jpa.repository.support.JpaRepositoryFactoryBean.setEntityManager(javax.persistence.EntityManager)
LOG4J23:02:13,920 DEBUG DefaultListableBeanFactory:523 - Eagerly caching bean &apos;eventosCrudFactory&apos; to allow for resolving potential circular references
LOG4J23:02:13,920 DEBUG InjectionMetadata:86 - Processing injected element of bean &apos;eventosCrudFactory&apos;: PersistenceElement for public void org.springframework.data.jpa.repository.support.JpaRepositoryFactoryBean.setEntityManager(javax.persistence.EntityManager)
LOG4J23:02:13,921 DEBUG DefaultListableBeanFactory:449 - Creating instance of bean &apos;(inner bean)#dca2615&apos;
LOG4J23:02:13,921 DEBUG DefaultListableBeanFactory:449 - Creating instance of bean &apos;(inner bean)#421a4ee1&apos;
LOG4J23:02:13,922 DEBUG DefaultListableBeanFactory:1596 - Invoking afterPropertiesSet() on bean with name &apos;(inner bean)#421a4ee1&apos;
LOG4J23:02:13,922 DEBUG DefaultListableBeanFactory:247 - Returning cached instance of singleton bean &apos;org.springframework.transaction.config.internalTransactionAdvisor&apos;
LOG4J23:02:13,923 DEBUG DefaultListableBeanFactory:477 - Finished creating instance of bean &apos;(inner bean)#421a4ee1&apos;
LOG4J23:02:13,923 DEBUG DefaultListableBeanFactory:247 - Returning cached instance of singleton bean &apos;org.springframework.transaction.config.internalTransactionAdvisor&apos;
LOG4J23:02:13,923 DEBUG DefaultListableBeanFactory:247 - Returning cached instance of singleton bean &apos;org.springframework.transaction.config.internalTransactionAdvisor&apos;
LOG4J23:02:13,924 DEBUG DefaultListableBeanFactory:477 - Finished creating instance of bean &apos;(inner bean)#dca2615&apos;
LOG4J23:02:13,924 DEBUG DefaultListableBeanFactory:449 - Creating instance of bean &apos;(inner bean)#528f8f8b&apos;
LOG4J23:02:13,924 DEBUG DefaultListableBeanFactory:247 - Returning cached instance of singleton bean &apos;org.springframework.transaction.config.internalTransactionAdvisor&apos;
LOG4J23:02:13,925 DEBUG DefaultListableBeanFactory:477 - Finished creating instance of bean &apos;(inner bean)#528f8f8b&apos;
LOG4J23:02:13,925 DEBUG DefaultListableBeanFactory:449 - Creating instance of bean &apos;(inner bean)#ea9e141&apos;
LOG4J23:02:13,925 DEBUG DefaultListableBeanFactory:247 - Returning cached instance of singleton bean &apos;entityManagerFactory&apos;
LOG4J23:02:13,927 DEBUG DefaultListableBeanFactory:247 - Returning cached instance of singleton bean &apos;org.springframework.transaction.config.internalTransactionAdvisor&apos;
LOG4J23:02:13,927 DEBUG DefaultListableBeanFactory:477 - Finished creating instance of bean &apos;(inner bean)#ea9e141&apos;
LOG4J23:02:13,927 DEBUG DefaultListableBeanFactory:247 - Returning cached instance of singleton bean &apos;jpaMappingContext&apos;
LOG4J23:02:13,928 DEBUG DefaultListableBeanFactory:1596 - Invoking afterPropertiesSet() on bean with name &apos;eventosCrudFactory&apos;
LOG4J23:02:13,928 DEBUG SharedEntityManagerCreator$SharedEntityManagerInvocationHandler:282 - Creating new EntityManager for shared EntityManager invocation
LOG4J23:02:13,928 DEBUG EntityManagerFactoryUtils:432 - Closing JPA EntityManager
LOG4J23:02:13,930 DEBUG SharedEntityManagerCreator$SharedEntityManagerInvocationHandler:282 - Creating new EntityManager for shared EntityManager invocation
LOG4J23:02:13,930 DEBUG EntityManagerFactoryUtils:432 - Closing JPA EntityManager
LOG4J23:02:13,930 DEBUG JdkDynamicAopProxy:117 - Creating JDK dynamic proxy: target source is org.springframework.data.jpa.repository.support.CrudMethodMetadataPostProcessor$ThreadBoundTargetSource@234a8f27
LOG4J23:02:13,931 DEBUG JdkDynamicAopProxy:117 - Creating JDK dynamic proxy: target source is SingletonTargetSource for target object [org.springframework.data.jpa.repository.support.SimpleJpaRepository@5b4d25e7]
LOG4J23:02:13,935 DEBUG DefaultListableBeanFactory:247 - Returning cached instance of singleton bean &apos;org.springframework.transaction.config.internalTransactionAdvisor&apos;
LOG4J23:02:13,936 DEBUG DefaultListableBeanFactory:477 - Finished creating instance of bean &apos;eventosCrudFactory&apos;
LOG4J23:02:13,936 DEBUG DefaultListableBeanFactory:247 - Returning cached instance of singleton bean &apos;org.springframework.transaction.config.internalTransactionAdvisor&apos;
LOG4J23:02:13,937 DEBUG AutowiredAnnotationBeanPostProcessor:441 - Autowiring by type from bean name &apos;facade&apos; to bean named &apos;eventosCrudFactory&apos;
LOG4J23:02:13,937 DEBUG InjectionMetadata:86 - Processing injected element of bean &apos;facade&apos;: AutowiredFieldElement for com.tservice.Persistencia.NoticiasCrudFactory com.tservice.facade.facade.noticiasCrud
LOG4J23:02:13,937 DEBUG DefaultListableBeanFactory:221 - Creating shared instance of singleton bean &apos;noticiasCrudFactory&apos;
LOG4J23:02:13,937 DEBUG DefaultListableBeanFactory:449 - Creating instance of bean &apos;noticiasCrudFactory&apos;
LOG4J23:02:13,938 DEBUG InjectionMetadata:72 - Registered injected element on class [org.springframework.data.jpa.repository.support.JpaRepositoryFactoryBean]: PersistenceElement for public void org.springframework.data.jpa.repository.support.JpaRepositoryFactoryBean.setEntityManager(javax.persistence.EntityManager)
LOG4J23:02:13,938 DEBUG DefaultListableBeanFactory:523 - Eagerly caching bean &apos;noticiasCrudFactory&apos; to allow for resolving potential circular references
LOG4J23:02:13,938 DEBUG InjectionMetadata:86 - Processing injected element of bean &apos;noticiasCrudFactory&apos;: PersistenceElement for public void org.springframework.data.jpa.repository.support.JpaRepositoryFactoryBean.setEntityManager(javax.persistence.EntityManager)
LOG4J23:02:13,939 DEBUG DefaultListableBeanFactory:449 - Creating instance of bean &apos;(inner bean)#58d63b16&apos;
LOG4J23:02:13,939 DEBUG DefaultListableBeanFactory:449 - Creating instance of bean &apos;(inner bean)#7c4fc2bf&apos;
LOG4J23:02:13,940 DEBUG DefaultListableBeanFactory:1596 - Invoking afterPropertiesSet() on bean with name &apos;(inner bean)#7c4fc2bf&apos;
LOG4J23:02:13,940 DEBUG DefaultListableBeanFactory:247 - Returning cached instance of singleton bean &apos;org.springframework.transaction.config.internalTransactionAdvisor&apos;
LOG4J23:02:13,940 DEBUG DefaultListableBeanFactory:477 - Finished creating instance of bean &apos;(inner bean)#7c4fc2bf&apos;
LOG4J23:02:13,940 DEBUG DefaultListableBeanFactory:247 - Returning cached instance of singleton bean &apos;org.springframework.transaction.config.internalTransactionAdvisor&apos;
LOG4J23:02:13,941 DEBUG DefaultListableBeanFactory:247 - Returning cached instance of singleton bean &apos;org.springframework.transaction.config.internalTransactionAdvisor&apos;
LOG4J23:02:13,941 DEBUG DefaultListableBeanFactory:477 - Finished creating instance of bean &apos;(inner bean)#58d63b16&apos;
LOG4J23:02:13,941 DEBUG DefaultListableBeanFactory:449 - Creating instance of bean &apos;(inner bean)#2f61f937&apos;
LOG4J23:02:13,941 DEBUG DefaultListableBeanFactory:247 - Returning cached instance of singleton bean &apos;org.springframework.transaction.config.internalTransactionAdvisor&apos;
LOG4J23:02:13,941 DEBUG DefaultListableBeanFactory:477 - Finished creating instance of bean &apos;(inner bean)#2f61f937&apos;
LOG4J23:02:13,942 DEBUG DefaultListableBeanFactory:449 - Creating instance of bean &apos;(inner bean)#46866946&apos;
LOG4J23:02:13,942 DEBUG DefaultListableBeanFactory:247 - Returning cached instance of singleton bean &apos;entityManagerFactory&apos;
LOG4J23:02:13,943 DEBUG DefaultListableBeanFactory:247 - Returning cached instance of singleton bean &apos;org.springframework.transaction.config.internalTransactionAdvisor&apos;
LOG4J23:02:13,943 DEBUG DefaultListableBeanFactory:477 - Finished creating instance of bean &apos;(inner bean)#46866946&apos;
LOG4J23:02:13,943 DEBUG DefaultListableBeanFactory:247 - Returning cached instance of singleton bean &apos;jpaMappingContext&apos;
LOG4J23:02:13,943 DEBUG DefaultListableBeanFactory:1596 - Invoking afterPropertiesSet() on bean with name &apos;noticiasCrudFactory&apos;
LOG4J23:02:13,944 DEBUG SharedEntityManagerCreator$SharedEntityManagerInvocationHandler:282 - Creating new EntityManager for shared EntityManager invocation
LOG4J23:02:13,944 DEBUG EntityManagerFactoryUtils:432 - Closing JPA EntityManager
LOG4J23:02:13,945 DEBUG SharedEntityManagerCreator$SharedEntityManagerInvocationHandler:282 - Creating new EntityManager for shared EntityManager invocation
LOG4J23:02:13,945 DEBUG EntityManagerFactoryUtils:432 - Closing JPA EntityManager
LOG4J23:02:13,946 DEBUG JdkDynamicAopProxy:117 - Creating JDK dynamic proxy: target source is org.springframework.data.jpa.repository.support.CrudMethodMetadataPostProcessor$ThreadBoundTargetSource@25b5c5e3
LOG4J23:02:13,946 DEBUG JdkDynamicAopProxy:117 - Creating JDK dynamic proxy: target source is SingletonTargetSource for target object [org.springframework.data.jpa.repository.support.SimpleJpaRepository@5177e388]
LOG4J23:02:13,948 DEBUG DefaultListableBeanFactory:247 - Returning cached instance of singleton bean &apos;org.springframework.transaction.config.internalTransactionAdvisor&apos;
LOG4J23:02:13,949 DEBUG DefaultListableBeanFactory:477 - Finished creating instance of bean &apos;noticiasCrudFactory&apos;
LOG4J23:02:13,949 DEBUG DefaultListableBeanFactory:247 - Returning cached instance of singleton bean &apos;org.springframework.transaction.config.internalTransactionAdvisor&apos;
LOG4J23:02:13,949 DEBUG AutowiredAnnotationBeanPostProcessor:441 - Autowiring by type from bean name &apos;facade&apos; to bean named &apos;noticiasCrudFactory&apos;
LOG4J23:02:13,950 DEBUG InjectionMetadata:86 - Processing injected element of bean &apos;facade&apos;: AutowiredFieldElement for com.tservice.Persistencia.CalificacionCrudFactory com.tservice.facade.facade.calificacionCrud
LOG4J23:02:13,950 DEBUG DefaultListableBeanFactory:221 - Creating shared instance of singleton bean &apos;calificacionCrudFactory&apos;
LOG4J23:02:13,950 DEBUG DefaultListableBeanFactory:449 - Creating instance of bean &apos;calificacionCrudFactory&apos;
LOG4J23:02:13,951 DEBUG InjectionMetadata:72 - Registered injected element on class [org.springframework.data.jpa.repository.support.JpaRepositoryFactoryBean]: PersistenceElement for public void org.springframework.data.jpa.repository.support.JpaRepositoryFactoryBean.setEntityManager(javax.persistence.EntityManager)
LOG4J23:02:13,951 DEBUG DefaultListableBeanFactory:523 - Eagerly caching bean &apos;calificacionCrudFactory&apos; to allow for resolving potential circular references
LOG4J23:02:13,951 DEBUG InjectionMetadata:86 - Processing injected element of bean &apos;calificacionCrudFactory&apos;: PersistenceElement for public void org.springframework.data.jpa.repository.support.JpaRepositoryFactoryBean.setEntityManager(javax.persistence.EntityManager)
LOG4J23:02:13,951 DEBUG DefaultListableBeanFactory:449 - Creating instance of bean &apos;(inner bean)#69d6a7cd&apos;
LOG4J23:02:13,952 DEBUG DefaultListableBeanFactory:449 - Creating instance of bean &apos;(inner bean)#3162743f&apos;
LOG4J23:02:13,954 DEBUG DefaultListableBeanFactory:1596 - Invoking afterPropertiesSet() on bean with name &apos;(inner bean)#3162743f&apos;
LOG4J23:02:13,955 DEBUG DefaultListableBeanFactory:247 - Returning cached instance of singleton bean &apos;org.springframework.transaction.config.internalTransactionAdvisor&apos;
LOG4J23:02:13,955 DEBUG DefaultListableBeanFactory:477 - Finished creating instance of bean &apos;(inner bean)#3162743f&apos;
LOG4J23:02:13,955 DEBUG DefaultListableBeanFactory:247 - Returning cached instance of singleton bean &apos;org.springframework.transaction.config.internalTransactionAdvisor&apos;
LOG4J23:02:13,955 DEBUG DefaultListableBeanFactory:247 - Returning cached instance of singleton bean &apos;org.springframework.transaction.config.internalTransactionAdvisor&apos;
LOG4J23:02:13,956 DEBUG DefaultListableBeanFactory:477 - Finished creating instance of bean &apos;(inner bean)#69d6a7cd&apos;
LOG4J23:02:13,956 DEBUG DefaultListableBeanFactory:449 - Creating instance of bean &apos;(inner bean)#3047254d&apos;
LOG4J23:02:13,956 DEBUG DefaultListableBeanFactory:247 - Returning cached instance of singleton bean &apos;org.springframework.transaction.config.internalTransactionAdvisor&apos;
LOG4J23:02:13,956 DEBUG DefaultListableBeanFactory:477 - Finished creating instance of bean &apos;(inner bean)#3047254d&apos;
LOG4J23:02:13,957 DEBUG DefaultListableBeanFactory:449 - Creating instance of bean &apos;(inner bean)#6cf31447&apos;
LOG4J23:02:13,957 DEBUG DefaultListableBeanFactory:247 - Returning cached instance of singleton bean &apos;entityManagerFactory&apos;
LOG4J23:02:13,958 DEBUG DefaultListableBeanFactory:247 - Returning cached instance of singleton bean &apos;org.springframework.transaction.config.internalTransactionAdvisor&apos;
LOG4J23:02:13,958 DEBUG DefaultListableBeanFactory:477 - Finished creating instance of bean &apos;(inner bean)#6cf31447&apos;
LOG4J23:02:13,958 DEBUG DefaultListableBeanFactory:247 - Returning cached instance of singleton bean &apos;jpaMappingContext&apos;
LOG4J23:02:13,958 DEBUG DefaultListableBeanFactory:1596 - Invoking afterPropertiesSet() on bean with name &apos;calificacionCrudFactory&apos;
LOG4J23:02:13,959 DEBUG SharedEntityManagerCreator$SharedEntityManagerInvocationHandler:282 - Creating new EntityManager for shared EntityManager invocation
LOG4J23:02:13,959 DEBUG EntityManagerFactoryUtils:432 - Closing JPA EntityManager
LOG4J23:02:13,960 DEBUG SharedEntityManagerCreator$SharedEntityManagerInvocationHandler:282 - Creating new EntityManager for shared EntityManager invocation
LOG4J23:02:13,960 DEBUG EntityManagerFactoryUtils:432 - Closing JPA EntityManager
LOG4J23:02:13,960 DEBUG JdkDynamicAopProxy:117 - Creating JDK dynamic proxy: target source is org.springframework.data.jpa.repository.support.CrudMethodMetadataPostProcessor$ThreadBoundTargetSource@3a2b2322
LOG4J23:02:13,961 DEBUG JdkDynamicAopProxy:117 - Creating JDK dynamic proxy: target source is SingletonTargetSource for target object [org.springframework.data.jpa.repository.support.SimpleJpaRepository@5e1218b4]
LOG4J23:02:13,963 DEBUG DefaultListableBeanFactory:247 - Returning cached instance of singleton bean &apos;org.springframework.transaction.config.internalTransactionAdvisor&apos;
LOG4J23:02:13,963 DEBUG DefaultListableBeanFactory:477 - Finished creating instance of bean &apos;calificacionCrudFactory&apos;
LOG4J23:02:13,963 DEBUG DefaultListableBeanFactory:247 - Returning cached instance of singleton bean &apos;org.springframework.transaction.config.internalTransactionAdvisor&apos;
LOG4J23:02:13,964 DEBUG AutowiredAnnotationBeanPostProcessor:441 - Autowiring by type from bean name &apos;facade&apos; to bean named &apos;calificacionCrudFactory&apos;
LOG4J23:02:13,964 DEBUG InjectionMetadata:86 - Processing injected element of bean &apos;facade&apos;: AutowiredFieldElement for com.tservice.Persistencia.InteresesCrudFactory com.tservice.facade.facade.interesesCrud
LOG4J23:02:13,964 DEBUG DefaultListableBeanFactory:221 - Creating shared instance of singleton bean &apos;interesesCrudFactory&apos;
LOG4J23:02:13,964 DEBUG DefaultListableBeanFactory:449 - Creating instance of bean &apos;interesesCrudFactory&apos;
LOG4J23:02:13,965 DEBUG InjectionMetadata:72 - Registered injected element on class [org.springframework.data.jpa.repository.support.JpaRepositoryFactoryBean]: PersistenceElement for public void org.springframework.data.jpa.repository.support.JpaRepositoryFactoryBean.setEntityManager(javax.persistence.EntityManager)
LOG4J23:02:13,965 DEBUG DefaultListableBeanFactory:523 - Eagerly caching bean &apos;interesesCrudFactory&apos; to allow for resolving potential circular references
LOG4J23:02:13,965 DEBUG InjectionMetadata:86 - Processing injected element of bean &apos;interesesCrudFactory&apos;: PersistenceElement for public void org.springframework.data.jpa.repository.support.JpaRepositoryFactoryBean.setEntityManager(javax.persistence.EntityManager)
LOG4J23:02:13,966 DEBUG DefaultListableBeanFactory:449 - Creating instance of bean &apos;(inner bean)#6f3f0fae&apos;
LOG4J23:02:13,966 DEBUG DefaultListableBeanFactory:449 - Creating instance of bean &apos;(inner bean)#21a66d45&apos;
LOG4J23:02:13,966 DEBUG DefaultListableBeanFactory:1596 - Invoking afterPropertiesSet() on bean with name &apos;(inner bean)#21a66d45&apos;
LOG4J23:02:13,967 DEBUG DefaultListableBeanFactory:247 - Returning cached instance of singleton bean &apos;org.springframework.transaction.config.internalTransactionAdvisor&apos;
LOG4J23:02:13,967 DEBUG DefaultListableBeanFactory:477 - Finished creating instance of bean &apos;(inner bean)#21a66d45&apos;
LOG4J23:02:13,967 DEBUG DefaultListableBeanFactory:247 - Returning cached instance of singleton bean &apos;org.springframework.transaction.config.internalTransactionAdvisor&apos;
LOG4J23:02:13,967 DEBUG DefaultListableBeanFactory:247 - Returning cached instance of singleton bean &apos;org.springframework.transaction.config.internalTransactionAdvisor&apos;
LOG4J23:02:13,968 DEBUG DefaultListableBeanFactory:477 - Finished creating instance of bean &apos;(inner bean)#6f3f0fae&apos;
LOG4J23:02:13,968 DEBUG DefaultListableBeanFactory:449 - Creating instance of bean &apos;(inner bean)#63fdffcd&apos;
LOG4J23:02:13,968 DEBUG DefaultListableBeanFactory:247 - Returning cached instance of singleton bean &apos;org.springframework.transaction.config.internalTransactionAdvisor&apos;
LOG4J23:02:13,968 DEBUG DefaultListableBeanFactory:477 - Finished creating instance of bean &apos;(inner bean)#63fdffcd&apos;
LOG4J23:02:13,968 DEBUG DefaultListableBeanFactory:449 - Creating instance of bean &apos;(inner bean)#7428de63&apos;
LOG4J23:02:13,969 DEBUG DefaultListableBeanFactory:247 - Returning cached instance of singleton bean &apos;entityManagerFactory&apos;
LOG4J23:02:13,970 DEBUG DefaultListableBeanFactory:247 - Returning cached instance of singleton bean &apos;org.springframework.transaction.config.internalTransactionAdvisor&apos;
LOG4J23:02:13,970 DEBUG DefaultListableBeanFactory:477 - Finished creating instance of bean &apos;(inner bean)#7428de63&apos;
LOG4J23:02:13,970 DEBUG DefaultListableBeanFactory:247 - Returning cached instance of singleton bean &apos;jpaMappingContext&apos;
LOG4J23:02:13,970 DEBUG DefaultListableBeanFactory:1596 - Invoking afterPropertiesSet() on bean with name &apos;interesesCrudFactory&apos;
LOG4J23:02:13,970 DEBUG SharedEntityManagerCreator$SharedEntityManagerInvocationHandler:282 - Creating new EntityManager for shared EntityManager invocation
LOG4J23:02:13,971 DEBUG EntityManagerFactoryUtils:432 - Closing JPA EntityManager
LOG4J23:02:13,971 DEBUG SharedEntityManagerCreator$SharedEntityManagerInvocationHandler:282 - Creating new EntityManager for shared EntityManager invocation
LOG4J23:02:13,972 DEBUG EntityManagerFactoryUtils:432 - Closing JPA EntityManager
LOG4J23:02:13,972 DEBUG JdkDynamicAopProxy:117 - Creating JDK dynamic proxy: target source is org.springframework.data.jpa.repository.support.CrudMethodMetadataPostProcessor$ThreadBoundTargetSource@6e57b5e9
LOG4J23:02:13,972 DEBUG JdkDynamicAopProxy:117 - Creating JDK dynamic proxy: target source is SingletonTargetSource for target object [org.springframework.data.jpa.repository.support.SimpleJpaRepository@1abc9f14]
LOG4J23:02:13,974 DEBUG DefaultListableBeanFactory:247 - Returning cached instance of singleton bean &apos;org.springframework.transaction.config.internalTransactionAdvisor&apos;
LOG4J23:02:13,975 DEBUG DefaultListableBeanFactory:477 - Finished creating instance of bean &apos;interesesCrudFactory&apos;
LOG4J23:02:13,975 DEBUG DefaultListableBeanFactory:247 - Returning cached instance of singleton bean &apos;org.springframework.transaction.config.internalTransactionAdvisor&apos;
LOG4J23:02:13,975 DEBUG AutowiredAnnotationBeanPostProcessor:441 - Autowiring by type from bean name &apos;facade&apos; to bean named &apos;interesesCrudFactory&apos;
LOG4J23:02:13,975 DEBUG InjectionMetadata:86 - Processing injected element of bean &apos;facade&apos;: AutowiredFieldElement for com.tservice.facade.App com.tservice.facade.facade.envio
LOG4J23:02:13,976 DEBUG DefaultListableBeanFactory:247 - Returning cached instance of singleton bean &apos;app&apos;
LOG4J23:02:13,976 DEBUG AutowiredAnnotationBeanPostProcessor:441 - Autowiring by type from bean name &apos;facade&apos; to bean named &apos;app&apos;
LOG4J23:02:13,976 DEBUG InjectionMetadata:86 - Processing injected element of bean &apos;facade&apos;: AutowiredFieldElement for com.tservice.Persistencia.GruposCrudFactory com.tservice.facade.facade.gruposCrud
LOG4J23:02:13,976 DEBUG DefaultListableBeanFactory:221 - Creating shared instance of singleton bean &apos;gruposCrudFactory&apos;
LOG4J23:02:13,976 DEBUG DefaultListableBeanFactory:449 - Creating instance of bean &apos;gruposCrudFactory&apos;
LOG4J23:02:13,977 DEBUG InjectionMetadata:72 - Registered injected element on class [org.springframework.data.jpa.repository.support.JpaRepositoryFactoryBean]: PersistenceElement for public void org.springframework.data.jpa.repository.support.JpaRepositoryFactoryBean.setEntityManager(javax.persistence.EntityManager)
LOG4J23:02:13,977 DEBUG DefaultListableBeanFactory:523 - Eagerly caching bean &apos;gruposCrudFactory&apos; to allow for resolving potential circular references
LOG4J23:02:13,977 DEBUG InjectionMetadata:86 - Processing injected element of bean &apos;gruposCrudFactory&apos;: PersistenceElement for public void org.springframework.data.jpa.repository.support.JpaRepositoryFactoryBean.setEntityManager(javax.persistence.EntityManager)
LOG4J23:02:13,977 DEBUG DefaultListableBeanFactory:449 - Creating instance of bean &apos;(inner bean)#77cb9cd1&apos;
LOG4J23:02:13,978 DEBUG DefaultListableBeanFactory:449 - Creating instance of bean &apos;(inner bean)#971e903&apos;
LOG4J23:02:13,978 DEBUG DefaultListableBeanFactory:1596 - Invoking afterPropertiesSet() on bean with name &apos;(inner bean)#971e903&apos;
LOG4J23:02:13,978 DEBUG DefaultListableBeanFactory:247 - Returning cached instance of singleton bean &apos;org.springframework.transaction.config.internalTransactionAdvisor&apos;
LOG4J23:02:13,979 DEBUG DefaultListableBeanFactory:477 - Finished creating instance of bean &apos;(inner bean)#971e903&apos;
LOG4J23:02:13,979 DEBUG DefaultListableBeanFactory:247 - Returning cached instance of singleton bean &apos;org.springframework.transaction.config.internalTransactionAdvisor&apos;
LOG4J23:02:13,979 DEBUG DefaultListableBeanFactory:247 - Returning cached instance of singleton bean &apos;org.springframework.transaction.config.internalTransactionAdvisor&apos;
LOG4J23:02:13,979 DEBUG DefaultListableBeanFactory:477 - Finished creating instance of bean &apos;(inner bean)#77cb9cd1&apos;
LOG4J23:02:13,980 DEBUG DefaultListableBeanFactory:449 - Creating instance of bean &apos;(inner bean)#1549bba7&apos;
LOG4J23:02:13,980 DEBUG DefaultListableBeanFactory:247 - Returning cached instance of singleton bean &apos;org.springframework.transaction.config.internalTransactionAdvisor&apos;
LOG4J23:02:13,980 DEBUG DefaultListableBeanFactory:477 - Finished creating instance of bean &apos;(inner bean)#1549bba7&apos;
LOG4J23:02:13,980 DEBUG DefaultListableBeanFactory:449 - Creating instance of bean &apos;(inner bean)#3e4f80cb&apos;
LOG4J23:02:13,980 DEBUG DefaultListableBeanFactory:247 - Returning cached instance of singleton bean &apos;entityManagerFactory&apos;
LOG4J23:02:13,981 DEBUG DefaultListableBeanFactory:247 - Returning cached instance of singleton bean &apos;org.springframework.transaction.config.internalTransactionAdvisor&apos;
LOG4J23:02:13,981 DEBUG DefaultListableBeanFactory:477 - Finished creating instance of bean &apos;(inner bean)#3e4f80cb&apos;
LOG4J23:02:13,981 DEBUG DefaultListableBeanFactory:247 - Returning cached instance of singleton bean &apos;jpaMappingContext&apos;
LOG4J23:02:13,982 DEBUG DefaultListableBeanFactory:1596 - Invoking afterPropertiesSet() on bean with name &apos;gruposCrudFactory&apos;
LOG4J23:02:13,982 DEBUG SharedEntityManagerCreator$SharedEntityManagerInvocationHandler:282 - Creating new EntityManager for shared EntityManager invocation
LOG4J23:02:13,982 DEBUG EntityManagerFactoryUtils:432 - Closing JPA EntityManager
LOG4J23:02:13,983 DEBUG SharedEntityManagerCreator$SharedEntityManagerInvocationHandler:282 - Creating new EntityManager for shared EntityManager invocation
LOG4J23:02:13,983 DEBUG EntityManagerFactoryUtils:432 - Closing JPA EntityManager
LOG4J23:02:13,983 DEBUG JdkDynamicAopProxy:117 - Creating JDK dynamic proxy: target source is org.springframework.data.jpa.repository.support.CrudMethodMetadataPostProcessor$ThreadBoundTargetSource@51d143a1
LOG4J23:02:13,984 DEBUG JdkDynamicAopProxy:117 - Creating JDK dynamic proxy: target source is SingletonTargetSource for target object [org.springframework.data.jpa.repository.support.SimpleJpaRepository@1a28aef1]
LOG4J23:02:13,986 DEBUG DefaultListableBeanFactory:247 - Returning cached instance of singleton bean &apos;org.springframework.transaction.config.internalTransactionAdvisor&apos;
LOG4J23:02:13,986 DEBUG DefaultListableBeanFactory:477 - Finished creating instance of bean &apos;gruposCrudFactory&apos;
LOG4J23:02:13,986 DEBUG DefaultListableBeanFactory:247 - Returning cached instance of singleton bean &apos;org.springframework.transaction.config.internalTransactionAdvisor&apos;
LOG4J23:02:13,987 DEBUG AutowiredAnnotationBeanPostProcessor:441 - Autowiring by type from bean name &apos;facade&apos; to bean named &apos;gruposCrudFactory&apos;
LOG4J23:02:13,987 DEBUG DefaultListableBeanFactory:247 - Returning cached instance of singleton bean &apos;org.springframework.transaction.config.internalTransactionAdvisor&apos;
LOG4J23:02:13,987 DEBUG DefaultListableBeanFactory:477 - Finished creating instance of bean &apos;facade&apos;
LOG4J23:02:13,987 DEBUG DefaultListableBeanFactory:247 - Returning cached instance of singleton bean &apos;org.springframework.data.repository.core.support.RepositoryInterfaceAwareBeanPostProcessor&apos;
LOG4J23:02:13,987 DEBUG DefaultListableBeanFactory:247 - Returning cached instance of singleton bean &apos;foo&apos;
LOG4J23:02:13,987 DEBUG DefaultListableBeanFactory:247 - Returning cached instance of singleton bean &apos;jpaMappingContext&apos;
LOG4J23:02:13,988 DEBUG DefaultListableBeanFactory:247 - Returning cached instance of singleton bean &apos;usuariosCrudFactory&apos;
LOG4J23:02:13,988 DEBUG DefaultListableBeanFactory:247 - Returning cached instance of singleton bean &apos;gruposCrudFactory&apos;
LOG4J23:02:13,988 DEBUG DefaultListableBeanFactory:221 - Creating shared instance of singleton bean &apos;mensajesCrudFactory&apos;
LOG4J23:02:13,988 DEBUG DefaultListableBeanFactory:449 - Creating instance of bean &apos;mensajesCrudFactory&apos;
LOG4J23:02:13,988 DEBUG InjectionMetadata:72 - Registered injected element on class [org.springframework.data.jpa.repository.support.JpaRepositoryFactoryBean]: PersistenceElement for public void org.springframework.data.jpa.repository.support.JpaRepositoryFactoryBean.setEntityManager(javax.persistence.EntityManager)
LOG4J23:02:13,989 DEBUG DefaultListableBeanFactory:523 - Eagerly caching bean &apos;mensajesCrudFactory&apos; to allow for resolving potential circular references
LOG4J23:02:13,989 DEBUG InjectionMetadata:86 - Processing injected element of bean &apos;mensajesCrudFactory&apos;: PersistenceElement for public void org.springframework.data.jpa.repository.support.JpaRepositoryFactoryBean.setEntityManager(javax.persistence.EntityManager)
LOG4J23:02:13,989 DEBUG DefaultListableBeanFactory:449 - Creating instance of bean &apos;(inner bean)#6a9b0a6f&apos;
LOG4J23:02:13,989 DEBUG DefaultListableBeanFactory:449 - Creating instance of bean &apos;(inner bean)#10667848&apos;
LOG4J23:02:13,990 DEBUG DefaultListableBeanFactory:1596 - Invoking afterPropertiesSet() on bean with name &apos;(inner bean)#10667848&apos;
LOG4J23:02:13,990 DEBUG DefaultListableBeanFactory:247 - Returning cached instance of singleton bean &apos;org.springframework.transaction.config.internalTransactionAdvisor&apos;
LOG4J23:02:13,990 DEBUG DefaultListableBeanFactory:477 - Finished creating instance of bean &apos;(inner bean)#10667848&apos;
LOG4J23:02:13,990 DEBUG DefaultListableBeanFactory:247 - Returning cached instance of singleton bean &apos;org.springframework.transaction.config.internalTransactionAdvisor&apos;
LOG4J23:02:13,991 DEBUG DefaultListableBeanFactory:247 - Returning cached instance of singleton bean &apos;org.springframework.transaction.config.internalTransactionAdvisor&apos;
LOG4J23:02:13,991 DEBUG DefaultListableBeanFactory:477 - Finished creating instance of bean &apos;(inner bean)#6a9b0a6f&apos;
LOG4J23:02:13,991 DEBUG DefaultListableBeanFactory:449 - Creating instance of bean &apos;(inner bean)#77c7ed8e&apos;
LOG4J23:02:13,991 DEBUG DefaultListableBeanFactory:247 - Returning cached instance of singleton bean &apos;org.springframework.transaction.config.internalTransactionAdvisor&apos;
LOG4J23:02:13,991 DEBUG DefaultListableBeanFactory:477 - Finished creating instance of bean &apos;(inner bean)#77c7ed8e&apos;
LOG4J23:02:13,992 DEBUG DefaultListableBeanFactory:449 - Creating instance of bean &apos;(inner bean)#453d496b&apos;
LOG4J23:02:13,992 DEBUG DefaultListableBeanFactory:247 - Returning cached instance of singleton bean &apos;entityManagerFactory&apos;
LOG4J23:02:13,993 DEBUG DefaultListableBeanFactory:247 - Returning cached instance of singleton bean &apos;org.springframework.transaction.config.internalTransactionAdvisor&apos;
LOG4J23:02:13,993 DEBUG DefaultListableBeanFactory:477 - Finished creating instance of bean &apos;(inner bean)#453d496b&apos;
LOG4J23:02:13,993 DEBUG DefaultListableBeanFactory:247 - Returning cached instance of singleton bean &apos;jpaMappingContext&apos;
LOG4J23:02:13,993 DEBUG DefaultListableBeanFactory:1596 - Invoking afterPropertiesSet() on bean with name &apos;mensajesCrudFactory&apos;
LOG4J23:02:13,994 DEBUG SharedEntityManagerCreator$SharedEntityManagerInvocationHandler:282 - Creating new EntityManager for shared EntityManager invocation
LOG4J23:02:13,994 DEBUG EntityManagerFactoryUtils:432 - Closing JPA EntityManager
LOG4J23:02:13,995 DEBUG SharedEntityManagerCreator$SharedEntityManagerInvocationHandler:282 - Creating new EntityManager for shared EntityManager invocation
LOG4J23:02:13,995 DEBUG EntityManagerFactoryUtils:432 - Closing JPA EntityManager
LOG4J23:02:13,996 DEBUG JdkDynamicAopProxy:117 - Creating JDK dynamic proxy: target source is org.springframework.data.jpa.repository.support.CrudMethodMetadataPostProcessor$ThreadBoundTargetSource@1f387978
LOG4J23:02:13,996 DEBUG JdkDynamicAopProxy:117 - Creating JDK dynamic proxy: target source is SingletonTargetSource for target object [org.springframework.data.jpa.repository.support.SimpleJpaRepository@7cb2651f]
LOG4J23:02:13,999 DEBUG DefaultListableBeanFactory:247 - Returning cached instance of singleton bean &apos;org.springframework.transaction.config.internalTransactionAdvisor&apos;
LOG4J23:02:13,999 DEBUG DefaultListableBeanFactory:477 - Finished creating instance of bean &apos;mensajesCrudFactory&apos;
LOG4J23:02:13,999 DEBUG DefaultListableBeanFactory:247 - Returning cached instance of singleton bean &apos;calificacionCrudFactory&apos;
LOG4J23:02:13,999 DEBUG DefaultListableBeanFactory:247 - Returning cached instance of singleton bean &apos;noticiasCrudFactory&apos;
LOG4J23:02:13,999 DEBUG DefaultListableBeanFactory:247 - Returning cached instance of singleton bean &apos;eventosCrudFactory&apos;
LOG4J23:02:13,999 DEBUG DefaultListableBeanFactory:247 - Returning cached instance of singleton bean &apos;carrerasCrudFactory&apos;
LOG4J23:02:13,999 DEBUG DefaultListableBeanFactory:221 - Creating shared instance of singleton bean &apos;ubicacionCrudFactory&apos;
LOG4J23:02:13,999 DEBUG DefaultListableBeanFactory:449 - Creating instance of bean &apos;ubicacionCrudFactory&apos;
LOG4J23:02:14,000 DEBUG InjectionMetadata:72 - Registered injected element on class [org.springframework.data.jpa.repository.support.JpaRepositoryFactoryBean]: PersistenceElement for public void org.springframework.data.jpa.repository.support.JpaRepositoryFactoryBean.setEntityManager(javax.persistence.EntityManager)
LOG4J23:02:14,000 DEBUG DefaultListableBeanFactory:523 - Eagerly caching bean &apos;ubicacionCrudFactory&apos; to allow for resolving potential circular references
LOG4J23:02:14,000 DEBUG InjectionMetadata:86 - Processing injected element of bean &apos;ubicacionCrudFactory&apos;: PersistenceElement for public void org.springframework.data.jpa.repository.support.JpaRepositoryFactoryBean.setEntityManager(javax.persistence.EntityManager)
LOG4J23:02:14,000 DEBUG DefaultListableBeanFactory:449 - Creating instance of bean &apos;(inner bean)#3e1624c7&apos;
LOG4J23:02:14,001 DEBUG DefaultListableBeanFactory:449 - Creating instance of bean &apos;(inner bean)#62b969c4&apos;
LOG4J23:02:14,001 DEBUG DefaultListableBeanFactory:1596 - Invoking afterPropertiesSet() on bean with name &apos;(inner bean)#62b969c4&apos;
LOG4J23:02:14,001 DEBUG DefaultListableBeanFactory:247 - Returning cached instance of singleton bean &apos;org.springframework.transaction.config.internalTransactionAdvisor&apos;
LOG4J23:02:14,002 DEBUG DefaultListableBeanFactory:477 - Finished creating instance of bean &apos;(inner bean)#62b969c4&apos;
LOG4J23:02:14,002 DEBUG DefaultListableBeanFactory:247 - Returning cached instance of singleton bean &apos;org.springframework.transaction.config.internalTransactionAdvisor&apos;
LOG4J23:02:14,002 DEBUG DefaultListableBeanFactory:247 - Returning cached instance of singleton bean &apos;org.springframework.transaction.config.internalTransactionAdvisor&apos;
LOG4J23:02:14,003 DEBUG DefaultListableBeanFactory:477 - Finished creating instance of bean &apos;(inner bean)#3e1624c7&apos;
LOG4J23:02:14,003 DEBUG DefaultListableBeanFactory:449 - Creating instance of bean &apos;(inner bean)#47ec7422&apos;
LOG4J23:02:14,003 DEBUG DefaultListableBeanFactory:247 - Returning cached instance of singleton bean &apos;org.springframework.transaction.config.internalTransactionAdvisor&apos;
LOG4J23:02:14,003 DEBUG DefaultListableBeanFactory:477 - Finished creating instance of bean &apos;(inner bean)#47ec7422&apos;
LOG4J23:02:14,004 DEBUG DefaultListableBeanFactory:449 - Creating instance of bean &apos;(inner bean)#48535004&apos;
LOG4J23:02:14,004 DEBUG DefaultListableBeanFactory:247 - Returning cached instance of singleton bean &apos;entityManagerFactory&apos;
LOG4J23:02:14,004 DEBUG DefaultListableBeanFactory:247 - Returning cached instance of singleton bean &apos;org.springframework.transaction.config.internalTransactionAdvisor&apos;
LOG4J23:02:14,005 DEBUG DefaultListableBeanFactory:477 - Finished creating instance of bean &apos;(inner bean)#48535004&apos;
LOG4J23:02:14,005 DEBUG DefaultListableBeanFactory:247 - Returning cached instance of singleton bean &apos;jpaMappingContext&apos;
LOG4J23:02:14,005 DEBUG DefaultListableBeanFactory:1596 - Invoking afterPropertiesSet() on bean with name &apos;ubicacionCrudFactory&apos;
LOG4J23:02:14,005 DEBUG SharedEntityManagerCreator$SharedEntityManagerInvocationHandler:282 - Creating new EntityManager for shared EntityManager invocation
LOG4J23:02:14,006 DEBUG EntityManagerFactoryUtils:432 - Closing JPA EntityManager
LOG4J23:02:14,006 DEBUG SharedEntityManagerCreator$SharedEntityManagerInvocationHandler:282 - Creating new EntityManager for shared EntityManager invocation
LOG4J23:02:14,006 DEBUG EntityManagerFactoryUtils:432 - Closing JPA EntityManager
LOG4J23:02:14,007 DEBUG JdkDynamicAopProxy:117 - Creating JDK dynamic proxy: target source is org.springframework.data.jpa.repository.support.CrudMethodMetadataPostProcessor$ThreadBoundTargetSource@1aa99005
LOG4J23:02:14,007 DEBUG JdkDynamicAopProxy:117 - Creating JDK dynamic proxy: target source is SingletonTargetSource for target object [org.springframework.data.jpa.repository.support.SimpleJpaRepository@592238c5]
LOG4J23:02:14,010 DEBUG DefaultListableBeanFactory:247 - Returning cached instance of singleton bean &apos;org.springframework.transaction.config.internalTransactionAdvisor&apos;
LOG4J23:02:14,010 DEBUG DefaultListableBeanFactory:477 - Finished creating instance of bean &apos;ubicacionCrudFactory&apos;
LOG4J23:02:14,010 DEBUG DefaultListableBeanFactory:247 - Returning cached instance of singleton bean &apos;interesesCrudFactory&apos;
LOG4J23:02:14,010 DEBUG DefaultListableBeanFactory:247 - Returning cached instance of singleton bean &apos;dataSource&apos;
LOG4J23:02:14,010 DEBUG DefaultListableBeanFactory:247 - Returning cached instance of singleton bean &apos;jpaVendorAdapter&apos;
LOG4J23:02:14,010 DEBUG DefaultListableBeanFactory:247 - Returning cached instance of singleton bean &apos;entityManagerFactory&apos;
LOG4J23:02:14,010 DEBUG DefaultListableBeanFactory:221 - Creating shared instance of singleton bean &apos;transactionManager&apos;
LOG4J23:02:14,010 DEBUG DefaultListableBeanFactory:449 - Creating instance of bean &apos;transactionManager&apos;
LOG4J23:02:14,016 DEBUG DefaultListableBeanFactory:523 - Eagerly caching bean &apos;transactionManager&apos; to allow for resolving potential circular references
LOG4J23:02:14,019 DEBUG DefaultListableBeanFactory:247 - Returning cached instance of singleton bean &apos;entityManagerFactory&apos;
LOG4J23:02:14,019 DEBUG DefaultListableBeanFactory:1596 - Invoking afterPropertiesSet() on bean with name &apos;transactionManager&apos;
LOG4J23:02:14,020 DEBUG DefaultListableBeanFactory:247 - Returning cached instance of singleton bean &apos;org.springframework.transaction.config.internalTransactionAdvisor&apos;
LOG4J23:02:14,020 DEBUG DefaultListableBeanFactory:477 - Finished creating instance of bean &apos;transactionManager&apos;
LOG4J23:02:14,020 DEBUG DefaultListableBeanFactory:247 - Returning cached instance of singleton bean &apos;org.springframework.aop.config.internalAutoProxyCreator&apos;
LOG4J23:02:14,020 DEBUG DefaultListableBeanFactory:247 - Returning cached instance of singleton bean &apos;org.springframework.transaction.annotation.AnnotationTransactionAttributeSource#0&apos;
LOG4J23:02:14,021 DEBUG DefaultListableBeanFactory:221 - Creating shared instance of singleton bean &apos;org.springframework.transaction.interceptor.TransactionInterceptor#0&apos;
LOG4J23:02:14,021 DEBUG DefaultListableBeanFactory:449 - Creating instance of bean &apos;org.springframework.transaction.interceptor.TransactionInterceptor#0&apos;
LOG4J23:02:14,022 DEBUG DefaultListableBeanFactory:523 - Eagerly caching bean &apos;org.springframework.transaction.interceptor.TransactionInterceptor#0&apos; to allow for resolving potential circular references
LOG4J23:02:14,024 DEBUG DefaultListableBeanFactory:247 - Returning cached instance of singleton bean &apos;org.springframework.transaction.annotation.AnnotationTransactionAttributeSource#0&apos;
LOG4J23:02:14,024 DEBUG DefaultListableBeanFactory:1596 - Invoking afterPropertiesSet() on bean with name &apos;org.springframework.transaction.interceptor.TransactionInterceptor#0&apos;
LOG4J23:02:14,024 DEBUG DefaultListableBeanFactory:477 - Finished creating instance of bean &apos;org.springframework.transaction.interceptor.TransactionInterceptor#0&apos;
LOG4J23:02:14,025 DEBUG DefaultListableBeanFactory:247 - Returning cached instance of singleton bean &apos;org.springframework.transaction.config.internalTransactionAdvisor&apos;
LOG4J23:02:14,025 DEBUG DefaultListableBeanFactory:247 - Returning cached instance of singleton bean &apos;org.springframework.context.annotation.ConfigurationClassPostProcessor.importAwareProcessor&apos;
LOG4J23:02:14,025 DEBUG DefaultListableBeanFactory:247 - Returning cached instance of singleton bean &apos;org.springframework.context.annotation.ConfigurationClassPostProcessor.enhancedConfigurationProcessor&apos;
LOG4J23:02:14,025 DEBUG DefaultListableBeanFactory:221 - Creating shared instance of singleton bean &apos;org.springframework.orm.jpa.SharedEntityManagerCreator#0&apos;
LOG4J23:02:14,025 DEBUG DefaultListableBeanFactory:449 - Creating instance of bean &apos;org.springframework.orm.jpa.SharedEntityManagerCreator#0&apos;
LOG4J23:02:14,025 DEBUG DefaultListableBeanFactory:247 - Returning cached instance of singleton bean &apos;entityManagerFactory&apos;
LOG4J23:02:14,026 DEBUG DefaultListableBeanFactory:523 - Eagerly caching bean &apos;org.springframework.orm.jpa.SharedEntityManagerCreator#0&apos; to allow for resolving potential circular references
LOG4J23:02:14,026 DEBUG DefaultListableBeanFactory:247 - Returning cached instance of singleton bean &apos;org.springframework.transaction.config.internalTransactionAdvisor&apos;
LOG4J23:02:14,026 DEBUG DefaultListableBeanFactory:477 - Finished creating instance of bean &apos;org.springframework.orm.jpa.SharedEntityManagerCreator#0&apos;
LOG4J23:02:14,027 DEBUG GenericApplicationContext:702 - Unable to locate LifecycleProcessor with name &apos;lifecycleProcessor&apos;: using default [org.springframework.context.support.DefaultLifecycleProcessor@59496961]
LOG4J23:02:14,028 DEBUG DefaultListableBeanFactory:247 - Returning cached instance of singleton bean &apos;lifecycleProcessor&apos;
LOG4J23:02:14,029 DEBUG PropertySourcesPropertyResolver:81 - Searching for key &apos;spring.liveBeansView.mbeanDomain&apos; in [systemProperties]
LOG4J23:02:14,029 DEBUG PropertySourcesPropertyResolver:81 - Searching for key &apos;spring.liveBeansView.mbeanDomain&apos; in [systemEnvironment]
LOG4J23:02:14,030 DEBUG PropertySourcesPropertyResolver:103 - Could not find key &apos;spring.liveBeansView.mbeanDomain&apos; in any property source. Returning [null]
LOG4J23:02:14,030 DEBUG CacheAwareContextLoaderDelegate:97 - Storing ApplicationContext in cache under key [[MergedContextConfiguration@46d56d67 testClass = pruebas, locations = &apos;{classpath:applicationContextH2.xml}&apos;, classes = &apos;{}&apos;, contextInitializerClasses = &apos;[]&apos;, activeProfiles = &apos;{}&apos;, contextLoader = &apos;org.springframework.test.context.support.DelegatingSmartContextLoader&apos;, parent = [null]]]
LOG4J23:02:14,030 DEBUG cache:114 - Spring test ApplicationContext cache statistics: [ContextCache@3f29e26 size = 1, hitCount = 0, missCount = 1, parentContextCount = 0]
LOG4J23:02:14,031 DEBUG InjectionMetadata:86 - Processing injected element of bean &apos;pruebas&apos;: AutowiredFieldElement for com.tservice.facade.facade pruebas.l
LOG4J23:02:14,032 DEBUG DefaultListableBeanFactory:247 - Returning cached instance of singleton bean &apos;facade&apos;
LOG4J23:02:14,032 DEBUG AutowiredAnnotationBeanPostProcessor:441 - Autowiring by type from bean name &apos;pruebas&apos; to bean named &apos;facade&apos;
LOG4J23:02:14,032 DEBUG DefaultListableBeanFactory:247 - Returning cached instance of singleton bean &apos;org.springframework.transaction.config.internalTransactionAdvisor&apos;
LOG4J23:02:14,041 DEBUG TransactionalRepositoryProxyPostProcessor$CustomAnnotationTransactionAttributeSource:299 - Adding transactional method &apos;findOne&apos; with attribute: PROPAGATION_REQUIRED,ISOLATION_DEFAULT,readOnly; &apos;&apos;
LOG4J23:02:14,041 DEBUG DefaultListableBeanFactory:247 - Returning cached instance of singleton bean &apos;transactionManager&apos;
LOG4J23:02:14,043 DEBUG JpaTransactionManager:367 - Creating new transaction with name [org.springframework.data.jpa.repository.support.SimpleJpaRepository.findOne]: PROPAGATION_REQUIRED,ISOLATION_DEFAULT,readOnly; &apos;&apos;
LOG4J23:02:14,043 DEBUG JpaTransactionManager:371 - Opened new EntityManager [org.hibernate.jpa.internal.EntityManagerImpl@238acd0b] for JPA transaction
LOG4J23:02:14,045 DEBUG SimpleDriverDataSource:138 - Creating new JDBC Driver Connection to [jdbc:h2:mem:dataSource;DB_CLOSE_DELAY=-1;DB_CLOSE_ON_EXIT=false]
LOG4J23:02:14,047 DEBUG JpaTransactionManager:403 - Exposing JPA transaction as JDBC transaction [org.springframework.orm.jpa.vendor.HibernateJpaDialect$HibernateConnectionHandle@692fd26]
LOG4J23:02:14,048 DEBUG CrudMethodMetadataPostProcessor$ThreadBoundTargetSource:85 - Initializing lazy target object
[HIBERNATE] --&gt; 23:02:14 DEBUG org.hibernate.SQL - select usuarios0_.identificacion as identifi1_11_0_, usuarios0_.carne as carne2_11_0_, usuarios0_.email as email3_11_0_, usuarios0_.identificaciongoogle as identifi4_11_0_, usuarios0_.nombre as nombre5_11_0_, usuarios0_.password as password6_11_0_, usuarios0_.perfil as perfil7_11_0_, usuarios0_.semestre as semestre8_11_0_, gruposes_1x1_.usuarios_carne as usuarios2_11_1_, grupos2_.id as grupos_i1_12_1_, grupos2_.id as id1_5_2_, grupos2_.estado as estado2_5_2_, grupos2_.fechacreacion as fechacre3_5_2_, grupos2_.nombre as nombre4_5_2_, grupos2_.tipoprivado as tipopriv5_5_2_, grupos2_.administrador as administ6_5_2_, materiases3_.usuarios_identificacion as usuarios1_11_3_, materias4_.id as materias2_13_3_, materias4_.id as id1_7_4_, materias4_.grupo as grupo2_7_4_, materias4_.padre as padre5_7_4_, materias4_.memonico as memonico3_7_4_, materias4_.nombre as nombre4_7_4_ from usuarios usuarios0_ left outer join usuarios_has_grupos gruposes_1x1_ on usuarios0_.identificacion=gruposes_1x1_.usuarios_carne left outer join grupos grupos2_ on gruposes_1x1_.grupos_id=grupos2_.id left outer join usuarios_has_materias materiases3_ on usuarios0_.identificacion=materiases3_.usuarios_identificacion left outer join materias materias4_ on materiases3_.materias_id=materias4_.id where usuarios0_.identificacion=?
LOG4J23:02:14,055 DEBUG SQL:109 - select usuarios0_.identificacion as identifi1_11_0_, usuarios0_.carne as carne2_11_0_, usuarios0_.email as email3_11_0_, usuarios0_.identificaciongoogle as identifi4_11_0_, usuarios0_.nombre as nombre5_11_0_, usuarios0_.password as password6_11_0_, usuarios0_.perfil as perfil7_11_0_, usuarios0_.semestre as semestre8_11_0_, gruposes_1x1_.usuarios_carne as usuarios2_11_1_, grupos2_.id as grupos_i1_12_1_, grupos2_.id as id1_5_2_, grupos2_.estado as estado2_5_2_, grupos2_.fechacreacion as fechacre3_5_2_, grupos2_.nombre as nombre4_5_2_, grupos2_.tipoprivado as tipopriv5_5_2_, grupos2_.administrador as administ6_5_2_, materiases3_.usuarios_identificacion as usuarios1_11_3_, materias4_.id as materias2_13_3_, materias4_.id as id1_7_4_, materias4_.grupo as grupo2_7_4_, materias4_.padre as padre5_7_4_, materias4_.memonico as memonico3_7_4_, materias4_.nombre as nombre4_7_4_ from usuarios usuarios0_ left outer join usuarios_has_grupos gruposes_1x1_ on usuarios0_.identificacion=gruposes_1x1_.usuarios_carne left outer join grupos grupos2_ on gruposes_1x1_.grupos_id=grupos2_.id left outer join usuarios_has_materias materiases3_ on usuarios0_.identificacion=materiases3_.usuarios_identificacion left outer join materias materias4_ on materiases3_.materias_id=materias4_.id where usuarios0_.identificacion=?
Hibernate: select usuarios0_.identificacion as identifi1_11_0_, usuarios0_.carne as carne2_11_0_, usuarios0_.email as email3_11_0_, usuarios0_.identificaciongoogle as identifi4_11_0_, usuarios0_.nombre as nombre5_11_0_, usuarios0_.password as password6_11_0_, usuarios0_.perfil as perfil7_11_0_, usuarios0_.semestre as semestre8_11_0_, gruposes_1x1_.usuarios_carne as usuarios2_11_1_, grupos2_.id as grupos_i1_12_1_, grupos2_.id as id1_5_2_, grupos2_.estado as estado2_5_2_, grupos2_.fechacreacion as fechacre3_5_2_, grupos2_.nombre as nombre4_5_2_, grupos2_.tipoprivado as tipopriv5_5_2_, grupos2_.administrador as administ6_5_2_, materiases3_.usuarios_identificacion as usuarios1_11_3_, materias4_.id as materias2_13_3_, materias4_.id as id1_7_4_, materias4_.grupo as grupo2_7_4_, materias4_.padre as padre5_7_4_, materias4_.memonico as memonico3_7_4_, materias4_.nombre as nombre4_7_4_ from usuarios usuarios0_ left outer join usuarios_has_grupos gruposes_1x1_ on usuarios0_.identificacion=gruposes_1x1_.usuarios_carne left outer join grupos grupos2_ on gruposes_1x1_.grupos_id=grupos2_.id left outer join usuarios_has_materias materiases3_ on usuarios0_.identificacion=materiases3_.usuarios_identificacion left outer join materias materias4_ on materiases3_.materias_id=materias4_.id where usuarios0_.identificacion=?
[HIBERNATE] --&gt; 23:02:14 TRACE org.hibernate.type.descriptor.sql.BasicBinder - binding parameter [1] as [VARCHAR] - [1]
LOG4J23:02:14,059 TRACE BasicBinder:81 - binding parameter [1] as [VARCHAR] - [1]
LOG4J23:02:14,067 DEBUG JpaTransactionManager:755 - Initiating transaction commit
LOG4J23:02:14,067 DEBUG JpaTransactionManager:512 - Committing JPA transaction on EntityManager [org.hibernate.jpa.internal.EntityManagerImpl@238acd0b]
LOG4J23:02:14,068 DEBUG JpaTransactionManager:600 - Closing JPA EntityManager [org.hibernate.jpa.internal.EntityManagerImpl@238acd0b] after transaction
LOG4J23:02:14,068 DEBUG EntityManagerFactoryUtils:432 - Closing JPA EntityManager
LOG4J23:02:14,070 DEBUG DirtiesContextTestExecutionListener:94 - After test method: context [DefaultTestContext@224edc67 testClass = pruebas, testInstance = pruebas@14acaea5, testMethod = hello@pruebas, testException = com.tservice.exceptions.servergcmExceptions: El usuario identificado con identificaci처n N째 1 no se encuentra registrado, mergedContextConfiguration = [MergedContextConfiguration@46d56d67 testClass = pruebas, locations = &apos;{classpath:applicationContextH2.xml}&apos;, classes = &apos;{}&apos;, contextInitializerClasses = &apos;[]&apos;, activeProfiles = &apos;{}&apos;, contextLoader = &apos;org.springframework.test.context.support.DelegatingSmartContextLoader&apos;, parent = [null]]], class dirties context [false], class mode [null], method dirties context [false].
</system-out>
    <system-err>log4j:ERROR Could not find value for key log4j.appender.DEBUG
log4j:ERROR Could not instantiate appender named &quot;DEBUG&quot;.
</system-err>
  </testcase>
</testsuite>